                                                                       QUERY PLAN                                                                       
--------------------------------------------------------------------------------------------------------------------------------------------------------
 Sort  (cost=1966930.53..1966930.54 rows=1 width=27)
   Sort Key: lineitem.l_shipmode
   ->  HashAggregate  (cost=1966930.51..1966930.52 rows=1 width=27)
         Group Key: lineitem.l_shipmode
         ->  Hash Join  (cost=682248.98..1961943.68 rows=284962 width=27)
               Hash Cond: (lineitem.l_orderkey = orders.o_orderkey)
               ->  Bitmap Heap Scan on lineitem  (cost=91467.08..1362256.72 rows=284962 width=15)
                     Recheck Cond: ((l_receiptdate >= '1993-01-01'::date) AND (l_receiptdate < '1994-01-01 00:00:00'::timestamp without time zone))
                     Filter: ((l_shipmode = ANY ('{FOB,TRUCK}'::bpchar[])) AND (l_commitdate < l_receiptdate) AND (l_shipdate < l_commitdate))
                     ->  Bitmap Index Scan on i_l_receiptdate  (cost=0.00..91395.84 rows=9127984 width=0)
                           Index Cond: ((l_receiptdate >= '1993-01-01'::date) AND (l_receiptdate < '1994-01-01 00:00:00'::timestamp without time zone))
               ->  Hash  (cost=403279.73..403279.73 rows=15000173 width=20)
                     ->  Seq Scan on orders  (cost=0.00..403279.73 rows=15000173 width=20)
(13 rows)

+-------+-------+--------+----------+---------+-------+------------+-------+-------+-------+----------+----------+----------+---------------------+------------+
|  OID  | OWNER | SCHEMA |  TABLE   |   BLKS  |  SCAN |   T_READ   | T_INS | T_UPD | T_DEL |  B_READ  |  B_HIT   | VACUUMED |       ANALYZED      | TABLESPACE |
+-------+-------+--------+----------+---------+-------+------------+-------+-------+-------+----------+----------+----------+---------------------+------------+
| 16593 | snaga | public | customer |   35284 |    26 |   31500000 |     0 |     0 |     0 |   453402 |   317662 |          | 2015-07-16 11:49:02 | pg_default |
| 16599 | snaga | public | lineitem | 1065410 |    38 | 1919553664 |     0 |     0 |     0 | 42656898 |  4251242 |          | 2015-07-16 11:50:15 | pg_default |
| 16602 | snaga | public | nation   |       1 |    51 |       1025 |     0 |     0 |     0 |        5 |   102771 |          | 2015-07-16 11:50:15 | pg_default |
| 16596 | snaga | public | orders   |  253278 |     7 |   90000000 |     0 |     0 |     0 |  3069299 | 17339777 |          | 2015-07-16 11:49:19 | pg_default |
| 16587 | snaga | public | part     |   40627 |    10 |   16000000 |     0 |     0 |     0 |   111254 |   408942 |          | 2015-07-16 11:48:52 | pg_default |
| 16590 | snaga | public | partsupp |  170916 |    22 |  144000000 |     0 |     0 |     0 |  3095092 |    39812 |          | 2015-07-16 11:48:59 | pg_default |
| 16605 | snaga | public | region   |       1 | 25656 |     128240 |     0 |     0 |     0 |        4 |    25685 |          | 2015-07-16 11:50:15 | pg_default |
| 16584 | snaga | public | supplier |    2180 |    21 |    1700000 |     0 |     0 |     0 |    19616 |   183388 |          | 2015-07-16 11:48:50 | pg_default |
+-------+-------+--------+----------+---------+-------+------------+-------+-------+-------+----------+----------+----------+---------------------+------------+
+-------+-------+--------+----------+-----------------------+--------+----------+-----------+----------+--------+----------+--------+------------+
|  OID  | OWNER | SCHEMA |  TABLE   |         INDEX         |  BLKS  |   SCAN   |   T_READ  |  T_FTCH  | B_READ |  B_HIT   | STATUS | TABLESPACE |
+-------+-------+--------+----------+-----------------------+--------+----------+-----------+----------+--------+----------+--------+------------+
| 16619 | snaga | public | customer | pk_customer           |   4116 |      100 |       100 |      100 |     52 |      273 |        | pg_default |
| 16670 | snaga | public | customer | i_c_nationkey         |      3 |        0 |         0 |        0 |      0 |        0 |        | pg_default |
| 16677 | snaga | public | lineitem | i_l_commitdate        |     29 |        0 |         0 |        0 |      0 |        0 |        | pg_default |
| 16624 | snaga | public | lineitem | pk_lineitem           | 164480 |      100 |       100 |      100 |     72 |      373 |        | pg_default |
| 16663 | snaga | public | lineitem | i_l_shipdate          |     29 |       12 | 127856640 |        0 |    328 |      104 |        | pg_default |
| 16664 | snaga | public | lineitem | i_l_suppkey_partkey   |     37 |        0 |         0 |        0 |      0 |        0 |        | pg_default |
| 16665 | snaga | public | lineitem | i_l_partkey           |     29 |        0 |         0 |        0 |      0 |        0 |        | pg_default |
| 16666 | snaga | public | lineitem | i_l_suppkey           |     29 |        0 |         0 |        0 |      0 |        0 |        | pg_default |
| 16667 | snaga | public | lineitem | i_l_receiptdate       |     29 |        0 |         0 |        0 |      0 |        0 |        | pg_default |
| 16668 | snaga | public | lineitem | i_l_orderkey          |     29 |        0 |         0 |        0 |      0 |        0 |        | pg_default |
| 16669 | snaga | public | lineitem | i_l_orderkey_quantity |     37 |        0 |         0 |        0 |      0 |        0 |        | pg_default |
| 16627 | snaga | public | nation   | pk_nation             |      2 |   102734 |    102734 |   102734 |     10 |   102759 |        | pg_default |
| 16676 | snaga | public | nation   | i_n_regionkey         |      3 |        0 |         0 |        0 |      0 |        0 |        | pg_default |
| 16671 | snaga | public | orders   | i_o_orderdate         |      8 |       20 |  50662400 |        0 |     45 |      155 |        | pg_default |
| 16672 | snaga | public | orders   | i_o_custkey           |      8 |        0 |         0 |        0 |      0 |        0 |        | pg_default |
| 16622 | snaga | public | orders   | pk_orders             |  41131 | 13793848 |  13793848 | 13793848 |  41177 | 41415658 |        | pg_default |
| 16612 | snaga | public | part     | pk_part               |   5487 |       84 |   8000080 |  8000080 |   5475 |    16648 |        | pg_default |
| 16674 | snaga | public | partsupp | i_ps_partkey          |      6 |        0 |         0 |        0 |      0 |        0 |        | pg_default |
| 16675 | snaga | public | partsupp | i_ps_suppkey          |      6 |        0 |         0 |        0 |      0 |        0 |        | pg_default |
| 16616 | snaga | public | partsupp | pk_partsupp           |  21937 |    25696 |    102604 |   102604 |   4403 |    73064 |        | pg_default |
| 16629 | snaga | public | region   | pk_region             |      2 |       40 |        40 |       40 |      6 |       49 |        | pg_default |
| 16610 | snaga | public | supplier | pk_supplier           |    276 |   102724 |    102724 |   102724 |    294 |   205788 |        | pg_default |
| 16673 | snaga | public | supplier | i_s_nationkey         |      3 |       28 |    645120 |        0 |      6 |       46 |        | pg_default |
+-------+-------+--------+----------+-----------------------+--------+----------+-----------+----------+--------+----------+--------+------------+
SET
Timing is on.
                                                                         QUERY PLAN                                                                          
-------------------------------------------------------------------------------------------------------------------------------------------------------------
 Sort  (cost=1966930.53..1966930.54 rows=1 width=27) (actual time=64364.619..64364.619 rows=2 loops=1)
   Sort Key: lineitem.l_shipmode
   Sort Method: quicksort  Memory: 25kB
   ->  HashAggregate  (cost=1966930.51..1966930.52 rows=1 width=27) (actual time=64357.919..64357.919 rows=2 loops=1)
         Group Key: lineitem.l_shipmode
         ->  Hash Join  (cost=682248.98..1961943.68 rows=284962 width=27) (actual time=5490.489..64040.827 rows=312347 loops=1)
               Hash Cond: (lineitem.l_orderkey = orders.o_orderkey)
               ->  Bitmap Heap Scan on lineitem  (cost=91467.08..1362256.72 rows=284962 width=15) (actual time=83.314..58409.371 rows=312347 loops=1)
                     Recheck Cond: ((l_receiptdate >= '1993-01-01'::date) AND (l_receiptdate < '1994-01-01 00:00:00'::timestamp without time zone))
                     Rows Removed by Index Recheck: 50875165
                     Filter: ((l_shipmode = ANY ('{FOB,TRUCK}'::bpchar[])) AND (l_commitdate < l_receiptdate) AND (l_shipdate < l_commitdate))
                     Rows Removed by Filter: 8798540
                     Heap Blocks: lossy=1065410
                     ->  Bitmap Index Scan on i_l_receiptdate  (cost=0.00..91395.84 rows=9127984 width=0) (actual time=75.242..75.242 rows=10654720 loops=1)
                           Index Cond: ((l_receiptdate >= '1993-01-01'::date) AND (l_receiptdate < '1994-01-01 00:00:00'::timestamp without time zone))
               ->  Hash  (cost=403279.73..403279.73 rows=15000173 width=20) (actual time=5231.165..5231.165 rows=15000000 loops=1)
                     Buckets: 16777216  Batches: 1  Memory Usage: 892791kB
                     ->  Seq Scan on orders  (cost=0.00..403279.73 rows=15000173 width=20) (actual time=0.011..2244.075 rows=15000000 loops=1)
 Planning time: 0.666 ms
 Execution time: 64383.347 ms
(20 rows)

Time: 64443.174 ms
+-------+-------+--------+----------+---------+-------+------------+-------+-------+-------+----------+----------+----------+---------------------+------------+
|  OID  | OWNER | SCHEMA |  TABLE   |   BLKS  |  SCAN |   T_READ   | T_INS | T_UPD | T_DEL |  B_READ  |  B_HIT   | VACUUMED |       ANALYZED      | TABLESPACE |
+-------+-------+--------+----------+---------+-------+------------+-------+-------+-------+----------+----------+----------+---------------------+------------+
| 16593 | snaga | public | customer |   35284 |    26 |   31500000 |     0 |     0 |     0 |   453402 |   317662 |          | 2015-07-16 11:49:02 | pg_default |
| 16599 | snaga | public | lineitem | 1065410 |    38 | 1919553664 |     0 |     0 |     0 | 43722307 |  4251247 |          | 2015-07-16 11:50:15 | pg_default |
| 16602 | snaga | public | nation   |       1 |    51 |       1025 |     0 |     0 |     0 |        5 |   102771 |          | 2015-07-16 11:50:15 | pg_default |
| 16596 | snaga | public | orders   |  253278 |     9 |  105000000 |     0 |     0 |     0 |  3069299 | 17593059 |          | 2015-07-16 11:49:19 | pg_default |
| 16587 | snaga | public | part     |   40627 |    10 |   16000000 |     0 |     0 |     0 |   111254 |   408942 |          | 2015-07-16 11:48:52 | pg_default |
| 16590 | snaga | public | partsupp |  170916 |    22 |  144000000 |     0 |     0 |     0 |  3095092 |    39812 |          | 2015-07-16 11:48:59 | pg_default |
| 16605 | snaga | public | region   |       1 | 25656 |     128240 |     0 |     0 |     0 |        4 |    25685 |          | 2015-07-16 11:50:15 | pg_default |
| 16584 | snaga | public | supplier |    2180 |    21 |    1700000 |     0 |     0 |     0 |    19616 |   183388 |          | 2015-07-16 11:48:50 | pg_default |
+-------+-------+--------+----------+---------+-------+------------+-------+-------+-------+----------+----------+----------+---------------------+------------+
+-------+-------+--------+----------+-----------------------+--------+----------+-----------+----------+--------+----------+--------+------------+
|  OID  | OWNER | SCHEMA |  TABLE   |         INDEX         |  BLKS  |   SCAN   |   T_READ  |  T_FTCH  | B_READ |  B_HIT   | STATUS | TABLESPACE |
+-------+-------+--------+----------+-----------------------+--------+----------+-----------+----------+--------+----------+--------+------------+
| 16619 | snaga | public | customer | pk_customer           |   4116 |      100 |       100 |      100 |     52 |      273 |        | pg_default |
| 16670 | snaga | public | customer | i_c_nationkey         |      3 |        0 |         0 |        0 |      0 |        0 |        | pg_default |
| 16677 | snaga | public | lineitem | i_l_commitdate        |     29 |        0 |         0 |        0 |      0 |        0 |        | pg_default |
| 16624 | snaga | public | lineitem | pk_lineitem           | 164480 |      104 |       104 |      104 |     72 |      391 |        | pg_default |
| 16663 | snaga | public | lineitem | i_l_shipdate          |     29 |       12 | 127856640 |        0 |    328 |      104 |        | pg_default |
| 16664 | snaga | public | lineitem | i_l_suppkey_partkey   |     37 |        0 |         0 |        0 |      0 |        0 |        | pg_default |
| 16665 | snaga | public | lineitem | i_l_partkey           |     29 |        0 |         0 |        0 |      0 |        0 |        | pg_default |
| 16666 | snaga | public | lineitem | i_l_suppkey           |     29 |        0 |         0 |        0 |      0 |        0 |        | pg_default |
| 16667 | snaga | public | lineitem | i_l_receiptdate       |     29 |        1 |  10654720 |        0 |     29 |        7 |        | pg_default |
| 16668 | snaga | public | lineitem | i_l_orderkey          |     29 |        0 |         0 |        0 |      0 |        0 |        | pg_default |
| 16669 | snaga | public | lineitem | i_l_orderkey_quantity |     37 |        0 |         0 |        0 |      0 |        0 |        | pg_default |
| 16627 | snaga | public | nation   | pk_nation             |      2 |   102734 |    102734 |   102734 |     10 |   102759 |        | pg_default |
| 16676 | snaga | public | nation   | i_n_regionkey         |      3 |        0 |         0 |        0 |      0 |        0 |        | pg_default |
| 16671 | snaga | public | orders   | i_o_orderdate         |      8 |       20 |  50662400 |        0 |     45 |      155 |        | pg_default |
| 16672 | snaga | public | orders   | i_o_custkey           |      8 |        0 |         0 |        0 |      0 |        0 |        | pg_default |
| 16622 | snaga | public | orders   | pk_orders             |  41131 | 13793852 |  13793852 | 13793852 |  41177 | 41415672 |        | pg_default |
| 16612 | snaga | public | part     | pk_part               |   5487 |       84 |   8000080 |  8000080 |   5475 |    16648 |        | pg_default |
| 16674 | snaga | public | partsupp | i_ps_partkey          |      6 |        0 |         0 |        0 |      0 |        0 |        | pg_default |
| 16675 | snaga | public | partsupp | i_ps_suppkey          |      6 |        0 |         0 |        0 |      0 |        0 |        | pg_default |
| 16616 | snaga | public | partsupp | pk_partsupp           |  21937 |    25696 |    102604 |   102604 |   4403 |    73064 |        | pg_default |
| 16629 | snaga | public | region   | pk_region             |      2 |       40 |        40 |       40 |      6 |       49 |        | pg_default |
| 16610 | snaga | public | supplier | pk_supplier           |    276 |   102724 |    102724 |   102724 |    294 |   205788 |        | pg_default |
| 16673 | snaga | public | supplier | i_s_nationkey         |      3 |       28 |    645120 |        0 |      6 |       46 |        | pg_default |
+-------+-------+--------+----------+-----------------------+--------+----------+-----------+----------+--------+----------+--------+------------+
SET
Timing is on.
                                                                         QUERY PLAN                                                                          
-------------------------------------------------------------------------------------------------------------------------------------------------------------
 Sort  (cost=1966930.53..1966930.54 rows=1 width=27) (actual time=75182.937..75182.937 rows=2 loops=1)
   Sort Key: lineitem.l_shipmode
   Sort Method: quicksort  Memory: 25kB
   ->  HashAggregate  (cost=1966930.51..1966930.52 rows=1 width=27) (actual time=75167.657..75167.658 rows=2 loops=1)
         Group Key: lineitem.l_shipmode
         ->  Hash Join  (cost=682248.98..1961943.68 rows=284962 width=27) (actual time=16133.232..74855.272 rows=312347 loops=1)
               Hash Cond: (lineitem.l_orderkey = orders.o_orderkey)
               ->  Bitmap Heap Scan on lineitem  (cost=91467.08..1362256.72 rows=284962 width=15) (actual time=84.802..58581.789 rows=312347 loops=1)
                     Recheck Cond: ((l_receiptdate >= '1993-01-01'::date) AND (l_receiptdate < '1994-01-01 00:00:00'::timestamp without time zone))
                     Rows Removed by Index Recheck: 50875165
                     Filter: ((l_shipmode = ANY ('{FOB,TRUCK}'::bpchar[])) AND (l_commitdate < l_receiptdate) AND (l_shipdate < l_commitdate))
                     Rows Removed by Filter: 8798540
                     Heap Blocks: lossy=1065410
                     ->  Bitmap Index Scan on i_l_receiptdate  (cost=0.00..91395.84 rows=9127984 width=0) (actual time=84.308..84.308 rows=10654720 loops=1)
                           Index Cond: ((l_receiptdate >= '1993-01-01'::date) AND (l_receiptdate < '1994-01-01 00:00:00'::timestamp without time zone))
               ->  Hash  (cost=403279.73..403279.73 rows=15000173 width=20) (actual time=16032.953..16032.953 rows=15000000 loops=1)
                     Buckets: 16777216  Batches: 1  Memory Usage: 892791kB
                     ->  Seq Scan on orders  (cost=0.00..403279.73 rows=15000173 width=20) (actual time=0.003..13057.911 rows=15000000 loops=1)
 Planning time: 75.767 ms
 Execution time: 75186.370 ms
(20 rows)

Time: 75334.959 ms
+-------+-------+--------+----------+---------+-------+------------+-------+-------+-------+----------+----------+----------+---------------------+------------+
|  OID  | OWNER | SCHEMA |  TABLE   |   BLKS  |  SCAN |   T_READ   | T_INS | T_UPD | T_DEL |  B_READ  |  B_HIT   | VACUUMED |       ANALYZED      | TABLESPACE |
+-------+-------+--------+----------+---------+-------+------------+-------+-------+-------+----------+----------+----------+---------------------+------------+
| 16593 | snaga | public | customer |   35284 |    26 |   31500000 |     0 |     0 |     0 |   453402 |   317662 |          | 2015-07-16 11:49:02 | pg_default |
| 16599 | snaga | public | lineitem | 1065410 |    38 | 1919553664 |     0 |     0 |     0 | 44787717 |  4251249 |          | 2015-07-16 11:50:15 | pg_default |
| 16602 | snaga | public | nation   |       1 |    51 |       1025 |     0 |     0 |     0 |        5 |   102771 |          | 2015-07-16 11:50:15 | pg_default |
| 16596 | snaga | public | orders   |  253278 |    10 |  120000000 |     0 |     0 |     0 |  3322577 | 17593061 |          | 2015-07-16 11:49:19 | pg_default |
| 16587 | snaga | public | part     |   40627 |    10 |   16000000 |     0 |     0 |     0 |   111254 |   408942 |          | 2015-07-16 11:48:52 | pg_default |
| 16590 | snaga | public | partsupp |  170916 |    22 |  144000000 |     0 |     0 |     0 |  3095092 |    39812 |          | 2015-07-16 11:48:59 | pg_default |
| 16605 | snaga | public | region   |       1 | 25656 |     128240 |     0 |     0 |     0 |        4 |    25685 |          | 2015-07-16 11:50:15 | pg_default |
| 16584 | snaga | public | supplier |    2180 |    21 |    1700000 |     0 |     0 |     0 |    19616 |   183388 |          | 2015-07-16 11:48:50 | pg_default |
+-------+-------+--------+----------+---------+-------+------------+-------+-------+-------+----------+----------+----------+---------------------+------------+
+-------+-------+--------+----------+-----------------------+--------+----------+-----------+----------+--------+----------+--------+------------+
|  OID  | OWNER | SCHEMA |  TABLE   |         INDEX         |  BLKS  |   SCAN   |   T_READ  |  T_FTCH  | B_READ |  B_HIT   | STATUS | TABLESPACE |
+-------+-------+--------+----------+-----------------------+--------+----------+-----------+----------+--------+----------+--------+------------+
| 16619 | snaga | public | customer | pk_customer           |   4116 |      100 |       100 |      100 |     52 |      273 |        | pg_default |
| 16670 | snaga | public | customer | i_c_nationkey         |      3 |        0 |         0 |        0 |      0 |        0 |        | pg_default |
| 16677 | snaga | public | lineitem | i_l_commitdate        |     29 |        0 |         0 |        0 |      0 |        0 |        | pg_default |
| 16624 | snaga | public | lineitem | pk_lineitem           | 164480 |      106 |       106 |      106 |     80 |      392 |        | pg_default |
| 16663 | snaga | public | lineitem | i_l_shipdate          |     29 |       12 | 127856640 |        0 |    328 |      104 |        | pg_default |
| 16664 | snaga | public | lineitem | i_l_suppkey_partkey   |     37 |        0 |         0 |        0 |      0 |        0 |        | pg_default |
| 16665 | snaga | public | lineitem | i_l_partkey           |     29 |        0 |         0 |        0 |      0 |        0 |        | pg_default |
| 16666 | snaga | public | lineitem | i_l_suppkey           |     29 |        0 |         0 |        0 |      0 |        0 |        | pg_default |
| 16667 | snaga | public | lineitem | i_l_receiptdate       |     29 |        2 |  21309440 |        0 |     56 |       16 |        | pg_default |
| 16668 | snaga | public | lineitem | i_l_orderkey          |     29 |        0 |         0 |        0 |      0 |        0 |        | pg_default |
| 16669 | snaga | public | lineitem | i_l_orderkey_quantity |     37 |        0 |         0 |        0 |      0 |        0 |        | pg_default |
| 16627 | snaga | public | nation   | pk_nation             |      2 |   102734 |    102734 |   102734 |     10 |   102759 |        | pg_default |
| 16676 | snaga | public | nation   | i_n_regionkey         |      3 |        0 |         0 |        0 |      0 |        0 |        | pg_default |
| 16671 | snaga | public | orders   | i_o_orderdate         |      8 |       20 |  50662400 |        0 |     45 |      155 |        | pg_default |
| 16672 | snaga | public | orders   | i_o_custkey           |      8 |        0 |         0 |        0 |      0 |        0 |        | pg_default |
| 16622 | snaga | public | orders   | pk_orders             |  41131 | 13793854 |  13793854 | 13793854 |  41183 | 41415673 |        | pg_default |
| 16612 | snaga | public | part     | pk_part               |   5487 |       84 |   8000080 |  8000080 |   5475 |    16648 |        | pg_default |
| 16674 | snaga | public | partsupp | i_ps_partkey          |      6 |        0 |         0 |        0 |      0 |        0 |        | pg_default |
| 16675 | snaga | public | partsupp | i_ps_suppkey          |      6 |        0 |         0 |        0 |      0 |        0 |        | pg_default |
| 16616 | snaga | public | partsupp | pk_partsupp           |  21937 |    25696 |    102604 |   102604 |   4403 |    73064 |        | pg_default |
| 16629 | snaga | public | region   | pk_region             |      2 |       40 |        40 |       40 |      6 |       49 |        | pg_default |
| 16610 | snaga | public | supplier | pk_supplier           |    276 |   102724 |    102724 |   102724 |    294 |   205788 |        | pg_default |
| 16673 | snaga | public | supplier | i_s_nationkey         |      3 |       28 |    645120 |        0 |      6 |       46 |        | pg_default |
+-------+-------+--------+----------+-----------------------+--------+----------+-----------+----------+--------+----------+--------+------------+
SET
Timing is on.
                                                                         QUERY PLAN                                                                          
-------------------------------------------------------------------------------------------------------------------------------------------------------------
 Sort  (cost=1966930.53..1966930.54 rows=1 width=27) (actual time=75049.626..75049.626 rows=2 loops=1)
   Sort Key: lineitem.l_shipmode
   Sort Method: quicksort  Memory: 25kB
   ->  HashAggregate  (cost=1966930.51..1966930.52 rows=1 width=27) (actual time=75042.936..75042.937 rows=2 loops=1)
         Group Key: lineitem.l_shipmode
         ->  Hash Join  (cost=682248.98..1961943.68 rows=284962 width=27) (actual time=16074.931..74729.265 rows=312347 loops=1)
               Hash Cond: (lineitem.l_orderkey = orders.o_orderkey)
               ->  Bitmap Heap Scan on lineitem  (cost=91467.08..1362256.72 rows=284962 width=15) (actual time=85.059..58515.316 rows=312347 loops=1)
                     Recheck Cond: ((l_receiptdate >= '1993-01-01'::date) AND (l_receiptdate < '1994-01-01 00:00:00'::timestamp without time zone))
                     Rows Removed by Index Recheck: 50875165
                     Filter: ((l_shipmode = ANY ('{FOB,TRUCK}'::bpchar[])) AND (l_commitdate < l_receiptdate) AND (l_shipdate < l_commitdate))
                     Rows Removed by Filter: 8798540
                     Heap Blocks: lossy=1065410
                     ->  Bitmap Index Scan on i_l_receiptdate  (cost=0.00..91395.84 rows=9127984 width=0) (actual time=84.571..84.571 rows=10654720 loops=1)
                           Index Cond: ((l_receiptdate >= '1993-01-01'::date) AND (l_receiptdate < '1994-01-01 00:00:00'::timestamp without time zone))
               ->  Hash  (cost=403279.73..403279.73 rows=15000173 width=20) (actual time=15974.480..15974.480 rows=15000000 loops=1)
                     Buckets: 16777216  Batches: 1  Memory Usage: 892791kB
                     ->  Seq Scan on orders  (cost=0.00..403279.73 rows=15000173 width=20) (actual time=0.004..13000.136 rows=15000000 loops=1)
 Planning time: 92.378 ms
 Execution time: 75053.000 ms
(20 rows)

Time: 75236.027 ms
+-------+-------+--------+----------+---------+-------+------------+-------+-------+-------+----------+----------+----------+---------------------+------------+
|  OID  | OWNER | SCHEMA |  TABLE   |   BLKS  |  SCAN |   T_READ   | T_INS | T_UPD | T_DEL |  B_READ  |  B_HIT   | VACUUMED |       ANALYZED      | TABLESPACE |
+-------+-------+--------+----------+---------+-------+------------+-------+-------+-------+----------+----------+----------+---------------------+------------+
| 16593 | snaga | public | customer |   35284 |    26 |   31500000 |     0 |     0 |     0 |   453402 |   317662 |          | 2015-07-16 11:49:02 | pg_default |
| 16599 | snaga | public | lineitem | 1065410 |    38 | 1919553664 |     0 |     0 |     0 | 45853127 |  4251251 |          | 2015-07-16 11:50:15 | pg_default |
| 16602 | snaga | public | nation   |       1 |    51 |       1025 |     0 |     0 |     0 |        5 |   102771 |          | 2015-07-16 11:50:15 | pg_default |
| 16596 | snaga | public | orders   |  253278 |    11 |  135000000 |     0 |     0 |     0 |  3575855 | 17593063 |          | 2015-07-16 11:49:19 | pg_default |
| 16587 | snaga | public | part     |   40627 |    10 |   16000000 |     0 |     0 |     0 |   111254 |   408942 |          | 2015-07-16 11:48:52 | pg_default |
| 16590 | snaga | public | partsupp |  170916 |    22 |  144000000 |     0 |     0 |     0 |  3095092 |    39812 |          | 2015-07-16 11:48:59 | pg_default |
| 16605 | snaga | public | region   |       1 | 25656 |     128240 |     0 |     0 |     0 |        4 |    25685 |          | 2015-07-16 11:50:15 | pg_default |
| 16584 | snaga | public | supplier |    2180 |    21 |    1700000 |     0 |     0 |     0 |    19616 |   183388 |          | 2015-07-16 11:48:50 | pg_default |
+-------+-------+--------+----------+---------+-------+------------+-------+-------+-------+----------+----------+----------+---------------------+------------+
+-------+-------+--------+----------+-----------------------+--------+----------+-----------+----------+--------+----------+--------+------------+
|  OID  | OWNER | SCHEMA |  TABLE   |         INDEX         |  BLKS  |   SCAN   |   T_READ  |  T_FTCH  | B_READ |  B_HIT   | STATUS | TABLESPACE |
+-------+-------+--------+----------+-----------------------+--------+----------+-----------+----------+--------+----------+--------+------------+
| 16619 | snaga | public | customer | pk_customer           |   4116 |      100 |       100 |      100 |     52 |      273 |        | pg_default |
| 16670 | snaga | public | customer | i_c_nationkey         |      3 |        0 |         0 |        0 |      0 |        0 |        | pg_default |
| 16677 | snaga | public | lineitem | i_l_commitdate        |     29 |        0 |         0 |        0 |      0 |        0 |        | pg_default |
| 16624 | snaga | public | lineitem | pk_lineitem           | 164480 |      108 |       108 |      108 |     88 |      393 |        | pg_default |
| 16663 | snaga | public | lineitem | i_l_shipdate          |     29 |       12 | 127856640 |        0 |    328 |      104 |        | pg_default |
| 16664 | snaga | public | lineitem | i_l_suppkey_partkey   |     37 |        0 |         0 |        0 |      0 |        0 |        | pg_default |
| 16665 | snaga | public | lineitem | i_l_partkey           |     29 |        0 |         0 |        0 |      0 |        0 |        | pg_default |
| 16666 | snaga | public | lineitem | i_l_suppkey           |     29 |        0 |         0 |        0 |      0 |        0 |        | pg_default |
| 16667 | snaga | public | lineitem | i_l_receiptdate       |     29 |        3 |  31964160 |        0 |     83 |       25 |        | pg_default |
| 16668 | snaga | public | lineitem | i_l_orderkey          |     29 |        0 |         0 |        0 |      0 |        0 |        | pg_default |
| 16669 | snaga | public | lineitem | i_l_orderkey_quantity |     37 |        0 |         0 |        0 |      0 |        0 |        | pg_default |
| 16627 | snaga | public | nation   | pk_nation             |      2 |   102734 |    102734 |   102734 |     10 |   102759 |        | pg_default |
| 16676 | snaga | public | nation   | i_n_regionkey         |      3 |        0 |         0 |        0 |      0 |        0 |        | pg_default |
| 16671 | snaga | public | orders   | i_o_orderdate         |      8 |       20 |  50662400 |        0 |     45 |      155 |        | pg_default |
| 16672 | snaga | public | orders   | i_o_custkey           |      8 |        0 |         0 |        0 |      0 |        0 |        | pg_default |
| 16622 | snaga | public | orders   | pk_orders             |  41131 | 13793856 |  13793856 | 13793856 |  41189 | 41415674 |        | pg_default |
| 16612 | snaga | public | part     | pk_part               |   5487 |       84 |   8000080 |  8000080 |   5475 |    16648 |        | pg_default |
| 16674 | snaga | public | partsupp | i_ps_partkey          |      6 |        0 |         0 |        0 |      0 |        0 |        | pg_default |
| 16675 | snaga | public | partsupp | i_ps_suppkey          |      6 |        0 |         0 |        0 |      0 |        0 |        | pg_default |
| 16616 | snaga | public | partsupp | pk_partsupp           |  21937 |    25696 |    102604 |   102604 |   4403 |    73064 |        | pg_default |
| 16629 | snaga | public | region   | pk_region             |      2 |       40 |        40 |       40 |      6 |       49 |        | pg_default |
| 16610 | snaga | public | supplier | pk_supplier           |    276 |   102724 |    102724 |   102724 |    294 |   205788 |        | pg_default |
| 16673 | snaga | public | supplier | i_s_nationkey         |      3 |       28 |    645120 |        0 |      6 |       46 |        | pg_default |
+-------+-------+--------+----------+-----------------------+--------+----------+-----------+----------+--------+----------+--------+------------+
SET
Timing is on.
                                                                         QUERY PLAN                                                                          
-------------------------------------------------------------------------------------------------------------------------------------------------------------
 Sort  (cost=1966930.53..1966930.54 rows=1 width=27) (actual time=75124.284..75124.284 rows=2 loops=1)
   Sort Key: lineitem.l_shipmode
   Sort Method: quicksort  Memory: 25kB
   ->  HashAggregate  (cost=1966930.51..1966930.52 rows=1 width=27) (actual time=75117.523..75117.523 rows=2 loops=1)
         Group Key: lineitem.l_shipmode
         ->  Hash Join  (cost=682248.98..1961943.68 rows=284962 width=27) (actual time=16107.786..74806.643 rows=312347 loops=1)
               Hash Cond: (lineitem.l_orderkey = orders.o_orderkey)
               ->  Bitmap Heap Scan on lineitem  (cost=91467.08..1362256.72 rows=284962 width=15) (actual time=84.471..58557.414 rows=312347 loops=1)
                     Recheck Cond: ((l_receiptdate >= '1993-01-01'::date) AND (l_receiptdate < '1994-01-01 00:00:00'::timestamp without time zone))
                     Rows Removed by Index Recheck: 50875165
                     Filter: ((l_shipmode = ANY ('{FOB,TRUCK}'::bpchar[])) AND (l_commitdate < l_receiptdate) AND (l_shipdate < l_commitdate))
                     Rows Removed by Filter: 8798540
                     Heap Blocks: lossy=1065410
                     ->  Bitmap Index Scan on i_l_receiptdate  (cost=0.00..91395.84 rows=9127984 width=0) (actual time=83.979..83.979 rows=10654720 loops=1)
                           Index Cond: ((l_receiptdate >= '1993-01-01'::date) AND (l_receiptdate < '1994-01-01 00:00:00'::timestamp without time zone))
               ->  Hash  (cost=403279.73..403279.73 rows=15000173 width=20) (actual time=16007.897..16007.897 rows=15000000 loops=1)
                     Buckets: 16777216  Batches: 1  Memory Usage: 892791kB
                     ->  Seq Scan on orders  (cost=0.00..403279.73 rows=15000173 width=20) (actual time=0.003..13044.187 rows=15000000 loops=1)
 Planning time: 76.241 ms
 Execution time: 75127.811 ms
(20 rows)

Time: 75296.631 ms
+-------+-------+--------+----------+---------+-------+------------+-------+-------+-------+----------+----------+----------+---------------------+------------+
|  OID  | OWNER | SCHEMA |  TABLE   |   BLKS  |  SCAN |   T_READ   | T_INS | T_UPD | T_DEL |  B_READ  |  B_HIT   | VACUUMED |       ANALYZED      | TABLESPACE |
+-------+-------+--------+----------+---------+-------+------------+-------+-------+-------+----------+----------+----------+---------------------+------------+
| 16593 | snaga | public | customer |   35284 |    26 |   31500000 |     0 |     0 |     0 |   453402 |   317662 |          | 2015-07-16 11:49:02 | pg_default |
| 16599 | snaga | public | lineitem | 1065410 |    38 | 1919553664 |     0 |     0 |     0 | 46918537 |  4251253 |          | 2015-07-16 11:50:15 | pg_default |
| 16602 | snaga | public | nation   |       1 |    51 |       1025 |     0 |     0 |     0 |        5 |   102771 |          | 2015-07-16 11:50:15 | pg_default |
| 16596 | snaga | public | orders   |  253278 |    12 |  150000000 |     0 |     0 |     0 |  3829133 | 17593065 |          | 2015-07-16 11:49:19 | pg_default |
| 16587 | snaga | public | part     |   40627 |    10 |   16000000 |     0 |     0 |     0 |   111254 |   408942 |          | 2015-07-16 11:48:52 | pg_default |
| 16590 | snaga | public | partsupp |  170916 |    22 |  144000000 |     0 |     0 |     0 |  3095092 |    39812 |          | 2015-07-16 11:48:59 | pg_default |
| 16605 | snaga | public | region   |       1 | 25656 |     128240 |     0 |     0 |     0 |        4 |    25685 |          | 2015-07-16 11:50:15 | pg_default |
| 16584 | snaga | public | supplier |    2180 |    21 |    1700000 |     0 |     0 |     0 |    19616 |   183388 |          | 2015-07-16 11:48:50 | pg_default |
+-------+-------+--------+----------+---------+-------+------------+-------+-------+-------+----------+----------+----------+---------------------+------------+
+-------+-------+--------+----------+-----------------------+--------+----------+-----------+----------+--------+----------+--------+------------+
|  OID  | OWNER | SCHEMA |  TABLE   |         INDEX         |  BLKS  |   SCAN   |   T_READ  |  T_FTCH  | B_READ |  B_HIT   | STATUS | TABLESPACE |
+-------+-------+--------+----------+-----------------------+--------+----------+-----------+----------+--------+----------+--------+------------+
| 16619 | snaga | public | customer | pk_customer           |   4116 |      100 |       100 |      100 |     52 |      273 |        | pg_default |
| 16670 | snaga | public | customer | i_c_nationkey         |      3 |        0 |         0 |        0 |      0 |        0 |        | pg_default |
| 16677 | snaga | public | lineitem | i_l_commitdate        |     29 |        0 |         0 |        0 |      0 |        0 |        | pg_default |
| 16624 | snaga | public | lineitem | pk_lineitem           | 164480 |      110 |       110 |      110 |     96 |      394 |        | pg_default |
| 16663 | snaga | public | lineitem | i_l_shipdate          |     29 |       12 | 127856640 |        0 |    328 |      104 |        | pg_default |
| 16664 | snaga | public | lineitem | i_l_suppkey_partkey   |     37 |        0 |         0 |        0 |      0 |        0 |        | pg_default |
| 16665 | snaga | public | lineitem | i_l_partkey           |     29 |        0 |         0 |        0 |      0 |        0 |        | pg_default |
| 16666 | snaga | public | lineitem | i_l_suppkey           |     29 |        0 |         0 |        0 |      0 |        0 |        | pg_default |
| 16667 | snaga | public | lineitem | i_l_receiptdate       |     29 |        4 |  42618880 |        0 |    110 |       34 |        | pg_default |
| 16668 | snaga | public | lineitem | i_l_orderkey          |     29 |        0 |         0 |        0 |      0 |        0 |        | pg_default |
| 16669 | snaga | public | lineitem | i_l_orderkey_quantity |     37 |        0 |         0 |        0 |      0 |        0 |        | pg_default |
| 16627 | snaga | public | nation   | pk_nation             |      2 |   102734 |    102734 |   102734 |     10 |   102759 |        | pg_default |
| 16676 | snaga | public | nation   | i_n_regionkey         |      3 |        0 |         0 |        0 |      0 |        0 |        | pg_default |
| 16671 | snaga | public | orders   | i_o_orderdate         |      8 |       20 |  50662400 |        0 |     45 |      155 |        | pg_default |
| 16672 | snaga | public | orders   | i_o_custkey           |      8 |        0 |         0 |        0 |      0 |        0 |        | pg_default |
| 16622 | snaga | public | orders   | pk_orders             |  41131 | 13793858 |  13793858 | 13793858 |  41195 | 41415675 |        | pg_default |
| 16612 | snaga | public | part     | pk_part               |   5487 |       84 |   8000080 |  8000080 |   5475 |    16648 |        | pg_default |
| 16674 | snaga | public | partsupp | i_ps_partkey          |      6 |        0 |         0 |        0 |      0 |        0 |        | pg_default |
| 16675 | snaga | public | partsupp | i_ps_suppkey          |      6 |        0 |         0 |        0 |      0 |        0 |        | pg_default |
| 16616 | snaga | public | partsupp | pk_partsupp           |  21937 |    25696 |    102604 |   102604 |   4403 |    73064 |        | pg_default |
| 16629 | snaga | public | region   | pk_region             |      2 |       40 |        40 |       40 |      6 |       49 |        | pg_default |
| 16610 | snaga | public | supplier | pk_supplier           |    276 |   102724 |    102724 |   102724 |    294 |   205788 |        | pg_default |
| 16673 | snaga | public | supplier | i_s_nationkey         |      3 |       28 |    645120 |        0 |      6 |       46 |        | pg_default |
+-------+-------+--------+----------+-----------------------+--------+----------+-----------+----------+--------+----------+--------+------------+
