                                                                 QUERY PLAN                                                                 
--------------------------------------------------------------------------------------------------------------------------------------------
 Aggregate  (cost=115782.78..115782.80 rows=1 width=29)
   ->  Hash Join  (cost=9378.08..114427.02 rows=77472 width=29)
         Hash Cond: (lineitem.l_partkey = part.p_partkey)
         ->  Bitmap Heap Scan on lineitem  (cost=814.08..104797.78 rows=77472 width=12)
               Recheck Cond: ((l_shipdate >= '1995-01-01'::date) AND (l_shipdate < '1995-02-01 00:00:00'::timestamp without time zone))
               ->  Bitmap Index Scan on i_l_shipdate  (cost=0.00..794.72 rows=77472 width=0)
                     Index Cond: ((l_shipdate >= '1995-01-01'::date) AND (l_shipdate < '1995-02-01 00:00:00'::timestamp without time zone))
         ->  Hash  (cost=6064.00..6064.00 rows=200000 width=25)
               ->  Seq Scan on part  (cost=0.00..6064.00 rows=200000 width=25)
(9 rows)

+-------+-------+--------+----------+--------+------+-----------+-------+-------+-------+--------+-----------+----------+---------------------+------------+
|  OID  | OWNER | SCHEMA |  TABLE   |  BLKS  | SCAN |   T_READ  | T_INS | T_UPD | T_DEL | B_READ |   B_HIT   | VACUUMED |       ANALYZED      | TABLESPACE |
+-------+-------+--------+----------+--------+------+-----------+-------+-------+-------+--------+-----------+----------+---------------------+------------+
| 16395 | snaga | public | customer |   3531 |   48 |   5850000 |     0 |     0 |     0 |   3531 |    379152 |          | 2015-07-16 02:38:29 | pg_default |
| 16401 | snaga | public | lineitem | 106583 |   79 | 389308044 |     0 |     0 |     0 | 106583 | 565424475 |          | 2015-07-16 02:38:30 | pg_default |
| 16404 | snaga | public | nation   |      1 |   93 |      1875 |     0 |     0 |     0 |      1 |     22192 |          | 2015-07-16 02:38:30 | pg_default |
| 16398 | snaga | public | orders   |  25326 |   41 |  51000000 |     0 |     0 |     0 |  25326 |   4778650 |          | 2015-07-16 02:38:30 | pg_default |
| 16389 | snaga | public | part     |   4064 |   35 |   5600000 |     0 |     0 |     0 |   8128 |    147014 |          | 2015-07-16 02:38:29 | pg_default |
| 16392 | snaga | public | partsupp |  17087 |   51 |  33600000 |     0 |     0 |     0 |  17087 |    741015 |          | 2015-07-16 02:38:29 | pg_default |
| 16407 | snaga | public | region   |      1 | 5472 |     27280 |     0 |     0 |     0 |      2 |      5536 |          | 2015-07-16 02:38:30 | pg_default |
| 16386 | snaga | public | supplier |    218 |   52 |    390000 |     0 |     0 |     0 |    218 |     54316 |          | 2015-07-16 02:38:29 | pg_default |
+-------+-------+--------+----------+--------+------+-----------+-------+-------+-------+--------+-----------+----------+---------------------+------------+
+-------+-------+--------+----------+-----------------------+-------+---------+------------+---------+--------+---------+--------+------------+
|  OID  | OWNER | SCHEMA |  TABLE   |         INDEX         |  BLKS |   SCAN  |   T_READ   |  T_FTCH | B_READ |  B_HIT  | STATUS | TABLESPACE |
+-------+-------+--------+----------+-----------------------+-------+---------+------------+---------+--------+---------+--------+------------+
| 16416 | snaga | public | customer | pk_customer           |   414 |   96672 |      96672 |   96672 |    414 |  290131 |        | pg_default |
| 16501 | snaga | public | customer | i_c_nationkey         |     3 |      40 |    1433600 |       0 |      0 |      56 |        | pg_default |
| 16508 | snaga | public | lineitem | i_l_commitdate        |     5 |       0 |          0 |       0 |      0 |       0 |        | pg_default |
| 16420 | snaga | public | lineitem | pk_lineitem           | 16457 | 1699312 |    5635688 | 5635688 |  16457 | 5100479 |        | pg_default |
| 16494 | snaga | public | lineitem | i_l_shipdate          |     5 |      24 |   25589760 |       0 |      0 |     120 |        | pg_default |
| 16495 | snaga | public | lineitem | i_l_suppkey_partkey   |     5 |       0 |          0 |       0 |      0 |       0 |        | pg_default |
| 16496 | snaga | public | lineitem | i_l_partkey           |     5 |    5194 | 5538050560 |       0 |      0 |   15590 |        | pg_default |
| 16497 | snaga | public | lineitem | i_l_suppkey           |     5 |       0 |          0 |       0 |      0 |       0 |        | pg_default |
| 16498 | snaga | public | lineitem | i_l_receiptdate       |     5 |       8 |    8529920 |       0 |      0 |      40 |        | pg_default |
| 16499 | snaga | public | lineitem | i_l_orderkey          |     5 |       0 |          0 |       0 |      0 |       0 |        | pg_default |
| 16500 | snaga | public | lineitem | i_l_orderkey_quantity |     5 |       0 |          0 |       0 |      0 |       0 |        | pg_default |
| 16422 | snaga | public | nation   | pk_nation             |     2 |   22116 |      22308 |   22308 |      2 |   22184 |        | pg_default |
| 16507 | snaga | public | nation   | i_n_regionkey         |     3 |       0 |          0 |       0 |      0 |       0 |        | pg_default |
| 16502 | snaga | public | orders   | i_o_orderdate         |     3 |      32 |    8110080 |       0 |      0 |      96 |        | pg_default |
| 16503 | snaga | public | orders   | i_o_custkey           |     3 |       0 |          0 |       0 |      0 |       0 |        | pg_default |
| 16418 | snaga | public | orders   | pk_orders             |  4116 | 3081808 |    3081808 | 3081808 |   4116 | 9258395 |        | pg_default |
| 16412 | snaga | public | part     | pk_part               |   551 |     198 |    1600190 | 1600190 |    551 |    4456 |        | pg_default |
| 16505 | snaga | public | partsupp | i_ps_partkey          |     3 |       0 |          0 |       0 |      0 |       0 |        | pg_default |
| 16506 | snaga | public | partsupp | i_ps_suppkey          |     3 |       0 |          0 |       0 |      0 |       0 |        | pg_default |
| 16414 | snaga | public | partsupp | pk_partsupp           |  2196 |    5562 |      21858 |   21858 |    456 |   16329 |        | pg_default |
| 16424 | snaga | public | region   | pk_region             |     2 |      80 |         80 |      80 |      2 |     108 |        | pg_default |
| 16410 | snaga | public | supplier | pk_supplier           |    30 |   42108 |      42108 |   42108 |     30 |   84496 |        | pg_default |
| 16504 | snaga | public | supplier | i_s_nationkey         |     3 |      16 |      40960 |       0 |      0 |      48 |        | pg_default |
+-------+-------+--------+----------+-----------------------+-------+---------+------------+---------+--------+---------+--------+------------+
SET
Timing is on.
                                                                 QUERY PLAN                                                                  
---------------------------------------------------------------------------------------------------------------------------------------------
 Aggregate  (cost=115782.78..115782.80 rows=1 width=29) (actual time=1024.451..1024.451 rows=1 loops=1)
   ->  Hash Join  (cost=9378.08..114427.02 rows=77472 width=29) (actual time=75.978..1007.208 rows=77356 loops=1)
         Hash Cond: (lineitem.l_partkey = part.p_partkey)
         ->  Bitmap Heap Scan on lineitem  (cost=814.08..104797.78 rows=77472 width=12) (actual time=5.950..903.020 rows=77356 loops=1)
               Recheck Cond: ((l_shipdate >= '1995-01-01'::date) AND (l_shipdate < '1995-02-01 00:00:00'::timestamp without time zone))
               Rows Removed by Index Recheck: 5923859
               Heap Blocks: lossy=106583
               ->  Bitmap Index Scan on i_l_shipdate  (cost=0.00..794.72 rows=77472 width=0) (actual time=5.859..5.859 rows=1066240 loops=1)
                     Index Cond: ((l_shipdate >= '1995-01-01'::date) AND (l_shipdate < '1995-02-01 00:00:00'::timestamp without time zone))
         ->  Hash  (cost=6064.00..6064.00 rows=200000 width=25) (actual time=69.373..69.373 rows=200000 loops=1)
               Buckets: 262144  Batches: 1  Memory Usage: 13600kB
               ->  Seq Scan on part  (cost=0.00..6064.00 rows=200000 width=25) (actual time=0.003..35.008 rows=200000 loops=1)
 Planning time: 0.544 ms
 Execution time: 1024.667 ms
(14 rows)

Time: 1026.912 ms
+-------+-------+--------+----------+--------+------+-----------+-------+-------+-------+--------+-----------+----------+---------------------+------------+
|  OID  | OWNER | SCHEMA |  TABLE   |  BLKS  | SCAN |   T_READ  | T_INS | T_UPD | T_DEL | B_READ |   B_HIT   | VACUUMED |       ANALYZED      | TABLESPACE |
+-------+-------+--------+----------+--------+------+-----------+-------+-------+-------+--------+-----------+----------+---------------------+------------+
| 16395 | snaga | public | customer |   3531 |   48 |   5850000 |     0 |     0 |     0 |   3531 |    379152 |          | 2015-07-16 02:38:29 | pg_default |
| 16401 | snaga | public | lineitem | 106583 |   79 | 389308044 |     0 |     0 |     0 | 106583 | 565531058 |          | 2015-07-16 02:38:30 | pg_default |
| 16404 | snaga | public | nation   |      1 |   93 |      1875 |     0 |     0 |     0 |      1 |     22192 |          | 2015-07-16 02:38:30 | pg_default |
| 16398 | snaga | public | orders   |  25326 |   41 |  51000000 |     0 |     0 |     0 |  25326 |   4778650 |          | 2015-07-16 02:38:30 | pg_default |
| 16389 | snaga | public | part     |   4064 |   37 |   5800000 |     0 |     0 |     0 |   8128 |    151082 |          | 2015-07-16 02:38:29 | pg_default |
| 16392 | snaga | public | partsupp |  17087 |   51 |  33600000 |     0 |     0 |     0 |  17087 |    741015 |          | 2015-07-16 02:38:29 | pg_default |
| 16407 | snaga | public | region   |      1 | 5472 |     27280 |     0 |     0 |     0 |      2 |      5536 |          | 2015-07-16 02:38:30 | pg_default |
| 16386 | snaga | public | supplier |    218 |   52 |    390000 |     0 |     0 |     0 |    218 |     54316 |          | 2015-07-16 02:38:29 | pg_default |
+-------+-------+--------+----------+--------+------+-----------+-------+-------+-------+--------+-----------+----------+---------------------+------------+
+-------+-------+--------+----------+-----------------------+-------+---------+------------+---------+--------+---------+--------+------------+
|  OID  | OWNER | SCHEMA |  TABLE   |         INDEX         |  BLKS |   SCAN  |   T_READ   |  T_FTCH | B_READ |  B_HIT  | STATUS | TABLESPACE |
+-------+-------+--------+----------+-----------------------+-------+---------+------------+---------+--------+---------+--------+------------+
| 16416 | snaga | public | customer | pk_customer           |   414 |   96672 |      96672 |   96672 |    414 |  290131 |        | pg_default |
| 16501 | snaga | public | customer | i_c_nationkey         |     3 |      40 |    1433600 |       0 |      0 |      56 |        | pg_default |
| 16508 | snaga | public | lineitem | i_l_commitdate        |     5 |       0 |          0 |       0 |      0 |       0 |        | pg_default |
| 16420 | snaga | public | lineitem | pk_lineitem           | 16457 | 1699312 |    5635688 | 5635688 |  16457 | 5100481 |        | pg_default |
| 16494 | snaga | public | lineitem | i_l_shipdate          |     5 |      25 |   26656000 |       0 |      0 |     125 |        | pg_default |
| 16495 | snaga | public | lineitem | i_l_suppkey_partkey   |     5 |       0 |          0 |       0 |      0 |       0 |        | pg_default |
| 16496 | snaga | public | lineitem | i_l_partkey           |     5 |    5194 | 5538050560 |       0 |      0 |   15590 |        | pg_default |
| 16497 | snaga | public | lineitem | i_l_suppkey           |     5 |       0 |          0 |       0 |      0 |       0 |        | pg_default |
| 16498 | snaga | public | lineitem | i_l_receiptdate       |     5 |       8 |    8529920 |       0 |      0 |      40 |        | pg_default |
| 16499 | snaga | public | lineitem | i_l_orderkey          |     5 |       0 |          0 |       0 |      0 |       0 |        | pg_default |
| 16500 | snaga | public | lineitem | i_l_orderkey_quantity |     5 |       0 |          0 |       0 |      0 |       0 |        | pg_default |
| 16422 | snaga | public | nation   | pk_nation             |     2 |   22116 |      22308 |   22308 |      2 |   22184 |        | pg_default |
| 16507 | snaga | public | nation   | i_n_regionkey         |     3 |       0 |          0 |       0 |      0 |       0 |        | pg_default |
| 16502 | snaga | public | orders   | i_o_orderdate         |     3 |      32 |    8110080 |       0 |      0 |      96 |        | pg_default |
| 16503 | snaga | public | orders   | i_o_custkey           |     3 |       0 |          0 |       0 |      0 |       0 |        | pg_default |
| 16418 | snaga | public | orders   | pk_orders             |  4116 | 3081808 |    3081808 | 3081808 |   4116 | 9258395 |        | pg_default |
| 16412 | snaga | public | part     | pk_part               |   551 |     202 |    1600194 | 1600194 |    551 |    4470 |        | pg_default |
| 16505 | snaga | public | partsupp | i_ps_partkey          |     3 |       0 |          0 |       0 |      0 |       0 |        | pg_default |
| 16506 | snaga | public | partsupp | i_ps_suppkey          |     3 |       0 |          0 |       0 |      0 |       0 |        | pg_default |
| 16414 | snaga | public | partsupp | pk_partsupp           |  2196 |    5562 |      21858 |   21858 |    456 |   16329 |        | pg_default |
| 16424 | snaga | public | region   | pk_region             |     2 |      80 |         80 |      80 |      2 |     108 |        | pg_default |
| 16410 | snaga | public | supplier | pk_supplier           |    30 |   42108 |      42108 |   42108 |     30 |   84496 |        | pg_default |
| 16504 | snaga | public | supplier | i_s_nationkey         |     3 |      16 |      40960 |       0 |      0 |      48 |        | pg_default |
+-------+-------+--------+----------+-----------------------+-------+---------+------------+---------+--------+---------+--------+------------+
SET
Timing is on.
                                                                 QUERY PLAN                                                                  
---------------------------------------------------------------------------------------------------------------------------------------------
 Aggregate  (cost=115782.78..115782.80 rows=1 width=29) (actual time=1024.013..1024.013 rows=1 loops=1)
   ->  Hash Join  (cost=9378.08..114427.02 rows=77472 width=29) (actual time=75.996..1006.651 rows=77356 loops=1)
         Hash Cond: (lineitem.l_partkey = part.p_partkey)
         ->  Bitmap Heap Scan on lineitem  (cost=814.08..104797.78 rows=77472 width=12) (actual time=5.961..902.564 rows=77356 loops=1)
               Recheck Cond: ((l_shipdate >= '1995-01-01'::date) AND (l_shipdate < '1995-02-01 00:00:00'::timestamp without time zone))
               Rows Removed by Index Recheck: 5923859
               Heap Blocks: lossy=106583
               ->  Bitmap Index Scan on i_l_shipdate  (cost=0.00..794.72 rows=77472 width=0) (actual time=5.870..5.870 rows=1066240 loops=1)
                     Index Cond: ((l_shipdate >= '1995-01-01'::date) AND (l_shipdate < '1995-02-01 00:00:00'::timestamp without time zone))
         ->  Hash  (cost=6064.00..6064.00 rows=200000 width=25) (actual time=69.375..69.375 rows=200000 loops=1)
               Buckets: 262144  Batches: 1  Memory Usage: 13600kB
               ->  Seq Scan on part  (cost=0.00..6064.00 rows=200000 width=25) (actual time=0.004..34.944 rows=200000 loops=1)
 Planning time: 0.541 ms
 Execution time: 1024.232 ms
(14 rows)

Time: 1026.451 ms
+-------+-------+--------+----------+--------+------+-----------+-------+-------+-------+--------+-----------+----------+---------------------+------------+
|  OID  | OWNER | SCHEMA |  TABLE   |  BLKS  | SCAN |   T_READ  | T_INS | T_UPD | T_DEL | B_READ |   B_HIT   | VACUUMED |       ANALYZED      | TABLESPACE |
+-------+-------+--------+----------+--------+------+-----------+-------+-------+-------+--------+-----------+----------+---------------------+------------+
| 16395 | snaga | public | customer |   3531 |   48 |   5850000 |     0 |     0 |     0 |   3531 |    379152 |          | 2015-07-16 02:38:29 | pg_default |
| 16401 | snaga | public | lineitem | 106583 |   79 | 389308044 |     0 |     0 |     0 | 106583 | 565637641 |          | 2015-07-16 02:38:30 | pg_default |
| 16404 | snaga | public | nation   |      1 |   93 |      1875 |     0 |     0 |     0 |      1 |     22192 |          | 2015-07-16 02:38:30 | pg_default |
| 16398 | snaga | public | orders   |  25326 |   41 |  51000000 |     0 |     0 |     0 |  25326 |   4778650 |          | 2015-07-16 02:38:30 | pg_default |
| 16389 | snaga | public | part     |   4064 |   38 |   6000000 |     0 |     0 |     0 |   8128 |    155148 |          | 2015-07-16 02:38:29 | pg_default |
| 16392 | snaga | public | partsupp |  17087 |   51 |  33600000 |     0 |     0 |     0 |  17087 |    741015 |          | 2015-07-16 02:38:29 | pg_default |
| 16407 | snaga | public | region   |      1 | 5472 |     27280 |     0 |     0 |     0 |      2 |      5536 |          | 2015-07-16 02:38:30 | pg_default |
| 16386 | snaga | public | supplier |    218 |   52 |    390000 |     0 |     0 |     0 |    218 |     54316 |          | 2015-07-16 02:38:29 | pg_default |
+-------+-------+--------+----------+--------+------+-----------+-------+-------+-------+--------+-----------+----------+---------------------+------------+
+-------+-------+--------+----------+-----------------------+-------+---------+------------+---------+--------+---------+--------+------------+
|  OID  | OWNER | SCHEMA |  TABLE   |         INDEX         |  BLKS |   SCAN  |   T_READ   |  T_FTCH | B_READ |  B_HIT  | STATUS | TABLESPACE |
+-------+-------+--------+----------+-----------------------+-------+---------+------------+---------+--------+---------+--------+------------+
| 16416 | snaga | public | customer | pk_customer           |   414 |   96672 |      96672 |   96672 |    414 |  290131 |        | pg_default |
| 16501 | snaga | public | customer | i_c_nationkey         |     3 |      40 |    1433600 |       0 |      0 |      56 |        | pg_default |
| 16508 | snaga | public | lineitem | i_l_commitdate        |     5 |       0 |          0 |       0 |      0 |       0 |        | pg_default |
| 16420 | snaga | public | lineitem | pk_lineitem           | 16457 | 1699312 |    5635688 | 5635688 |  16457 | 5100482 |        | pg_default |
| 16494 | snaga | public | lineitem | i_l_shipdate          |     5 |      26 |   27722240 |       0 |      0 |     130 |        | pg_default |
| 16495 | snaga | public | lineitem | i_l_suppkey_partkey   |     5 |       0 |          0 |       0 |      0 |       0 |        | pg_default |
| 16496 | snaga | public | lineitem | i_l_partkey           |     5 |    5194 | 5538050560 |       0 |      0 |   15590 |        | pg_default |
| 16497 | snaga | public | lineitem | i_l_suppkey           |     5 |       0 |          0 |       0 |      0 |       0 |        | pg_default |
| 16498 | snaga | public | lineitem | i_l_receiptdate       |     5 |       8 |    8529920 |       0 |      0 |      40 |        | pg_default |
| 16499 | snaga | public | lineitem | i_l_orderkey          |     5 |       0 |          0 |       0 |      0 |       0 |        | pg_default |
| 16500 | snaga | public | lineitem | i_l_orderkey_quantity |     5 |       0 |          0 |       0 |      0 |       0 |        | pg_default |
| 16422 | snaga | public | nation   | pk_nation             |     2 |   22116 |      22308 |   22308 |      2 |   22184 |        | pg_default |
| 16507 | snaga | public | nation   | i_n_regionkey         |     3 |       0 |          0 |       0 |      0 |       0 |        | pg_default |
| 16502 | snaga | public | orders   | i_o_orderdate         |     3 |      32 |    8110080 |       0 |      0 |      96 |        | pg_default |
| 16503 | snaga | public | orders   | i_o_custkey           |     3 |       0 |          0 |       0 |      0 |       0 |        | pg_default |
| 16418 | snaga | public | orders   | pk_orders             |  4116 | 3081808 |    3081808 | 3081808 |   4116 | 9258395 |        | pg_default |
| 16412 | snaga | public | part     | pk_part               |   551 |     204 |    1600196 | 1600196 |    551 |    4477 |        | pg_default |
| 16505 | snaga | public | partsupp | i_ps_partkey          |     3 |       0 |          0 |       0 |      0 |       0 |        | pg_default |
| 16506 | snaga | public | partsupp | i_ps_suppkey          |     3 |       0 |          0 |       0 |      0 |       0 |        | pg_default |
| 16414 | snaga | public | partsupp | pk_partsupp           |  2196 |    5562 |      21858 |   21858 |    456 |   16329 |        | pg_default |
| 16424 | snaga | public | region   | pk_region             |     2 |      80 |         80 |      80 |      2 |     108 |        | pg_default |
| 16410 | snaga | public | supplier | pk_supplier           |    30 |   42108 |      42108 |   42108 |     30 |   84496 |        | pg_default |
| 16504 | snaga | public | supplier | i_s_nationkey         |     3 |      16 |      40960 |       0 |      0 |      48 |        | pg_default |
+-------+-------+--------+----------+-----------------------+-------+---------+------------+---------+--------+---------+--------+------------+
SET
Timing is on.
                                                                 QUERY PLAN                                                                  
---------------------------------------------------------------------------------------------------------------------------------------------
 Aggregate  (cost=115782.78..115782.80 rows=1 width=29) (actual time=1023.721..1023.721 rows=1 loops=1)
   ->  Hash Join  (cost=9378.08..114427.02 rows=77472 width=29) (actual time=75.953..1006.499 rows=77356 loops=1)
         Hash Cond: (lineitem.l_partkey = part.p_partkey)
         ->  Bitmap Heap Scan on lineitem  (cost=814.08..104797.78 rows=77472 width=12) (actual time=5.953..902.419 rows=77356 loops=1)
               Recheck Cond: ((l_shipdate >= '1995-01-01'::date) AND (l_shipdate < '1995-02-01 00:00:00'::timestamp without time zone))
               Rows Removed by Index Recheck: 5923859
               Heap Blocks: lossy=106583
               ->  Bitmap Index Scan on i_l_shipdate  (cost=0.00..794.72 rows=77472 width=0) (actual time=5.861..5.861 rows=1066240 loops=1)
                     Index Cond: ((l_shipdate >= '1995-01-01'::date) AND (l_shipdate < '1995-02-01 00:00:00'::timestamp without time zone))
         ->  Hash  (cost=6064.00..6064.00 rows=200000 width=25) (actual time=69.344..69.344 rows=200000 loops=1)
               Buckets: 262144  Batches: 1  Memory Usage: 13600kB
               ->  Seq Scan on part  (cost=0.00..6064.00 rows=200000 width=25) (actual time=0.003..34.888 rows=200000 loops=1)
 Planning time: 0.546 ms
 Execution time: 1023.936 ms
(14 rows)

Time: 1026.124 ms
+-------+-------+--------+----------+--------+------+-----------+-------+-------+-------+--------+-----------+----------+---------------------+------------+
|  OID  | OWNER | SCHEMA |  TABLE   |  BLKS  | SCAN |   T_READ  | T_INS | T_UPD | T_DEL | B_READ |   B_HIT   | VACUUMED |       ANALYZED      | TABLESPACE |
+-------+-------+--------+----------+--------+------+-----------+-------+-------+-------+--------+-----------+----------+---------------------+------------+
| 16395 | snaga | public | customer |   3531 |   48 |   5850000 |     0 |     0 |     0 |   3531 |    379152 |          | 2015-07-16 02:38:29 | pg_default |
| 16401 | snaga | public | lineitem | 106583 |   79 | 389308044 |     0 |     0 |     0 | 106583 | 565744224 |          | 2015-07-16 02:38:30 | pg_default |
| 16404 | snaga | public | nation   |      1 |   93 |      1875 |     0 |     0 |     0 |      1 |     22192 |          | 2015-07-16 02:38:30 | pg_default |
| 16398 | snaga | public | orders   |  25326 |   41 |  51000000 |     0 |     0 |     0 |  25326 |   4778650 |          | 2015-07-16 02:38:30 | pg_default |
| 16389 | snaga | public | part     |   4064 |   39 |   6200000 |     0 |     0 |     0 |   8128 |    159214 |          | 2015-07-16 02:38:29 | pg_default |
| 16392 | snaga | public | partsupp |  17087 |   51 |  33600000 |     0 |     0 |     0 |  17087 |    741015 |          | 2015-07-16 02:38:29 | pg_default |
| 16407 | snaga | public | region   |      1 | 5472 |     27280 |     0 |     0 |     0 |      2 |      5536 |          | 2015-07-16 02:38:30 | pg_default |
| 16386 | snaga | public | supplier |    218 |   52 |    390000 |     0 |     0 |     0 |    218 |     54316 |          | 2015-07-16 02:38:29 | pg_default |
+-------+-------+--------+----------+--------+------+-----------+-------+-------+-------+--------+-----------+----------+---------------------+------------+
+-------+-------+--------+----------+-----------------------+-------+---------+------------+---------+--------+---------+--------+------------+
|  OID  | OWNER | SCHEMA |  TABLE   |         INDEX         |  BLKS |   SCAN  |   T_READ   |  T_FTCH | B_READ |  B_HIT  | STATUS | TABLESPACE |
+-------+-------+--------+----------+-----------------------+-------+---------+------------+---------+--------+---------+--------+------------+
| 16416 | snaga | public | customer | pk_customer           |   414 |   96672 |      96672 |   96672 |    414 |  290131 |        | pg_default |
| 16501 | snaga | public | customer | i_c_nationkey         |     3 |      40 |    1433600 |       0 |      0 |      56 |        | pg_default |
| 16508 | snaga | public | lineitem | i_l_commitdate        |     5 |       0 |          0 |       0 |      0 |       0 |        | pg_default |
| 16420 | snaga | public | lineitem | pk_lineitem           | 16457 | 1699312 |    5635688 | 5635688 |  16457 | 5100483 |        | pg_default |
| 16494 | snaga | public | lineitem | i_l_shipdate          |     5 |      27 |   28788480 |       0 |      0 |     135 |        | pg_default |
| 16495 | snaga | public | lineitem | i_l_suppkey_partkey   |     5 |       0 |          0 |       0 |      0 |       0 |        | pg_default |
| 16496 | snaga | public | lineitem | i_l_partkey           |     5 |    5194 | 5538050560 |       0 |      0 |   15590 |        | pg_default |
| 16497 | snaga | public | lineitem | i_l_suppkey           |     5 |       0 |          0 |       0 |      0 |       0 |        | pg_default |
| 16498 | snaga | public | lineitem | i_l_receiptdate       |     5 |       8 |    8529920 |       0 |      0 |      40 |        | pg_default |
| 16499 | snaga | public | lineitem | i_l_orderkey          |     5 |       0 |          0 |       0 |      0 |       0 |        | pg_default |
| 16500 | snaga | public | lineitem | i_l_orderkey_quantity |     5 |       0 |          0 |       0 |      0 |       0 |        | pg_default |
| 16422 | snaga | public | nation   | pk_nation             |     2 |   22116 |      22308 |   22308 |      2 |   22184 |        | pg_default |
| 16507 | snaga | public | nation   | i_n_regionkey         |     3 |       0 |          0 |       0 |      0 |       0 |        | pg_default |
| 16502 | snaga | public | orders   | i_o_orderdate         |     3 |      32 |    8110080 |       0 |      0 |      96 |        | pg_default |
| 16503 | snaga | public | orders   | i_o_custkey           |     3 |       0 |          0 |       0 |      0 |       0 |        | pg_default |
| 16418 | snaga | public | orders   | pk_orders             |  4116 | 3081808 |    3081808 | 3081808 |   4116 | 9258395 |        | pg_default |
| 16412 | snaga | public | part     | pk_part               |   551 |     206 |    1600198 | 1600198 |    551 |    4484 |        | pg_default |
| 16505 | snaga | public | partsupp | i_ps_partkey          |     3 |       0 |          0 |       0 |      0 |       0 |        | pg_default |
| 16506 | snaga | public | partsupp | i_ps_suppkey          |     3 |       0 |          0 |       0 |      0 |       0 |        | pg_default |
| 16414 | snaga | public | partsupp | pk_partsupp           |  2196 |    5562 |      21858 |   21858 |    456 |   16329 |        | pg_default |
| 16424 | snaga | public | region   | pk_region             |     2 |      80 |         80 |      80 |      2 |     108 |        | pg_default |
| 16410 | snaga | public | supplier | pk_supplier           |    30 |   42108 |      42108 |   42108 |     30 |   84496 |        | pg_default |
| 16504 | snaga | public | supplier | i_s_nationkey         |     3 |      16 |      40960 |       0 |      0 |      48 |        | pg_default |
+-------+-------+--------+----------+-----------------------+-------+---------+------------+---------+--------+---------+--------+------------+
SET
Timing is on.
                                                                 QUERY PLAN                                                                  
---------------------------------------------------------------------------------------------------------------------------------------------
 Aggregate  (cost=115782.78..115782.80 rows=1 width=29) (actual time=1025.015..1025.015 rows=1 loops=1)
   ->  Hash Join  (cost=9378.08..114427.02 rows=77472 width=29) (actual time=76.006..1007.818 rows=77356 loops=1)
         Hash Cond: (lineitem.l_partkey = part.p_partkey)
         ->  Bitmap Heap Scan on lineitem  (cost=814.08..104797.78 rows=77472 width=12) (actual time=5.947..903.283 rows=77356 loops=1)
               Recheck Cond: ((l_shipdate >= '1995-01-01'::date) AND (l_shipdate < '1995-02-01 00:00:00'::timestamp without time zone))
               Rows Removed by Index Recheck: 5923859
               Heap Blocks: lossy=106583
               ->  Bitmap Index Scan on i_l_shipdate  (cost=0.00..794.72 rows=77472 width=0) (actual time=5.852..5.852 rows=1066240 loops=1)
                     Index Cond: ((l_shipdate >= '1995-01-01'::date) AND (l_shipdate < '1995-02-01 00:00:00'::timestamp without time zone))
         ->  Hash  (cost=6064.00..6064.00 rows=200000 width=25) (actual time=69.401..69.401 rows=200000 loops=1)
               Buckets: 262144  Batches: 1  Memory Usage: 13600kB
               ->  Seq Scan on part  (cost=0.00..6064.00 rows=200000 width=25) (actual time=0.003..35.174 rows=200000 loops=1)
 Planning time: 0.545 ms
 Execution time: 1025.232 ms
(14 rows)

Time: 1027.420 ms
+-------+-------+--------+----------+--------+------+-----------+-------+-------+-------+--------+-----------+----------+---------------------+------------+
|  OID  | OWNER | SCHEMA |  TABLE   |  BLKS  | SCAN |   T_READ  | T_INS | T_UPD | T_DEL | B_READ |   B_HIT   | VACUUMED |       ANALYZED      | TABLESPACE |
+-------+-------+--------+----------+--------+------+-----------+-------+-------+-------+--------+-----------+----------+---------------------+------------+
| 16395 | snaga | public | customer |   3531 |   48 |   5850000 |     0 |     0 |     0 |   3531 |    379152 |          | 2015-07-16 02:38:29 | pg_default |
| 16401 | snaga | public | lineitem | 106583 |   79 | 389308044 |     0 |     0 |     0 | 106583 | 565850807 |          | 2015-07-16 02:38:30 | pg_default |
| 16404 | snaga | public | nation   |      1 |   93 |      1875 |     0 |     0 |     0 |      1 |     22192 |          | 2015-07-16 02:38:30 | pg_default |
| 16398 | snaga | public | orders   |  25326 |   41 |  51000000 |     0 |     0 |     0 |  25326 |   4778650 |          | 2015-07-16 02:38:30 | pg_default |
| 16389 | snaga | public | part     |   4064 |   40 |   6400000 |     0 |     0 |     0 |   8128 |    163280 |          | 2015-07-16 02:38:29 | pg_default |
| 16392 | snaga | public | partsupp |  17087 |   51 |  33600000 |     0 |     0 |     0 |  17087 |    741015 |          | 2015-07-16 02:38:29 | pg_default |
| 16407 | snaga | public | region   |      1 | 5472 |     27280 |     0 |     0 |     0 |      2 |      5536 |          | 2015-07-16 02:38:30 | pg_default |
| 16386 | snaga | public | supplier |    218 |   52 |    390000 |     0 |     0 |     0 |    218 |     54316 |          | 2015-07-16 02:38:29 | pg_default |
+-------+-------+--------+----------+--------+------+-----------+-------+-------+-------+--------+-----------+----------+---------------------+------------+
+-------+-------+--------+----------+-----------------------+-------+---------+------------+---------+--------+---------+--------+------------+
|  OID  | OWNER | SCHEMA |  TABLE   |         INDEX         |  BLKS |   SCAN  |   T_READ   |  T_FTCH | B_READ |  B_HIT  | STATUS | TABLESPACE |
+-------+-------+--------+----------+-----------------------+-------+---------+------------+---------+--------+---------+--------+------------+
| 16416 | snaga | public | customer | pk_customer           |   414 |   96672 |      96672 |   96672 |    414 |  290131 |        | pg_default |
| 16501 | snaga | public | customer | i_c_nationkey         |     3 |      40 |    1433600 |       0 |      0 |      56 |        | pg_default |
| 16508 | snaga | public | lineitem | i_l_commitdate        |     5 |       0 |          0 |       0 |      0 |       0 |        | pg_default |
| 16420 | snaga | public | lineitem | pk_lineitem           | 16457 | 1699312 |    5635688 | 5635688 |  16457 | 5100484 |        | pg_default |
| 16494 | snaga | public | lineitem | i_l_shipdate          |     5 |      28 |   29854720 |       0 |      0 |     140 |        | pg_default |
| 16495 | snaga | public | lineitem | i_l_suppkey_partkey   |     5 |       0 |          0 |       0 |      0 |       0 |        | pg_default |
| 16496 | snaga | public | lineitem | i_l_partkey           |     5 |    5194 | 5538050560 |       0 |      0 |   15590 |        | pg_default |
| 16497 | snaga | public | lineitem | i_l_suppkey           |     5 |       0 |          0 |       0 |      0 |       0 |        | pg_default |
| 16498 | snaga | public | lineitem | i_l_receiptdate       |     5 |       8 |    8529920 |       0 |      0 |      40 |        | pg_default |
| 16499 | snaga | public | lineitem | i_l_orderkey          |     5 |       0 |          0 |       0 |      0 |       0 |        | pg_default |
| 16500 | snaga | public | lineitem | i_l_orderkey_quantity |     5 |       0 |          0 |       0 |      0 |       0 |        | pg_default |
| 16422 | snaga | public | nation   | pk_nation             |     2 |   22116 |      22308 |   22308 |      2 |   22184 |        | pg_default |
| 16507 | snaga | public | nation   | i_n_regionkey         |     3 |       0 |          0 |       0 |      0 |       0 |        | pg_default |
| 16502 | snaga | public | orders   | i_o_orderdate         |     3 |      32 |    8110080 |       0 |      0 |      96 |        | pg_default |
| 16503 | snaga | public | orders   | i_o_custkey           |     3 |       0 |          0 |       0 |      0 |       0 |        | pg_default |
| 16418 | snaga | public | orders   | pk_orders             |  4116 | 3081808 |    3081808 | 3081808 |   4116 | 9258395 |        | pg_default |
| 16412 | snaga | public | part     | pk_part               |   551 |     208 |    1600200 | 1600200 |    551 |    4491 |        | pg_default |
| 16505 | snaga | public | partsupp | i_ps_partkey          |     3 |       0 |          0 |       0 |      0 |       0 |        | pg_default |
| 16506 | snaga | public | partsupp | i_ps_suppkey          |     3 |       0 |          0 |       0 |      0 |       0 |        | pg_default |
| 16414 | snaga | public | partsupp | pk_partsupp           |  2196 |    5562 |      21858 |   21858 |    456 |   16329 |        | pg_default |
| 16424 | snaga | public | region   | pk_region             |     2 |      80 |         80 |      80 |      2 |     108 |        | pg_default |
| 16410 | snaga | public | supplier | pk_supplier           |    30 |   42108 |      42108 |   42108 |     30 |   84496 |        | pg_default |
| 16504 | snaga | public | supplier | i_s_nationkey         |     3 |      16 |      40960 |       0 |      0 |      48 |        | pg_default |
+-------+-------+--------+----------+-----------------------+-------+---------+------------+---------+--------+---------+--------+------------+
