                                                                     QUERY PLAN                                                                     
----------------------------------------------------------------------------------------------------------------------------------------------------
 Sort  (cost=139246.47..139246.48 rows=1 width=16)
   Sort Key: orders.o_orderpriority
   ->  HashAggregate  (cost=139246.45..139246.46 rows=1 width=16)
         Group Key: orders.o_orderpriority
         ->  Nested Loop Semi Join  (cost=603.17..139170.28 rows=15234 width=16)
               ->  Bitmap Heap Scan on orders  (cost=602.74..26793.23 rows=57633 width=20)
                     Recheck Cond: ((o_orderdate >= '1993-07-01'::date) AND (o_orderdate < '1993-10-01 00:00:00'::timestamp without time zone))
                     ->  Bitmap Index Scan on i_o_orderdate  (cost=0.00..588.33 rows=57633 width=0)
                           Index Cond: ((o_orderdate >= '1993-07-01'::date) AND (o_orderdate < '1993-10-01 00:00:00'::timestamp without time zone))
               ->  Index Scan using pk_lineitem on lineitem  (cost=0.43..6.88 rows=5 width=4)
                     Index Cond: (l_orderkey = orders.o_orderkey)
                     Filter: (l_commitdate < l_receiptdate)
(12 rows)

+-------+-------+--------+----------+--------+------+-----------+-------+-------+-------+--------+-----------+----------+---------------------+------------+
|  OID  | OWNER | SCHEMA |  TABLE   |  BLKS  | SCAN |   T_READ  | T_INS | T_UPD | T_DEL | B_READ |   B_HIT   | VACUUMED |       ANALYZED      | TABLESPACE |
+-------+-------+--------+----------+--------+------+-----------+-------+-------+-------+--------+-----------+----------+---------------------+------------+
| 16395 | snaga | public | customer |   3531 |   33 |   4050000 |     0 |     0 |     0 |   3531 |    217854 |          | 2015-07-16 02:38:29 | pg_default |
| 16401 | snaga | public | lineitem | 106583 |   64 | 317293464 |     0 |     0 |     0 | 106583 | 562405347 |          | 2015-07-16 02:38:30 | pg_default |
| 16404 | snaga | public | nation   |      1 |   53 |      1075 |     0 |     0 |     0 |      1 |     22006 |          | 2015-07-16 02:38:30 | pg_default |
| 16398 | snaga | public | orders   |  25326 |   26 |  33000000 |     0 |     0 |     0 |  25326 |   2629942 |          | 2015-07-16 02:38:30 | pg_default |
| 16389 | snaga | public | part     |   4064 |   25 |   4000000 |     0 |     0 |     0 |   8128 |    114442 |          | 2015-07-16 02:38:29 | pg_default |
| 16392 | snaga | public | partsupp |  17087 |   36 |  24000000 |     0 |     0 |     0 |  17087 |    535931 |          | 2015-07-16 02:38:29 | pg_default |
| 16407 | snaga | public | region   |      1 | 5462 |     27240 |     0 |     0 |     0 |      2 |      5508 |          | 2015-07-16 02:38:30 | pg_default |
| 16386 | snaga | public | supplier |    218 |   37 |    270000 |     0 |     0 |     0 |    218 |     39808 |          | 2015-07-16 02:38:29 | pg_default |
+-------+-------+--------+----------+--------+------+-----------+-------+-------+-------+--------+-----------+----------+---------------------+------------+
+-------+-------+--------+----------+-----------------------+-------+---------+------------+---------+--------+---------+--------+------------+
|  OID  | OWNER | SCHEMA |  TABLE   |         INDEX         |  BLKS |   SCAN  |   T_READ   |  T_FTCH | B_READ |  B_HIT  | STATUS | TABLESPACE |
+-------+-------+--------+----------+-----------------------+-------+---------+------------+---------+--------+---------+--------+------------+
| 16416 | snaga | public | customer | pk_customer           |   414 |   48366 |      48366 |   48366 |    414 |  144956 |        | pg_default |
| 16501 | snaga | public | customer | i_c_nationkey         |     3 |      20 |     716800 |       0 |      0 |      28 |        | pg_default |
| 16508 | snaga | public | lineitem | i_l_commitdate        |     5 |       0 |          0 |       0 |      0 |       0 |        | pg_default |
| 16420 | snaga | public | lineitem | pk_lineitem           | 16457 |  849676 |    2817864 | 2817864 |  16457 | 2542091 |        | pg_default |
| 16494 | snaga | public | lineitem | i_l_shipdate          |     5 |      20 |   21324800 |       0 |      0 |     100 |        | pg_default |
| 16495 | snaga | public | lineitem | i_l_suppkey_partkey   |     5 |       0 |          0 |       0 |      0 |       0 |        | pg_default |
| 16496 | snaga | public | lineitem | i_l_partkey           |     5 |    5194 | 5538050560 |       0 |      0 |   15590 |        | pg_default |
| 16497 | snaga | public | lineitem | i_l_suppkey           |     5 |       0 |          0 |       0 |      0 |       0 |        | pg_default |
| 16498 | snaga | public | lineitem | i_l_receiptdate       |     5 |       4 |    4264960 |       0 |      0 |      20 |        | pg_default |
| 16499 | snaga | public | lineitem | i_l_orderkey          |     5 |       0 |          0 |       0 |      0 |       0 |        | pg_default |
| 16500 | snaga | public | lineitem | i_l_orderkey_quantity |     5 |       0 |          0 |       0 |      0 |       0 |        | pg_default |
| 16422 | snaga | public | nation   | pk_nation             |     2 |   21962 |      22058 |   22058 |      2 |   22000 |        | pg_default |
| 16507 | snaga | public | nation   | i_n_regionkey         |     3 |       0 |          0 |       0 |      0 |       0 |        | pg_default |
| 16502 | snaga | public | orders   | i_o_orderdate         |     3 |      20 |    5068800 |       0 |      0 |      60 |        | pg_default |
| 16503 | snaga | public | orders   | i_o_custkey           |     3 |       0 |          0 |       0 |      0 |       0 |        | pg_default |
| 16418 | snaga | public | orders   | pk_orders             |  4116 | 1540924 |    1540924 | 1540924 |   4116 | 4627207 |        | pg_default |
| 16412 | snaga | public | part     | pk_part               |   551 |     138 |    1600130 | 1600130 |    551 |    4266 |        | pg_default |
| 16505 | snaga | public | partsupp | i_ps_partkey          |     3 |       0 |          0 |       0 |      0 |       0 |        | pg_default |
| 16506 | snaga | public | partsupp | i_ps_suppkey          |     3 |       0 |          0 |       0 |      0 |       0 |        | pg_default |
| 16414 | snaga | public | partsupp | pk_partsupp           |  2196 |    5522 |      21818 |   21818 |    456 |   16199 |        | pg_default |
| 16424 | snaga | public | region   | pk_region             |     2 |      60 |         60 |      60 |      2 |      78 |        | pg_default |
| 16410 | snaga | public | supplier | pk_supplier           |    30 |   31960 |      31960 |   31960 |     30 |   64123 |        | pg_default |
| 16504 | snaga | public | supplier | i_s_nationkey         |     3 |       8 |      20480 |       0 |      0 |      24 |        | pg_default |
+-------+-------+--------+----------+-----------------------+-------+---------+------------+---------+--------+---------+--------+------------+
SET
Timing is on.
                                                                     QUERY PLAN                                                                     
----------------------------------------------------------------------------------------------------------------------------------------------------
 Sort  (cost=139246.47..139246.48 rows=1 width=16) (actual time=425.688..425.688 rows=5 loops=1)
   Sort Key: orders.o_orderpriority
   Sort Method: quicksort  Memory: 25kB
   ->  HashAggregate  (cost=139246.45..139246.46 rows=1 width=16) (actual time=425.662..425.662 rows=5 loops=1)
         Group Key: orders.o_orderpriority
         ->  Nested Loop Semi Join  (cost=603.17..139170.28 rows=15234 width=16) (actual time=1.325..413.716 rows=52523 loops=1)
               ->  Bitmap Heap Scan on orders  (cost=602.74..26793.23 rows=57633 width=20) (actual time=1.316..215.654 rows=57218 loops=1)
                     Recheck Cond: ((o_orderdate >= '1993-07-01'::date) AND (o_orderdate < '1993-10-01 00:00:00'::timestamp without time zone))
                     Rows Removed by Index Recheck: 1442782
                     Heap Blocks: lossy=25326
                     ->  Bitmap Index Scan on i_o_orderdate  (cost=0.00..588.33 rows=57633 width=0) (actual time=1.297..1.297 rows=253440 loops=1)
                           Index Cond: ((o_orderdate >= '1993-07-01'::date) AND (o_orderdate < '1993-10-01 00:00:00'::timestamp without time zone))
               ->  Index Scan using pk_lineitem on lineitem  (cost=0.43..6.88 rows=5 width=4) (actual time=0.003..0.003 rows=1 loops=57218)
                     Index Cond: (l_orderkey = orders.o_orderkey)
                     Filter: (l_commitdate < l_receiptdate)
                     Rows Removed by Filter: 1
 Planning time: 0.618 ms
 Execution time: 425.765 ms
(18 rows)

Time: 427.204 ms
+-------+-------+--------+----------+--------+------+-----------+-------+-------+-------+--------+-----------+----------+---------------------+------------+
|  OID  | OWNER | SCHEMA |  TABLE   |  BLKS  | SCAN |   T_READ  | T_INS | T_UPD | T_DEL | B_READ |   B_HIT   | VACUUMED |       ANALYZED      | TABLESPACE |
+-------+-------+--------+----------+--------+------+-----------+-------+-------+-------+--------+-----------+----------+---------------------+------------+
| 16395 | snaga | public | customer |   3531 |   33 |   4050000 |     0 |     0 |     0 |   3531 |    217854 |          | 2015-07-16 02:38:29 | pg_default |
| 16401 | snaga | public | lineitem | 106583 |   64 | 317293464 |     0 |     0 |     0 | 106583 | 562463081 |          | 2015-07-16 02:38:30 | pg_default |
| 16404 | snaga | public | nation   |      1 |   53 |      1075 |     0 |     0 |     0 |      1 |     22006 |          | 2015-07-16 02:38:30 | pg_default |
| 16398 | snaga | public | orders   |  25326 |   26 |  33000000 |     0 |     0 |     0 |  25326 |   2655272 |          | 2015-07-16 02:38:30 | pg_default |
| 16389 | snaga | public | part     |   4064 |   25 |   4000000 |     0 |     0 |     0 |   8128 |    114442 |          | 2015-07-16 02:38:29 | pg_default |
| 16392 | snaga | public | partsupp |  17087 |   36 |  24000000 |     0 |     0 |     0 |  17087 |    535931 |          | 2015-07-16 02:38:29 | pg_default |
| 16407 | snaga | public | region   |      1 | 5462 |     27240 |     0 |     0 |     0 |      2 |      5508 |          | 2015-07-16 02:38:30 | pg_default |
| 16386 | snaga | public | supplier |    218 |   37 |    270000 |     0 |     0 |     0 |    218 |     39808 |          | 2015-07-16 02:38:29 | pg_default |
+-------+-------+--------+----------+--------+------+-----------+-------+-------+-------+--------+-----------+----------+---------------------+------------+
+-------+-------+--------+----------+-----------------------+-------+---------+------------+---------+--------+---------+--------+------------+
|  OID  | OWNER | SCHEMA |  TABLE   |         INDEX         |  BLKS |   SCAN  |   T_READ   |  T_FTCH | B_READ |  B_HIT  | STATUS | TABLESPACE |
+-------+-------+--------+----------+-----------------------+-------+---------+------------+---------+--------+---------+--------+------------+
| 16416 | snaga | public | customer | pk_customer           |   414 |   48366 |      48366 |   48366 |    414 |  144956 |        | pg_default |
| 16501 | snaga | public | customer | i_c_nationkey         |     3 |      20 |     716800 |       0 |      0 |      28 |        | pg_default |
| 16508 | snaga | public | lineitem | i_l_commitdate        |     5 |       0 |          0 |       0 |      0 |       0 |        | pg_default |
| 16420 | snaga | public | lineitem | pk_lineitem           | 16457 |  906898 |    2900949 | 2900949 |  16457 | 2714006 |        | pg_default |
| 16494 | snaga | public | lineitem | i_l_shipdate          |     5 |      20 |   21324800 |       0 |      0 |     100 |        | pg_default |
| 16495 | snaga | public | lineitem | i_l_suppkey_partkey   |     5 |       0 |          0 |       0 |      0 |       0 |        | pg_default |
| 16496 | snaga | public | lineitem | i_l_partkey           |     5 |    5194 | 5538050560 |       0 |      0 |   15590 |        | pg_default |
| 16497 | snaga | public | lineitem | i_l_suppkey           |     5 |       0 |          0 |       0 |      0 |       0 |        | pg_default |
| 16498 | snaga | public | lineitem | i_l_receiptdate       |     5 |       4 |    4264960 |       0 |      0 |      20 |        | pg_default |
| 16499 | snaga | public | lineitem | i_l_orderkey          |     5 |       0 |          0 |       0 |      0 |       0 |        | pg_default |
| 16500 | snaga | public | lineitem | i_l_orderkey_quantity |     5 |       0 |          0 |       0 |      0 |       0 |        | pg_default |
| 16422 | snaga | public | nation   | pk_nation             |     2 |   21962 |      22058 |   22058 |      2 |   22000 |        | pg_default |
| 16507 | snaga | public | nation   | i_n_regionkey         |     3 |       0 |          0 |       0 |      0 |       0 |        | pg_default |
| 16502 | snaga | public | orders   | i_o_orderdate         |     3 |      21 |    5322240 |       0 |      0 |      63 |        | pg_default |
| 16503 | snaga | public | orders   | i_o_custkey           |     3 |       0 |          0 |       0 |      0 |       0 |        | pg_default |
| 16418 | snaga | public | orders   | pk_orders             |  4116 | 1540928 |    1540928 | 1540928 |   4116 | 4627221 |        | pg_default |
| 16412 | snaga | public | part     | pk_part               |   551 |     138 |    1600130 | 1600130 |    551 |    4266 |        | pg_default |
| 16505 | snaga | public | partsupp | i_ps_partkey          |     3 |       0 |          0 |       0 |      0 |       0 |        | pg_default |
| 16506 | snaga | public | partsupp | i_ps_suppkey          |     3 |       0 |          0 |       0 |      0 |       0 |        | pg_default |
| 16414 | snaga | public | partsupp | pk_partsupp           |  2196 |    5522 |      21818 |   21818 |    456 |   16199 |        | pg_default |
| 16424 | snaga | public | region   | pk_region             |     2 |      60 |         60 |      60 |      2 |      78 |        | pg_default |
| 16410 | snaga | public | supplier | pk_supplier           |    30 |   31960 |      31960 |   31960 |     30 |   64123 |        | pg_default |
| 16504 | snaga | public | supplier | i_s_nationkey         |     3 |       8 |      20480 |       0 |      0 |      24 |        | pg_default |
+-------+-------+--------+----------+-----------------------+-------+---------+------------+---------+--------+---------+--------+------------+
SET
Timing is on.
                                                                     QUERY PLAN                                                                     
----------------------------------------------------------------------------------------------------------------------------------------------------
 Sort  (cost=139246.47..139246.48 rows=1 width=16) (actual time=426.985..426.985 rows=5 loops=1)
   Sort Key: orders.o_orderpriority
   Sort Method: quicksort  Memory: 25kB
   ->  HashAggregate  (cost=139246.45..139246.46 rows=1 width=16) (actual time=426.960..426.962 rows=5 loops=1)
         Group Key: orders.o_orderpriority
         ->  Nested Loop Semi Join  (cost=603.17..139170.28 rows=15234 width=16) (actual time=1.351..414.900 rows=52523 loops=1)
               ->  Bitmap Heap Scan on orders  (cost=602.74..26793.23 rows=57633 width=20) (actual time=1.342..216.261 rows=57218 loops=1)
                     Recheck Cond: ((o_orderdate >= '1993-07-01'::date) AND (o_orderdate < '1993-10-01 00:00:00'::timestamp without time zone))
                     Rows Removed by Index Recheck: 1442782
                     Heap Blocks: lossy=25326
                     ->  Bitmap Index Scan on i_o_orderdate  (cost=0.00..588.33 rows=57633 width=0) (actual time=1.323..1.323 rows=253440 loops=1)
                           Index Cond: ((o_orderdate >= '1993-07-01'::date) AND (o_orderdate < '1993-10-01 00:00:00'::timestamp without time zone))
               ->  Index Scan using pk_lineitem on lineitem  (cost=0.43..6.88 rows=5 width=4) (actual time=0.003..0.003 rows=1 loops=57218)
                     Index Cond: (l_orderkey = orders.o_orderkey)
                     Filter: (l_commitdate < l_receiptdate)
                     Rows Removed by Filter: 1
 Planning time: 0.637 ms
 Execution time: 427.059 ms
(18 rows)

Time: 428.495 ms
+-------+-------+--------+----------+--------+------+-----------+-------+-------+-------+--------+-----------+----------+---------------------+------------+
|  OID  | OWNER | SCHEMA |  TABLE   |  BLKS  | SCAN |   T_READ  | T_INS | T_UPD | T_DEL | B_READ |   B_HIT   | VACUUMED |       ANALYZED      | TABLESPACE |
+-------+-------+--------+----------+--------+------+-----------+-------+-------+-------+--------+-----------+----------+---------------------+------------+
| 16395 | snaga | public | customer |   3531 |   33 |   4050000 |     0 |     0 |     0 |   3531 |    217854 |          | 2015-07-16 02:38:29 | pg_default |
| 16401 | snaga | public | lineitem | 106583 |   64 | 317293464 |     0 |     0 |     0 | 106583 | 562463081 |          | 2015-07-16 02:38:30 | pg_default |
| 16404 | snaga | public | nation   |      1 |   53 |      1075 |     0 |     0 |     0 |      1 |     22006 |          | 2015-07-16 02:38:30 | pg_default |
| 16398 | snaga | public | orders   |  25326 |   26 |  33000000 |     0 |     0 |     0 |  25326 |   2655272 |          | 2015-07-16 02:38:30 | pg_default |
| 16389 | snaga | public | part     |   4064 |   25 |   4000000 |     0 |     0 |     0 |   8128 |    114442 |          | 2015-07-16 02:38:29 | pg_default |
| 16392 | snaga | public | partsupp |  17087 |   36 |  24000000 |     0 |     0 |     0 |  17087 |    535931 |          | 2015-07-16 02:38:29 | pg_default |
| 16407 | snaga | public | region   |      1 | 5462 |     27240 |     0 |     0 |     0 |      2 |      5508 |          | 2015-07-16 02:38:30 | pg_default |
| 16386 | snaga | public | supplier |    218 |   37 |    270000 |     0 |     0 |     0 |    218 |     39808 |          | 2015-07-16 02:38:29 | pg_default |
+-------+-------+--------+----------+--------+------+-----------+-------+-------+-------+--------+-----------+----------+---------------------+------------+
+-------+-------+--------+----------+-----------------------+-------+---------+------------+---------+--------+---------+--------+------------+
|  OID  | OWNER | SCHEMA |  TABLE   |         INDEX         |  BLKS |   SCAN  |   T_READ   |  T_FTCH | B_READ |  B_HIT  | STATUS | TABLESPACE |
+-------+-------+--------+----------+-----------------------+-------+---------+------------+---------+--------+---------+--------+------------+
| 16416 | snaga | public | customer | pk_customer           |   414 |   48366 |      48366 |   48366 |    414 |  144956 |        | pg_default |
| 16501 | snaga | public | customer | i_c_nationkey         |     3 |      20 |     716800 |       0 |      0 |      28 |        | pg_default |
| 16508 | snaga | public | lineitem | i_l_commitdate        |     5 |       0 |          0 |       0 |      0 |       0 |        | pg_default |
| 16420 | snaga | public | lineitem | pk_lineitem           | 16457 |  964118 |    2984032 | 2984032 |  16457 | 2885914 |        | pg_default |
| 16494 | snaga | public | lineitem | i_l_shipdate          |     5 |      20 |   21324800 |       0 |      0 |     100 |        | pg_default |
| 16495 | snaga | public | lineitem | i_l_suppkey_partkey   |     5 |       0 |          0 |       0 |      0 |       0 |        | pg_default |
| 16496 | snaga | public | lineitem | i_l_partkey           |     5 |    5194 | 5538050560 |       0 |      0 |   15590 |        | pg_default |
| 16497 | snaga | public | lineitem | i_l_suppkey           |     5 |       0 |          0 |       0 |      0 |       0 |        | pg_default |
| 16498 | snaga | public | lineitem | i_l_receiptdate       |     5 |       4 |    4264960 |       0 |      0 |      20 |        | pg_default |
| 16499 | snaga | public | lineitem | i_l_orderkey          |     5 |       0 |          0 |       0 |      0 |       0 |        | pg_default |
| 16500 | snaga | public | lineitem | i_l_orderkey_quantity |     5 |       0 |          0 |       0 |      0 |       0 |        | pg_default |
| 16422 | snaga | public | nation   | pk_nation             |     2 |   21962 |      22058 |   22058 |      2 |   22000 |        | pg_default |
| 16507 | snaga | public | nation   | i_n_regionkey         |     3 |       0 |          0 |       0 |      0 |       0 |        | pg_default |
| 16502 | snaga | public | orders   | i_o_orderdate         |     3 |      22 |    5575680 |       0 |      0 |      66 |        | pg_default |
| 16503 | snaga | public | orders   | i_o_custkey           |     3 |       0 |          0 |       0 |      0 |       0 |        | pg_default |
| 16418 | snaga | public | orders   | pk_orders             |  4116 | 1540930 |    1540930 | 1540930 |   4116 | 4627228 |        | pg_default |
| 16412 | snaga | public | part     | pk_part               |   551 |     138 |    1600130 | 1600130 |    551 |    4266 |        | pg_default |
| 16505 | snaga | public | partsupp | i_ps_partkey          |     3 |       0 |          0 |       0 |      0 |       0 |        | pg_default |
| 16506 | snaga | public | partsupp | i_ps_suppkey          |     3 |       0 |          0 |       0 |      0 |       0 |        | pg_default |
| 16414 | snaga | public | partsupp | pk_partsupp           |  2196 |    5522 |      21818 |   21818 |    456 |   16199 |        | pg_default |
| 16424 | snaga | public | region   | pk_region             |     2 |      60 |         60 |      60 |      2 |      78 |        | pg_default |
| 16410 | snaga | public | supplier | pk_supplier           |    30 |   31960 |      31960 |   31960 |     30 |   64123 |        | pg_default |
| 16504 | snaga | public | supplier | i_s_nationkey         |     3 |       8 |      20480 |       0 |      0 |      24 |        | pg_default |
+-------+-------+--------+----------+-----------------------+-------+---------+------------+---------+--------+---------+--------+------------+
SET
Timing is on.
                                                                     QUERY PLAN                                                                     
----------------------------------------------------------------------------------------------------------------------------------------------------
 Sort  (cost=139246.47..139246.48 rows=1 width=16) (actual time=425.365..425.365 rows=5 loops=1)
   Sort Key: orders.o_orderpriority
   Sort Method: quicksort  Memory: 25kB
   ->  HashAggregate  (cost=139246.45..139246.46 rows=1 width=16) (actual time=425.340..425.341 rows=5 loops=1)
         Group Key: orders.o_orderpriority
         ->  Nested Loop Semi Join  (cost=603.17..139170.28 rows=15234 width=16) (actual time=1.327..413.284 rows=52523 loops=1)
               ->  Bitmap Heap Scan on orders  (cost=602.74..26793.23 rows=57633 width=20) (actual time=1.318..215.499 rows=57218 loops=1)
                     Recheck Cond: ((o_orderdate >= '1993-07-01'::date) AND (o_orderdate < '1993-10-01 00:00:00'::timestamp without time zone))
                     Rows Removed by Index Recheck: 1442782
                     Heap Blocks: lossy=25326
                     ->  Bitmap Index Scan on i_o_orderdate  (cost=0.00..588.33 rows=57633 width=0) (actual time=1.298..1.298 rows=253440 loops=1)
                           Index Cond: ((o_orderdate >= '1993-07-01'::date) AND (o_orderdate < '1993-10-01 00:00:00'::timestamp without time zone))
               ->  Index Scan using pk_lineitem on lineitem  (cost=0.43..6.88 rows=5 width=4) (actual time=0.003..0.003 rows=1 loops=57218)
                     Index Cond: (l_orderkey = orders.o_orderkey)
                     Filter: (l_commitdate < l_receiptdate)
                     Rows Removed by Filter: 1
 Planning time: 0.612 ms
 Execution time: 425.442 ms
(18 rows)

Time: 426.888 ms
+-------+-------+--------+----------+--------+------+-----------+-------+-------+-------+--------+-----------+----------+---------------------+------------+
|  OID  | OWNER | SCHEMA |  TABLE   |  BLKS  | SCAN |   T_READ  | T_INS | T_UPD | T_DEL | B_READ |   B_HIT   | VACUUMED |       ANALYZED      | TABLESPACE |
+-------+-------+--------+----------+--------+------+-----------+-------+-------+-------+--------+-----------+----------+---------------------+------------+
| 16395 | snaga | public | customer |   3531 |   33 |   4050000 |     0 |     0 |     0 |   3531 |    217854 |          | 2015-07-16 02:38:29 | pg_default |
| 16401 | snaga | public | lineitem | 106583 |   64 | 317293464 |     0 |     0 |     0 | 106583 | 562520813 |          | 2015-07-16 02:38:30 | pg_default |
| 16404 | snaga | public | nation   |      1 |   53 |      1075 |     0 |     0 |     0 |      1 |     22006 |          | 2015-07-16 02:38:30 | pg_default |
| 16398 | snaga | public | orders   |  25326 |   26 |  33000000 |     0 |     0 |     0 |  25326 |   2680600 |          | 2015-07-16 02:38:30 | pg_default |
| 16389 | snaga | public | part     |   4064 |   25 |   4000000 |     0 |     0 |     0 |   8128 |    114442 |          | 2015-07-16 02:38:29 | pg_default |
| 16392 | snaga | public | partsupp |  17087 |   36 |  24000000 |     0 |     0 |     0 |  17087 |    535931 |          | 2015-07-16 02:38:29 | pg_default |
| 16407 | snaga | public | region   |      1 | 5462 |     27240 |     0 |     0 |     0 |      2 |      5508 |          | 2015-07-16 02:38:30 | pg_default |
| 16386 | snaga | public | supplier |    218 |   37 |    270000 |     0 |     0 |     0 |    218 |     39808 |          | 2015-07-16 02:38:29 | pg_default |
+-------+-------+--------+----------+--------+------+-----------+-------+-------+-------+--------+-----------+----------+---------------------+------------+
+-------+-------+--------+----------+-----------------------+-------+---------+------------+---------+--------+---------+--------+------------+
|  OID  | OWNER | SCHEMA |  TABLE   |         INDEX         |  BLKS |   SCAN  |   T_READ   |  T_FTCH | B_READ |  B_HIT  | STATUS | TABLESPACE |
+-------+-------+--------+----------+-----------------------+-------+---------+------------+---------+--------+---------+--------+------------+
| 16416 | snaga | public | customer | pk_customer           |   414 |   48366 |      48366 |   48366 |    414 |  144956 |        | pg_default |
| 16501 | snaga | public | customer | i_c_nationkey         |     3 |      20 |     716800 |       0 |      0 |      28 |        | pg_default |
| 16508 | snaga | public | lineitem | i_l_commitdate        |     5 |       0 |          0 |       0 |      0 |       0 |        | pg_default |
| 16420 | snaga | public | lineitem | pk_lineitem           | 16457 |  964118 |    2984032 | 2984032 |  16457 | 2885914 |        | pg_default |
| 16494 | snaga | public | lineitem | i_l_shipdate          |     5 |      20 |   21324800 |       0 |      0 |     100 |        | pg_default |
| 16495 | snaga | public | lineitem | i_l_suppkey_partkey   |     5 |       0 |          0 |       0 |      0 |       0 |        | pg_default |
| 16496 | snaga | public | lineitem | i_l_partkey           |     5 |    5194 | 5538050560 |       0 |      0 |   15590 |        | pg_default |
| 16497 | snaga | public | lineitem | i_l_suppkey           |     5 |       0 |          0 |       0 |      0 |       0 |        | pg_default |
| 16498 | snaga | public | lineitem | i_l_receiptdate       |     5 |       4 |    4264960 |       0 |      0 |      20 |        | pg_default |
| 16499 | snaga | public | lineitem | i_l_orderkey          |     5 |       0 |          0 |       0 |      0 |       0 |        | pg_default |
| 16500 | snaga | public | lineitem | i_l_orderkey_quantity |     5 |       0 |          0 |       0 |      0 |       0 |        | pg_default |
| 16422 | snaga | public | nation   | pk_nation             |     2 |   21962 |      22058 |   22058 |      2 |   22000 |        | pg_default |
| 16507 | snaga | public | nation   | i_n_regionkey         |     3 |       0 |          0 |       0 |      0 |       0 |        | pg_default |
| 16502 | snaga | public | orders   | i_o_orderdate         |     3 |      22 |    5575680 |       0 |      0 |      66 |        | pg_default |
| 16503 | snaga | public | orders   | i_o_custkey           |     3 |       0 |          0 |       0 |      0 |       0 |        | pg_default |
| 16418 | snaga | public | orders   | pk_orders             |  4116 | 1540930 |    1540930 | 1540930 |   4116 | 4627228 |        | pg_default |
| 16412 | snaga | public | part     | pk_part               |   551 |     138 |    1600130 | 1600130 |    551 |    4266 |        | pg_default |
| 16505 | snaga | public | partsupp | i_ps_partkey          |     3 |       0 |          0 |       0 |      0 |       0 |        | pg_default |
| 16506 | snaga | public | partsupp | i_ps_suppkey          |     3 |       0 |          0 |       0 |      0 |       0 |        | pg_default |
| 16414 | snaga | public | partsupp | pk_partsupp           |  2196 |    5522 |      21818 |   21818 |    456 |   16199 |        | pg_default |
| 16424 | snaga | public | region   | pk_region             |     2 |      60 |         60 |      60 |      2 |      78 |        | pg_default |
| 16410 | snaga | public | supplier | pk_supplier           |    30 |   31960 |      31960 |   31960 |     30 |   64123 |        | pg_default |
| 16504 | snaga | public | supplier | i_s_nationkey         |     3 |       8 |      20480 |       0 |      0 |      24 |        | pg_default |
+-------+-------+--------+----------+-----------------------+-------+---------+------------+---------+--------+---------+--------+------------+
SET
Timing is on.
                                                                     QUERY PLAN                                                                     
----------------------------------------------------------------------------------------------------------------------------------------------------
 Sort  (cost=139246.47..139246.48 rows=1 width=16) (actual time=425.227..425.228 rows=5 loops=1)
   Sort Key: orders.o_orderpriority
   Sort Method: quicksort  Memory: 25kB
   ->  HashAggregate  (cost=139246.45..139246.46 rows=1 width=16) (actual time=425.201..425.201 rows=5 loops=1)
         Group Key: orders.o_orderpriority
         ->  Nested Loop Semi Join  (cost=603.17..139170.28 rows=15234 width=16) (actual time=1.326..413.135 rows=52523 loops=1)
               ->  Bitmap Heap Scan on orders  (cost=602.74..26793.23 rows=57633 width=20) (actual time=1.318..215.372 rows=57218 loops=1)
                     Recheck Cond: ((o_orderdate >= '1993-07-01'::date) AND (o_orderdate < '1993-10-01 00:00:00'::timestamp without time zone))
                     Rows Removed by Index Recheck: 1442782
                     Heap Blocks: lossy=25326
                     ->  Bitmap Index Scan on i_o_orderdate  (cost=0.00..588.33 rows=57633 width=0) (actual time=1.298..1.298 rows=253440 loops=1)
                           Index Cond: ((o_orderdate >= '1993-07-01'::date) AND (o_orderdate < '1993-10-01 00:00:00'::timestamp without time zone))
               ->  Index Scan using pk_lineitem on lineitem  (cost=0.43..6.88 rows=5 width=4) (actual time=0.003..0.003 rows=1 loops=57218)
                     Index Cond: (l_orderkey = orders.o_orderkey)
                     Filter: (l_commitdate < l_receiptdate)
                     Rows Removed by Filter: 1
 Planning time: 0.615 ms
 Execution time: 425.304 ms
(18 rows)

Time: 426.773 ms
+-------+-------+--------+----------+--------+------+-----------+-------+-------+-------+--------+-----------+----------+---------------------+------------+
|  OID  | OWNER | SCHEMA |  TABLE   |  BLKS  | SCAN |   T_READ  | T_INS | T_UPD | T_DEL | B_READ |   B_HIT   | VACUUMED |       ANALYZED      | TABLESPACE |
+-------+-------+--------+----------+--------+------+-----------+-------+-------+-------+--------+-----------+----------+---------------------+------------+
| 16395 | snaga | public | customer |   3531 |   33 |   4050000 |     0 |     0 |     0 |   3531 |    217854 |          | 2015-07-16 02:38:29 | pg_default |
| 16401 | snaga | public | lineitem | 106583 |   64 | 317293464 |     0 |     0 |     0 | 106583 | 562636277 |          | 2015-07-16 02:38:30 | pg_default |
| 16404 | snaga | public | nation   |      1 |   53 |      1075 |     0 |     0 |     0 |      1 |     22006 |          | 2015-07-16 02:38:30 | pg_default |
| 16398 | snaga | public | orders   |  25326 |   26 |  33000000 |     0 |     0 |     0 |  25326 |   2731256 |          | 2015-07-16 02:38:30 | pg_default |
| 16389 | snaga | public | part     |   4064 |   25 |   4000000 |     0 |     0 |     0 |   8128 |    114442 |          | 2015-07-16 02:38:29 | pg_default |
| 16392 | snaga | public | partsupp |  17087 |   36 |  24000000 |     0 |     0 |     0 |  17087 |    535931 |          | 2015-07-16 02:38:29 | pg_default |
| 16407 | snaga | public | region   |      1 | 5462 |     27240 |     0 |     0 |     0 |      2 |      5508 |          | 2015-07-16 02:38:30 | pg_default |
| 16386 | snaga | public | supplier |    218 |   37 |    270000 |     0 |     0 |     0 |    218 |     39808 |          | 2015-07-16 02:38:29 | pg_default |
+-------+-------+--------+----------+--------+------+-----------+-------+-------+-------+--------+-----------+----------+---------------------+------------+
+-------+-------+--------+----------+-----------------------+-------+---------+------------+---------+--------+---------+--------+------------+
|  OID  | OWNER | SCHEMA |  TABLE   |         INDEX         |  BLKS |   SCAN  |   T_READ   |  T_FTCH | B_READ |  B_HIT  | STATUS | TABLESPACE |
+-------+-------+--------+----------+-----------------------+-------+---------+------------+---------+--------+---------+--------+------------+
| 16416 | snaga | public | customer | pk_customer           |   414 |   48366 |      48366 |   48366 |    414 |  144956 |        | pg_default |
| 16501 | snaga | public | customer | i_c_nationkey         |     3 |      20 |     716800 |       0 |      0 |      28 |        | pg_default |
| 16508 | snaga | public | lineitem | i_l_commitdate        |     5 |       0 |          0 |       0 |      0 |       0 |        | pg_default |
| 16420 | snaga | public | lineitem | pk_lineitem           | 16457 | 1078558 |    3150198 | 3150198 |  16457 | 3229730 |        | pg_default |
| 16494 | snaga | public | lineitem | i_l_shipdate          |     5 |      20 |   21324800 |       0 |      0 |     100 |        | pg_default |
| 16495 | snaga | public | lineitem | i_l_suppkey_partkey   |     5 |       0 |          0 |       0 |      0 |       0 |        | pg_default |
| 16496 | snaga | public | lineitem | i_l_partkey           |     5 |    5194 | 5538050560 |       0 |      0 |   15590 |        | pg_default |
| 16497 | snaga | public | lineitem | i_l_suppkey           |     5 |       0 |          0 |       0 |      0 |       0 |        | pg_default |
| 16498 | snaga | public | lineitem | i_l_receiptdate       |     5 |       4 |    4264960 |       0 |      0 |      20 |        | pg_default |
| 16499 | snaga | public | lineitem | i_l_orderkey          |     5 |       0 |          0 |       0 |      0 |       0 |        | pg_default |
| 16500 | snaga | public | lineitem | i_l_orderkey_quantity |     5 |       0 |          0 |       0 |      0 |       0 |        | pg_default |
| 16422 | snaga | public | nation   | pk_nation             |     2 |   21962 |      22058 |   22058 |      2 |   22000 |        | pg_default |
| 16507 | snaga | public | nation   | i_n_regionkey         |     3 |       0 |          0 |       0 |      0 |       0 |        | pg_default |
| 16502 | snaga | public | orders   | i_o_orderdate         |     3 |      24 |    6082560 |       0 |      0 |      72 |        | pg_default |
| 16503 | snaga | public | orders   | i_o_custkey           |     3 |       0 |          0 |       0 |      0 |       0 |        | pg_default |
| 16418 | snaga | public | orders   | pk_orders             |  4116 | 1540934 |    1540934 | 1540934 |   4116 | 4627242 |        | pg_default |
| 16412 | snaga | public | part     | pk_part               |   551 |     138 |    1600130 | 1600130 |    551 |    4266 |        | pg_default |
| 16505 | snaga | public | partsupp | i_ps_partkey          |     3 |       0 |          0 |       0 |      0 |       0 |        | pg_default |
| 16506 | snaga | public | partsupp | i_ps_suppkey          |     3 |       0 |          0 |       0 |      0 |       0 |        | pg_default |
| 16414 | snaga | public | partsupp | pk_partsupp           |  2196 |    5522 |      21818 |   21818 |    456 |   16199 |        | pg_default |
| 16424 | snaga | public | region   | pk_region             |     2 |      60 |         60 |      60 |      2 |      78 |        | pg_default |
| 16410 | snaga | public | supplier | pk_supplier           |    30 |   31960 |      31960 |   31960 |     30 |   64123 |        | pg_default |
| 16504 | snaga | public | supplier | i_s_nationkey         |     3 |       8 |      20480 |       0 |      0 |      24 |        | pg_default |
+-------+-------+--------+----------+-----------------------+-------+---------+------------+---------+--------+---------+--------+------------+
