                                                                       QUERY PLAN                                                                       
--------------------------------------------------------------------------------------------------------------------------------------------------------
 Sort  (cost=2058990.90..2058990.91 rows=1 width=27)
   Sort Key: lineitem.l_shipmode
   ->  HashAggregate  (cost=2058990.88..2058990.89 rows=1 width=27)
         Group Key: lineitem.l_shipmode
         ->  Hash Join  (cost=778507.80..2054070.74 rows=281151 width=27)
               Hash Cond: (lineitem.l_orderkey = orders.o_orderkey)
               ->  Bitmap Heap Scan on lineitem  (cost=187727.28..1454504.25 rows=281151 width=15)
                     Recheck Cond: ((l_receiptdate >= '1993-01-01'::date) AND (l_receiptdate < '1994-01-01 00:00:00'::timestamp without time zone))
                     Filter: ((l_shipmode = ANY ('{FOB,TRUCK}'::bpchar[])) AND (l_commitdate < l_receiptdate) AND (l_shipdate < l_commitdate))
                     ->  Bitmap Index Scan on i_l_receiptdate  (cost=0.00..187656.99 rows=8949643 width=0)
                           Index Cond: ((l_receiptdate >= '1993-01-01'::date) AND (l_receiptdate < '1994-01-01 00:00:00'::timestamp without time zone))
               ->  Hash  (cost=403279.12..403279.12 rows=15000112 width=20)
                     ->  Seq Scan on orders  (cost=0.00..403279.12 rows=15000112 width=20)
(13 rows)

+-------+-------+--------+----------+---------+-------+------------+----------+-------+-------+----------+----------+----------+---------------------+------------+
|  OID  | OWNER | SCHEMA |  TABLE   |   BLKS  |  SCAN |   T_READ   |  T_INS   | T_UPD | T_DEL |  B_READ  |  B_HIT   | VACUUMED |       ANALYZED      | TABLESPACE |
+-------+-------+--------+----------+---------+-------+------------+----------+-------+-------+----------+----------+----------+---------------------+------------+
| 16593 | snaga | public | customer |   35284 |    63 |   75000000 |  1500000 |     0 |     0 |   656340 |  1344882 |          | 2015-07-16 05:49:04 | pg_default |
| 16599 | snaga | public | lineitem | 1065410 |    61 | 2820152144 | 59986052 |     0 |     0 | 48332753 | 33361759 |          | 2015-07-16 05:49:41 | pg_default |
| 16602 | snaga | public | nation   |       1 | 25738 |     642800 |       25 |     0 |     0 |        6 |    26086 |          | 2015-07-16 05:49:41 | pg_default |
| 16596 | snaga | public | orders   |  253278 |    34 |  375000000 | 15000000 |     0 |     0 |  7671572 | 19239050 |          | 2015-07-16 05:49:16 | pg_default |
| 16587 | snaga | public | part     |   40627 |    40 |   51309115 |  2000000 |     0 |     0 |   566929 |   913830 |          | 2015-07-16 05:48:56 | pg_default |
| 16590 | snaga | public | partsupp |  170916 |    12 |   88000000 |  8000000 |     0 |     0 |  2012375 | 10923128 |          | 2015-07-16 05:49:04 | pg_default |
| 16605 | snaga | public | region   |       1 |    49 |        177 |        5 |     0 |     0 |        6 |      129 |          | 2015-07-16 05:49:41 | pg_default |
| 16584 | snaga | public | supplier |    2180 |    68 |    4300004 |   100000 |     0 |     0 |    35524 | 10563427 |          | 2015-07-16 05:48:55 | pg_default |
+-------+-------+--------+----------+---------+-------+------------+----------+-------+-------+----------+----------+----------+---------------------+------------+
+-------+-------+--------+----------+-----------------------+--------+----------+-----------+----------+--------+----------+--------+------------+
|  OID  | OWNER | SCHEMA |  TABLE   |         INDEX         |  BLKS  |   SCAN   |   T_READ  |  T_FTCH  | B_READ |  B_HIT   | STATUS | TABLESPACE |
+-------+-------+--------+----------+-----------------------+--------+----------+-----------+----------+--------+----------+--------+------------+
| 16619 | snaga | public | customer | pk_customer           |   4116 |      230 |       230 |      230 |     53 |      697 |        | pg_default |
| 16638 | snaga | public | customer | i_c_nationkey         |   4116 |        0 |         0 |        0 |     13 |       47 |        | pg_default |
| 16645 | snaga | public | lineitem | i_l_commitdate        | 164480 |        0 |         0 |        0 |     25 |       87 |        | pg_default |
| 16624 | snaga | public | lineitem | pk_lineitem           | 164480 |        0 |         0 |        0 |     27 |       85 |        | pg_default |
| 16631 | snaga | public | lineitem | i_l_shipdate          | 164480 |       33 | 150251466 |       12 | 352406 |    58365 |        | pg_default |
| 16632 | snaga | public | lineitem | i_l_suppkey_partkey   | 164480 |        0 |         0 |        0 |     27 |       85 |        | pg_default |
| 16633 | snaga | public | lineitem | i_l_partkey           | 164480 |    90219 |   2693345 |  2693345 |  34775 |   333446 |        | pg_default |
| 16634 | snaga | public | lineitem | i_l_suppkey           | 164480 |      188 |       188 |      188 |     61 |      803 |        | pg_default |
| 16635 | snaga | public | lineitem | i_l_receiptdate       | 164480 |        5 |  45554435 |        0 | 124511 |       86 |        | pg_default |
| 16636 | snaga | public | lineitem | i_l_orderkey          | 164480 |  4015697 |   5829530 |  5829530 | 638988 | 15440915 |        | pg_default |
| 16637 | snaga | public | lineitem | i_l_orderkey_quantity | 164480 |      226 |       226 |      226 |    130 |      886 |        | pg_default |
| 16627 | snaga | public | nation   | pk_nation             |      2 |      376 |       376 |      376 |     19 |      422 |        | pg_default |
| 16644 | snaga | public | nation   | i_n_regionkey         |      2 |        0 |         0 |        0 |     14 |       51 |        | pg_default |
| 16639 | snaga | public | orders   | i_o_orderdate         |  41131 |       51 |  90066028 |       13 | 108801 |   137520 |        | pg_default |
| 16640 | snaga | public | orders   | i_o_custkey           |  41131 |      230 |       230 |      230 |     59 |      714 |        | pg_default |
| 16622 | snaga | public | orders   | pk_orders             |  41131 | 10366203 |  10366203 | 10366203 | 101838 | 31053420 |        | pg_default |
| 16612 | snaga | public | part     | pk_part               |   5487 |      186 |   8001358 |  8001358 |   5510 |    16953 |        | pg_default |
| 16642 | snaga | public | partsupp | i_ps_partkey          |  21937 |    25740 |  24151399 | 24151399 |  48262 |    95056 |        | pg_default |
| 16643 | snaga | public | partsupp | i_ps_suppkey          |  21937 |   119476 |   9544101 |  9544101 |  29220 |   355772 |        | pg_default |
| 16616 | snaga | public | partsupp | pk_partsupp           |  21937 |        0 |         0 |        0 |      5 |       25 |        | pg_default |
| 16629 | snaga | public | region   | pk_region             |      2 |       94 |        94 |       94 |     13 |      119 |        | pg_default |
| 16610 | snaga | public | supplier | pk_supplier           |    276 | 10468841 |  10468841 | 10468841 |    998 | 20994527 |        | pg_default |
| 16641 | snaga | public | supplier | i_s_nationkey         |    276 |       10 |     39950 |        0 |     57 |      143 |        | pg_default |
+-------+-------+--------+----------+-----------------------+--------+----------+-----------+----------+--------+----------+--------+------------+
SET
Timing is on.
                                                                           QUERY PLAN                                                                            
-----------------------------------------------------------------------------------------------------------------------------------------------------------------
 Sort  (cost=2058990.90..2058990.91 rows=1 width=27) (actual time=148286.964..148286.965 rows=2 loops=1)
   Sort Key: lineitem.l_shipmode
   Sort Method: quicksort  Memory: 25kB
   ->  HashAggregate  (cost=2058990.88..2058990.89 rows=1 width=27) (actual time=148279.952..148279.953 rows=2 loops=1)
         Group Key: lineitem.l_shipmode
         ->  Hash Join  (cost=778507.80..2054070.74 rows=281151 width=27) (actual time=30881.017..147968.617 rows=312347 loops=1)
               Hash Cond: (lineitem.l_orderkey = orders.o_orderkey)
               ->  Bitmap Heap Scan on lineitem  (cost=187727.28..1454504.25 rows=281151 width=15) (actual time=5461.186..122316.971 rows=312347 loops=1)
                     Recheck Cond: ((l_receiptdate >= '1993-01-01'::date) AND (l_receiptdate < '1994-01-01 00:00:00'::timestamp without time zone))
                     Filter: ((l_shipmode = ANY ('{FOB,TRUCK}'::bpchar[])) AND (l_commitdate < l_receiptdate) AND (l_shipdate < l_commitdate))
                     Rows Removed by Filter: 8798540
                     Heap Blocks: exact=1004243
                     ->  Bitmap Index Scan on i_l_receiptdate  (cost=0.00..187656.99 rows=8949643 width=0) (actual time=5189.057..5189.057 rows=9110887 loops=1)
                           Index Cond: ((l_receiptdate >= '1993-01-01'::date) AND (l_receiptdate < '1994-01-01 00:00:00'::timestamp without time zone))
               ->  Hash  (cost=403279.12..403279.12 rows=15000112 width=20) (actual time=25269.368..25269.368 rows=15000000 loops=1)
                     Buckets: 16777216  Batches: 1  Memory Usage: 892791kB
                     ->  Seq Scan on orders  (cost=0.00..403279.12 rows=15000112 width=20) (actual time=0.018..22295.170 rows=15000000 loops=1)
 Planning time: 0.705 ms
 Execution time: 148291.900 ms
(19 rows)

Time: 148561.780 ms
+-------+-------+--------+----------+---------+-------+------------+----------+-------+-------+----------+----------+----------+---------------------+------------+
|  OID  | OWNER | SCHEMA |  TABLE   |   BLKS  |  SCAN |   T_READ   |  T_INS   | T_UPD | T_DEL |  B_READ  |  B_HIT   | VACUUMED |       ANALYZED      | TABLESPACE |
+-------+-------+--------+----------+---------+-------+------------+----------+-------+-------+----------+----------+----------+---------------------+------------+
| 16593 | snaga | public | customer |   35284 |    63 |   75000000 |  1500000 |     0 |     0 |   656340 |  1344882 |          | 2015-07-16 05:49:04 | pg_default |
| 16599 | snaga | public | lineitem | 1065410 |    61 | 2820152144 | 59986052 |     0 |     0 | 49325693 | 33373064 |          | 2015-07-16 05:49:41 | pg_default |
| 16602 | snaga | public | nation   |       1 | 25738 |     642800 |       25 |     0 |     0 |        6 |    26086 |          | 2015-07-16 05:49:41 | pg_default |
| 16596 | snaga | public | orders   |  253278 |    35 |  390000000 | 15000000 |     0 |     0 |  7924848 | 19239054 |          | 2015-07-16 05:49:16 | pg_default |
| 16587 | snaga | public | part     |   40627 |    40 |   51309115 |  2000000 |     0 |     0 |   566929 |   913830 |          | 2015-07-16 05:48:56 | pg_default |
| 16590 | snaga | public | partsupp |  170916 |    12 |   88000000 |  8000000 |     0 |     0 |  2012375 | 10923128 |          | 2015-07-16 05:49:04 | pg_default |
| 16605 | snaga | public | region   |       1 |    49 |        177 |        5 |     0 |     0 |        6 |      129 |          | 2015-07-16 05:49:41 | pg_default |
| 16584 | snaga | public | supplier |    2180 |    68 |    4300004 |   100000 |     0 |     0 |    35524 | 10563427 |          | 2015-07-16 05:48:55 | pg_default |
+-------+-------+--------+----------+---------+-------+------------+----------+-------+-------+----------+----------+----------+---------------------+------------+
+-------+-------+--------+----------+-----------------------+--------+----------+-----------+----------+--------+----------+--------+------------+
|  OID  | OWNER | SCHEMA |  TABLE   |         INDEX         |  BLKS  |   SCAN   |   T_READ  |  T_FTCH  | B_READ |  B_HIT   | STATUS | TABLESPACE |
+-------+-------+--------+----------+-----------------------+--------+----------+-----------+----------+--------+----------+--------+------------+
| 16619 | snaga | public | customer | pk_customer           |   4116 |      230 |       230 |      230 |     53 |      697 |        | pg_default |
| 16638 | snaga | public | customer | i_c_nationkey         |   4116 |        0 |         0 |        0 |     13 |       47 |        | pg_default |
| 16645 | snaga | public | lineitem | i_l_commitdate        | 164480 |        0 |         0 |        0 |     25 |       88 |        | pg_default |
| 16624 | snaga | public | lineitem | pk_lineitem           | 164480 |        0 |         0 |        0 |     27 |       86 |        | pg_default |
| 16631 | snaga | public | lineitem | i_l_shipdate          | 164480 |       33 | 150251466 |       12 | 352406 |    58366 |        | pg_default |
| 16632 | snaga | public | lineitem | i_l_suppkey_partkey   | 164480 |        0 |         0 |        0 |     27 |       86 |        | pg_default |
| 16633 | snaga | public | lineitem | i_l_partkey           | 164480 |    90219 |   2693345 |  2693345 |  34775 |   333447 |        | pg_default |
| 16634 | snaga | public | lineitem | i_l_suppkey           | 164480 |      188 |       188 |      188 |     61 |      804 |        | pg_default |
| 16635 | snaga | public | lineitem | i_l_receiptdate       | 164480 |        6 |  54665322 |        0 | 149408 |       87 |        | pg_default |
| 16636 | snaga | public | lineitem | i_l_orderkey          | 164480 |  4015697 |   5829530 |  5829530 | 638988 | 15440916 |        | pg_default |
| 16637 | snaga | public | lineitem | i_l_orderkey_quantity | 164480 |      228 |       228 |      228 |    130 |      895 |        | pg_default |
| 16627 | snaga | public | nation   | pk_nation             |      2 |      376 |       376 |      376 |     19 |      422 |        | pg_default |
| 16644 | snaga | public | nation   | i_n_regionkey         |      2 |        0 |         0 |        0 |     14 |       51 |        | pg_default |
| 16639 | snaga | public | orders   | i_o_orderdate         |  41131 |       51 |  90066028 |       13 | 108801 |   137521 |        | pg_default |
| 16640 | snaga | public | orders   | i_o_custkey           |  41131 |      230 |       230 |      230 |     59 |      715 |        | pg_default |
| 16622 | snaga | public | orders   | pk_orders             |  41131 | 10366205 |  10366205 | 10366205 | 101838 | 31053427 |        | pg_default |
| 16612 | snaga | public | part     | pk_part               |   5487 |      186 |   8001358 |  8001358 |   5510 |    16953 |        | pg_default |
| 16642 | snaga | public | partsupp | i_ps_partkey          |  21937 |    25740 |  24151399 | 24151399 |  48262 |    95056 |        | pg_default |
| 16643 | snaga | public | partsupp | i_ps_suppkey          |  21937 |   119476 |   9544101 |  9544101 |  29220 |   355772 |        | pg_default |
| 16616 | snaga | public | partsupp | pk_partsupp           |  21937 |        0 |         0 |        0 |      5 |       25 |        | pg_default |
| 16629 | snaga | public | region   | pk_region             |      2 |       94 |        94 |       94 |     13 |      119 |        | pg_default |
| 16610 | snaga | public | supplier | pk_supplier           |    276 | 10468841 |  10468841 | 10468841 |    998 | 20994527 |        | pg_default |
| 16641 | snaga | public | supplier | i_s_nationkey         |    276 |       10 |     39950 |        0 |     57 |      143 |        | pg_default |
+-------+-------+--------+----------+-----------------------+--------+----------+-----------+----------+--------+----------+--------+------------+
SET
Timing is on.
                                                                           QUERY PLAN                                                                            
-----------------------------------------------------------------------------------------------------------------------------------------------------------------
 Sort  (cost=2058990.90..2058990.91 rows=1 width=27) (actual time=147548.170..147548.170 rows=2 loops=1)
   Sort Key: lineitem.l_shipmode
   Sort Method: quicksort  Memory: 25kB
   ->  HashAggregate  (cost=2058990.88..2058990.89 rows=1 width=27) (actual time=147548.142..147548.142 rows=2 loops=1)
         Group Key: lineitem.l_shipmode
         ->  Hash Join  (cost=778507.80..2054070.74 rows=281151 width=27) (actual time=30440.845..147240.576 rows=312347 loops=1)
               Hash Cond: (lineitem.l_orderkey = orders.o_orderkey)
               ->  Bitmap Heap Scan on lineitem  (cost=187727.28..1454504.25 rows=281151 width=15) (actual time=5216.971..121785.046 rows=312347 loops=1)
                     Recheck Cond: ((l_receiptdate >= '1993-01-01'::date) AND (l_receiptdate < '1994-01-01 00:00:00'::timestamp without time zone))
                     Filter: ((l_shipmode = ANY ('{FOB,TRUCK}'::bpchar[])) AND (l_commitdate < l_receiptdate) AND (l_shipdate < l_commitdate))
                     Rows Removed by Filter: 8798540
                     Heap Blocks: exact=1004243
                     ->  Bitmap Index Scan on i_l_receiptdate  (cost=0.00..187656.99 rows=8949643 width=0) (actual time=4941.305..4941.305 rows=9110887 loops=1)
                           Index Cond: ((l_receiptdate >= '1993-01-01'::date) AND (l_receiptdate < '1994-01-01 00:00:00'::timestamp without time zone))
               ->  Hash  (cost=403279.12..403279.12 rows=15000112 width=20) (actual time=25206.756..25206.756 rows=15000000 loops=1)
                     Buckets: 16777216  Batches: 1  Memory Usage: 892791kB
                     ->  Seq Scan on orders  (cost=0.00..403279.12 rows=15000112 width=20) (actual time=0.013..22240.941 rows=15000000 loops=1)
 Planning time: 219.175 ms
 Execution time: 147553.295 ms
(19 rows)

Time: 147954.079 ms
+-------+-------+--------+----------+---------+-------+------------+----------+-------+-------+----------+----------+----------+---------------------+------------+
|  OID  | OWNER | SCHEMA |  TABLE   |   BLKS  |  SCAN |   T_READ   |  T_INS   | T_UPD | T_DEL |  B_READ  |  B_HIT   | VACUUMED |       ANALYZED      | TABLESPACE |
+-------+-------+--------+----------+---------+-------+------------+----------+-------+-------+----------+----------+----------+---------------------+------------+
| 16593 | snaga | public | customer |   35284 |    63 |   75000000 |  1500000 |     0 |     0 |   656340 |  1344882 |          | 2015-07-16 05:49:04 | pg_default |
| 16599 | snaga | public | lineitem | 1065410 |    61 | 2820152144 | 59986052 |     0 |     0 | 50300908 | 33402094 |          | 2015-07-16 05:49:41 | pg_default |
| 16602 | snaga | public | nation   |       1 | 25738 |     642800 |       25 |     0 |     0 |        6 |    26086 |          | 2015-07-16 05:49:41 | pg_default |
| 16596 | snaga | public | orders   |  253278 |    36 |  405000000 | 15000000 |     0 |     0 |  8178126 | 19239056 |          | 2015-07-16 05:49:16 | pg_default |
| 16587 | snaga | public | part     |   40627 |    40 |   51309115 |  2000000 |     0 |     0 |   566929 |   913830 |          | 2015-07-16 05:48:56 | pg_default |
| 16590 | snaga | public | partsupp |  170916 |    12 |   88000000 |  8000000 |     0 |     0 |  2012375 | 10923128 |          | 2015-07-16 05:49:04 | pg_default |
| 16605 | snaga | public | region   |       1 |    49 |        177 |        5 |     0 |     0 |        6 |      129 |          | 2015-07-16 05:49:41 | pg_default |
| 16584 | snaga | public | supplier |    2180 |    68 |    4300004 |   100000 |     0 |     0 |    35524 | 10563427 |          | 2015-07-16 05:48:55 | pg_default |
+-------+-------+--------+----------+---------+-------+------------+----------+-------+-------+----------+----------+----------+---------------------+------------+
+-------+-------+--------+----------+-----------------------+--------+----------+-----------+----------+--------+----------+--------+------------+
|  OID  | OWNER | SCHEMA |  TABLE   |         INDEX         |  BLKS  |   SCAN   |   T_READ  |  T_FTCH  | B_READ |  B_HIT   | STATUS | TABLESPACE |
+-------+-------+--------+----------+-----------------------+--------+----------+-----------+----------+--------+----------+--------+------------+
| 16619 | snaga | public | customer | pk_customer           |   4116 |      230 |       230 |      230 |     53 |      697 |        | pg_default |
| 16638 | snaga | public | customer | i_c_nationkey         |   4116 |        0 |         0 |        0 |     13 |       47 |        | pg_default |
| 16645 | snaga | public | lineitem | i_l_commitdate        | 164480 |        0 |         0 |        0 |     25 |       89 |        | pg_default |
| 16624 | snaga | public | lineitem | pk_lineitem           | 164480 |        0 |         0 |        0 |     27 |       87 |        | pg_default |
| 16631 | snaga | public | lineitem | i_l_shipdate          | 164480 |       33 | 150251466 |       12 | 352406 |    58367 |        | pg_default |
| 16632 | snaga | public | lineitem | i_l_suppkey_partkey   | 164480 |        0 |         0 |        0 |     27 |       87 |        | pg_default |
| 16633 | snaga | public | lineitem | i_l_partkey           | 164480 |    90219 |   2693345 |  2693345 |  34775 |   333448 |        | pg_default |
| 16634 | snaga | public | lineitem | i_l_suppkey           | 164480 |      188 |       188 |      188 |     61 |      805 |        | pg_default |
| 16635 | snaga | public | lineitem | i_l_receiptdate       | 164480 |        7 |  63776209 |        0 | 174305 |       88 |        | pg_default |
| 16636 | snaga | public | lineitem | i_l_orderkey          | 164480 |  4015697 |   5829530 |  5829530 | 638988 | 15440917 |        | pg_default |
| 16637 | snaga | public | lineitem | i_l_orderkey_quantity | 164480 |      230 |       230 |      230 |    136 |      898 |        | pg_default |
| 16627 | snaga | public | nation   | pk_nation             |      2 |      376 |       376 |      376 |     19 |      422 |        | pg_default |
| 16644 | snaga | public | nation   | i_n_regionkey         |      2 |        0 |         0 |        0 |     14 |       51 |        | pg_default |
| 16639 | snaga | public | orders   | i_o_orderdate         |  41131 |       51 |  90066028 |       13 | 108802 |   137521 |        | pg_default |
| 16640 | snaga | public | orders   | i_o_custkey           |  41131 |      230 |       230 |      230 |     60 |      715 |        | pg_default |
| 16622 | snaga | public | orders   | pk_orders             |  41131 | 10366207 |  10366207 | 10366207 | 101843 | 31053429 |        | pg_default |
| 16612 | snaga | public | part     | pk_part               |   5487 |      186 |   8001358 |  8001358 |   5510 |    16953 |        | pg_default |
| 16642 | snaga | public | partsupp | i_ps_partkey          |  21937 |    25740 |  24151399 | 24151399 |  48262 |    95056 |        | pg_default |
| 16643 | snaga | public | partsupp | i_ps_suppkey          |  21937 |   119476 |   9544101 |  9544101 |  29220 |   355772 |        | pg_default |
| 16616 | snaga | public | partsupp | pk_partsupp           |  21937 |        0 |         0 |        0 |      5 |       25 |        | pg_default |
| 16629 | snaga | public | region   | pk_region             |      2 |       94 |        94 |       94 |     13 |      119 |        | pg_default |
| 16610 | snaga | public | supplier | pk_supplier           |    276 | 10468841 |  10468841 | 10468841 |    998 | 20994527 |        | pg_default |
| 16641 | snaga | public | supplier | i_s_nationkey         |    276 |       10 |     39950 |        0 |     57 |      143 |        | pg_default |
+-------+-------+--------+----------+-----------------------+--------+----------+-----------+----------+--------+----------+--------+------------+
SET
Timing is on.
                                                                           QUERY PLAN                                                                            
-----------------------------------------------------------------------------------------------------------------------------------------------------------------
 Sort  (cost=2058990.90..2058990.91 rows=1 width=27) (actual time=149486.789..149486.789 rows=2 loops=1)
   Sort Key: lineitem.l_shipmode
   Sort Method: quicksort  Memory: 25kB
   ->  HashAggregate  (cost=2058990.88..2058990.89 rows=1 width=27) (actual time=149481.066..149481.067 rows=2 loops=1)
         Group Key: lineitem.l_shipmode
         ->  Hash Join  (cost=778507.80..2054070.74 rows=281151 width=27) (actual time=29990.975..149148.222 rows=312347 loops=1)
               Hash Cond: (lineitem.l_orderkey = orders.o_orderkey)
               ->  Bitmap Heap Scan on lineitem  (cost=187727.28..1454504.25 rows=281151 width=15) (actual time=5305.621..124233.351 rows=312347 loops=1)
                     Recheck Cond: ((l_receiptdate >= '1993-01-01'::date) AND (l_receiptdate < '1994-01-01 00:00:00'::timestamp without time zone))
                     Filter: ((l_shipmode = ANY ('{FOB,TRUCK}'::bpchar[])) AND (l_commitdate < l_receiptdate) AND (l_shipdate < l_commitdate))
                     Rows Removed by Filter: 8798540
                     Heap Blocks: exact=1004243
                     ->  Bitmap Index Scan on i_l_receiptdate  (cost=0.00..187656.99 rows=8949643 width=0) (actual time=5032.684..5032.684 rows=9110887 loops=1)
                           Index Cond: ((l_receiptdate >= '1993-01-01'::date) AND (l_receiptdate < '1994-01-01 00:00:00'::timestamp without time zone))
               ->  Hash  (cost=403279.12..403279.12 rows=15000112 width=20) (actual time=24668.402..24668.402 rows=15000000 loops=1)
                     Buckets: 16777216  Batches: 1  Memory Usage: 892791kB
                     ->  Seq Scan on orders  (cost=0.00..403279.12 rows=15000112 width=20) (actual time=0.013..21657.751 rows=15000000 loops=1)
 Planning time: 302.591 ms
 Execution time: 149493.016 ms
(19 rows)

Time: 150136.795 ms
+-------+-------+--------+----------+---------+-------+------------+----------+-------+-------+----------+----------+----------+---------------------+------------+
|  OID  | OWNER | SCHEMA |  TABLE   |   BLKS  |  SCAN |   T_READ   |  T_INS   | T_UPD | T_DEL |  B_READ  |  B_HIT   | VACUUMED |       ANALYZED      | TABLESPACE |
+-------+-------+--------+----------+---------+-------+------------+----------+-------+-------+----------+----------+----------+---------------------+------------+
| 16593 | snaga | public | customer |   35284 |    63 |   75000000 |  1500000 |     0 |     0 |   656340 |  1344882 |          | 2015-07-16 05:49:04 | pg_default |
| 16599 | snaga | public | lineitem | 1065410 |    61 | 2820152144 | 59986052 |     0 |     0 | 51308188 | 35407927 |          | 2015-07-16 05:49:41 | pg_default |
| 16602 | snaga | public | nation   |       1 | 25738 |     642800 |       25 |     0 |     0 |        6 |    26086 |          | 2015-07-16 05:49:41 | pg_default |
| 16596 | snaga | public | orders   |  253278 |    37 |  420000000 | 15000000 |     0 |     0 |  8431404 | 19239058 |          | 2015-07-16 05:49:16 | pg_default |
| 16587 | snaga | public | part     |   40627 |    41 |   53309115 |  2000000 |     0 |     0 |   587414 |   933974 |          | 2015-07-16 05:48:56 | pg_default |
| 16590 | snaga | public | partsupp |  170916 |    12 |   88000000 |  8000000 |     0 |     0 |  2012375 | 10923128 |          | 2015-07-16 05:49:04 | pg_default |
| 16605 | snaga | public | region   |       1 |    49 |        177 |        5 |     0 |     0 |        6 |      129 |          | 2015-07-16 05:49:41 | pg_default |
| 16584 | snaga | public | supplier |    2180 |    68 |    4300004 |   100000 |     0 |     0 |    35524 | 10563427 |          | 2015-07-16 05:48:55 | pg_default |
+-------+-------+--------+----------+---------+-------+------------+----------+-------+-------+----------+----------+----------+---------------------+------------+
+-------+-------+--------+----------+-----------------------+--------+----------+-----------+----------+--------+----------+--------+------------+
|  OID  | OWNER | SCHEMA |  TABLE   |         INDEX         |  BLKS  |   SCAN   |   T_READ  |  T_FTCH  | B_READ |  B_HIT   | STATUS | TABLESPACE |
+-------+-------+--------+----------+-----------------------+--------+----------+-----------+----------+--------+----------+--------+------------+
| 16619 | snaga | public | customer | pk_customer           |   4116 |      230 |       230 |      230 |     53 |      697 |        | pg_default |
| 16638 | snaga | public | customer | i_c_nationkey         |   4116 |        0 |         0 |        0 |     13 |       47 |        | pg_default |
| 16645 | snaga | public | lineitem | i_l_commitdate        | 164480 |        0 |         0 |        0 |     26 |       90 |        | pg_default |
| 16624 | snaga | public | lineitem | pk_lineitem           | 164480 |        0 |         0 |        0 |     28 |       88 |        | pg_default |
| 16631 | snaga | public | lineitem | i_l_shipdate          | 164480 |       33 | 150251466 |       12 | 352407 |    58368 |        | pg_default |
| 16632 | snaga | public | lineitem | i_l_suppkey_partkey   | 164480 |        0 |         0 |        0 |     28 |       88 |        | pg_default |
| 16633 | snaga | public | lineitem | i_l_partkey           | 164480 |   154625 |   4702213 |  4702213 |  37558 |   593989 |        | pg_default |
| 16634 | snaga | public | lineitem | i_l_suppkey           | 164480 |      188 |       188 |      188 |     62 |      806 |        | pg_default |
| 16635 | snaga | public | lineitem | i_l_receiptdate       | 164480 |        8 |  72887096 |        0 | 199203 |       89 |        | pg_default |
| 16636 | snaga | public | lineitem | i_l_orderkey          | 164480 |  4015697 |   5829530 |  5829530 | 638989 | 15440918 |        | pg_default |
| 16637 | snaga | public | lineitem | i_l_orderkey_quantity | 164480 |      232 |       232 |      232 |    144 |      900 |        | pg_default |
| 16627 | snaga | public | nation   | pk_nation             |      2 |      376 |       376 |      376 |     19 |      422 |        | pg_default |
| 16644 | snaga | public | nation   | i_n_regionkey         |      2 |        0 |         0 |        0 |     14 |       51 |        | pg_default |
| 16639 | snaga | public | orders   | i_o_orderdate         |  41131 |       51 |  90066028 |       13 | 108803 |   137521 |        | pg_default |
| 16640 | snaga | public | orders   | i_o_custkey           |  41131 |      230 |       230 |      230 |     61 |      715 |        | pg_default |
| 16622 | snaga | public | orders   | pk_orders             |  41131 | 10366209 |  10366209 | 10366209 | 101849 | 31053430 |        | pg_default |
| 16612 | snaga | public | part     | pk_part               |   5487 |      188 |   8001360 |  8001360 |   5510 |    16960 |        | pg_default |
| 16642 | snaga | public | partsupp | i_ps_partkey          |  21937 |    25740 |  24151399 | 24151399 |  48262 |    95056 |        | pg_default |
| 16643 | snaga | public | partsupp | i_ps_suppkey          |  21937 |   119476 |   9544101 |  9544101 |  29220 |   355772 |        | pg_default |
| 16616 | snaga | public | partsupp | pk_partsupp           |  21937 |        0 |         0 |        0 |      5 |       25 |        | pg_default |
| 16629 | snaga | public | region   | pk_region             |      2 |       94 |        94 |       94 |     13 |      119 |        | pg_default |
| 16610 | snaga | public | supplier | pk_supplier           |    276 | 10468841 |  10468841 | 10468841 |    998 | 20994527 |        | pg_default |
| 16641 | snaga | public | supplier | i_s_nationkey         |    276 |       10 |     39950 |        0 |     57 |      143 |        | pg_default |
+-------+-------+--------+----------+-----------------------+--------+----------+-----------+----------+--------+----------+--------+------------+
SET
Timing is on.
                                                                           QUERY PLAN                                                                            
-----------------------------------------------------------------------------------------------------------------------------------------------------------------
 Sort  (cost=2058990.90..2058990.91 rows=1 width=27) (actual time=65079.804..65079.805 rows=2 loops=1)
   Sort Key: lineitem.l_shipmode
   Sort Method: quicksort  Memory: 25kB
   ->  HashAggregate  (cost=2058990.88..2058990.89 rows=1 width=27) (actual time=65059.911..65059.912 rows=2 loops=1)
         Group Key: lineitem.l_shipmode
         ->  Hash Join  (cost=778507.80..2054070.74 rows=281151 width=27) (actual time=23980.031..64770.626 rows=312347 loops=1)
               Hash Cond: (lineitem.l_orderkey = orders.o_orderkey)
               ->  Bitmap Heap Scan on lineitem  (cost=187727.28..1454504.25 rows=281151 width=15) (actual time=2396.612..42954.964 rows=312347 loops=1)
                     Recheck Cond: ((l_receiptdate >= '1993-01-01'::date) AND (l_receiptdate < '1994-01-01 00:00:00'::timestamp without time zone))
                     Filter: ((l_shipmode = ANY ('{FOB,TRUCK}'::bpchar[])) AND (l_commitdate < l_receiptdate) AND (l_shipdate < l_commitdate))
                     Rows Removed by Filter: 8798540
                     Heap Blocks: exact=1004243
                     ->  Bitmap Index Scan on i_l_receiptdate  (cost=0.00..187656.99 rows=8949643 width=0) (actual time=2109.022..2109.022 rows=9110887 loops=1)
                           Index Cond: ((l_receiptdate >= '1993-01-01'::date) AND (l_receiptdate < '1994-01-01 00:00:00'::timestamp without time zone))
               ->  Hash  (cost=403279.12..403279.12 rows=15000112 width=20) (actual time=21357.646..21357.646 rows=15000000 loops=1)
                     Buckets: 16777216  Batches: 1  Memory Usage: 892791kB
                     ->  Seq Scan on orders  (cost=0.00..403279.12 rows=15000112 width=20) (actual time=0.021..18271.317 rows=15000000 loops=1)
 Planning time: 0.690 ms
 Execution time: 65086.669 ms
(19 rows)

Time: 65205.982 ms
+-------+-------+--------+----------+---------+-------+------------+----------+-------+-------+----------+----------+----------+---------------------+------------+
|  OID  | OWNER | SCHEMA |  TABLE   |   BLKS  |  SCAN |   T_READ   |  T_INS   | T_UPD | T_DEL |  B_READ  |  B_HIT   | VACUUMED |       ANALYZED      | TABLESPACE |
+-------+-------+--------+----------+---------+-------+------------+----------+-------+-------+----------+----------+----------+---------------------+------------+
| 16593 | snaga | public | customer |   35284 |    63 |   75000000 |  1500000 |     0 |     0 |   656340 |  1344882 |          | 2015-07-16 05:49:04 | pg_default |
| 16599 | snaga | public | lineitem | 1065410 |    61 | 2820152144 | 59986052 |     0 |     0 | 52296954 | 36427651 |          | 2015-07-16 05:49:41 | pg_default |
| 16602 | snaga | public | nation   |       1 | 25738 |     642800 |       25 |     0 |     0 |        6 |    26086 |          | 2015-07-16 05:49:41 | pg_default |
| 16596 | snaga | public | orders   |  253278 |    39 |  450000000 | 15000000 |     0 |     0 |  8937926 | 19239096 |          | 2015-07-16 05:49:16 | pg_default |
| 16587 | snaga | public | part     |   40627 |    41 |   53309115 |  2000000 |     0 |     0 |   587414 |   933974 |          | 2015-07-16 05:48:56 | pg_default |
| 16590 | snaga | public | partsupp |  170916 |    12 |   88000000 |  8000000 |     0 |     0 |  2012375 | 10923128 |          | 2015-07-16 05:49:04 | pg_default |
| 16605 | snaga | public | region   |       1 |    49 |        177 |        5 |     0 |     0 |        6 |      129 |          | 2015-07-16 05:49:41 | pg_default |
| 16584 | snaga | public | supplier |    2180 |    68 |    4300004 |   100000 |     0 |     0 |    35524 | 10563427 |          | 2015-07-16 05:48:55 | pg_default |
+-------+-------+--------+----------+---------+-------+------------+----------+-------+-------+----------+----------+----------+---------------------+------------+
+-------+-------+--------+----------+-----------------------+--------+----------+-----------+----------+--------+----------+--------+------------+
|  OID  | OWNER | SCHEMA |  TABLE   |         INDEX         |  BLKS  |   SCAN   |   T_READ  |  T_FTCH  | B_READ |  B_HIT   | STATUS | TABLESPACE |
+-------+-------+--------+----------+-----------------------+--------+----------+-----------+----------+--------+----------+--------+------------+
| 16619 | snaga | public | customer | pk_customer           |   4116 |      230 |       230 |      230 |     53 |      697 |        | pg_default |
| 16638 | snaga | public | customer | i_c_nationkey         |   4116 |        0 |         0 |        0 |     13 |       47 |        | pg_default |
| 16645 | snaga | public | lineitem | i_l_commitdate        | 164480 |        0 |         0 |        0 |     27 |       91 |        | pg_default |
| 16624 | snaga | public | lineitem | pk_lineitem           | 164480 |        0 |         0 |        0 |     29 |       89 |        | pg_default |
| 16631 | snaga | public | lineitem | i_l_shipdate          | 164480 |       33 | 150251466 |       12 | 352408 |    58369 |        | pg_default |
| 16632 | snaga | public | lineitem | i_l_suppkey_partkey   | 164480 |        0 |         0 |        0 |     29 |       89 |        | pg_default |
| 16633 | snaga | public | lineitem | i_l_partkey           | 164480 |   154625 |   4702213 |  4702213 |  37559 |   593990 |        | pg_default |
| 16634 | snaga | public | lineitem | i_l_suppkey           | 164480 |      188 |       188 |      188 |     63 |      807 |        | pg_default |
| 16635 | snaga | public | lineitem | i_l_receiptdate       | 164480 |       10 |  91108870 |        0 | 224101 |    24987 |        | pg_default |
| 16636 | snaga | public | lineitem | i_l_orderkey          | 164480 |  4015697 |   5829530 |  5829530 | 638990 | 15440919 |        | pg_default |
| 16637 | snaga | public | lineitem | i_l_orderkey_quantity | 164480 |      236 |       236 |      236 |    152 |      910 |        | pg_default |
| 16627 | snaga | public | nation   | pk_nation             |      2 |      376 |       376 |      376 |     19 |      422 |        | pg_default |
| 16644 | snaga | public | nation   | i_n_regionkey         |      2 |        0 |         0 |        0 |     14 |       51 |        | pg_default |
| 16639 | snaga | public | orders   | i_o_orderdate         |  41131 |       51 |  90066028 |       13 | 108804 |   137522 |        | pg_default |
| 16640 | snaga | public | orders   | i_o_custkey           |  41131 |      230 |       230 |      230 |     62 |      716 |        | pg_default |
| 16622 | snaga | public | orders   | pk_orders             |  41131 | 10366213 |  10366213 | 10366213 | 101855 | 31053438 |        | pg_default |
| 16612 | snaga | public | part     | pk_part               |   5487 |      188 |   8001360 |  8001360 |   5510 |    16960 |        | pg_default |
| 16642 | snaga | public | partsupp | i_ps_partkey          |  21937 |    25740 |  24151399 | 24151399 |  48262 |    95056 |        | pg_default |
| 16643 | snaga | public | partsupp | i_ps_suppkey          |  21937 |   119476 |   9544101 |  9544101 |  29220 |   355772 |        | pg_default |
| 16616 | snaga | public | partsupp | pk_partsupp           |  21937 |        0 |         0 |        0 |      5 |       25 |        | pg_default |
| 16629 | snaga | public | region   | pk_region             |      2 |       94 |        94 |       94 |     13 |      119 |        | pg_default |
| 16610 | snaga | public | supplier | pk_supplier           |    276 | 10468841 |  10468841 | 10468841 |    998 | 20994527 |        | pg_default |
| 16641 | snaga | public | supplier | i_s_nationkey         |    276 |       10 |     39950 |        0 |     57 |      143 |        | pg_default |
+-------+-------+--------+----------+-----------------------+--------+----------+-----------+----------+--------+----------+--------+------------+
