                                                                 QUERY PLAN                                                                 
--------------------------------------------------------------------------------------------------------------------------------------------
 Aggregate  (cost=118833.80..118833.82 rows=1 width=29)
   ->  Hash Join  (cost=10320.20..117386.40 rows=82709 width=29)
         Hash Cond: (lineitem.l_partkey = part.p_partkey)
         ->  Bitmap Heap Scan on lineitem  (cost=1756.20..107685.15 rows=82709 width=12)
               Recheck Cond: ((l_shipdate >= '1995-01-01'::date) AND (l_shipdate < '1995-02-01 00:00:00'::timestamp without time zone))
               ->  Bitmap Index Scan on i_l_shipdate  (cost=0.00..1735.52 rows=82709 width=0)
                     Index Cond: ((l_shipdate >= '1995-01-01'::date) AND (l_shipdate < '1995-02-01 00:00:00'::timestamp without time zone))
         ->  Hash  (cost=6064.00..6064.00 rows=200000 width=25)
               ->  Seq Scan on part  (cost=0.00..6064.00 rows=200000 width=25)
(9 rows)

+-------+-------+--------+----------+--------+------+-----------+---------+-------+-------+--------+---------+----------+---------------------+------------+
|  OID  | OWNER | SCHEMA |  TABLE   |  BLKS  | SCAN |   T_READ  |  T_INS  | T_UPD | T_DEL | B_READ |  B_HIT  | VACUUMED |       ANALYZED      | TABLESPACE |
+-------+-------+--------+----------+--------+------+-----------+---------+-------+-------+--------+---------+----------+---------------------+------------+
| 16395 | snaga | public | customer |   3531 |   23 |   2850000 |  150000 |     0 |     0 |   5016 |  201005 |          | 2015-07-16 01:41:13 | pg_default |
| 16401 | snaga | public | lineitem | 106583 |   25 | 132026730 | 6001215 |     0 |     0 | 211146 | 7270088 |          | 2015-07-16 01:41:14 | pg_default |
| 16404 | snaga | public | nation   |      1 |   43 |       875 |      25 |     0 |     0 |      1 |   11099 |          | 2015-07-16 01:41:14 | pg_default |
| 16398 | snaga | public | orders   |  25326 |   19 |  24000000 | 1500000 |     0 |     0 |  48612 | 2817923 |          | 2015-07-16 01:41:13 | pg_default |
| 16389 | snaga | public | part     |   4064 |   12 |   2000000 |  200000 |     0 |     0 |   6082 |   75666 |          | 2015-07-16 01:41:13 | pg_default |
| 16392 | snaga | public | partsupp |  17087 |    9 |   6400000 |  800000 |     0 |     0 |  32200 | 1099674 |          | 2015-07-16 01:41:13 | pg_default |
| 16407 | snaga | public | region   |      1 | 2738 |     13650 |       5 |     0 |     0 |      1 |    2772 |          | 2015-07-16 01:41:14 | pg_default |
| 16386 | snaga | public | supplier |    218 |   17 |    110000 |   10000 |     0 |     0 |    220 | 1410274 |          | 2015-07-16 01:41:12 | pg_default |
+-------+-------+--------+----------+--------+------+-----------+---------+-------+-------+--------+---------+----------+---------------------+------------+
+-------+-------+--------+----------+-----------------------+-------+---------+---------+---------+--------+---------+--------+------------+
|  OID  | OWNER | SCHEMA |  TABLE   |         INDEX         |  BLKS |   SCAN  |  T_READ |  T_FTCH | B_READ |  B_HIT  | STATUS | TABLESPACE |
+-------+-------+--------+----------+-----------------------+-------+---------+---------+---------+--------+---------+--------+------------+
| 16416 | snaga | public | customer | pk_customer           |   414 |     110 |     110 |     110 |      6 |     354 |        | pg_default |
| 16439 | snaga | public | customer | i_c_nationkey         |   414 |      40 |  241520 |       0 |    174 |     640 |        | pg_default |
| 16446 | snaga | public | lineitem | i_l_commitdate        | 16457 |       0 |       0 |       0 |      1 |      49 |        | pg_default |
| 16420 | snaga | public | lineitem | pk_lineitem           | 16457 |       0 |       0 |       0 |      1 |      49 |        | pg_default |
| 16426 | snaga | public | lineitem | i_l_shipdate          | 16457 |       9 | 3645585 |       5 |   2497 |    7544 |        | pg_default |
| 16427 | snaga | public | lineitem | i_l_suppkey_partkey   | 16457 |  184448 | 1383232 | 1383232 |   8901 |  548825 |        | pg_default |
| 16430 | snaga | public | lineitem | i_l_partkey           | 16457 |    5336 |  157612 |  157612 |   1429 |   15057 |        | pg_default |
| 16434 | snaga | public | lineitem | i_l_suppkey           | 16457 |    3472 | 2021816 | 2021816 |   2246 |   13860 |        | pg_default |
| 16436 | snaga | public | lineitem | i_l_receiptdate       | 16457 |       4 | 3634072 |       0 |   2486 |    7504 |        | pg_default |
| 16437 | snaga | public | lineitem | i_l_orderkey          | 16457 |  368420 |  889972 |  889972 |  16401 | 1091669 |        | pg_default |
| 16438 | snaga | public | lineitem | i_l_orderkey_quantity | 16457 |     110 |     110 |     110 |      6 |     374 |        | pg_default |
| 16422 | snaga | public | nation   | pk_nation             |     2 |   11062 |   11254 |   11254 |      2 |   11095 |        | pg_default |
| 16445 | snaga | public | nation   | i_n_regionkey         |     2 |       0 |       0 |       0 |      1 |      34 |        | pg_default |
| 16440 | snaga | public | orders   | i_o_orderdate         |  4116 |      17 | 1141309 |       5 |    788 |    2424 |        | pg_default |
| 16441 | snaga | public | orders   | i_o_custkey           |  4116 |   48606 |  481226 |  481226 |   3943 |  143420 |        | pg_default |
| 16418 | snaga | public | orders   | pk_orders             |  4116 | 1540894 | 1540894 | 1540894 |   4116 | 4627107 |        | pg_default |
| 16412 | snaga | public | part     | pk_part               |   551 |      84 |  800080 |  800080 |    551 |    1900 |        | pg_default |
| 16443 | snaga | public | partsupp | i_ps_partkey          |  2196 |    2776 |   10924 |   10924 |    456 |    7919 |        | pg_default |
| 16444 | snaga | public | partsupp | i_ps_suppkey          |  2196 |   11116 |  879800 |  879800 |   1704 |   34167 |        | pg_default |
| 16414 | snaga | public | partsupp | pk_partsupp           |  2196 |       0 |       0 |       0 |      1 |      14 |        | pg_default |
| 16424 | snaga | public | region   | pk_region             |     2 |      40 |      40 |      40 |      2 |      53 |        | pg_default |
| 16410 | snaga | public | supplier | pk_supplier           |    30 | 1404288 | 1444284 | 1444284 |     30 | 2816284 |        | pg_default |
| 16442 | snaga | public | supplier | i_s_nationkey         |    30 |       8 |    3176 |       0 |      4 |      50 |        | pg_default |
+-------+-------+--------+----------+-----------------------+-------+---------+---------+---------+--------+---------+--------+------------+
Timing is on.
                                                                  QUERY PLAN                                                                  
----------------------------------------------------------------------------------------------------------------------------------------------
 Aggregate  (cost=118833.80..118833.82 rows=1 width=29) (actual time=225.222..225.222 rows=1 loops=1)
   ->  Hash Join  (cost=10320.20..117386.40 rows=82709 width=29) (actual time=97.069..209.707 rows=77356 loops=1)
         Hash Cond: (lineitem.l_partkey = part.p_partkey)
         ->  Bitmap Heap Scan on lineitem  (cost=1756.20..107685.15 rows=82709 width=12) (actual time=29.157..109.152 rows=77356 loops=1)
               Recheck Cond: ((l_shipdate >= '1995-01-01'::date) AND (l_shipdate < '1995-02-01 00:00:00'::timestamp without time zone))
               Heap Blocks: exact=40958
               ->  Bitmap Index Scan on i_l_shipdate  (cost=0.00..1735.52 rows=82709 width=0) (actual time=23.322..23.322 rows=77356 loops=1)
                     Index Cond: ((l_shipdate >= '1995-01-01'::date) AND (l_shipdate < '1995-02-01 00:00:00'::timestamp without time zone))
         ->  Hash  (cost=6064.00..6064.00 rows=200000 width=25) (actual time=67.186..67.186 rows=200000 loops=1)
               Buckets: 262144  Batches: 1  Memory Usage: 13600kB
               ->  Seq Scan on part  (cost=0.00..6064.00 rows=200000 width=25) (actual time=0.004..33.267 rows=200000 loops=1)
 Planning time: 0.589 ms
 Execution time: 225.633 ms
(13 rows)

Time: 227.832 ms
+-------+-------+--------+----------+--------+------+-----------+---------+-------+-------+--------+---------+----------+---------------------+------------+
|  OID  | OWNER | SCHEMA |  TABLE   |  BLKS  | SCAN |   T_READ  |  T_INS  | T_UPD | T_DEL | B_READ |  B_HIT  | VACUUMED |       ANALYZED      | TABLESPACE |
+-------+-------+--------+----------+--------+------+-----------+---------+-------+-------+--------+---------+----------+---------------------+------------+
| 16395 | snaga | public | customer |   3531 |   23 |   2850000 |  150000 |     0 |     0 |   5016 |  201005 |          | 2015-07-16 01:41:13 | pg_default |
| 16401 | snaga | public | lineitem | 106583 |   25 | 132026730 | 6001215 |     0 |     0 | 211146 | 7270088 |          | 2015-07-16 01:41:14 | pg_default |
| 16404 | snaga | public | nation   |      1 |   43 |       875 |      25 |     0 |     0 |      1 |   11099 |          | 2015-07-16 01:41:14 | pg_default |
| 16398 | snaga | public | orders   |  25326 |   19 |  24000000 | 1500000 |     0 |     0 |  48612 | 2817923 |          | 2015-07-16 01:41:13 | pg_default |
| 16389 | snaga | public | part     |   4064 |   12 |   2000000 |  200000 |     0 |     0 |   6082 |   75666 |          | 2015-07-16 01:41:13 | pg_default |
| 16392 | snaga | public | partsupp |  17087 |    9 |   6400000 |  800000 |     0 |     0 |  32200 | 1099674 |          | 2015-07-16 01:41:13 | pg_default |
| 16407 | snaga | public | region   |      1 | 2738 |     13650 |       5 |     0 |     0 |      1 |    2772 |          | 2015-07-16 01:41:14 | pg_default |
| 16386 | snaga | public | supplier |    218 |   17 |    110000 |   10000 |     0 |     0 |    220 | 1410274 |          | 2015-07-16 01:41:12 | pg_default |
+-------+-------+--------+----------+--------+------+-----------+---------+-------+-------+--------+---------+----------+---------------------+------------+
+-------+-------+--------+----------+-----------------------+-------+---------+---------+---------+--------+---------+--------+------------+
|  OID  | OWNER | SCHEMA |  TABLE   |         INDEX         |  BLKS |   SCAN  |  T_READ |  T_FTCH | B_READ |  B_HIT  | STATUS | TABLESPACE |
+-------+-------+--------+----------+-----------------------+-------+---------+---------+---------+--------+---------+--------+------------+
| 16416 | snaga | public | customer | pk_customer           |   414 |     110 |     110 |     110 |      6 |     354 |        | pg_default |
| 16439 | snaga | public | customer | i_c_nationkey         |   414 |      40 |  241520 |       0 |    174 |     640 |        | pg_default |
| 16446 | snaga | public | lineitem | i_l_commitdate        | 16457 |       0 |       0 |       0 |      1 |      49 |        | pg_default |
| 16420 | snaga | public | lineitem | pk_lineitem           | 16457 |       0 |       0 |       0 |      1 |      49 |        | pg_default |
| 16426 | snaga | public | lineitem | i_l_shipdate          | 16457 |       9 | 3645585 |       5 |   2497 |    7544 |        | pg_default |
| 16427 | snaga | public | lineitem | i_l_suppkey_partkey   | 16457 |  184448 | 1383232 | 1383232 |   8901 |  548825 |        | pg_default |
| 16430 | snaga | public | lineitem | i_l_partkey           | 16457 |    5336 |  157612 |  157612 |   1429 |   15057 |        | pg_default |
| 16434 | snaga | public | lineitem | i_l_suppkey           | 16457 |    3472 | 2021816 | 2021816 |   2246 |   13860 |        | pg_default |
| 16436 | snaga | public | lineitem | i_l_receiptdate       | 16457 |       4 | 3634072 |       0 |   2486 |    7504 |        | pg_default |
| 16437 | snaga | public | lineitem | i_l_orderkey          | 16457 |  368420 |  889972 |  889972 |  16401 | 1091669 |        | pg_default |
| 16438 | snaga | public | lineitem | i_l_orderkey_quantity | 16457 |     110 |     110 |     110 |      6 |     374 |        | pg_default |
| 16422 | snaga | public | nation   | pk_nation             |     2 |   11062 |   11254 |   11254 |      2 |   11095 |        | pg_default |
| 16445 | snaga | public | nation   | i_n_regionkey         |     2 |       0 |       0 |       0 |      1 |      34 |        | pg_default |
| 16440 | snaga | public | orders   | i_o_orderdate         |  4116 |      17 | 1141309 |       5 |    788 |    2424 |        | pg_default |
| 16441 | snaga | public | orders   | i_o_custkey           |  4116 |   48606 |  481226 |  481226 |   3943 |  143420 |        | pg_default |
| 16418 | snaga | public | orders   | pk_orders             |  4116 | 1540894 | 1540894 | 1540894 |   4116 | 4627107 |        | pg_default |
| 16412 | snaga | public | part     | pk_part               |   551 |      84 |  800080 |  800080 |    551 |    1900 |        | pg_default |
| 16443 | snaga | public | partsupp | i_ps_partkey          |  2196 |    2776 |   10924 |   10924 |    456 |    7919 |        | pg_default |
| 16444 | snaga | public | partsupp | i_ps_suppkey          |  2196 |   11116 |  879800 |  879800 |   1704 |   34167 |        | pg_default |
| 16414 | snaga | public | partsupp | pk_partsupp           |  2196 |       0 |       0 |       0 |      1 |      14 |        | pg_default |
| 16424 | snaga | public | region   | pk_region             |     2 |      40 |      40 |      40 |      2 |      53 |        | pg_default |
| 16410 | snaga | public | supplier | pk_supplier           |    30 | 1404288 | 1444284 | 1444284 |     30 | 2816284 |        | pg_default |
| 16442 | snaga | public | supplier | i_s_nationkey         |    30 |       8 |    3176 |       0 |      4 |      50 |        | pg_default |
+-------+-------+--------+----------+-----------------------+-------+---------+---------+---------+--------+---------+--------+------------+
Timing is on.
                                                                 QUERY PLAN                                                                 
--------------------------------------------------------------------------------------------------------------------------------------------
 Aggregate  (cost=118833.80..118833.82 rows=1 width=29) (actual time=210.322..210.323 rows=1 loops=1)
   ->  Hash Join  (cost=10320.20..117386.40 rows=82709 width=29) (actual time=82.169..194.977 rows=77356 loops=1)
         Hash Cond: (lineitem.l_partkey = part.p_partkey)
         ->  Bitmap Heap Scan on lineitem  (cost=1756.20..107685.15 rows=82709 width=12) (actual time=14.310..94.297 rows=77356 loops=1)
               Recheck Cond: ((l_shipdate >= '1995-01-01'::date) AND (l_shipdate < '1995-02-01 00:00:00'::timestamp without time zone))
               Heap Blocks: exact=40958
               ->  Bitmap Index Scan on i_l_shipdate  (cost=0.00..1735.52 rows=82709 width=0) (actual time=8.515..8.515 rows=77356 loops=1)
                     Index Cond: ((l_shipdate >= '1995-01-01'::date) AND (l_shipdate < '1995-02-01 00:00:00'::timestamp without time zone))
         ->  Hash  (cost=6064.00..6064.00 rows=200000 width=25) (actual time=67.146..67.146 rows=200000 loops=1)
               Buckets: 262144  Batches: 1  Memory Usage: 13600kB
               ->  Seq Scan on part  (cost=0.00..6064.00 rows=200000 width=25) (actual time=0.004..33.519 rows=200000 loops=1)
 Planning time: 0.587 ms
 Execution time: 210.720 ms
(13 rows)

Time: 212.907 ms
+-------+-------+--------+----------+--------+------+-----------+---------+-------+-------+--------+---------+----------+---------------------+------------+
|  OID  | OWNER | SCHEMA |  TABLE   |  BLKS  | SCAN |   T_READ  |  T_INS  | T_UPD | T_DEL | B_READ |  B_HIT  | VACUUMED |       ANALYZED      | TABLESPACE |
+-------+-------+--------+----------+--------+------+-----------+---------+-------+-------+--------+---------+----------+---------------------+------------+
| 16395 | snaga | public | customer |   3531 |   23 |   2850000 |  150000 |     0 |     0 |   5016 |  201005 |          | 2015-07-16 01:41:13 | pg_default |
| 16401 | snaga | public | lineitem | 106583 |   25 | 132026730 | 6001215 |     0 |     0 | 211146 | 7352010 |          | 2015-07-16 01:41:14 | pg_default |
| 16404 | snaga | public | nation   |      1 |   43 |       875 |      25 |     0 |     0 |      1 |   11099 |          | 2015-07-16 01:41:14 | pg_default |
| 16398 | snaga | public | orders   |  25326 |   19 |  24000000 | 1500000 |     0 |     0 |  48612 | 2817923 |          | 2015-07-16 01:41:13 | pg_default |
| 16389 | snaga | public | part     |   4064 |   15 |   2400000 |  200000 |     0 |     0 |   6082 |   83800 |          | 2015-07-16 01:41:13 | pg_default |
| 16392 | snaga | public | partsupp |  17087 |    9 |   6400000 |  800000 |     0 |     0 |  32200 | 1099674 |          | 2015-07-16 01:41:13 | pg_default |
| 16407 | snaga | public | region   |      1 | 2738 |     13650 |       5 |     0 |     0 |      1 |    2772 |          | 2015-07-16 01:41:14 | pg_default |
| 16386 | snaga | public | supplier |    218 |   17 |    110000 |   10000 |     0 |     0 |    220 | 1410274 |          | 2015-07-16 01:41:12 | pg_default |
+-------+-------+--------+----------+--------+------+-----------+---------+-------+-------+--------+---------+----------+---------------------+------------+
+-------+-------+--------+----------+-----------------------+-------+---------+---------+---------+--------+---------+--------+------------+
|  OID  | OWNER | SCHEMA |  TABLE   |         INDEX         |  BLKS |   SCAN  |  T_READ |  T_FTCH | B_READ |  B_HIT  | STATUS | TABLESPACE |
+-------+-------+--------+----------+-----------------------+-------+---------+---------+---------+--------+---------+--------+------------+
| 16416 | snaga | public | customer | pk_customer           |   414 |     110 |     110 |     110 |      6 |     354 |        | pg_default |
| 16439 | snaga | public | customer | i_c_nationkey         |   414 |      40 |  241520 |       0 |    174 |     640 |        | pg_default |
| 16446 | snaga | public | lineitem | i_l_commitdate        | 16457 |       0 |       0 |       0 |      1 |      52 |        | pg_default |
| 16420 | snaga | public | lineitem | pk_lineitem           | 16457 |       0 |       0 |       0 |      1 |      52 |        | pg_default |
| 16426 | snaga | public | lineitem | i_l_shipdate          | 16457 |      11 | 3800297 |       5 |   2710 |    7762 |        | pg_default |
| 16427 | snaga | public | lineitem | i_l_suppkey_partkey   | 16457 |  184448 | 1383232 | 1383232 |   8901 |  548828 |        | pg_default |
| 16430 | snaga | public | lineitem | i_l_partkey           | 16457 |    5342 |  157618 |  157618 |   1429 |   15078 |        | pg_default |
| 16434 | snaga | public | lineitem | i_l_suppkey           | 16457 |    3472 | 2021816 | 2021816 |   2246 |   13863 |        | pg_default |
| 16436 | snaga | public | lineitem | i_l_receiptdate       | 16457 |       4 | 3634072 |       0 |   2486 |    7507 |        | pg_default |
| 16437 | snaga | public | lineitem | i_l_orderkey          | 16457 |  368420 |  889972 |  889972 |  16401 | 1091672 |        | pg_default |
| 16438 | snaga | public | lineitem | i_l_orderkey_quantity | 16457 |     110 |     110 |     110 |      6 |     377 |        | pg_default |
| 16422 | snaga | public | nation   | pk_nation             |     2 |   11062 |   11254 |   11254 |      2 |   11095 |        | pg_default |
| 16445 | snaga | public | nation   | i_n_regionkey         |     2 |       0 |       0 |       0 |      1 |      34 |        | pg_default |
| 16440 | snaga | public | orders   | i_o_orderdate         |  4116 |      17 | 1141309 |       5 |    788 |    2424 |        | pg_default |
| 16441 | snaga | public | orders   | i_o_custkey           |  4116 |   48606 |  481226 |  481226 |   3943 |  143420 |        | pg_default |
| 16418 | snaga | public | orders   | pk_orders             |  4116 | 1540894 | 1540894 | 1540894 |   4116 | 4627107 |        | pg_default |
| 16412 | snaga | public | part     | pk_part               |   551 |      90 |  800086 |  800086 |    551 |    1921 |        | pg_default |
| 16443 | snaga | public | partsupp | i_ps_partkey          |  2196 |    2776 |   10924 |   10924 |    456 |    7919 |        | pg_default |
| 16444 | snaga | public | partsupp | i_ps_suppkey          |  2196 |   11116 |  879800 |  879800 |   1704 |   34167 |        | pg_default |
| 16414 | snaga | public | partsupp | pk_partsupp           |  2196 |       0 |       0 |       0 |      1 |      14 |        | pg_default |
| 16424 | snaga | public | region   | pk_region             |     2 |      40 |      40 |      40 |      2 |      53 |        | pg_default |
| 16410 | snaga | public | supplier | pk_supplier           |    30 | 1404288 | 1444284 | 1444284 |     30 | 2816284 |        | pg_default |
| 16442 | snaga | public | supplier | i_s_nationkey         |    30 |       8 |    3176 |       0 |      4 |      50 |        | pg_default |
+-------+-------+--------+----------+-----------------------+-------+---------+---------+---------+--------+---------+--------+------------+
Timing is on.
                                                                 QUERY PLAN                                                                 
--------------------------------------------------------------------------------------------------------------------------------------------
 Aggregate  (cost=118833.80..118833.82 rows=1 width=29) (actual time=210.735..210.735 rows=1 loops=1)
   ->  Hash Join  (cost=10320.20..117386.40 rows=82709 width=29) (actual time=82.303..195.409 rows=77356 loops=1)
         Hash Cond: (lineitem.l_partkey = part.p_partkey)
         ->  Bitmap Heap Scan on lineitem  (cost=1756.20..107685.15 rows=82709 width=12) (actual time=14.319..94.506 rows=77356 loops=1)
               Recheck Cond: ((l_shipdate >= '1995-01-01'::date) AND (l_shipdate < '1995-02-01 00:00:00'::timestamp without time zone))
               Heap Blocks: exact=40958
               ->  Bitmap Index Scan on i_l_shipdate  (cost=0.00..1735.52 rows=82709 width=0) (actual time=8.508..8.508 rows=77356 loops=1)
                     Index Cond: ((l_shipdate >= '1995-01-01'::date) AND (l_shipdate < '1995-02-01 00:00:00'::timestamp without time zone))
         ->  Hash  (cost=6064.00..6064.00 rows=200000 width=25) (actual time=67.270..67.270 rows=200000 loops=1)
               Buckets: 262144  Batches: 1  Memory Usage: 13600kB
               ->  Seq Scan on part  (cost=0.00..6064.00 rows=200000 width=25) (actual time=0.004..33.395 rows=200000 loops=1)
 Planning time: 0.591 ms
 Execution time: 211.137 ms
(13 rows)

Time: 213.344 ms
+-------+-------+--------+----------+--------+------+-----------+---------+-------+-------+--------+---------+----------+---------------------+------------+
|  OID  | OWNER | SCHEMA |  TABLE   |  BLKS  | SCAN |   T_READ  |  T_INS  | T_UPD | T_DEL | B_READ |  B_HIT  | VACUUMED |       ANALYZED      | TABLESPACE |
+-------+-------+--------+----------+--------+------+-----------+---------+-------+-------+--------+---------+----------+---------------------+------------+
| 16395 | snaga | public | customer |   3531 |   23 |   2850000 |  150000 |     0 |     0 |   5016 |  201005 |          | 2015-07-16 01:41:13 | pg_default |
| 16401 | snaga | public | lineitem | 106583 |   25 | 132026730 | 6001215 |     0 |     0 | 211146 | 7352010 |          | 2015-07-16 01:41:14 | pg_default |
| 16404 | snaga | public | nation   |      1 |   43 |       875 |      25 |     0 |     0 |      1 |   11099 |          | 2015-07-16 01:41:14 | pg_default |
| 16398 | snaga | public | orders   |  25326 |   19 |  24000000 | 1500000 |     0 |     0 |  48612 | 2817923 |          | 2015-07-16 01:41:13 | pg_default |
| 16389 | snaga | public | part     |   4064 |   15 |   2400000 |  200000 |     0 |     0 |   6082 |   83800 |          | 2015-07-16 01:41:13 | pg_default |
| 16392 | snaga | public | partsupp |  17087 |    9 |   6400000 |  800000 |     0 |     0 |  32200 | 1099674 |          | 2015-07-16 01:41:13 | pg_default |
| 16407 | snaga | public | region   |      1 | 2738 |     13650 |       5 |     0 |     0 |      1 |    2772 |          | 2015-07-16 01:41:14 | pg_default |
| 16386 | snaga | public | supplier |    218 |   17 |    110000 |   10000 |     0 |     0 |    220 | 1410274 |          | 2015-07-16 01:41:12 | pg_default |
+-------+-------+--------+----------+--------+------+-----------+---------+-------+-------+--------+---------+----------+---------------------+------------+
+-------+-------+--------+----------+-----------------------+-------+---------+---------+---------+--------+---------+--------+------------+
|  OID  | OWNER | SCHEMA |  TABLE   |         INDEX         |  BLKS |   SCAN  |  T_READ |  T_FTCH | B_READ |  B_HIT  | STATUS | TABLESPACE |
+-------+-------+--------+----------+-----------------------+-------+---------+---------+---------+--------+---------+--------+------------+
| 16416 | snaga | public | customer | pk_customer           |   414 |     110 |     110 |     110 |      6 |     354 |        | pg_default |
| 16439 | snaga | public | customer | i_c_nationkey         |   414 |      40 |  241520 |       0 |    174 |     640 |        | pg_default |
| 16446 | snaga | public | lineitem | i_l_commitdate        | 16457 |       0 |       0 |       0 |      1 |      52 |        | pg_default |
| 16420 | snaga | public | lineitem | pk_lineitem           | 16457 |       0 |       0 |       0 |      1 |      52 |        | pg_default |
| 16426 | snaga | public | lineitem | i_l_shipdate          | 16457 |      11 | 3800297 |       5 |   2710 |    7762 |        | pg_default |
| 16427 | snaga | public | lineitem | i_l_suppkey_partkey   | 16457 |  184448 | 1383232 | 1383232 |   8901 |  548828 |        | pg_default |
| 16430 | snaga | public | lineitem | i_l_partkey           | 16457 |    5342 |  157618 |  157618 |   1429 |   15078 |        | pg_default |
| 16434 | snaga | public | lineitem | i_l_suppkey           | 16457 |    3472 | 2021816 | 2021816 |   2246 |   13863 |        | pg_default |
| 16436 | snaga | public | lineitem | i_l_receiptdate       | 16457 |       4 | 3634072 |       0 |   2486 |    7507 |        | pg_default |
| 16437 | snaga | public | lineitem | i_l_orderkey          | 16457 |  368420 |  889972 |  889972 |  16401 | 1091672 |        | pg_default |
| 16438 | snaga | public | lineitem | i_l_orderkey_quantity | 16457 |     110 |     110 |     110 |      6 |     377 |        | pg_default |
| 16422 | snaga | public | nation   | pk_nation             |     2 |   11062 |   11254 |   11254 |      2 |   11095 |        | pg_default |
| 16445 | snaga | public | nation   | i_n_regionkey         |     2 |       0 |       0 |       0 |      1 |      34 |        | pg_default |
| 16440 | snaga | public | orders   | i_o_orderdate         |  4116 |      17 | 1141309 |       5 |    788 |    2424 |        | pg_default |
| 16441 | snaga | public | orders   | i_o_custkey           |  4116 |   48606 |  481226 |  481226 |   3943 |  143420 |        | pg_default |
| 16418 | snaga | public | orders   | pk_orders             |  4116 | 1540894 | 1540894 | 1540894 |   4116 | 4627107 |        | pg_default |
| 16412 | snaga | public | part     | pk_part               |   551 |      90 |  800086 |  800086 |    551 |    1921 |        | pg_default |
| 16443 | snaga | public | partsupp | i_ps_partkey          |  2196 |    2776 |   10924 |   10924 |    456 |    7919 |        | pg_default |
| 16444 | snaga | public | partsupp | i_ps_suppkey          |  2196 |   11116 |  879800 |  879800 |   1704 |   34167 |        | pg_default |
| 16414 | snaga | public | partsupp | pk_partsupp           |  2196 |       0 |       0 |       0 |      1 |      14 |        | pg_default |
| 16424 | snaga | public | region   | pk_region             |     2 |      40 |      40 |      40 |      2 |      53 |        | pg_default |
| 16410 | snaga | public | supplier | pk_supplier           |    30 | 1404288 | 1444284 | 1444284 |     30 | 2816284 |        | pg_default |
| 16442 | snaga | public | supplier | i_s_nationkey         |    30 |       8 |    3176 |       0 |      4 |      50 |        | pg_default |
+-------+-------+--------+----------+-----------------------+-------+---------+---------+---------+--------+---------+--------+------------+
Timing is on.
                                                                 QUERY PLAN                                                                 
--------------------------------------------------------------------------------------------------------------------------------------------
 Aggregate  (cost=118833.80..118833.82 rows=1 width=29) (actual time=210.798..210.798 rows=1 loops=1)
   ->  Hash Join  (cost=10320.20..117386.40 rows=82709 width=29) (actual time=82.221..195.234 rows=77356 loops=1)
         Hash Cond: (lineitem.l_partkey = part.p_partkey)
         ->  Bitmap Heap Scan on lineitem  (cost=1756.20..107685.15 rows=82709 width=12) (actual time=14.329..94.499 rows=77356 loops=1)
               Recheck Cond: ((l_shipdate >= '1995-01-01'::date) AND (l_shipdate < '1995-02-01 00:00:00'::timestamp without time zone))
               Heap Blocks: exact=40958
               ->  Bitmap Index Scan on i_l_shipdate  (cost=0.00..1735.52 rows=82709 width=0) (actual time=8.523..8.523 rows=77356 loops=1)
                     Index Cond: ((l_shipdate >= '1995-01-01'::date) AND (l_shipdate < '1995-02-01 00:00:00'::timestamp without time zone))
         ->  Hash  (cost=6064.00..6064.00 rows=200000 width=25) (actual time=67.176..67.176 rows=200000 loops=1)
               Buckets: 262144  Batches: 1  Memory Usage: 13600kB
               ->  Seq Scan on part  (cost=0.00..6064.00 rows=200000 width=25) (actual time=0.004..33.368 rows=200000 loops=1)
 Planning time: 0.596 ms
 Execution time: 211.199 ms
(13 rows)

Time: 213.358 ms
+-------+-------+--------+----------+--------+------+-----------+---------+-------+-------+--------+---------+----------+---------------------+------------+
|  OID  | OWNER | SCHEMA |  TABLE   |  BLKS  | SCAN |   T_READ  |  T_INS  | T_UPD | T_DEL | B_READ |  B_HIT  | VACUUMED |       ANALYZED      | TABLESPACE |
+-------+-------+--------+----------+--------+------+-----------+---------+-------+-------+--------+---------+----------+---------------------+------------+
| 16395 | snaga | public | customer |   3531 |   23 |   2850000 |  150000 |     0 |     0 |   5016 |  201005 |          | 2015-07-16 01:41:13 | pg_default |
| 16401 | snaga | public | lineitem | 106583 |   25 | 132026730 | 6001215 |     0 |     0 | 211146 | 7433930 |          | 2015-07-16 01:41:14 | pg_default |
| 16404 | snaga | public | nation   |      1 |   43 |       875 |      25 |     0 |     0 |      1 |   11099 |          | 2015-07-16 01:41:14 | pg_default |
| 16398 | snaga | public | orders   |  25326 |   19 |  24000000 | 1500000 |     0 |     0 |  48612 | 2817923 |          | 2015-07-16 01:41:13 | pg_default |
| 16389 | snaga | public | part     |   4064 |   17 |   2800000 |  200000 |     0 |     0 |   6082 |   91932 |          | 2015-07-16 01:41:13 | pg_default |
| 16392 | snaga | public | partsupp |  17087 |    9 |   6400000 |  800000 |     0 |     0 |  32200 | 1099674 |          | 2015-07-16 01:41:13 | pg_default |
| 16407 | snaga | public | region   |      1 | 2738 |     13650 |       5 |     0 |     0 |      1 |    2772 |          | 2015-07-16 01:41:14 | pg_default |
| 16386 | snaga | public | supplier |    218 |   17 |    110000 |   10000 |     0 |     0 |    220 | 1410274 |          | 2015-07-16 01:41:12 | pg_default |
+-------+-------+--------+----------+--------+------+-----------+---------+-------+-------+--------+---------+----------+---------------------+------------+
+-------+-------+--------+----------+-----------------------+-------+---------+---------+---------+--------+---------+--------+------------+
|  OID  | OWNER | SCHEMA |  TABLE   |         INDEX         |  BLKS |   SCAN  |  T_READ |  T_FTCH | B_READ |  B_HIT  | STATUS | TABLESPACE |
+-------+-------+--------+----------+-----------------------+-------+---------+---------+---------+--------+---------+--------+------------+
| 16416 | snaga | public | customer | pk_customer           |   414 |     110 |     110 |     110 |      6 |     354 |        | pg_default |
| 16439 | snaga | public | customer | i_c_nationkey         |   414 |      40 |  241520 |       0 |    174 |     640 |        | pg_default |
| 16446 | snaga | public | lineitem | i_l_commitdate        | 16457 |       0 |       0 |       0 |      1 |      54 |        | pg_default |
| 16420 | snaga | public | lineitem | pk_lineitem           | 16457 |       0 |       0 |       0 |      1 |      54 |        | pg_default |
| 16426 | snaga | public | lineitem | i_l_shipdate          | 16457 |      13 | 3955009 |       5 |   2710 |    8192 |        | pg_default |
| 16427 | snaga | public | lineitem | i_l_suppkey_partkey   | 16457 |  184448 | 1383232 | 1383232 |   8901 |  548830 |        | pg_default |
| 16430 | snaga | public | lineitem | i_l_partkey           | 16457 |    5346 |  157622 |  157622 |   1429 |   15092 |        | pg_default |
| 16434 | snaga | public | lineitem | i_l_suppkey           | 16457 |    3472 | 2021816 | 2021816 |   2246 |   13865 |        | pg_default |
| 16436 | snaga | public | lineitem | i_l_receiptdate       | 16457 |       4 | 3634072 |       0 |   2486 |    7509 |        | pg_default |
| 16437 | snaga | public | lineitem | i_l_orderkey          | 16457 |  368420 |  889972 |  889972 |  16401 | 1091674 |        | pg_default |
| 16438 | snaga | public | lineitem | i_l_orderkey_quantity | 16457 |     110 |     110 |     110 |      6 |     379 |        | pg_default |
| 16422 | snaga | public | nation   | pk_nation             |     2 |   11062 |   11254 |   11254 |      2 |   11095 |        | pg_default |
| 16445 | snaga | public | nation   | i_n_regionkey         |     2 |       0 |       0 |       0 |      1 |      34 |        | pg_default |
| 16440 | snaga | public | orders   | i_o_orderdate         |  4116 |      17 | 1141309 |       5 |    788 |    2424 |        | pg_default |
| 16441 | snaga | public | orders   | i_o_custkey           |  4116 |   48606 |  481226 |  481226 |   3943 |  143420 |        | pg_default |
| 16418 | snaga | public | orders   | pk_orders             |  4116 | 1540894 | 1540894 | 1540894 |   4116 | 4627107 |        | pg_default |
| 16412 | snaga | public | part     | pk_part               |   551 |      94 |  800090 |  800090 |    551 |    1935 |        | pg_default |
| 16443 | snaga | public | partsupp | i_ps_partkey          |  2196 |    2776 |   10924 |   10924 |    456 |    7919 |        | pg_default |
| 16444 | snaga | public | partsupp | i_ps_suppkey          |  2196 |   11116 |  879800 |  879800 |   1704 |   34167 |        | pg_default |
| 16414 | snaga | public | partsupp | pk_partsupp           |  2196 |       0 |       0 |       0 |      1 |      14 |        | pg_default |
| 16424 | snaga | public | region   | pk_region             |     2 |      40 |      40 |      40 |      2 |      53 |        | pg_default |
| 16410 | snaga | public | supplier | pk_supplier           |    30 | 1404288 | 1444284 | 1444284 |     30 | 2816284 |        | pg_default |
| 16442 | snaga | public | supplier | i_s_nationkey         |    30 |       8 |    3176 |       0 |      4 |      50 |        | pg_default |
+-------+-------+--------+----------+-----------------------+-------+---------+---------+---------+--------+---------+--------+------------+
