                                                                  QUERY PLAN                                                                  
----------------------------------------------------------------------------------------------------------------------------------------------
 Nested Loop  (cost=116799.29..116823.93 rows=2 width=79)
   CTE revenue0
     ->  HashAggregate  (cost=116787.00..116790.69 rows=369 width=12)
           Group Key: lineitem.l_suppkey
           ->  Bitmap Heap Scan on lineitem  (cost=4686.58..114580.03 rows=220697 width=12)
                 Recheck Cond: ((l_shipdate >= '1993-12-01'::date) AND (l_shipdate < '1994-03-01 00:00:00'::timestamp without time zone))
                 ->  Bitmap Index Scan on i_l_shipdate  (cost=0.00..4631.40 rows=220697 width=0)
                       Index Cond: ((l_shipdate >= '1993-12-01'::date) AND (l_shipdate < '1994-03-01 00:00:00'::timestamp without time zone))
   InitPlan 2 (returns $1)
     ->  Aggregate  (cost=8.30..8.31 rows=1 width=8)
           ->  CTE Scan on revenue0 revenue0_1  (cost=0.00..7.38 rows=369 width=8)
   ->  CTE Scan on revenue0  (cost=0.00..8.30 rows=2 width=12)
         Filter: (total_revenue = $1)
   ->  Index Scan using pk_supplier on supplier  (cost=0.29..8.30 rows=1 width=71)
         Index Cond: (s_suppkey = revenue0.supplier_no)
(15 rows)

+-------+-------+--------+----------+--------+------+-----------+---------+-------+-------+--------+---------+----------+---------------------+------------+
|  OID  | OWNER | SCHEMA |  TABLE   |  BLKS  | SCAN |   T_READ  |  T_INS  | T_UPD | T_DEL | B_READ |  B_HIT  | VACUUMED |       ANALYZED      | TABLESPACE |
+-------+-------+--------+----------+--------+------+-----------+---------+-------+-------+--------+---------+----------+---------------------+------------+
| 16395 | snaga | public | customer |   3531 |   23 |   2850000 |  150000 |     0 |     0 |   5016 |  201005 |          | 2015-07-16 01:41:13 | pg_default |
| 16401 | snaga | public | lineitem | 106583 |   25 | 132026730 | 6001215 |     0 |     0 | 211146 | 7433930 |          | 2015-07-16 01:41:14 | pg_default |
| 16404 | snaga | public | nation   |      1 |   43 |       875 |      25 |     0 |     0 |      1 |   11099 |          | 2015-07-16 01:41:14 | pg_default |
| 16398 | snaga | public | orders   |  25326 |   19 |  24000000 | 1500000 |     0 |     0 |  48612 | 2817923 |          | 2015-07-16 01:41:13 | pg_default |
| 16389 | snaga | public | part     |   4064 |   17 |   2800000 |  200000 |     0 |     0 |   6082 |   91932 |          | 2015-07-16 01:41:13 | pg_default |
| 16392 | snaga | public | partsupp |  17087 |    9 |   6400000 |  800000 |     0 |     0 |  32200 | 1099674 |          | 2015-07-16 01:41:13 | pg_default |
| 16407 | snaga | public | region   |      1 | 2738 |     13650 |       5 |     0 |     0 |      1 |    2772 |          | 2015-07-16 01:41:14 | pg_default |
| 16386 | snaga | public | supplier |    218 |   17 |    110000 |   10000 |     0 |     0 |    220 | 1410274 |          | 2015-07-16 01:41:12 | pg_default |
+-------+-------+--------+----------+--------+------+-----------+---------+-------+-------+--------+---------+----------+---------------------+------------+
+-------+-------+--------+----------+-----------------------+-------+---------+---------+---------+--------+---------+--------+------------+
|  OID  | OWNER | SCHEMA |  TABLE   |         INDEX         |  BLKS |   SCAN  |  T_READ |  T_FTCH | B_READ |  B_HIT  | STATUS | TABLESPACE |
+-------+-------+--------+----------+-----------------------+-------+---------+---------+---------+--------+---------+--------+------------+
| 16416 | snaga | public | customer | pk_customer           |   414 |     110 |     110 |     110 |      6 |     354 |        | pg_default |
| 16439 | snaga | public | customer | i_c_nationkey         |   414 |      40 |  241520 |       0 |    174 |     640 |        | pg_default |
| 16446 | snaga | public | lineitem | i_l_commitdate        | 16457 |       0 |       0 |       0 |      1 |      54 |        | pg_default |
| 16420 | snaga | public | lineitem | pk_lineitem           | 16457 |       0 |       0 |       0 |      1 |      54 |        | pg_default |
| 16426 | snaga | public | lineitem | i_l_shipdate          | 16457 |      13 | 3955009 |       5 |   2710 |    8192 |        | pg_default |
| 16427 | snaga | public | lineitem | i_l_suppkey_partkey   | 16457 |  184448 | 1383232 | 1383232 |   8901 |  548830 |        | pg_default |
| 16430 | snaga | public | lineitem | i_l_partkey           | 16457 |    5346 |  157622 |  157622 |   1429 |   15092 |        | pg_default |
| 16434 | snaga | public | lineitem | i_l_suppkey           | 16457 |    3472 | 2021816 | 2021816 |   2246 |   13865 |        | pg_default |
| 16436 | snaga | public | lineitem | i_l_receiptdate       | 16457 |       4 | 3634072 |       0 |   2486 |    7509 |        | pg_default |
| 16437 | snaga | public | lineitem | i_l_orderkey          | 16457 |  368420 |  889972 |  889972 |  16401 | 1091674 |        | pg_default |
| 16438 | snaga | public | lineitem | i_l_orderkey_quantity | 16457 |     110 |     110 |     110 |      6 |     379 |        | pg_default |
| 16422 | snaga | public | nation   | pk_nation             |     2 |   11062 |   11254 |   11254 |      2 |   11095 |        | pg_default |
| 16445 | snaga | public | nation   | i_n_regionkey         |     2 |       0 |       0 |       0 |      1 |      34 |        | pg_default |
| 16440 | snaga | public | orders   | i_o_orderdate         |  4116 |      17 | 1141309 |       5 |    788 |    2424 |        | pg_default |
| 16441 | snaga | public | orders   | i_o_custkey           |  4116 |   48606 |  481226 |  481226 |   3943 |  143420 |        | pg_default |
| 16418 | snaga | public | orders   | pk_orders             |  4116 | 1540894 | 1540894 | 1540894 |   4116 | 4627107 |        | pg_default |
| 16412 | snaga | public | part     | pk_part               |   551 |      94 |  800090 |  800090 |    551 |    1935 |        | pg_default |
| 16443 | snaga | public | partsupp | i_ps_partkey          |  2196 |    2776 |   10924 |   10924 |    456 |    7919 |        | pg_default |
| 16444 | snaga | public | partsupp | i_ps_suppkey          |  2196 |   11116 |  879800 |  879800 |   1704 |   34167 |        | pg_default |
| 16414 | snaga | public | partsupp | pk_partsupp           |  2196 |       0 |       0 |       0 |      1 |      14 |        | pg_default |
| 16424 | snaga | public | region   | pk_region             |     2 |      40 |      40 |      40 |      2 |      53 |        | pg_default |
| 16410 | snaga | public | supplier | pk_supplier           |    30 | 1404288 | 1444284 | 1444284 |     30 | 2816284 |        | pg_default |
| 16442 | snaga | public | supplier | i_s_nationkey         |    30 |       8 |    3176 |       0 |      4 |      50 |        | pg_default |
+-------+-------+--------+----------+-----------------------+-------+---------+---------+---------+--------+---------+--------+------------+
Timing is on.
                                                                    QUERY PLAN                                                                    
--------------------------------------------------------------------------------------------------------------------------------------------------
 Nested Loop  (cost=116799.29..116823.93 rows=2 width=79) (actual time=250.651..251.198 rows=1 loops=1)
   CTE revenue0
     ->  HashAggregate  (cost=116787.00..116790.69 rows=369 width=12) (actual time=246.795..247.834 rows=10000 loops=1)
           Group Key: lineitem.l_suppkey
           ->  Bitmap Heap Scan on lineitem  (cost=4686.58..114580.03 rows=220697 width=12) (actual time=51.672..188.180 rows=223616 loops=1)
                 Recheck Cond: ((l_shipdate >= '1993-12-01'::date) AND (l_shipdate < '1994-03-01 00:00:00'::timestamp without time zone))
                 Heap Blocks: exact=64966
                 ->  Bitmap Index Scan on i_l_shipdate  (cost=0.00..4631.40 rows=220697 width=0) (actual time=41.399..41.399 rows=223616 loops=1)
                       Index Cond: ((l_shipdate >= '1993-12-01'::date) AND (l_shipdate < '1994-03-01 00:00:00'::timestamp without time zone))
   InitPlan 2 (returns $1)
     ->  Aggregate  (cost=8.30..8.31 rows=1 width=8) (actual time=3.663..3.663 rows=1 loops=1)
           ->  CTE Scan on revenue0 revenue0_1  (cost=0.00..7.38 rows=369 width=8) (actual time=0.001..2.917 rows=10000 loops=1)
   ->  CTE Scan on revenue0  (cost=0.00..8.30 rows=2 width=12) (actual time=250.627..251.173 rows=1 loops=1)
         Filter: (total_revenue = $1)
         Rows Removed by Filter: 9999
   ->  Index Scan using pk_supplier on supplier  (cost=0.29..8.30 rows=1 width=71) (actual time=0.018..0.019 rows=1 loops=1)
         Index Cond: (s_suppkey = revenue0.supplier_no)
 Planning time: 0.578 ms
 Execution time: 251.713 ms
(19 rows)

Time: 253.343 ms
+-------+-------+--------+----------+--------+------+-----------+---------+-------+-------+--------+---------+----------+---------------------+------------+
|  OID  | OWNER | SCHEMA |  TABLE   |  BLKS  | SCAN |   T_READ  |  T_INS  | T_UPD | T_DEL | B_READ |  B_HIT  | VACUUMED |       ANALYZED      | TABLESPACE |
+-------+-------+--------+----------+--------+------+-----------+---------+-------+-------+--------+---------+----------+---------------------+------------+
| 16395 | snaga | public | customer |   3531 |   23 |   2850000 |  150000 |     0 |     0 |   5016 |  201005 |          | 2015-07-16 01:41:13 | pg_default |
| 16401 | snaga | public | lineitem | 106583 |   25 | 132026730 | 6001215 |     0 |     0 | 211146 | 7433930 |          | 2015-07-16 01:41:14 | pg_default |
| 16404 | snaga | public | nation   |      1 |   43 |       875 |      25 |     0 |     0 |      1 |   11099 |          | 2015-07-16 01:41:14 | pg_default |
| 16398 | snaga | public | orders   |  25326 |   19 |  24000000 | 1500000 |     0 |     0 |  48612 | 2817923 |          | 2015-07-16 01:41:13 | pg_default |
| 16389 | snaga | public | part     |   4064 |   17 |   2800000 |  200000 |     0 |     0 |   6082 |   91932 |          | 2015-07-16 01:41:13 | pg_default |
| 16392 | snaga | public | partsupp |  17087 |    9 |   6400000 |  800000 |     0 |     0 |  32200 | 1099674 |          | 2015-07-16 01:41:13 | pg_default |
| 16407 | snaga | public | region   |      1 | 2738 |     13650 |       5 |     0 |     0 |      1 |    2772 |          | 2015-07-16 01:41:14 | pg_default |
| 16386 | snaga | public | supplier |    218 |   17 |    110000 |   10000 |     0 |     0 |    220 | 1410274 |          | 2015-07-16 01:41:12 | pg_default |
+-------+-------+--------+----------+--------+------+-----------+---------+-------+-------+--------+---------+----------+---------------------+------------+
+-------+-------+--------+----------+-----------------------+-------+---------+---------+---------+--------+---------+--------+------------+
|  OID  | OWNER | SCHEMA |  TABLE   |         INDEX         |  BLKS |   SCAN  |  T_READ |  T_FTCH | B_READ |  B_HIT  | STATUS | TABLESPACE |
+-------+-------+--------+----------+-----------------------+-------+---------+---------+---------+--------+---------+--------+------------+
| 16416 | snaga | public | customer | pk_customer           |   414 |     110 |     110 |     110 |      6 |     354 |        | pg_default |
| 16439 | snaga | public | customer | i_c_nationkey         |   414 |      40 |  241520 |       0 |    174 |     640 |        | pg_default |
| 16446 | snaga | public | lineitem | i_l_commitdate        | 16457 |       0 |       0 |       0 |      1 |      54 |        | pg_default |
| 16420 | snaga | public | lineitem | pk_lineitem           | 16457 |       0 |       0 |       0 |      1 |      54 |        | pg_default |
| 16426 | snaga | public | lineitem | i_l_shipdate          | 16457 |      13 | 3955009 |       5 |   2710 |    8192 |        | pg_default |
| 16427 | snaga | public | lineitem | i_l_suppkey_partkey   | 16457 |  184448 | 1383232 | 1383232 |   8901 |  548830 |        | pg_default |
| 16430 | snaga | public | lineitem | i_l_partkey           | 16457 |    5346 |  157622 |  157622 |   1429 |   15092 |        | pg_default |
| 16434 | snaga | public | lineitem | i_l_suppkey           | 16457 |    3472 | 2021816 | 2021816 |   2246 |   13865 |        | pg_default |
| 16436 | snaga | public | lineitem | i_l_receiptdate       | 16457 |       4 | 3634072 |       0 |   2486 |    7509 |        | pg_default |
| 16437 | snaga | public | lineitem | i_l_orderkey          | 16457 |  368420 |  889972 |  889972 |  16401 | 1091674 |        | pg_default |
| 16438 | snaga | public | lineitem | i_l_orderkey_quantity | 16457 |     110 |     110 |     110 |      6 |     379 |        | pg_default |
| 16422 | snaga | public | nation   | pk_nation             |     2 |   11062 |   11254 |   11254 |      2 |   11095 |        | pg_default |
| 16445 | snaga | public | nation   | i_n_regionkey         |     2 |       0 |       0 |       0 |      1 |      34 |        | pg_default |
| 16440 | snaga | public | orders   | i_o_orderdate         |  4116 |      17 | 1141309 |       5 |    788 |    2424 |        | pg_default |
| 16441 | snaga | public | orders   | i_o_custkey           |  4116 |   48606 |  481226 |  481226 |   3943 |  143420 |        | pg_default |
| 16418 | snaga | public | orders   | pk_orders             |  4116 | 1540894 | 1540894 | 1540894 |   4116 | 4627107 |        | pg_default |
| 16412 | snaga | public | part     | pk_part               |   551 |      94 |  800090 |  800090 |    551 |    1935 |        | pg_default |
| 16443 | snaga | public | partsupp | i_ps_partkey          |  2196 |    2776 |   10924 |   10924 |    456 |    7919 |        | pg_default |
| 16444 | snaga | public | partsupp | i_ps_suppkey          |  2196 |   11116 |  879800 |  879800 |   1704 |   34167 |        | pg_default |
| 16414 | snaga | public | partsupp | pk_partsupp           |  2196 |       0 |       0 |       0 |      1 |      14 |        | pg_default |
| 16424 | snaga | public | region   | pk_region             |     2 |      40 |      40 |      40 |      2 |      53 |        | pg_default |
| 16410 | snaga | public | supplier | pk_supplier           |    30 | 1404288 | 1444284 | 1444284 |     30 | 2816284 |        | pg_default |
| 16442 | snaga | public | supplier | i_s_nationkey         |    30 |       8 |    3176 |       0 |      4 |      50 |        | pg_default |
+-------+-------+--------+----------+-----------------------+-------+---------+---------+---------+--------+---------+--------+------------+
Timing is on.
                                                                    QUERY PLAN                                                                    
--------------------------------------------------------------------------------------------------------------------------------------------------
 Nested Loop  (cost=116799.29..116823.93 rows=2 width=79) (actual time=230.920..231.456 rows=1 loops=1)
   CTE revenue0
     ->  HashAggregate  (cost=116787.00..116790.69 rows=369 width=12) (actual time=227.065..228.134 rows=10000 loops=1)
           Group Key: lineitem.l_suppkey
           ->  Bitmap Heap Scan on lineitem  (cost=4686.58..114580.03 rows=220697 width=12) (actual time=32.092..168.628 rows=223616 loops=1)
                 Recheck Cond: ((l_shipdate >= '1993-12-01'::date) AND (l_shipdate < '1994-03-01 00:00:00'::timestamp without time zone))
                 Heap Blocks: exact=64966
                 ->  Bitmap Index Scan on i_l_shipdate  (cost=0.00..4631.40 rows=220697 width=0) (actual time=22.194..22.194 rows=223616 loops=1)
                       Index Cond: ((l_shipdate >= '1993-12-01'::date) AND (l_shipdate < '1994-03-01 00:00:00'::timestamp without time zone))
   InitPlan 2 (returns $1)
     ->  Aggregate  (cost=8.30..8.31 rows=1 width=8) (actual time=3.666..3.666 rows=1 loops=1)
           ->  CTE Scan on revenue0 revenue0_1  (cost=0.00..7.38 rows=369 width=8) (actual time=0.001..2.912 rows=10000 loops=1)
   ->  CTE Scan on revenue0  (cost=0.00..8.30 rows=2 width=12) (actual time=230.896..231.431 rows=1 loops=1)
         Filter: (total_revenue = $1)
         Rows Removed by Filter: 9999
   ->  Index Scan using pk_supplier on supplier  (cost=0.29..8.30 rows=1 width=71) (actual time=0.018..0.019 rows=1 loops=1)
         Index Cond: (s_suppkey = revenue0.supplier_no)
 Planning time: 0.578 ms
 Execution time: 231.911 ms
(19 rows)

Time: 233.539 ms
+-------+-------+--------+----------+--------+------+-----------+---------+-------+-------+--------+---------+----------+---------------------+------------+
|  OID  | OWNER | SCHEMA |  TABLE   |  BLKS  | SCAN |   T_READ  |  T_INS  | T_UPD | T_DEL | B_READ |  B_HIT  | VACUUMED |       ANALYZED      | TABLESPACE |
+-------+-------+--------+----------+--------+------+-----------+---------+-------+-------+--------+---------+----------+---------------------+------------+
| 16395 | snaga | public | customer |   3531 |   23 |   2850000 |  150000 |     0 |     0 |   5016 |  201005 |          | 2015-07-16 01:41:13 | pg_default |
| 16401 | snaga | public | lineitem | 106583 |   25 | 132026730 | 6001215 |     0 |     0 | 211146 | 7563862 |          | 2015-07-16 01:41:14 | pg_default |
| 16404 | snaga | public | nation   |      1 |   43 |       875 |      25 |     0 |     0 |      1 |   11099 |          | 2015-07-16 01:41:14 | pg_default |
| 16398 | snaga | public | orders   |  25326 |   19 |  24000000 | 1500000 |     0 |     0 |  48612 | 2817923 |          | 2015-07-16 01:41:13 | pg_default |
| 16389 | snaga | public | part     |   4064 |   17 |   2800000 |  200000 |     0 |     0 |   6082 |   91932 |          | 2015-07-16 01:41:13 | pg_default |
| 16392 | snaga | public | partsupp |  17087 |    9 |   6400000 |  800000 |     0 |     0 |  32200 | 1099674 |          | 2015-07-16 01:41:13 | pg_default |
| 16407 | snaga | public | region   |      1 | 2738 |     13650 |       5 |     0 |     0 |      1 |    2772 |          | 2015-07-16 01:41:14 | pg_default |
| 16386 | snaga | public | supplier |    218 |   17 |    110000 |   10000 |     0 |     0 |    220 | 1410276 |          | 2015-07-16 01:41:12 | pg_default |
+-------+-------+--------+----------+--------+------+-----------+---------+-------+-------+--------+---------+----------+---------------------+------------+
+-------+-------+--------+----------+-----------------------+-------+---------+---------+---------+--------+---------+--------+------------+
|  OID  | OWNER | SCHEMA |  TABLE   |         INDEX         |  BLKS |   SCAN  |  T_READ |  T_FTCH | B_READ |  B_HIT  | STATUS | TABLESPACE |
+-------+-------+--------+----------+-----------------------+-------+---------+---------+---------+--------+---------+--------+------------+
| 16416 | snaga | public | customer | pk_customer           |   414 |     110 |     110 |     110 |      6 |     354 |        | pg_default |
| 16439 | snaga | public | customer | i_c_nationkey         |   414 |      40 |  241520 |       0 |    174 |     640 |        | pg_default |
| 16446 | snaga | public | lineitem | i_l_commitdate        | 16457 |       0 |       0 |       0 |      1 |      57 |        | pg_default |
| 16420 | snaga | public | lineitem | pk_lineitem           | 16457 |       0 |       0 |       0 |      1 |      57 |        | pg_default |
| 16426 | snaga | public | lineitem | i_l_shipdate          | 16457 |      15 | 4402241 |       5 |   3323 |    8810 |        | pg_default |
| 16427 | snaga | public | lineitem | i_l_suppkey_partkey   | 16457 |  184448 | 1383232 | 1383232 |   8901 |  548833 |        | pg_default |
| 16430 | snaga | public | lineitem | i_l_partkey           | 16457 |    5346 |  157622 |  157622 |   1429 |   15095 |        | pg_default |
| 16434 | snaga | public | lineitem | i_l_suppkey           | 16457 |    3472 | 2021816 | 2021816 |   2246 |   13868 |        | pg_default |
| 16436 | snaga | public | lineitem | i_l_receiptdate       | 16457 |       4 | 3634072 |       0 |   2486 |    7512 |        | pg_default |
| 16437 | snaga | public | lineitem | i_l_orderkey          | 16457 |  368420 |  889972 |  889972 |  16401 | 1091677 |        | pg_default |
| 16438 | snaga | public | lineitem | i_l_orderkey_quantity | 16457 |     110 |     110 |     110 |      6 |     382 |        | pg_default |
| 16422 | snaga | public | nation   | pk_nation             |     2 |   11062 |   11254 |   11254 |      2 |   11095 |        | pg_default |
| 16445 | snaga | public | nation   | i_n_regionkey         |     2 |       0 |       0 |       0 |      1 |      34 |        | pg_default |
| 16440 | snaga | public | orders   | i_o_orderdate         |  4116 |      17 | 1141309 |       5 |    788 |    2424 |        | pg_default |
| 16441 | snaga | public | orders   | i_o_custkey           |  4116 |   48606 |  481226 |  481226 |   3943 |  143420 |        | pg_default |
| 16418 | snaga | public | orders   | pk_orders             |  4116 | 1540894 | 1540894 | 1540894 |   4116 | 4627107 |        | pg_default |
| 16412 | snaga | public | part     | pk_part               |   551 |      94 |  800090 |  800090 |    551 |    1935 |        | pg_default |
| 16443 | snaga | public | partsupp | i_ps_partkey          |  2196 |    2776 |   10924 |   10924 |    456 |    7919 |        | pg_default |
| 16444 | snaga | public | partsupp | i_ps_suppkey          |  2196 |   11116 |  879800 |  879800 |   1704 |   34167 |        | pg_default |
| 16414 | snaga | public | partsupp | pk_partsupp           |  2196 |       0 |       0 |       0 |      1 |      14 |        | pg_default |
| 16424 | snaga | public | region   | pk_region             |     2 |      40 |      40 |      40 |      2 |      53 |        | pg_default |
| 16410 | snaga | public | supplier | pk_supplier           |    30 | 1404290 | 1444286 | 1444286 |     30 | 2816291 |        | pg_default |
| 16442 | snaga | public | supplier | i_s_nationkey         |    30 |       8 |    3176 |       0 |      4 |      53 |        | pg_default |
+-------+-------+--------+----------+-----------------------+-------+---------+---------+---------+--------+---------+--------+------------+
Timing is on.
                                                                    QUERY PLAN                                                                    
--------------------------------------------------------------------------------------------------------------------------------------------------
 Nested Loop  (cost=116799.29..116823.93 rows=2 width=79) (actual time=231.123..231.659 rows=1 loops=1)
   CTE revenue0
     ->  HashAggregate  (cost=116787.00..116790.69 rows=369 width=12) (actual time=227.268..228.344 rows=10000 loops=1)
           Group Key: lineitem.l_suppkey
           ->  Bitmap Heap Scan on lineitem  (cost=4686.58..114580.03 rows=220697 width=12) (actual time=32.261..168.500 rows=223616 loops=1)
                 Recheck Cond: ((l_shipdate >= '1993-12-01'::date) AND (l_shipdate < '1994-03-01 00:00:00'::timestamp without time zone))
                 Heap Blocks: exact=64966
                 ->  Bitmap Index Scan on i_l_shipdate  (cost=0.00..4631.40 rows=220697 width=0) (actual time=22.265..22.265 rows=223616 loops=1)
                       Index Cond: ((l_shipdate >= '1993-12-01'::date) AND (l_shipdate < '1994-03-01 00:00:00'::timestamp without time zone))
   InitPlan 2 (returns $1)
     ->  Aggregate  (cost=8.30..8.31 rows=1 width=8) (actual time=3.669..3.669 rows=1 loops=1)
           ->  CTE Scan on revenue0 revenue0_1  (cost=0.00..7.38 rows=369 width=8) (actual time=0.001..2.930 rows=10000 loops=1)
   ->  CTE Scan on revenue0  (cost=0.00..8.30 rows=2 width=12) (actual time=231.099..231.634 rows=1 loops=1)
         Filter: (total_revenue = $1)
         Rows Removed by Filter: 9999
   ->  Index Scan using pk_supplier on supplier  (cost=0.29..8.30 rows=1 width=71) (actual time=0.019..0.020 rows=1 loops=1)
         Index Cond: (s_suppkey = revenue0.supplier_no)
 Planning time: 0.579 ms
 Execution time: 232.117 ms
(19 rows)

Time: 233.745 ms
+-------+-------+--------+----------+--------+------+-----------+---------+-------+-------+--------+---------+----------+---------------------+------------+
|  OID  | OWNER | SCHEMA |  TABLE   |  BLKS  | SCAN |   T_READ  |  T_INS  | T_UPD | T_DEL | B_READ |  B_HIT  | VACUUMED |       ANALYZED      | TABLESPACE |
+-------+-------+--------+----------+--------+------+-----------+---------+-------+-------+--------+---------+----------+---------------------+------------+
| 16395 | snaga | public | customer |   3531 |   23 |   2850000 |  150000 |     0 |     0 |   5016 |  201005 |          | 2015-07-16 01:41:13 | pg_default |
| 16401 | snaga | public | lineitem | 106583 |   25 | 132026730 | 6001215 |     0 |     0 | 211146 | 7563862 |          | 2015-07-16 01:41:14 | pg_default |
| 16404 | snaga | public | nation   |      1 |   43 |       875 |      25 |     0 |     0 |      1 |   11099 |          | 2015-07-16 01:41:14 | pg_default |
| 16398 | snaga | public | orders   |  25326 |   19 |  24000000 | 1500000 |     0 |     0 |  48612 | 2817923 |          | 2015-07-16 01:41:13 | pg_default |
| 16389 | snaga | public | part     |   4064 |   17 |   2800000 |  200000 |     0 |     0 |   6082 |   91932 |          | 2015-07-16 01:41:13 | pg_default |
| 16392 | snaga | public | partsupp |  17087 |    9 |   6400000 |  800000 |     0 |     0 |  32200 | 1099674 |          | 2015-07-16 01:41:13 | pg_default |
| 16407 | snaga | public | region   |      1 | 2738 |     13650 |       5 |     0 |     0 |      1 |    2772 |          | 2015-07-16 01:41:14 | pg_default |
| 16386 | snaga | public | supplier |    218 |   17 |    110000 |   10000 |     0 |     0 |    220 | 1410276 |          | 2015-07-16 01:41:12 | pg_default |
+-------+-------+--------+----------+--------+------+-----------+---------+-------+-------+--------+---------+----------+---------------------+------------+
+-------+-------+--------+----------+-----------------------+-------+---------+---------+---------+--------+---------+--------+------------+
|  OID  | OWNER | SCHEMA |  TABLE   |         INDEX         |  BLKS |   SCAN  |  T_READ |  T_FTCH | B_READ |  B_HIT  | STATUS | TABLESPACE |
+-------+-------+--------+----------+-----------------------+-------+---------+---------+---------+--------+---------+--------+------------+
| 16416 | snaga | public | customer | pk_customer           |   414 |     110 |     110 |     110 |      6 |     354 |        | pg_default |
| 16439 | snaga | public | customer | i_c_nationkey         |   414 |      40 |  241520 |       0 |    174 |     640 |        | pg_default |
| 16446 | snaga | public | lineitem | i_l_commitdate        | 16457 |       0 |       0 |       0 |      1 |      57 |        | pg_default |
| 16420 | snaga | public | lineitem | pk_lineitem           | 16457 |       0 |       0 |       0 |      1 |      57 |        | pg_default |
| 16426 | snaga | public | lineitem | i_l_shipdate          | 16457 |      15 | 4402241 |       5 |   3323 |    8810 |        | pg_default |
| 16427 | snaga | public | lineitem | i_l_suppkey_partkey   | 16457 |  184448 | 1383232 | 1383232 |   8901 |  548833 |        | pg_default |
| 16430 | snaga | public | lineitem | i_l_partkey           | 16457 |    5346 |  157622 |  157622 |   1429 |   15095 |        | pg_default |
| 16434 | snaga | public | lineitem | i_l_suppkey           | 16457 |    3472 | 2021816 | 2021816 |   2246 |   13868 |        | pg_default |
| 16436 | snaga | public | lineitem | i_l_receiptdate       | 16457 |       4 | 3634072 |       0 |   2486 |    7512 |        | pg_default |
| 16437 | snaga | public | lineitem | i_l_orderkey          | 16457 |  368420 |  889972 |  889972 |  16401 | 1091677 |        | pg_default |
| 16438 | snaga | public | lineitem | i_l_orderkey_quantity | 16457 |     110 |     110 |     110 |      6 |     382 |        | pg_default |
| 16422 | snaga | public | nation   | pk_nation             |     2 |   11062 |   11254 |   11254 |      2 |   11095 |        | pg_default |
| 16445 | snaga | public | nation   | i_n_regionkey         |     2 |       0 |       0 |       0 |      1 |      34 |        | pg_default |
| 16440 | snaga | public | orders   | i_o_orderdate         |  4116 |      17 | 1141309 |       5 |    788 |    2424 |        | pg_default |
| 16441 | snaga | public | orders   | i_o_custkey           |  4116 |   48606 |  481226 |  481226 |   3943 |  143420 |        | pg_default |
| 16418 | snaga | public | orders   | pk_orders             |  4116 | 1540894 | 1540894 | 1540894 |   4116 | 4627107 |        | pg_default |
| 16412 | snaga | public | part     | pk_part               |   551 |      94 |  800090 |  800090 |    551 |    1935 |        | pg_default |
| 16443 | snaga | public | partsupp | i_ps_partkey          |  2196 |    2776 |   10924 |   10924 |    456 |    7919 |        | pg_default |
| 16444 | snaga | public | partsupp | i_ps_suppkey          |  2196 |   11116 |  879800 |  879800 |   1704 |   34167 |        | pg_default |
| 16414 | snaga | public | partsupp | pk_partsupp           |  2196 |       0 |       0 |       0 |      1 |      14 |        | pg_default |
| 16424 | snaga | public | region   | pk_region             |     2 |      40 |      40 |      40 |      2 |      53 |        | pg_default |
| 16410 | snaga | public | supplier | pk_supplier           |    30 | 1404290 | 1444286 | 1444286 |     30 | 2816291 |        | pg_default |
| 16442 | snaga | public | supplier | i_s_nationkey         |    30 |       8 |    3176 |       0 |      4 |      53 |        | pg_default |
+-------+-------+--------+----------+-----------------------+-------+---------+---------+---------+--------+---------+--------+------------+
Timing is on.
                                                                    QUERY PLAN                                                                    
--------------------------------------------------------------------------------------------------------------------------------------------------
 Nested Loop  (cost=116799.29..116823.93 rows=2 width=79) (actual time=231.198..231.734 rows=1 loops=1)
   CTE revenue0
     ->  HashAggregate  (cost=116787.00..116790.69 rows=369 width=12) (actual time=227.292..228.428 rows=10000 loops=1)
           Group Key: lineitem.l_suppkey
           ->  Bitmap Heap Scan on lineitem  (cost=4686.58..114580.03 rows=220697 width=12) (actual time=32.172..168.540 rows=223616 loops=1)
                 Recheck Cond: ((l_shipdate >= '1993-12-01'::date) AND (l_shipdate < '1994-03-01 00:00:00'::timestamp without time zone))
                 Heap Blocks: exact=64966
                 ->  Bitmap Index Scan on i_l_shipdate  (cost=0.00..4631.40 rows=220697 width=0) (actual time=22.238..22.238 rows=223616 loops=1)
                       Index Cond: ((l_shipdate >= '1993-12-01'::date) AND (l_shipdate < '1994-03-01 00:00:00'::timestamp without time zone))
   InitPlan 2 (returns $1)
     ->  Aggregate  (cost=8.30..8.31 rows=1 width=8) (actual time=3.718..3.718 rows=1 loops=1)
           ->  CTE Scan on revenue0 revenue0_1  (cost=0.00..7.38 rows=369 width=8) (actual time=0.001..2.978 rows=10000 loops=1)
   ->  CTE Scan on revenue0  (cost=0.00..8.30 rows=2 width=12) (actual time=231.174..231.709 rows=1 loops=1)
         Filter: (total_revenue = $1)
         Rows Removed by Filter: 9999
   ->  Index Scan using pk_supplier on supplier  (cost=0.29..8.30 rows=1 width=71) (actual time=0.018..0.019 rows=1 loops=1)
         Index Cond: (s_suppkey = revenue0.supplier_no)
 Planning time: 0.582 ms
 Execution time: 232.186 ms
(19 rows)

Time: 233.820 ms
+-------+-------+--------+----------+--------+------+-----------+---------+-------+-------+--------+---------+----------+---------------------+------------+
|  OID  | OWNER | SCHEMA |  TABLE   |  BLKS  | SCAN |   T_READ  |  T_INS  | T_UPD | T_DEL | B_READ |  B_HIT  | VACUUMED |       ANALYZED      | TABLESPACE |
+-------+-------+--------+----------+--------+------+-----------+---------+-------+-------+--------+---------+----------+---------------------+------------+
| 16395 | snaga | public | customer |   3531 |   23 |   2850000 |  150000 |     0 |     0 |   5016 |  201005 |          | 2015-07-16 01:41:13 | pg_default |
| 16401 | snaga | public | lineitem | 106583 |   25 | 132026730 | 6001215 |     0 |     0 | 211146 | 7693794 |          | 2015-07-16 01:41:14 | pg_default |
| 16404 | snaga | public | nation   |      1 |   43 |       875 |      25 |     0 |     0 |      1 |   11099 |          | 2015-07-16 01:41:14 | pg_default |
| 16398 | snaga | public | orders   |  25326 |   19 |  24000000 | 1500000 |     0 |     0 |  48612 | 2817923 |          | 2015-07-16 01:41:13 | pg_default |
| 16389 | snaga | public | part     |   4064 |   17 |   2800000 |  200000 |     0 |     0 |   6082 |   91932 |          | 2015-07-16 01:41:13 | pg_default |
| 16392 | snaga | public | partsupp |  17087 |    9 |   6400000 |  800000 |     0 |     0 |  32200 | 1099674 |          | 2015-07-16 01:41:13 | pg_default |
| 16407 | snaga | public | region   |      1 | 2738 |     13650 |       5 |     0 |     0 |      1 |    2772 |          | 2015-07-16 01:41:14 | pg_default |
| 16386 | snaga | public | supplier |    218 |   17 |    110000 |   10000 |     0 |     0 |    220 | 1410278 |          | 2015-07-16 01:41:12 | pg_default |
+-------+-------+--------+----------+--------+------+-----------+---------+-------+-------+--------+---------+----------+---------------------+------------+
+-------+-------+--------+----------+-----------------------+-------+---------+---------+---------+--------+---------+--------+------------+
|  OID  | OWNER | SCHEMA |  TABLE   |         INDEX         |  BLKS |   SCAN  |  T_READ |  T_FTCH | B_READ |  B_HIT  | STATUS | TABLESPACE |
+-------+-------+--------+----------+-----------------------+-------+---------+---------+---------+--------+---------+--------+------------+
| 16416 | snaga | public | customer | pk_customer           |   414 |     110 |     110 |     110 |      6 |     354 |        | pg_default |
| 16439 | snaga | public | customer | i_c_nationkey         |   414 |      40 |  241520 |       0 |    174 |     640 |        | pg_default |
| 16446 | snaga | public | lineitem | i_l_commitdate        | 16457 |       0 |       0 |       0 |      1 |      59 |        | pg_default |
| 16420 | snaga | public | lineitem | pk_lineitem           | 16457 |       0 |       0 |       0 |      1 |      59 |        | pg_default |
| 16426 | snaga | public | lineitem | i_l_shipdate          | 16457 |      17 | 4849473 |       5 |   3323 |   10040 |        | pg_default |
| 16427 | snaga | public | lineitem | i_l_suppkey_partkey   | 16457 |  184448 | 1383232 | 1383232 |   8901 |  548835 |        | pg_default |
| 16430 | snaga | public | lineitem | i_l_partkey           | 16457 |    5346 |  157622 |  157622 |   1429 |   15097 |        | pg_default |
| 16434 | snaga | public | lineitem | i_l_suppkey           | 16457 |    3472 | 2021816 | 2021816 |   2246 |   13870 |        | pg_default |
| 16436 | snaga | public | lineitem | i_l_receiptdate       | 16457 |       4 | 3634072 |       0 |   2486 |    7514 |        | pg_default |
| 16437 | snaga | public | lineitem | i_l_orderkey          | 16457 |  368420 |  889972 |  889972 |  16401 | 1091679 |        | pg_default |
| 16438 | snaga | public | lineitem | i_l_orderkey_quantity | 16457 |     110 |     110 |     110 |      6 |     384 |        | pg_default |
| 16422 | snaga | public | nation   | pk_nation             |     2 |   11062 |   11254 |   11254 |      2 |   11095 |        | pg_default |
| 16445 | snaga | public | nation   | i_n_regionkey         |     2 |       0 |       0 |       0 |      1 |      34 |        | pg_default |
| 16440 | snaga | public | orders   | i_o_orderdate         |  4116 |      17 | 1141309 |       5 |    788 |    2424 |        | pg_default |
| 16441 | snaga | public | orders   | i_o_custkey           |  4116 |   48606 |  481226 |  481226 |   3943 |  143420 |        | pg_default |
| 16418 | snaga | public | orders   | pk_orders             |  4116 | 1540894 | 1540894 | 1540894 |   4116 | 4627107 |        | pg_default |
| 16412 | snaga | public | part     | pk_part               |   551 |      94 |  800090 |  800090 |    551 |    1935 |        | pg_default |
| 16443 | snaga | public | partsupp | i_ps_partkey          |  2196 |    2776 |   10924 |   10924 |    456 |    7919 |        | pg_default |
| 16444 | snaga | public | partsupp | i_ps_suppkey          |  2196 |   11116 |  879800 |  879800 |   1704 |   34167 |        | pg_default |
| 16414 | snaga | public | partsupp | pk_partsupp           |  2196 |       0 |       0 |       0 |      1 |      14 |        | pg_default |
| 16424 | snaga | public | region   | pk_region             |     2 |      40 |      40 |      40 |      2 |      53 |        | pg_default |
| 16410 | snaga | public | supplier | pk_supplier           |    30 | 1404292 | 1444288 | 1444288 |     30 | 2816297 |        | pg_default |
| 16442 | snaga | public | supplier | i_s_nationkey         |    30 |       8 |    3176 |       0 |      4 |      55 |        | pg_default |
+-------+-------+--------+----------+-----------------------+-------+---------+---------+---------+--------+---------+--------+------------+
