                                                             QUERY PLAN                                                              
-------------------------------------------------------------------------------------------------------------------------------------
 Limit  (cost=1496540.31..1496540.32 rows=1 width=190)
   ->  Sort  (cost=1496540.31..1496540.32 rows=1 width=190)
         Sort Key: supplier.s_acctbal DESC, nation.n_name, supplier.s_name, part.p_partkey
         ->  Merge Join  (cost=378728.93..1496540.30 rows=1 width=190)
               Merge Cond: (part.p_partkey = partsupp.ps_partkey)
               Join Filter: (partsupp.ps_supplycost = (SubPlan 1))
               ->  Index Scan using pk_part on part  (cost=0.43..102577.63 rows=7753 width=30)
                     Filter: (((p_type)::text ~~ '%BRASS'::text) AND (p_size = 3))
               ->  Sort  (cost=378715.27..382715.23 rows=1599983 width=168)
                     Sort Key: partsupp.ps_partkey
                     ->  Nested Loop  (cost=2.00..213840.02 rows=1599983 width=168)
                           ->  Nested Loop  (cost=1.56..5807.62 rows=20000 width=164)
                                 Join Filter: (nation.n_regionkey = region.r_regionkey)
                                 ->  Seq Scan on region  (cost=0.00..1.06 rows=1 width=4)
                                       Filter: (r_name = 'AFRICA'::bpchar)
                                 ->  Hash Join  (cost=1.56..4556.56 rows=100000 width=168)
                                       Hash Cond: (supplier.s_nationkey = nation.n_nationkey)
                                       ->  Seq Scan on supplier  (cost=0.00..3180.00 rows=100000 width=142)
                                       ->  Hash  (cost=1.25..1.25 rows=25 width=34)
                                             ->  Seq Scan on nation  (cost=0.00..1.25 rows=25 width=34)
                           ->  Index Scan using i_ps_suppkey on partsupp  (cost=0.43..9.58 rows=82 width=12)
                                 Index Cond: (ps_suppkey = supplier.s_suppkey)
               SubPlan 1
                 ->  Aggregate  (cost=162.38..162.39 rows=1 width=4)
                       ->  Nested Loop  (cost=1.80..162.37 rows=4 width=4)
                             Join Filter: (supplier_1.s_nationkey = nation_1.n_nationkey)
                             ->  Hash Join  (cost=1.07..2.47 rows=5 width=4)
                                   Hash Cond: (nation_1.n_regionkey = region_1.r_regionkey)
                                   ->  Seq Scan on nation nation_1  (cost=0.00..1.25 rows=25 width=8)
                                   ->  Hash  (cost=1.06..1.06 rows=1 width=4)
                                         ->  Seq Scan on region region_1  (cost=0.00..1.06 rows=1 width=4)
                                               Filter: (r_name = 'AFRICA'::bpchar)
                             ->  Materialize  (cost=0.72..158.60 rows=18 width=8)
                                   ->  Nested Loop  (cost=0.72..158.51 rows=18 width=8)
                                         ->  Index Scan using i_ps_partkey on partsupp partsupp_1  (cost=0.43..8.75 rows=18 width=8)
                                               Index Cond: (part.p_partkey = ps_partkey)
                                         ->  Index Scan using pk_supplier on supplier supplier_1  (cost=0.29..8.31 rows=1 width=8)
                                               Index Cond: (s_suppkey = partsupp_1.ps_suppkey)
(38 rows)

+-------+-------+--------+----------+---------+------+------------+----------+-------+-------+----------+----------+----------+---------------------+------------+
|  OID  | OWNER | SCHEMA |  TABLE   |   BLKS  | SCAN |   T_READ   |  T_INS   | T_UPD | T_DEL |  B_READ  |  B_HIT   | VACUUMED |       ANALYZED      | TABLESPACE |
+-------+-------+--------+----------+---------+------+------------+----------+-------+-------+----------+----------+----------+---------------------+------------+
| 16593 | snaga | public | customer |   35284 |    5 |    4500000 |  1500000 |     0 |     0 |   132525 |   210127 |          | 2015-07-16 05:49:04 | pg_default |
| 16599 | snaga | public | lineitem | 1065410 |   24 | 1080556636 | 59986052 |     0 |     0 | 12068988 | 10607846 |          | 2015-07-16 05:49:41 | pg_default |
| 16602 | snaga | public | nation   |       1 |    6 |        100 |       25 |     0 |     0 |        2 |       30 |          | 2015-07-16 05:49:41 | pg_default |
| 16596 | snaga | public | orders   |  253278 |    6 |   60000000 | 15000000 |     0 |     0 |  1137532 |   795862 |          | 2015-07-16 05:49:16 | pg_default |
| 16587 | snaga | public | part     |   40627 |    2 |    4000000 |  2000000 |     0 |     0 |   199219 |   155234 |          | 2015-07-16 05:48:56 | pg_default |
| 16590 | snaga | public | partsupp |  170916 |    4 |   32000000 |  8000000 |     0 |     0 |   782258 |   642774 |          | 2015-07-16 05:49:04 | pg_default |
| 16605 | snaga | public | region   |       1 |    8 |         11 |        5 |     0 |     0 |        2 |       17 |          | 2015-07-16 05:49:41 | pg_default |
| 16584 | snaga | public | supplier |    2180 |    7 |     300002 |   100000 |     0 |     0 |     4494 |    20069 |          | 2015-07-16 05:48:55 | pg_default |
+-------+-------+--------+----------+---------+------+------------+----------+-------+-------+----------+----------+----------+---------------------+------------+
+-------+-------+--------+----------+-----------------------+--------+------+--------+--------+--------+-------+--------+------------+
|  OID  | OWNER | SCHEMA |  TABLE   |         INDEX         |  BLKS  | SCAN | T_READ | T_FTCH | B_READ | B_HIT | STATUS | TABLESPACE |
+-------+-------+--------+----------+-----------------------+--------+------+--------+--------+--------+-------+--------+------------+
| 16619 | snaga | public | customer | pk_customer           |   4116 |    8 |      8 |      8 |      6 |    20 |        | pg_default |
| 16638 | snaga | public | customer | i_c_nationkey         |   4116 |    0 |      0 |      0 |      1 |     1 |        | pg_default |
| 16645 | snaga | public | lineitem | i_l_commitdate        | 164480 |    0 |      0 |      0 |      1 |    14 |        | pg_default |
| 16624 | snaga | public | lineitem | pk_lineitem           | 164480 |    0 |      0 |      0 |      1 |    14 |        | pg_default |
| 16631 | snaga | public | lineitem | i_l_shipdate          | 164480 |   12 |     12 |     12 |      5 |    58 |        | pg_default |
| 16632 | snaga | public | lineitem | i_l_suppkey_partkey   | 164480 |    0 |      0 |      0 |      1 |    14 |        | pg_default |
| 16633 | snaga | public | lineitem | i_l_partkey           | 164480 |    0 |      0 |      0 |      1 |    14 |        | pg_default |
| 16634 | snaga | public | lineitem | i_l_suppkey           | 164480 |    0 |      0 |      0 |      1 |    14 |        | pg_default |
| 16635 | snaga | public | lineitem | i_l_receiptdate       | 164480 |    0 |      0 |      0 |      1 |    14 |        | pg_default |
| 16636 | snaga | public | lineitem | i_l_orderkey          | 164480 |    0 |      0 |      0 |      1 |    14 |        | pg_default |
| 16637 | snaga | public | lineitem | i_l_orderkey_quantity | 164480 |    6 |      6 |      6 |      8 |    31 |        | pg_default |
| 16627 | snaga | public | nation   | pk_nation             |      2 |   24 |     24 |     24 |      2 |    25 |        | pg_default |
| 16644 | snaga | public | nation   | i_n_regionkey         |      2 |    0 |      0 |      0 |      1 |     2 |        | pg_default |
| 16639 | snaga | public | orders   | i_o_orderdate         |  41131 |    0 |      0 |      0 |      1 |     2 |        | pg_default |
| 16640 | snaga | public | orders   | i_o_custkey           |  41131 |    8 |      8 |      8 |      6 |    21 |        | pg_default |
| 16622 | snaga | public | orders   | pk_orders             |  41131 |    6 |      6 |      6 |      6 |    15 |        | pg_default |
| 16612 | snaga | public | part     | pk_part               |   5487 |   13 |    601 |    601 |      7 |    36 |        | pg_default |
| 16642 | snaga | public | partsupp | i_ps_partkey          |  21937 |   12 |     12 |     12 |      6 |    33 |        | pg_default |
| 16643 | snaga | public | partsupp | i_ps_suppkey          |  21937 |   25 |     53 |     53 |      6 |    72 |        | pg_default |
| 16616 | snaga | public | partsupp | pk_partsupp           |  21937 |    0 |      0 |      0 |      1 |     2 |        | pg_default |
| 16629 | snaga | public | region   | pk_region             |      2 |   12 |     12 |     12 |      2 |    13 |        | pg_default |
| 16610 | snaga | public | supplier | pk_supplier           |    276 |   24 |     24 |     24 |      4 |    47 |        | pg_default |
| 16641 | snaga | public | supplier | i_s_nationkey         |    276 |    0 |      0 |      0 |      1 |     2 |        | pg_default |
+-------+-------+--------+----------+-----------------------+--------+------+--------+--------+--------+-------+--------+------------+
SET
Timing is on.
                                                                                    QUERY PLAN                                                                                    
----------------------------------------------------------------------------------------------------------------------------------------------------------------------------------
 Limit  (cost=1496540.31..1496540.32 rows=1 width=190) (actual time=44310.016..44310.029 rows=100 loops=1)
   ->  Sort  (cost=1496540.31..1496540.32 rows=1 width=190) (actual time=44310.015..44310.021 rows=100 loops=1)
         Sort Key: supplier.s_acctbal DESC, nation.n_name, supplier.s_name, part.p_partkey
         Sort Method: top-N heapsort  Memory: 51kB
         ->  Merge Join  (cost=378728.93..1496540.30 rows=1 width=190) (actual time=36979.058..44306.725 rows=4737 loops=1)
               Merge Cond: (part.p_partkey = partsupp.ps_partkey)
               Join Filter: (partsupp.ps_supplycost = (SubPlan 1))
               Rows Removed by Join Filter: 1672
               ->  Index Scan using pk_part on part  (cost=0.43..102577.63 rows=7753 width=30) (actual time=0.175..2890.265 rows=7962 loops=1)
                     Filter: (((p_type)::text ~~ '%BRASS'::text) AND (p_size = 3))
                     Rows Removed by Filter: 1992038
               ->  Sort  (cost=378715.27..382715.23 rows=1599983 width=168) (actual time=36942.694..37135.292 rows=1586959 loops=1)
                     Sort Key: partsupp.ps_partkey
                     Sort Method: quicksort  Memory: 470689kB
                     ->  Nested Loop  (cost=2.00..213840.02 rows=1599983 width=168) (actual time=0.029..35787.636 rows=1586960 loops=1)
                           ->  Nested Loop  (cost=1.56..5807.62 rows=20000 width=164) (actual time=0.023..103.918 rows=19837 loops=1)
                                 Join Filter: (nation.n_regionkey = region.r_regionkey)
                                 Rows Removed by Join Filter: 80163
                                 ->  Seq Scan on region  (cost=0.00..1.06 rows=1 width=4) (actual time=0.003..0.005 rows=1 loops=1)
                                       Filter: (r_name = 'AFRICA'::bpchar)
                                       Rows Removed by Filter: 4
                                 ->  Hash Join  (cost=1.56..4556.56 rows=100000 width=168) (actual time=0.018..95.380 rows=100000 loops=1)
                                       Hash Cond: (supplier.s_nationkey = nation.n_nationkey)
                                       ->  Seq Scan on supplier  (cost=0.00..3180.00 rows=100000 width=142) (actual time=0.003..67.606 rows=100000 loops=1)
                                       ->  Hash  (cost=1.25..1.25 rows=25 width=34) (actual time=0.009..0.009 rows=25 loops=1)
                                             Buckets: 1024  Batches: 1  Memory Usage: 10kB
                                             ->  Seq Scan on nation  (cost=0.00..1.25 rows=25 width=34) (actual time=0.001..0.001 rows=25 loops=1)
                           ->  Index Scan using i_ps_suppkey on partsupp  (cost=0.43..9.58 rows=82 width=12) (actual time=0.435..1.789 rows=80 loops=19837)
                                 Index Cond: (ps_suppkey = supplier.s_suppkey)
               SubPlan 1
                 ->  Aggregate  (cost=162.38..162.39 rows=1 width=4) (actual time=0.616..0.616 rows=1 loops=6409)
                       ->  Nested Loop  (cost=1.80..162.37 rows=4 width=4) (actual time=0.608..0.614 rows=2 loops=6409)
                             Join Filter: (supplier_1.s_nationkey = nation_1.n_nationkey)
                             Rows Removed by Join Filter: 18
                             ->  Hash Join  (cost=1.07..2.47 rows=5 width=4) (actual time=0.001..0.005 rows=5 loops=6409)
                                   Hash Cond: (nation_1.n_regionkey = region_1.r_regionkey)
                                   ->  Seq Scan on nation nation_1  (cost=0.00..1.25 rows=25 width=8) (actual time=0.001..0.002 rows=25 loops=6409)
                                   ->  Hash  (cost=1.06..1.06 rows=1 width=4) (actual time=0.007..0.007 rows=1 loops=1)
                                         Buckets: 1024  Batches: 1  Memory Usage: 9kB
                                         ->  Seq Scan on region region_1  (cost=0.00..1.06 rows=1 width=4) (actual time=0.004..0.005 rows=1 loops=1)
                                               Filter: (r_name = 'AFRICA'::bpchar)
                                               Rows Removed by Filter: 4
                             ->  Materialize  (cost=0.72..158.60 rows=18 width=8) (actual time=0.119..0.121 rows=4 loops=32045)
                                   ->  Nested Loop  (cost=0.72..158.51 rows=18 width=8) (actual time=0.592..0.605 rows=4 loops=6409)
                                         ->  Index Scan using i_ps_partkey on partsupp partsupp_1  (cost=0.43..8.75 rows=18 width=8) (actual time=0.587..0.588 rows=4 loops=6409)
                                               Index Cond: (part.p_partkey = ps_partkey)
                                         ->  Index Scan using pk_supplier on supplier supplier_1  (cost=0.29..8.31 rows=1 width=8) (actual time=0.004..0.004 rows=1 loops=25636)
                                               Index Cond: (s_suppkey = partsupp_1.ps_suppkey)
 Planning time: 1.556 ms
 Execution time: 44319.123 ms
(50 rows)

Time: 44321.864 ms
+-------+-------+--------+----------+---------+------+------------+----------+-------+-------+----------+----------+----------+---------------------+------------+
|  OID  | OWNER | SCHEMA |  TABLE   |   BLKS  | SCAN |   T_READ   |  T_INS   | T_UPD | T_DEL |  B_READ  |  B_HIT   | VACUUMED |       ANALYZED      | TABLESPACE |
+-------+-------+--------+----------+---------+------+------------+----------+-------+-------+----------+----------+----------+---------------------+------------+
| 16593 | snaga | public | customer |   35284 |    5 |    4500000 |  1500000 |     0 |     0 |   132525 |   210127 |          | 2015-07-16 05:49:04 | pg_default |
| 16599 | snaga | public | lineitem | 1065410 |   24 | 1080556636 | 59986052 |     0 |     0 | 12068988 | 10607846 |          | 2015-07-16 05:49:41 | pg_default |
| 16602 | snaga | public | nation   |       1 | 6419 |     160350 |       25 |     0 |     0 |        2 |     6456 |          | 2015-07-16 05:49:41 | pg_default |
| 16596 | snaga | public | orders   |  253278 |    6 |   60000000 | 15000000 |     0 |     0 |  1137532 |   795862 |          | 2015-07-16 05:49:16 | pg_default |
| 16587 | snaga | public | part     |   40627 |    2 |    4000000 |  2000000 |     0 |     0 |   239833 |   155903 |          | 2015-07-16 05:48:56 | pg_default |
| 16590 | snaga | public | partsupp |  170916 |    4 |   32000000 |  8000000 |     0 |     0 |   953077 |  2065843 |          | 2015-07-16 05:49:04 | pg_default |
| 16605 | snaga | public | region   |       1 |   12 |         21 |        5 |     0 |     0 |        2 |       27 |          | 2015-07-16 05:49:41 | pg_default |
| 16584 | snaga | public | supplier |    2180 |   10 |     400002 |   100000 |     0 |     0 |     6562 |    45833 |          | 2015-07-16 05:48:55 | pg_default |
+-------+-------+--------+----------+---------+------+------------+----------+-------+-------+----------+----------+----------+---------------------+------------+
+-------+-------+--------+----------+-----------------------+--------+-------+---------+---------+--------+-------+--------+------------+
|  OID  | OWNER | SCHEMA |  TABLE   |         INDEX         |  BLKS  |  SCAN |  T_READ |  T_FTCH | B_READ | B_HIT | STATUS | TABLESPACE |
+-------+-------+--------+----------+-----------------------+--------+-------+---------+---------+--------+-------+--------+------------+
| 16619 | snaga | public | customer | pk_customer           |   4116 |     8 |       8 |       8 |      6 |    20 |        | pg_default |
| 16638 | snaga | public | customer | i_c_nationkey         |   4116 |     0 |       0 |       0 |      1 |     1 |        | pg_default |
| 16645 | snaga | public | lineitem | i_l_commitdate        | 164480 |     0 |       0 |       0 |      1 |    14 |        | pg_default |
| 16624 | snaga | public | lineitem | pk_lineitem           | 164480 |     0 |       0 |       0 |      1 |    14 |        | pg_default |
| 16631 | snaga | public | lineitem | i_l_shipdate          | 164480 |    12 |      12 |      12 |      5 |    58 |        | pg_default |
| 16632 | snaga | public | lineitem | i_l_suppkey_partkey   | 164480 |     0 |       0 |       0 |      1 |    14 |        | pg_default |
| 16633 | snaga | public | lineitem | i_l_partkey           | 164480 |     0 |       0 |       0 |      1 |    14 |        | pg_default |
| 16634 | snaga | public | lineitem | i_l_suppkey           | 164480 |     0 |       0 |       0 |      1 |    14 |        | pg_default |
| 16635 | snaga | public | lineitem | i_l_receiptdate       | 164480 |     0 |       0 |       0 |      1 |    14 |        | pg_default |
| 16636 | snaga | public | lineitem | i_l_orderkey          | 164480 |     0 |       0 |       0 |      1 |    14 |        | pg_default |
| 16637 | snaga | public | lineitem | i_l_orderkey_quantity | 164480 |     6 |       6 |       6 |      8 |    31 |        | pg_default |
| 16627 | snaga | public | nation   | pk_nation             |      2 |    40 |      40 |      40 |      2 |    43 |        | pg_default |
| 16644 | snaga | public | nation   | i_n_regionkey         |      2 |     0 |       0 |       0 |      1 |     4 |        | pg_default |
| 16639 | snaga | public | orders   | i_o_orderdate         |  41131 |     0 |       0 |       0 |      1 |     2 |        | pg_default |
| 16640 | snaga | public | orders   | i_o_custkey           |  41131 |     8 |       8 |       8 |      6 |    21 |        | pg_default |
| 16622 | snaga | public | orders   | pk_orders             |  41131 |     6 |       6 |       6 |      6 |    15 |        | pg_default |
| 16612 | snaga | public | part     | pk_part               |   5487 |    22 | 2000609 | 2000609 |   5469 |    67 |        | pg_default |
| 16642 | snaga | public | partsupp | i_ps_partkey          |  21937 |  6429 |   25656 |   25656 |   4397 | 14986 |        | pg_default |
| 16643 | snaga | public | partsupp | i_ps_suppkey          |  21937 | 19878 | 1587029 | 1587029 |  15595 | 48460 |        | pg_default |
| 16616 | snaga | public | partsupp | pk_partsupp           |  21937 |     0 |       0 |       0 |      1 |     4 |        | pg_default |
| 16629 | snaga | public | region   | pk_region             |      2 |    20 |      20 |      20 |      2 |    23 |        | pg_default |
| 16610 | snaga | public | supplier | pk_supplier           |    276 | 25676 |   25676 |   25676 |    276 | 51232 |        | pg_default |
| 16641 | snaga | public | supplier | i_s_nationkey         |    276 |     0 |       0 |       0 |      1 |     4 |        | pg_default |
+-------+-------+--------+----------+-----------------------+--------+-------+---------+---------+--------+-------+--------+------------+
SET
Timing is on.
                                                                                    QUERY PLAN                                                                                    
----------------------------------------------------------------------------------------------------------------------------------------------------------------------------------
 Limit  (cost=1496540.31..1496540.32 rows=1 width=190) (actual time=2889.275..2889.291 rows=100 loops=1)
   ->  Sort  (cost=1496540.31..1496540.32 rows=1 width=190) (actual time=2889.274..2889.285 rows=100 loops=1)
         Sort Key: supplier.s_acctbal DESC, nation.n_name, supplier.s_name, part.p_partkey
         Sort Method: top-N heapsort  Memory: 51kB
         ->  Merge Join  (cost=378728.93..1496540.30 rows=1 width=190) (actual time=1743.578..2887.482 rows=4737 loops=1)
               Merge Cond: (part.p_partkey = partsupp.ps_partkey)
               Join Filter: (partsupp.ps_supplycost = (SubPlan 1))
               Rows Removed by Join Filter: 1672
               ->  Index Scan using pk_part on part  (cost=0.43..102577.63 rows=7753 width=30) (actual time=0.172..505.993 rows=7962 loops=1)
                     Filter: (((p_type)::text ~~ '%BRASS'::text) AND (p_size = 3))
                     Rows Removed by Filter: 1992038
               ->  Sort  (cost=378715.27..382715.23 rows=1599983 width=168) (actual time=1743.153..1924.913 rows=1586959 loops=1)
                     Sort Key: partsupp.ps_partkey
                     Sort Method: quicksort  Memory: 470689kB
                     ->  Nested Loop  (cost=2.00..213840.02 rows=1599983 width=168) (actual time=0.027..1173.098 rows=1586960 loops=1)
                           ->  Nested Loop  (cost=1.56..5807.62 rows=20000 width=164) (actual time=0.022..44.327 rows=19837 loops=1)
                                 Join Filter: (nation.n_regionkey = region.r_regionkey)
                                 Rows Removed by Join Filter: 80163
                                 ->  Seq Scan on region  (cost=0.00..1.06 rows=1 width=4) (actual time=0.003..0.005 rows=1 loops=1)
                                       Filter: (r_name = 'AFRICA'::bpchar)
                                       Rows Removed by Filter: 4
                                 ->  Hash Join  (cost=1.56..4556.56 rows=100000 width=168) (actual time=0.017..36.526 rows=100000 loops=1)
                                       Hash Cond: (supplier.s_nationkey = nation.n_nationkey)
                                       ->  Seq Scan on supplier  (cost=0.00..3180.00 rows=100000 width=142) (actual time=0.003..11.798 rows=100000 loops=1)
                                       ->  Hash  (cost=1.25..1.25 rows=25 width=34) (actual time=0.009..0.009 rows=25 loops=1)
                                             Buckets: 1024  Batches: 1  Memory Usage: 10kB
                                             ->  Seq Scan on nation  (cost=0.00..1.25 rows=25 width=34) (actual time=0.001..0.004 rows=25 loops=1)
                           ->  Index Scan using i_ps_suppkey on partsupp  (cost=0.43..9.58 rows=82 width=12) (actual time=0.004..0.048 rows=80 loops=19837)
                                 Index Cond: (ps_suppkey = supplier.s_suppkey)
               SubPlan 1
                 ->  Aggregate  (cost=162.38..162.39 rows=1 width=4) (actual time=0.021..0.021 rows=1 loops=6409)
                       ->  Nested Loop  (cost=1.80..162.37 rows=4 width=4) (actual time=0.015..0.020 rows=2 loops=6409)
                             Join Filter: (supplier_1.s_nationkey = nation_1.n_nationkey)
                             Rows Removed by Join Filter: 18
                             ->  Hash Join  (cost=1.07..2.47 rows=5 width=4) (actual time=0.001..0.004 rows=5 loops=6409)
                                   Hash Cond: (nation_1.n_regionkey = region_1.r_regionkey)
                                   ->  Seq Scan on nation nation_1  (cost=0.00..1.25 rows=25 width=8) (actual time=0.001..0.002 rows=25 loops=6409)
                                   ->  Hash  (cost=1.06..1.06 rows=1 width=4) (actual time=0.006..0.006 rows=1 loops=1)
                                         Buckets: 1024  Batches: 1  Memory Usage: 9kB
                                         ->  Seq Scan on region region_1  (cost=0.00..1.06 rows=1 width=4) (actual time=0.003..0.004 rows=1 loops=1)
                                               Filter: (r_name = 'AFRICA'::bpchar)
                                               Rows Removed by Filter: 4
                             ->  Materialize  (cost=0.72..158.60 rows=18 width=8) (actual time=0.001..0.003 rows=4 loops=32045)
                                   ->  Nested Loop  (cost=0.72..158.51 rows=18 width=8) (actual time=0.005..0.012 rows=4 loops=6409)
                                         ->  Index Scan using i_ps_partkey on partsupp partsupp_1  (cost=0.43..8.75 rows=18 width=8) (actual time=0.003..0.004 rows=4 loops=6409)
                                               Index Cond: (part.p_partkey = ps_partkey)
                                         ->  Index Scan using pk_supplier on supplier supplier_1  (cost=0.29..8.31 rows=1 width=8) (actual time=0.002..0.002 rows=1 loops=25636)
                                               Index Cond: (s_suppkey = partsupp_1.ps_suppkey)
 Planning time: 1.527 ms
 Execution time: 2897.909 ms
(50 rows)

Time: 2900.590 ms
+-------+-------+--------+----------+---------+-------+------------+----------+-------+-------+----------+----------+----------+---------------------+------------+
|  OID  | OWNER | SCHEMA |  TABLE   |   BLKS  |  SCAN |   T_READ   |  T_INS   | T_UPD | T_DEL |  B_READ  |  B_HIT   | VACUUMED |       ANALYZED      | TABLESPACE |
+-------+-------+--------+----------+---------+-------+------------+----------+-------+-------+----------+----------+----------+---------------------+------------+
| 16593 | snaga | public | customer |   35284 |     5 |    4500000 |  1500000 |     0 |     0 |   132525 |   210127 |          | 2015-07-16 05:49:04 | pg_default |
| 16599 | snaga | public | lineitem | 1065410 |    24 | 1080556636 | 59986052 |     0 |     0 | 12068988 | 10607846 |          | 2015-07-16 05:49:41 | pg_default |
| 16602 | snaga | public | nation   |       1 | 12830 |     320600 |       25 |     0 |     0 |        2 |    12874 |          | 2015-07-16 05:49:41 | pg_default |
| 16596 | snaga | public | orders   |  253278 |     6 |   60000000 | 15000000 |     0 |     0 |  1137532 |   795862 |          | 2015-07-16 05:49:16 | pg_default |
| 16587 | snaga | public | part     |   40627 |     2 |    4000000 |  2000000 |     0 |     0 |   239833 |   197182 |          | 2015-07-16 05:48:56 | pg_default |
| 16590 | snaga | public | partsupp |  170916 |     4 |   32000000 |  8000000 |     0 |     0 |   953077 |  3659719 |          | 2015-07-16 05:49:04 | pg_default |
| 16605 | snaga | public | region   |       1 |    14 |         31 |        5 |     0 |     0 |        2 |       33 |          | 2015-07-16 05:49:41 | pg_default |
| 16584 | snaga | public | supplier |    2180 |    12 |     500002 |   100000 |     0 |     0 |     6562 |    73657 |          | 2015-07-16 05:48:55 | pg_default |
+-------+-------+--------+----------+---------+-------+------------+----------+-------+-------+----------+----------+----------+---------------------+------------+
+-------+-------+--------+----------+-----------------------+--------+-------+---------+---------+--------+--------+--------+------------+
|  OID  | OWNER | SCHEMA |  TABLE   |         INDEX         |  BLKS  |  SCAN |  T_READ |  T_FTCH | B_READ | B_HIT  | STATUS | TABLESPACE |
+-------+-------+--------+----------+-----------------------+--------+-------+---------+---------+--------+--------+--------+------------+
| 16619 | snaga | public | customer | pk_customer           |   4116 |     8 |       8 |       8 |      6 |     20 |        | pg_default |
| 16638 | snaga | public | customer | i_c_nationkey         |   4116 |     0 |       0 |       0 |      1 |      1 |        | pg_default |
| 16645 | snaga | public | lineitem | i_l_commitdate        | 164480 |     0 |       0 |       0 |      1 |     14 |        | pg_default |
| 16624 | snaga | public | lineitem | pk_lineitem           | 164480 |     0 |       0 |       0 |      1 |     14 |        | pg_default |
| 16631 | snaga | public | lineitem | i_l_shipdate          | 164480 |    12 |      12 |      12 |      5 |     58 |        | pg_default |
| 16632 | snaga | public | lineitem | i_l_suppkey_partkey   | 164480 |     0 |       0 |       0 |      1 |     14 |        | pg_default |
| 16633 | snaga | public | lineitem | i_l_partkey           | 164480 |     0 |       0 |       0 |      1 |     14 |        | pg_default |
| 16634 | snaga | public | lineitem | i_l_suppkey           | 164480 |     0 |       0 |       0 |      1 |     14 |        | pg_default |
| 16635 | snaga | public | lineitem | i_l_receiptdate       | 164480 |     0 |       0 |       0 |      1 |     14 |        | pg_default |
| 16636 | snaga | public | lineitem | i_l_orderkey          | 164480 |     0 |       0 |       0 |      1 |     14 |        | pg_default |
| 16637 | snaga | public | lineitem | i_l_orderkey_quantity | 164480 |     6 |       6 |       6 |      8 |     31 |        | pg_default |
| 16627 | snaga | public | nation   | pk_nation             |      2 |    48 |      48 |      48 |      2 |     52 |        | pg_default |
| 16644 | snaga | public | nation   | i_n_regionkey         |      2 |     0 |       0 |       0 |      1 |      5 |        | pg_default |
| 16639 | snaga | public | orders   | i_o_orderdate         |  41131 |     0 |       0 |       0 |      1 |      2 |        | pg_default |
| 16640 | snaga | public | orders   | i_o_custkey           |  41131 |     8 |       8 |       8 |      6 |     21 |        | pg_default |
| 16622 | snaga | public | orders   | pk_orders             |  41131 |     6 |       6 |       6 |      6 |     15 |        | pg_default |
| 16612 | snaga | public | part     | pk_part               |   5487 |    27 | 4000613 | 4000613 |   5469 |   5547 |        | pg_default |
| 16642 | snaga | public | partsupp | i_ps_partkey          |  21937 | 12842 |   51296 |   51296 |   4397 |  34317 |        | pg_default |
| 16643 | snaga | public | partsupp | i_ps_suppkey          |  21937 | 39723 | 3173997 | 3173997 |  15595 | 112412 |        | pg_default |
| 16616 | snaga | public | partsupp | pk_partsupp           |  21937 |     0 |       0 |       0 |      1 |      5 |        | pg_default |
| 16629 | snaga | public | region   | pk_region             |      2 |    24 |      24 |      24 |      2 |     28 |        | pg_default |
| 16610 | snaga | public | supplier | pk_supplier           |    276 | 51320 |   51320 |   51320 |    276 | 102672 |        | pg_default |
| 16641 | snaga | public | supplier | i_s_nationkey         |    276 |     0 |       0 |       0 |      1 |      5 |        | pg_default |
+-------+-------+--------+----------+-----------------------+--------+-------+---------+---------+--------+--------+--------+------------+
SET
Timing is on.
                                                                                    QUERY PLAN                                                                                    
----------------------------------------------------------------------------------------------------------------------------------------------------------------------------------
 Limit  (cost=1496540.31..1496540.32 rows=1 width=190) (actual time=2880.530..2880.548 rows=100 loops=1)
   ->  Sort  (cost=1496540.31..1496540.32 rows=1 width=190) (actual time=2880.528..2880.539 rows=100 loops=1)
         Sort Key: supplier.s_acctbal DESC, nation.n_name, supplier.s_name, part.p_partkey
         Sort Method: top-N heapsort  Memory: 51kB
         ->  Merge Join  (cost=378728.93..1496540.30 rows=1 width=190) (actual time=1731.770..2878.782 rows=4737 loops=1)
               Merge Cond: (part.p_partkey = partsupp.ps_partkey)
               Join Filter: (partsupp.ps_supplycost = (SubPlan 1))
               Rows Removed by Join Filter: 1672
               ->  Index Scan using pk_part on part  (cost=0.43..102577.63 rows=7753 width=30) (actual time=0.173..507.269 rows=7962 loops=1)
                     Filter: (((p_type)::text ~~ '%BRASS'::text) AND (p_size = 3))
                     Rows Removed by Filter: 1992038
               ->  Sort  (cost=378715.27..382715.23 rows=1599983 width=168) (actual time=1731.347..1914.502 rows=1586959 loops=1)
                     Sort Key: partsupp.ps_partkey
                     Sort Method: quicksort  Memory: 470689kB
                     ->  Nested Loop  (cost=2.00..213840.02 rows=1599983 width=168) (actual time=0.028..1172.667 rows=1586960 loops=1)
                           ->  Nested Loop  (cost=1.56..5807.62 rows=20000 width=164) (actual time=0.023..44.248 rows=19837 loops=1)
                                 Join Filter: (nation.n_regionkey = region.r_regionkey)
                                 Rows Removed by Join Filter: 80163
                                 ->  Seq Scan on region  (cost=0.00..1.06 rows=1 width=4) (actual time=0.003..0.005 rows=1 loops=1)
                                       Filter: (r_name = 'AFRICA'::bpchar)
                                       Rows Removed by Filter: 4
                                 ->  Hash Join  (cost=1.56..4556.56 rows=100000 width=168) (actual time=0.017..36.370 rows=100000 loops=1)
                                       Hash Cond: (supplier.s_nationkey = nation.n_nationkey)
                                       ->  Seq Scan on supplier  (cost=0.00..3180.00 rows=100000 width=142) (actual time=0.003..11.965 rows=100000 loops=1)
                                       ->  Hash  (cost=1.25..1.25 rows=25 width=34) (actual time=0.009..0.009 rows=25 loops=1)
                                             Buckets: 1024  Batches: 1  Memory Usage: 10kB
                                             ->  Seq Scan on nation  (cost=0.00..1.25 rows=25 width=34) (actual time=0.002..0.002 rows=25 loops=1)
                           ->  Index Scan using i_ps_suppkey on partsupp  (cost=0.43..9.58 rows=82 width=12) (actual time=0.004..0.048 rows=80 loops=19837)
                                 Index Cond: (ps_suppkey = supplier.s_suppkey)
               SubPlan 1
                 ->  Aggregate  (cost=162.38..162.39 rows=1 width=4) (actual time=0.021..0.021 rows=1 loops=6409)
                       ->  Nested Loop  (cost=1.80..162.37 rows=4 width=4) (actual time=0.015..0.020 rows=2 loops=6409)
                             Join Filter: (supplier_1.s_nationkey = nation_1.n_nationkey)
                             Rows Removed by Join Filter: 18
                             ->  Hash Join  (cost=1.07..2.47 rows=5 width=4) (actual time=0.001..0.004 rows=5 loops=6409)
                                   Hash Cond: (nation_1.n_regionkey = region_1.r_regionkey)
                                   ->  Seq Scan on nation nation_1  (cost=0.00..1.25 rows=25 width=8) (actual time=0.001..0.002 rows=25 loops=6409)
                                   ->  Hash  (cost=1.06..1.06 rows=1 width=4) (actual time=0.008..0.008 rows=1 loops=1)
                                         Buckets: 1024  Batches: 1  Memory Usage: 9kB
                                         ->  Seq Scan on region region_1  (cost=0.00..1.06 rows=1 width=4) (actual time=0.004..0.006 rows=1 loops=1)
                                               Filter: (r_name = 'AFRICA'::bpchar)
                                               Rows Removed by Filter: 4
                             ->  Materialize  (cost=0.72..158.60 rows=18 width=8) (actual time=0.001..0.003 rows=4 loops=32045)
                                   ->  Nested Loop  (cost=0.72..158.51 rows=18 width=8) (actual time=0.005..0.012 rows=4 loops=6409)
                                         ->  Index Scan using i_ps_partkey on partsupp partsupp_1  (cost=0.43..8.75 rows=18 width=8) (actual time=0.003..0.004 rows=4 loops=6409)
                                               Index Cond: (part.p_partkey = ps_partkey)
                                         ->  Index Scan using pk_supplier on supplier supplier_1  (cost=0.29..8.31 rows=1 width=8) (actual time=0.002..0.002 rows=1 loops=25636)
                                               Index Cond: (s_suppkey = partsupp_1.ps_suppkey)
 Planning time: 1.527 ms
 Execution time: 2889.167 ms
(50 rows)

Time: 2891.877 ms
+-------+-------+--------+----------+---------+-------+------------+----------+-------+-------+----------+----------+----------+---------------------+------------+
|  OID  | OWNER | SCHEMA |  TABLE   |   BLKS  |  SCAN |   T_READ   |  T_INS   | T_UPD | T_DEL |  B_READ  |  B_HIT   | VACUUMED |       ANALYZED      | TABLESPACE |
+-------+-------+--------+----------+---------+-------+------------+----------+-------+-------+----------+----------+----------+---------------------+------------+
| 16593 | snaga | public | customer |   35284 |     5 |    4500000 |  1500000 |     0 |     0 |   132525 |   210127 |          | 2015-07-16 05:49:04 | pg_default |
| 16599 | snaga | public | lineitem | 1065410 |    24 | 1080556636 | 59986052 |     0 |     0 | 12068988 | 10607846 |          | 2015-07-16 05:49:41 | pg_default |
| 16602 | snaga | public | nation   |       1 | 19241 |     480850 |       25 |     0 |     0 |        2 |    19292 |          | 2015-07-16 05:49:41 | pg_default |
| 16596 | snaga | public | orders   |  253278 |     6 |   60000000 | 15000000 |     0 |     0 |  1137532 |   795862 |          | 2015-07-16 05:49:16 | pg_default |
| 16587 | snaga | public | part     |   40627 |     2 |    4000000 |  2000000 |     0 |     0 |   239833 |   238461 |          | 2015-07-16 05:48:56 | pg_default |
| 16590 | snaga | public | partsupp |  170916 |     4 |   32000000 |  8000000 |     0 |     0 |   953077 |  5253595 |          | 2015-07-16 05:49:04 | pg_default |
| 16605 | snaga | public | region   |       1 |    16 |         41 |        5 |     0 |     0 |        2 |       39 |          | 2015-07-16 05:49:41 | pg_default |
| 16584 | snaga | public | supplier |    2180 |    14 |     600002 |   100000 |     0 |     0 |     6562 |   101481 |          | 2015-07-16 05:48:55 | pg_default |
+-------+-------+--------+----------+---------+-------+------------+----------+-------+-------+----------+----------+----------+---------------------+------------+
+-------+-------+--------+----------+-----------------------+--------+-------+---------+---------+--------+--------+--------+------------+
|  OID  | OWNER | SCHEMA |  TABLE   |         INDEX         |  BLKS  |  SCAN |  T_READ |  T_FTCH | B_READ | B_HIT  | STATUS | TABLESPACE |
+-------+-------+--------+----------+-----------------------+--------+-------+---------+---------+--------+--------+--------+------------+
| 16619 | snaga | public | customer | pk_customer           |   4116 |     8 |       8 |       8 |      6 |     20 |        | pg_default |
| 16638 | snaga | public | customer | i_c_nationkey         |   4116 |     0 |       0 |       0 |      1 |      1 |        | pg_default |
| 16645 | snaga | public | lineitem | i_l_commitdate        | 164480 |     0 |       0 |       0 |      1 |     14 |        | pg_default |
| 16624 | snaga | public | lineitem | pk_lineitem           | 164480 |     0 |       0 |       0 |      1 |     14 |        | pg_default |
| 16631 | snaga | public | lineitem | i_l_shipdate          | 164480 |    12 |      12 |      12 |      5 |     58 |        | pg_default |
| 16632 | snaga | public | lineitem | i_l_suppkey_partkey   | 164480 |     0 |       0 |       0 |      1 |     14 |        | pg_default |
| 16633 | snaga | public | lineitem | i_l_partkey           | 164480 |     0 |       0 |       0 |      1 |     14 |        | pg_default |
| 16634 | snaga | public | lineitem | i_l_suppkey           | 164480 |     0 |       0 |       0 |      1 |     14 |        | pg_default |
| 16635 | snaga | public | lineitem | i_l_receiptdate       | 164480 |     0 |       0 |       0 |      1 |     14 |        | pg_default |
| 16636 | snaga | public | lineitem | i_l_orderkey          | 164480 |     0 |       0 |       0 |      1 |     14 |        | pg_default |
| 16637 | snaga | public | lineitem | i_l_orderkey_quantity | 164480 |     6 |       6 |       6 |      8 |     31 |        | pg_default |
| 16627 | snaga | public | nation   | pk_nation             |      2 |    56 |      56 |      56 |      2 |     61 |        | pg_default |
| 16644 | snaga | public | nation   | i_n_regionkey         |      2 |     0 |       0 |       0 |      1 |      6 |        | pg_default |
| 16639 | snaga | public | orders   | i_o_orderdate         |  41131 |     0 |       0 |       0 |      1 |      2 |        | pg_default |
| 16640 | snaga | public | orders   | i_o_custkey           |  41131 |     8 |       8 |       8 |      6 |     21 |        | pg_default |
| 16622 | snaga | public | orders   | pk_orders             |  41131 |     6 |       6 |       6 |      6 |     15 |        | pg_default |
| 16612 | snaga | public | part     | pk_part               |   5487 |    32 | 6000617 | 6000617 |   5469 |  11027 |        | pg_default |
| 16642 | snaga | public | partsupp | i_ps_partkey          |  21937 | 19255 |   76936 |   76936 |   4397 |  53648 |        | pg_default |
| 16643 | snaga | public | partsupp | i_ps_suppkey          |  21937 | 59568 | 4760965 | 4760965 |  15595 | 176364 |        | pg_default |
| 16616 | snaga | public | partsupp | pk_partsupp           |  21937 |     0 |       0 |       0 |      1 |      6 |        | pg_default |
| 16629 | snaga | public | region   | pk_region             |      2 |    28 |      28 |      28 |      2 |     33 |        | pg_default |
| 16610 | snaga | public | supplier | pk_supplier           |    276 | 76964 |   76964 |   76964 |    276 | 154112 |        | pg_default |
| 16641 | snaga | public | supplier | i_s_nationkey         |    276 |     0 |       0 |       0 |      1 |      6 |        | pg_default |
+-------+-------+--------+----------+-----------------------+--------+-------+---------+---------+--------+--------+--------+------------+
SET
Timing is on.
                                                                                    QUERY PLAN                                                                                    
----------------------------------------------------------------------------------------------------------------------------------------------------------------------------------
 Limit  (cost=1496540.31..1496540.32 rows=1 width=190) (actual time=2881.974..2881.992 rows=100 loops=1)
   ->  Sort  (cost=1496540.31..1496540.32 rows=1 width=190) (actual time=2881.973..2881.985 rows=100 loops=1)
         Sort Key: supplier.s_acctbal DESC, nation.n_name, supplier.s_name, part.p_partkey
         Sort Method: top-N heapsort  Memory: 51kB
         ->  Merge Join  (cost=378728.93..1496540.30 rows=1 width=190) (actual time=1733.912..2880.108 rows=4737 loops=1)
               Merge Cond: (part.p_partkey = partsupp.ps_partkey)
               Join Filter: (partsupp.ps_supplycost = (SubPlan 1))
               Rows Removed by Join Filter: 1672
               ->  Index Scan using pk_part on part  (cost=0.43..102577.63 rows=7753 width=30) (actual time=0.172..508.779 rows=7962 loops=1)
                     Filter: (((p_type)::text ~~ '%BRASS'::text) AND (p_size = 3))
                     Rows Removed by Filter: 1992038
               ->  Sort  (cost=378715.27..382715.23 rows=1599983 width=168) (actual time=1733.488..1914.818 rows=1586959 loops=1)
                     Sort Key: partsupp.ps_partkey
                     Sort Method: quicksort  Memory: 470689kB
                     ->  Nested Loop  (cost=2.00..213840.02 rows=1599983 width=168) (actual time=0.031..1173.699 rows=1586960 loops=1)
                           ->  Nested Loop  (cost=1.56..5807.62 rows=20000 width=164) (actual time=0.025..44.467 rows=19837 loops=1)
                                 Join Filter: (nation.n_regionkey = region.r_regionkey)
                                 Rows Removed by Join Filter: 80163
                                 ->  Seq Scan on region  (cost=0.00..1.06 rows=1 width=4) (actual time=0.003..0.005 rows=1 loops=1)
                                       Filter: (r_name = 'AFRICA'::bpchar)
                                       Rows Removed by Filter: 4
                                 ->  Hash Join  (cost=1.56..4556.56 rows=100000 width=168) (actual time=0.020..36.581 rows=100000 loops=1)
                                       Hash Cond: (supplier.s_nationkey = nation.n_nationkey)
                                       ->  Seq Scan on supplier  (cost=0.00..3180.00 rows=100000 width=142) (actual time=0.003..11.871 rows=100000 loops=1)
                                       ->  Hash  (cost=1.25..1.25 rows=25 width=34) (actual time=0.011..0.011 rows=25 loops=1)
                                             Buckets: 1024  Batches: 1  Memory Usage: 10kB
                                             ->  Seq Scan on nation  (cost=0.00..1.25 rows=25 width=34) (actual time=0.002..0.005 rows=25 loops=1)
                           ->  Index Scan using i_ps_suppkey on partsupp  (cost=0.43..9.58 rows=82 width=12) (actual time=0.004..0.048 rows=80 loops=19837)
                                 Index Cond: (ps_suppkey = supplier.s_suppkey)
               SubPlan 1
                 ->  Aggregate  (cost=162.38..162.39 rows=1 width=4) (actual time=0.021..0.021 rows=1 loops=6409)
                       ->  Nested Loop  (cost=1.80..162.37 rows=4 width=4) (actual time=0.015..0.020 rows=2 loops=6409)
                             Join Filter: (supplier_1.s_nationkey = nation_1.n_nationkey)
                             Rows Removed by Join Filter: 18
                             ->  Hash Join  (cost=1.07..2.47 rows=5 width=4) (actual time=0.001..0.004 rows=5 loops=6409)
                                   Hash Cond: (nation_1.n_regionkey = region_1.r_regionkey)
                                   ->  Seq Scan on nation nation_1  (cost=0.00..1.25 rows=25 width=8) (actual time=0.001..0.002 rows=25 loops=6409)
                                   ->  Hash  (cost=1.06..1.06 rows=1 width=4) (actual time=0.007..0.007 rows=1 loops=1)
                                         Buckets: 1024  Batches: 1  Memory Usage: 9kB
                                         ->  Seq Scan on region region_1  (cost=0.00..1.06 rows=1 width=4) (actual time=0.004..0.005 rows=1 loops=1)
                                               Filter: (r_name = 'AFRICA'::bpchar)
                                               Rows Removed by Filter: 4
                             ->  Materialize  (cost=0.72..158.60 rows=18 width=8) (actual time=0.001..0.003 rows=4 loops=32045)
                                   ->  Nested Loop  (cost=0.72..158.51 rows=18 width=8) (actual time=0.005..0.012 rows=4 loops=6409)
                                         ->  Index Scan using i_ps_partkey on partsupp partsupp_1  (cost=0.43..8.75 rows=18 width=8) (actual time=0.003..0.004 rows=4 loops=6409)
                                               Index Cond: (part.p_partkey = ps_partkey)
                                         ->  Index Scan using pk_supplier on supplier supplier_1  (cost=0.29..8.31 rows=1 width=8) (actual time=0.002..0.002 rows=1 loops=25636)
                                               Index Cond: (s_suppkey = partsupp_1.ps_suppkey)
 Planning time: 1.516 ms
 Execution time: 2890.582 ms
(50 rows)

Time: 2893.293 ms
+-------+-------+--------+----------+---------+-------+------------+----------+-------+-------+----------+----------+----------+---------------------+------------+
|  OID  | OWNER | SCHEMA |  TABLE   |   BLKS  |  SCAN |   T_READ   |  T_INS   | T_UPD | T_DEL |  B_READ  |  B_HIT   | VACUUMED |       ANALYZED      | TABLESPACE |
+-------+-------+--------+----------+---------+-------+------------+----------+-------+-------+----------+----------+----------+---------------------+------------+
| 16593 | snaga | public | customer |   35284 |     5 |    4500000 |  1500000 |     0 |     0 |   132525 |   210127 |          | 2015-07-16 05:49:04 | pg_default |
| 16599 | snaga | public | lineitem | 1065410 |    24 | 1080556636 | 59986052 |     0 |     0 | 12068988 | 10607846 |          | 2015-07-16 05:49:41 | pg_default |
| 16602 | snaga | public | nation   |       1 | 25652 |     641100 |       25 |     0 |     0 |        2 |    25710 |          | 2015-07-16 05:49:41 | pg_default |
| 16596 | snaga | public | orders   |  253278 |     6 |   60000000 | 15000000 |     0 |     0 |  1137532 |   795862 |          | 2015-07-16 05:49:16 | pg_default |
| 16587 | snaga | public | part     |   40627 |     2 |    4000000 |  2000000 |     0 |     0 |   239833 |   279740 |          | 2015-07-16 05:48:56 | pg_default |
| 16590 | snaga | public | partsupp |  170916 |     4 |   32000000 |  8000000 |     0 |     0 |   953077 |  6847471 |          | 2015-07-16 05:49:04 | pg_default |
| 16605 | snaga | public | region   |       1 |    18 |         51 |        5 |     0 |     0 |        2 |       45 |          | 2015-07-16 05:49:41 | pg_default |
| 16584 | snaga | public | supplier |    2180 |    16 |     700002 |   100000 |     0 |     0 |     6562 |   129305 |          | 2015-07-16 05:48:55 | pg_default |
+-------+-------+--------+----------+---------+-------+------------+----------+-------+-------+----------+----------+----------+---------------------+------------+
+-------+-------+--------+----------+-----------------------+--------+--------+---------+---------+--------+--------+--------+------------+
|  OID  | OWNER | SCHEMA |  TABLE   |         INDEX         |  BLKS  |  SCAN  |  T_READ |  T_FTCH | B_READ | B_HIT  | STATUS | TABLESPACE |
+-------+-------+--------+----------+-----------------------+--------+--------+---------+---------+--------+--------+--------+------------+
| 16619 | snaga | public | customer | pk_customer           |   4116 |      8 |       8 |       8 |      6 |     20 |        | pg_default |
| 16638 | snaga | public | customer | i_c_nationkey         |   4116 |      0 |       0 |       0 |      1 |      1 |        | pg_default |
| 16645 | snaga | public | lineitem | i_l_commitdate        | 164480 |      0 |       0 |       0 |      1 |     14 |        | pg_default |
| 16624 | snaga | public | lineitem | pk_lineitem           | 164480 |      0 |       0 |       0 |      1 |     14 |        | pg_default |
| 16631 | snaga | public | lineitem | i_l_shipdate          | 164480 |     12 |      12 |      12 |      5 |     58 |        | pg_default |
| 16632 | snaga | public | lineitem | i_l_suppkey_partkey   | 164480 |      0 |       0 |       0 |      1 |     14 |        | pg_default |
| 16633 | snaga | public | lineitem | i_l_partkey           | 164480 |      0 |       0 |       0 |      1 |     14 |        | pg_default |
| 16634 | snaga | public | lineitem | i_l_suppkey           | 164480 |      0 |       0 |       0 |      1 |     14 |        | pg_default |
| 16635 | snaga | public | lineitem | i_l_receiptdate       | 164480 |      0 |       0 |       0 |      1 |     14 |        | pg_default |
| 16636 | snaga | public | lineitem | i_l_orderkey          | 164480 |      0 |       0 |       0 |      1 |     14 |        | pg_default |
| 16637 | snaga | public | lineitem | i_l_orderkey_quantity | 164480 |      6 |       6 |       6 |      8 |     31 |        | pg_default |
| 16627 | snaga | public | nation   | pk_nation             |      2 |     64 |      64 |      64 |      2 |     70 |        | pg_default |
| 16644 | snaga | public | nation   | i_n_regionkey         |      2 |      0 |       0 |       0 |      1 |      7 |        | pg_default |
| 16639 | snaga | public | orders   | i_o_orderdate         |  41131 |      0 |       0 |       0 |      1 |      2 |        | pg_default |
| 16640 | snaga | public | orders   | i_o_custkey           |  41131 |      8 |       8 |       8 |      6 |     21 |        | pg_default |
| 16622 | snaga | public | orders   | pk_orders             |  41131 |      6 |       6 |       6 |      6 |     15 |        | pg_default |
| 16612 | snaga | public | part     | pk_part               |   5487 |     37 | 8000621 | 8000621 |   5469 |  16507 |        | pg_default |
| 16642 | snaga | public | partsupp | i_ps_partkey          |  21937 |  25668 |  102576 |  102576 |   4397 |  72979 |        | pg_default |
| 16643 | snaga | public | partsupp | i_ps_suppkey          |  21937 |  79413 | 6347933 | 6347933 |  15595 | 240316 |        | pg_default |
| 16616 | snaga | public | partsupp | pk_partsupp           |  21937 |      0 |       0 |       0 |      1 |      7 |        | pg_default |
| 16629 | snaga | public | region   | pk_region             |      2 |     32 |      32 |      32 |      2 |     38 |        | pg_default |
| 16610 | snaga | public | supplier | pk_supplier           |    276 | 102608 |  102608 |  102608 |    276 | 205552 |        | pg_default |
| 16641 | snaga | public | supplier | i_s_nationkey         |    276 |      0 |       0 |       0 |      1 |      7 |        | pg_default |
+-------+-------+--------+----------+-----------------------+--------+--------+---------+---------+--------+--------+--------+------------+
