                                                                         QUERY PLAN                                                                         
------------------------------------------------------------------------------------------------------------------------------------------------------------
 Sort  (cost=89572.80..89573.06 rows=103 width=51)
   Sort Key: supplier.s_name
   ->  Hash Join  (cost=89506.91..89569.35 rows=103 width=51)
         Hash Cond: (partsupp.ps_suppkey = supplier.s_suppkey)
         ->  HashAggregate  (cost=89258.13..89283.99 rows=2586 width=4)
               Group Key: partsupp.ps_suppkey
               ->  Nested Loop  (cost=0.42..89251.67 rows=2586 width=4)
                     ->  Seq Scan on part  (cost=0.00..6564.00 rows=2020 width=4)
                           Filter: ((p_name)::text ~~ 'navy%'::text)
                     ->  Index Scan using i_ps_partkey on partsupp  (cost=0.42..40.92 rows=1 width=8)
                           Index Cond: (ps_partkey = part.p_partkey)
                           Filter: ((ps_availqty)::double precision > (SubPlan 1))
                           SubPlan 1
                             ->  Aggregate  (cost=8.46..8.47 rows=1 width=4)
                                   ->  Index Scan using i_l_suppkey_partkey on lineitem  (cost=0.43..8.46 rows=1 width=4)
                                         Index Cond: ((l_partkey = partsupp.ps_partkey) AND (l_suppkey = partsupp.ps_suppkey))
                                         Filter: ((l_shipdate >= '1995-01-01'::date) AND (l_shipdate < '1996-01-01 00:00:00'::timestamp without time zone))
         ->  Hash  (cost=243.78..243.78 rows=400 width=55)
               ->  Nested Loop  (cost=11.38..243.78 rows=400 width=55)
                     ->  Seq Scan on nation  (cost=0.00..1.31 rows=1 width=4)
                           Filter: (n_name = 'ALGERIA'::bpchar)
                     ->  Bitmap Heap Scan on supplier  (cost=11.38..238.46 rows=400 width=59)
                           Recheck Cond: (s_nationkey = nation.n_nationkey)
                           ->  Bitmap Index Scan on i_s_nationkey  (cost=0.00..11.29 rows=400 width=0)
                                 Index Cond: (s_nationkey = nation.n_nationkey)
(25 rows)

+-------+-------+--------+----------+--------+------+-----------+---------+-------+-------+--------+---------+----------+---------------------+------------+
|  OID  | OWNER | SCHEMA |  TABLE   |  BLKS  | SCAN |   T_READ  |  T_INS  | T_UPD | T_DEL | B_READ |  B_HIT  | VACUUMED |       ANALYZED      | TABLESPACE |
+-------+-------+--------+----------+--------+------+-----------+---------+-------+-------+--------+---------+----------+---------------------+------------+
| 16395 | snaga | public | customer |   3531 |   28 |   3450000 |  150000 |     0 |     0 |   5016 |  215149 |          | 2015-07-16 01:41:13 | pg_default |
| 16401 | snaga | public | lineitem | 106583 |   35 | 180036450 | 6001215 |     0 |     0 | 211146 | 9353927 |          | 2015-07-16 01:41:14 | pg_default |
| 16404 | snaga | public | nation   |      1 |   43 |       875 |      25 |     0 |     0 |      1 |   11099 |          | 2015-07-16 01:41:14 | pg_default |
| 16398 | snaga | public | orders   |  25326 |   24 |  30000000 | 1500000 |     0 |     0 |  48612 | 2919267 |          | 2015-07-16 01:41:13 | pg_default |
| 16389 | snaga | public | part     |   4064 |   31 |   5000000 |  200000 |     0 |     0 |   6082 |  136664 |          | 2015-07-16 01:41:13 | pg_default |
| 16392 | snaga | public | partsupp |  17087 |   14 |   9600000 |  800000 |     0 |     0 |  32200 | 1168032 |          | 2015-07-16 01:41:13 | pg_default |
| 16407 | snaga | public | region   |      1 | 2738 |     13650 |       5 |     0 |     0 |      1 |    2772 |          | 2015-07-16 01:41:14 | pg_default |
| 16386 | snaga | public | supplier |    218 |   26 |    150000 |   10000 |     0 |     0 |    220 | 1411150 |          | 2015-07-16 01:41:12 | pg_default |
+-------+-------+--------+----------+--------+------+-----------+---------+-------+-------+--------+---------+----------+---------------------+------------+
+-------+-------+--------+----------+-----------------------+-------+---------+---------+---------+--------+---------+--------+------------+
|  OID  | OWNER | SCHEMA |  TABLE   |         INDEX         |  BLKS |   SCAN  |  T_READ |  T_FTCH | B_READ |  B_HIT  | STATUS | TABLESPACE |
+-------+-------+--------+----------+-----------------------+-------+---------+---------+---------+--------+---------+--------+------------+
| 16416 | snaga | public | customer | pk_customer           |   414 |     130 |     130 |     130 |      6 |     419 |        | pg_default |
| 16439 | snaga | public | customer | i_c_nationkey         |   414 |      40 |  241520 |       0 |    174 |     645 |        | pg_default |
| 16446 | snaga | public | lineitem | i_l_commitdate        | 16457 |       0 |       0 |       0 |      1 |      73 |        | pg_default |
| 16420 | snaga | public | lineitem | pk_lineitem           | 16457 |       0 |       0 |       0 |      1 |      73 |        | pg_default |
| 16426 | snaga | public | lineitem | i_l_shipdate          | 16457 |      17 | 4849473 |       5 |   3323 |   10054 |        | pg_default |
| 16427 | snaga | public | lineitem | i_l_suppkey_partkey   | 16457 |  184448 | 1383232 | 1383232 |   8901 |  548849 |        | pg_default |
| 16430 | snaga | public | lineitem | i_l_partkey           | 16457 |   31418 |  965074 |  225366 |   2102 |   94748 |        | pg_default |
| 16434 | snaga | public | lineitem | i_l_suppkey           | 16457 |    3472 | 2021816 | 2021816 |   2246 |   13884 |        | pg_default |
| 16436 | snaga | public | lineitem | i_l_receiptdate       | 16457 |       4 | 3634072 |       0 |   2486 |    7528 |        | pg_default |
| 16437 | snaga | public | lineitem | i_l_orderkey          | 16457 |  368420 |  889972 |  889972 |  16401 | 1091693 |        | pg_default |
| 16438 | snaga | public | lineitem | i_l_orderkey_quantity | 16457 |     130 |     130 |     130 |      6 |     458 |        | pg_default |
| 16422 | snaga | public | nation   | pk_nation             |     2 |   11062 |   11254 |   11254 |      2 |   11095 |        | pg_default |
| 16445 | snaga | public | nation   | i_n_regionkey         |     2 |       0 |       0 |       0 |      1 |      34 |        | pg_default |
| 16440 | snaga | public | orders   | i_o_orderdate         |  4116 |      17 | 1141309 |       5 |    788 |    2429 |        | pg_default |
| 16441 | snaga | public | orders   | i_o_custkey           |  4116 |   48626 |  481246 |  481246 |   3943 |  143485 |        | pg_default |
| 16418 | snaga | public | orders   | pk_orders             |  4116 | 1540914 | 1540914 | 1540914 |   4116 | 4627172 |        | pg_default |
| 16412 | snaga | public | part     | pk_part               |   551 |     122 |  800118 |  800118 |    551 |    2033 |        | pg_default |
| 16443 | snaga | public | partsupp | i_ps_partkey          |  2196 |    2786 |   10934 |   10934 |    456 |    7954 |        | pg_default |
| 16444 | snaga | public | partsupp | i_ps_suppkey          |  2196 |   11116 |  879800 |  879800 |   1704 |   34172 |        | pg_default |
| 16414 | snaga | public | partsupp | pk_partsupp           |  2196 |       0 |       0 |       0 |      1 |      19 |        | pg_default |
| 16424 | snaga | public | region   | pk_region             |     2 |      40 |      40 |      40 |      2 |      53 |        | pg_default |
| 16410 | snaga | public | supplier | pk_supplier           |    30 | 1404292 | 1444288 | 1444288 |     30 | 2816302 |        | pg_default |
| 16442 | snaga | public | supplier | i_s_nationkey         |    30 |       8 |    3176 |       0 |      4 |      60 |        | pg_default |
+-------+-------+--------+----------+-----------------------+-------+---------+---------+---------+--------+---------+--------+------------+
Timing is on.
                                                                              QUERY PLAN                                                                               
-----------------------------------------------------------------------------------------------------------------------------------------------------------------------
 Sort  (cost=89572.80..89573.06 rows=103 width=51) (actual time=380.775..380.782 rows=169 loops=1)
   Sort Key: supplier.s_name
   Sort Method: quicksort  Memory: 44kB
   ->  Hash Join  (cost=89506.91..89569.35 rows=103 width=51) (actual time=379.747..380.646 rows=169 loops=1)
         Hash Cond: (partsupp.ps_suppkey = supplier.s_suppkey)
         ->  HashAggregate  (cost=89258.13..89283.99 rows=2586 width=4) (actual time=379.063..379.660 rows=4193 loops=1)
               Group Key: partsupp.ps_suppkey
               ->  Nested Loop  (cost=0.42..89251.67 rows=2586 width=4) (actual time=0.113..377.291 rows=5357 loops=1)
                     ->  Seq Scan on part  (cost=0.00..6564.00 rows=2020 width=4) (actual time=0.016..23.671 rows=1979 loops=1)
                           Filter: ((p_name)::text ~~ 'navy%'::text)
                           Rows Removed by Filter: 198021
                     ->  Index Scan using i_ps_partkey on partsupp  (cost=0.42..40.92 rows=1 width=8) (actual time=0.140..0.178 rows=3 loops=1979)
                           Index Cond: (ps_partkey = part.p_partkey)
                           Filter: ((ps_availqty)::double precision > (SubPlan 1))
                           Rows Removed by Filter: 1
                           SubPlan 1
                             ->  Aggregate  (cost=8.46..8.47 rows=1 width=4) (actual time=0.036..0.036 rows=1 loops=7916)
                                   ->  Index Scan using i_l_suppkey_partkey on lineitem  (cost=0.43..8.46 rows=1 width=4) (actual time=0.031..0.036 rows=1 loops=7916)
                                         Index Cond: ((l_partkey = partsupp.ps_partkey) AND (l_suppkey = partsupp.ps_suppkey))
                                         Filter: ((l_shipdate >= '1995-01-01'::date) AND (l_shipdate < '1996-01-01 00:00:00'::timestamp without time zone))
                                         Rows Removed by Filter: 6
         ->  Hash  (cost=243.78..243.78 rows=400 width=55) (actual time=0.660..0.660 rows=420 loops=1)
               Buckets: 1024  Batches: 1  Memory Usage: 45kB
               ->  Nested Loop  (cost=11.38..243.78 rows=400 width=55) (actual time=0.089..0.582 rows=420 loops=1)
                     ->  Seq Scan on nation  (cost=0.00..1.31 rows=1 width=4) (actual time=0.004..0.007 rows=1 loops=1)
                           Filter: (n_name = 'ALGERIA'::bpchar)
                           Rows Removed by Filter: 24
                     ->  Bitmap Heap Scan on supplier  (cost=11.38..238.46 rows=400 width=59) (actual time=0.083..0.526 rows=420 loops=1)
                           Recheck Cond: (s_nationkey = nation.n_nationkey)
                           Heap Blocks: exact=187
                           ->  Bitmap Index Scan on i_s_nationkey  (cost=0.00..11.29 rows=400 width=0) (actual time=0.061..0.061 rows=420 loops=1)
                                 Index Cond: (s_nationkey = nation.n_nationkey)
 Planning time: 0.984 ms
 Execution time: 380.898 ms
(34 rows)

Time: 383.346 ms
+-------+-------+--------+----------+--------+------+-----------+---------+-------+-------+--------+---------+----------+---------------------+------------+
|  OID  | OWNER | SCHEMA |  TABLE   |  BLKS  | SCAN |   T_READ  |  T_INS  | T_UPD | T_DEL | B_READ |  B_HIT  | VACUUMED |       ANALYZED      | TABLESPACE |
+-------+-------+--------+----------+--------+------+-----------+---------+-------+-------+--------+---------+----------+---------------------+------------+
| 16395 | snaga | public | customer |   3531 |   28 |   3450000 |  150000 |     0 |     0 |   5016 |  215149 |          | 2015-07-16 01:41:13 | pg_default |
| 16401 | snaga | public | lineitem | 106583 |   35 | 180036450 | 6001215 |     0 |     0 | 211146 | 9427953 |          | 2015-07-16 01:41:14 | pg_default |
| 16404 | snaga | public | nation   |      1 |   45 |       900 |      25 |     0 |     0 |      1 |   11104 |          | 2015-07-16 01:41:14 | pg_default |
| 16398 | snaga | public | orders   |  25326 |   24 |  30000000 | 1500000 |     0 |     0 |  48612 | 2919267 |          | 2015-07-16 01:41:13 | pg_default |
| 16389 | snaga | public | part     |   4064 |   34 |   5400000 |  200000 |     0 |     0 |   6082 |  144798 |          | 2015-07-16 01:41:13 | pg_default |
| 16392 | snaga | public | partsupp |  17087 |   14 |   9600000 |  800000 |     0 |     0 |  32200 | 1170170 |          | 2015-07-16 01:41:13 | pg_default |
| 16407 | snaga | public | region   |      1 | 2738 |     13650 |       5 |     0 |     0 |      1 |    2772 |          | 2015-07-16 01:41:14 | pg_default |
| 16386 | snaga | public | supplier |    218 |   26 |    150000 |   10000 |     0 |     0 |    220 | 1411337 |          | 2015-07-16 01:41:12 | pg_default |
+-------+-------+--------+----------+--------+------+-----------+---------+-------+-------+--------+---------+----------+---------------------+------------+
+-------+-------+--------+----------+-----------------------+-------+---------+---------+---------+--------+---------+--------+------------+
|  OID  | OWNER | SCHEMA |  TABLE   |         INDEX         |  BLKS |   SCAN  |  T_READ |  T_FTCH | B_READ |  B_HIT  | STATUS | TABLESPACE |
+-------+-------+--------+----------+-----------------------+-------+---------+---------+---------+--------+---------+--------+------------+
| 16416 | snaga | public | customer | pk_customer           |   414 |     130 |     130 |     130 |      6 |     419 |        | pg_default |
| 16439 | snaga | public | customer | i_c_nationkey         |   414 |      40 |  241520 |       0 |    174 |     645 |        | pg_default |
| 16446 | snaga | public | lineitem | i_l_commitdate        | 16457 |       0 |       0 |       0 |      1 |      76 |        | pg_default |
| 16420 | snaga | public | lineitem | pk_lineitem           | 16457 |       0 |       0 |       0 |      1 |      76 |        | pg_default |
| 16426 | snaga | public | lineitem | i_l_shipdate          | 16457 |      17 | 4849473 |       5 |   3323 |   10057 |        | pg_default |
| 16427 | snaga | public | lineitem | i_l_suppkey_partkey   | 16457 |  192364 | 1442613 | 1442613 |   9835 |  571856 |        | pg_default |
| 16430 | snaga | public | lineitem | i_l_partkey           | 16457 |   31910 |  979722 |  240014 |   2102 |   96277 |        | pg_default |
| 16434 | snaga | public | lineitem | i_l_suppkey           | 16457 |    3472 | 2021816 | 2021816 |   2246 |   13887 |        | pg_default |
| 16436 | snaga | public | lineitem | i_l_receiptdate       | 16457 |       4 | 3634072 |       0 |   2486 |    7531 |        | pg_default |
| 16437 | snaga | public | lineitem | i_l_orderkey          | 16457 |  368420 |  889972 |  889972 |  16401 | 1091696 |        | pg_default |
| 16438 | snaga | public | lineitem | i_l_orderkey_quantity | 16457 |     130 |     130 |     130 |      6 |     461 |        | pg_default |
| 16422 | snaga | public | nation   | pk_nation             |     2 |   11066 |   11258 |   11258 |      2 |   11101 |        | pg_default |
| 16445 | snaga | public | nation   | i_n_regionkey         |     2 |       0 |       0 |       0 |      1 |      36 |        | pg_default |
| 16440 | snaga | public | orders   | i_o_orderdate         |  4116 |      17 | 1141309 |       5 |    788 |    2429 |        | pg_default |
| 16441 | snaga | public | orders   | i_o_custkey           |  4116 |   48626 |  481246 |  481246 |   3943 |  143485 |        | pg_default |
| 16418 | snaga | public | orders   | pk_orders             |  4116 | 1540914 | 1540914 | 1540914 |   4116 | 4627172 |        | pg_default |
| 16412 | snaga | public | part     | pk_part               |   551 |     128 |  800124 |  800124 |    551 |    2054 |        | pg_default |
| 16443 | snaga | public | partsupp | i_ps_partkey          |  2196 |    4769 |   18854 |   18854 |   1496 |   12887 |        | pg_default |
| 16444 | snaga | public | partsupp | i_ps_suppkey          |  2196 |   11116 |  879800 |  879800 |   1704 |   34174 |        | pg_default |
| 16414 | snaga | public | partsupp | pk_partsupp           |  2196 |       0 |       0 |       0 |      1 |      21 |        | pg_default |
| 16424 | snaga | public | region   | pk_region             |     2 |      40 |      40 |      40 |      2 |      53 |        | pg_default |
| 16410 | snaga | public | supplier | pk_supplier           |    30 | 1404292 | 1444288 | 1444288 |     30 | 2816304 |        | pg_default |
| 16442 | snaga | public | supplier | i_s_nationkey         |    30 |       9 |    3596 |       0 |      6 |      63 |        | pg_default |
+-------+-------+--------+----------+-----------------------+-------+---------+---------+---------+--------+---------+--------+------------+
Timing is on.
                                                                              QUERY PLAN                                                                               
-----------------------------------------------------------------------------------------------------------------------------------------------------------------------
 Sort  (cost=89572.80..89573.06 rows=103 width=51) (actual time=156.183..156.191 rows=169 loops=1)
   Sort Key: supplier.s_name
   Sort Method: quicksort  Memory: 44kB
   ->  Hash Join  (cost=89506.91..89569.35 rows=103 width=51) (actual time=155.175..156.056 rows=169 loops=1)
         Hash Cond: (partsupp.ps_suppkey = supplier.s_suppkey)
         ->  HashAggregate  (cost=89258.13..89283.99 rows=2586 width=4) (actual time=154.507..155.115 rows=4193 loops=1)
               Group Key: partsupp.ps_suppkey
               ->  Nested Loop  (cost=0.42..89251.67 rows=2586 width=4) (actual time=0.107..152.816 rows=5357 loops=1)
                     ->  Seq Scan on part  (cost=0.00..6564.00 rows=2020 width=4) (actual time=0.016..23.334 rows=1979 loops=1)
                           Filter: ((p_name)::text ~~ 'navy%'::text)
                           Rows Removed by Filter: 198021
                     ->  Index Scan using i_ps_partkey on partsupp  (cost=0.42..40.92 rows=1 width=8) (actual time=0.028..0.065 rows=3 loops=1979)
                           Index Cond: (ps_partkey = part.p_partkey)
                           Filter: ((ps_availqty)::double precision > (SubPlan 1))
                           Rows Removed by Filter: 1
                           SubPlan 1
                             ->  Aggregate  (cost=8.46..8.47 rows=1 width=4) (actual time=0.015..0.015 rows=1 loops=7916)
                                   ->  Index Scan using i_l_suppkey_partkey on lineitem  (cost=0.43..8.46 rows=1 width=4) (actual time=0.009..0.014 rows=1 loops=7916)
                                         Index Cond: ((l_partkey = partsupp.ps_partkey) AND (l_suppkey = partsupp.ps_suppkey))
                                         Filter: ((l_shipdate >= '1995-01-01'::date) AND (l_shipdate < '1996-01-01 00:00:00'::timestamp without time zone))
                                         Rows Removed by Filter: 6
         ->  Hash  (cost=243.78..243.78 rows=400 width=55) (actual time=0.644..0.644 rows=420 loops=1)
               Buckets: 1024  Batches: 1  Memory Usage: 45kB
               ->  Nested Loop  (cost=11.38..243.78 rows=400 width=55) (actual time=0.076..0.570 rows=420 loops=1)
                     ->  Seq Scan on nation  (cost=0.00..1.31 rows=1 width=4) (actual time=0.004..0.007 rows=1 loops=1)
                           Filter: (n_name = 'ALGERIA'::bpchar)
                           Rows Removed by Filter: 24
                     ->  Bitmap Heap Scan on supplier  (cost=11.38..238.46 rows=400 width=59) (actual time=0.070..0.506 rows=420 loops=1)
                           Recheck Cond: (s_nationkey = nation.n_nationkey)
                           Heap Blocks: exact=187
                           ->  Bitmap Index Scan on i_s_nationkey  (cost=0.00..11.29 rows=400 width=0) (actual time=0.050..0.050 rows=420 loops=1)
                                 Index Cond: (s_nationkey = nation.n_nationkey)
 Planning time: 0.991 ms
 Execution time: 156.297 ms
(34 rows)

Time: 158.723 ms
+-------+-------+--------+----------+--------+------+-----------+---------+-------+-------+--------+---------+----------+---------------------+------------+
|  OID  | OWNER | SCHEMA |  TABLE   |  BLKS  | SCAN |   T_READ  |  T_INS  | T_UPD | T_DEL | B_READ |  B_HIT  | VACUUMED |       ANALYZED      | TABLESPACE |
+-------+-------+--------+----------+--------+------+-----------+---------+-------+-------+--------+---------+----------+---------------------+------------+
| 16395 | snaga | public | customer |   3531 |   28 |   3450000 |  150000 |     0 |     0 |   5016 |  215149 |          | 2015-07-16 01:41:13 | pg_default |
| 16401 | snaga | public | lineitem | 106583 |   35 | 180036450 | 6001215 |     0 |     0 | 211146 | 9427953 |          | 2015-07-16 01:41:14 | pg_default |
| 16404 | snaga | public | nation   |      1 |   45 |       900 |      25 |     0 |     0 |      1 |   11104 |          | 2015-07-16 01:41:14 | pg_default |
| 16398 | snaga | public | orders   |  25326 |   24 |  30000000 | 1500000 |     0 |     0 |  48612 | 2919267 |          | 2015-07-16 01:41:13 | pg_default |
| 16389 | snaga | public | part     |   4064 |   34 |   5400000 |  200000 |     0 |     0 |   6082 |  144798 |          | 2015-07-16 01:41:13 | pg_default |
| 16392 | snaga | public | partsupp |  17087 |   14 |   9600000 |  800000 |     0 |     0 |  32200 | 1170170 |          | 2015-07-16 01:41:13 | pg_default |
| 16407 | snaga | public | region   |      1 | 2738 |     13650 |       5 |     0 |     0 |      1 |    2772 |          | 2015-07-16 01:41:14 | pg_default |
| 16386 | snaga | public | supplier |    218 |   26 |    150000 |   10000 |     0 |     0 |    220 | 1411337 |          | 2015-07-16 01:41:12 | pg_default |
+-------+-------+--------+----------+--------+------+-----------+---------+-------+-------+--------+---------+----------+---------------------+------------+
+-------+-------+--------+----------+-----------------------+-------+---------+---------+---------+--------+---------+--------+------------+
|  OID  | OWNER | SCHEMA |  TABLE   |         INDEX         |  BLKS |   SCAN  |  T_READ |  T_FTCH | B_READ |  B_HIT  | STATUS | TABLESPACE |
+-------+-------+--------+----------+-----------------------+-------+---------+---------+---------+--------+---------+--------+------------+
| 16416 | snaga | public | customer | pk_customer           |   414 |     130 |     130 |     130 |      6 |     419 |        | pg_default |
| 16439 | snaga | public | customer | i_c_nationkey         |   414 |      40 |  241520 |       0 |    174 |     645 |        | pg_default |
| 16446 | snaga | public | lineitem | i_l_commitdate        | 16457 |       0 |       0 |       0 |      1 |      76 |        | pg_default |
| 16420 | snaga | public | lineitem | pk_lineitem           | 16457 |       0 |       0 |       0 |      1 |      76 |        | pg_default |
| 16426 | snaga | public | lineitem | i_l_shipdate          | 16457 |      17 | 4849473 |       5 |   3323 |   10057 |        | pg_default |
| 16427 | snaga | public | lineitem | i_l_suppkey_partkey   | 16457 |  192364 | 1442613 | 1442613 |   9835 |  571856 |        | pg_default |
| 16430 | snaga | public | lineitem | i_l_partkey           | 16457 |   31910 |  979722 |  240014 |   2102 |   96277 |        | pg_default |
| 16434 | snaga | public | lineitem | i_l_suppkey           | 16457 |    3472 | 2021816 | 2021816 |   2246 |   13887 |        | pg_default |
| 16436 | snaga | public | lineitem | i_l_receiptdate       | 16457 |       4 | 3634072 |       0 |   2486 |    7531 |        | pg_default |
| 16437 | snaga | public | lineitem | i_l_orderkey          | 16457 |  368420 |  889972 |  889972 |  16401 | 1091696 |        | pg_default |
| 16438 | snaga | public | lineitem | i_l_orderkey_quantity | 16457 |     130 |     130 |     130 |      6 |     461 |        | pg_default |
| 16422 | snaga | public | nation   | pk_nation             |     2 |   11066 |   11258 |   11258 |      2 |   11101 |        | pg_default |
| 16445 | snaga | public | nation   | i_n_regionkey         |     2 |       0 |       0 |       0 |      1 |      36 |        | pg_default |
| 16440 | snaga | public | orders   | i_o_orderdate         |  4116 |      17 | 1141309 |       5 |    788 |    2429 |        | pg_default |
| 16441 | snaga | public | orders   | i_o_custkey           |  4116 |   48626 |  481246 |  481246 |   3943 |  143485 |        | pg_default |
| 16418 | snaga | public | orders   | pk_orders             |  4116 | 1540914 | 1540914 | 1540914 |   4116 | 4627172 |        | pg_default |
| 16412 | snaga | public | part     | pk_part               |   551 |     128 |  800124 |  800124 |    551 |    2054 |        | pg_default |
| 16443 | snaga | public | partsupp | i_ps_partkey          |  2196 |    4769 |   18854 |   18854 |   1496 |   12887 |        | pg_default |
| 16444 | snaga | public | partsupp | i_ps_suppkey          |  2196 |   11116 |  879800 |  879800 |   1704 |   34174 |        | pg_default |
| 16414 | snaga | public | partsupp | pk_partsupp           |  2196 |       0 |       0 |       0 |      1 |      21 |        | pg_default |
| 16424 | snaga | public | region   | pk_region             |     2 |      40 |      40 |      40 |      2 |      53 |        | pg_default |
| 16410 | snaga | public | supplier | pk_supplier           |    30 | 1404292 | 1444288 | 1444288 |     30 | 2816304 |        | pg_default |
| 16442 | snaga | public | supplier | i_s_nationkey         |    30 |       9 |    3596 |       0 |      6 |      63 |        | pg_default |
+-------+-------+--------+----------+-----------------------+-------+---------+---------+---------+--------+---------+--------+------------+
Timing is on.
                                                                              QUERY PLAN                                                                               
-----------------------------------------------------------------------------------------------------------------------------------------------------------------------
 Sort  (cost=89572.80..89573.06 rows=103 width=51) (actual time=155.319..155.327 rows=169 loops=1)
   Sort Key: supplier.s_name
   Sort Method: quicksort  Memory: 44kB
   ->  Hash Join  (cost=89506.91..89569.35 rows=103 width=51) (actual time=154.320..155.183 rows=169 loops=1)
         Hash Cond: (partsupp.ps_suppkey = supplier.s_suppkey)
         ->  HashAggregate  (cost=89258.13..89283.99 rows=2586 width=4) (actual time=153.645..154.195 rows=4193 loops=1)
               Group Key: partsupp.ps_suppkey
               ->  Nested Loop  (cost=0.42..89251.67 rows=2586 width=4) (actual time=0.110..151.976 rows=5357 loops=1)
                     ->  Seq Scan on part  (cost=0.00..6564.00 rows=2020 width=4) (actual time=0.017..23.256 rows=1979 loops=1)
                           Filter: ((p_name)::text ~~ 'navy%'::text)
                           Rows Removed by Filter: 198021
                     ->  Index Scan using i_ps_partkey on partsupp  (cost=0.42..40.92 rows=1 width=8) (actual time=0.028..0.064 rows=3 loops=1979)
                           Index Cond: (ps_partkey = part.p_partkey)
                           Filter: ((ps_availqty)::double precision > (SubPlan 1))
                           Rows Removed by Filter: 1
                           SubPlan 1
                             ->  Aggregate  (cost=8.46..8.47 rows=1 width=4) (actual time=0.014..0.014 rows=1 loops=7916)
                                   ->  Index Scan using i_l_suppkey_partkey on lineitem  (cost=0.43..8.46 rows=1 width=4) (actual time=0.009..0.014 rows=1 loops=7916)
                                         Index Cond: ((l_partkey = partsupp.ps_partkey) AND (l_suppkey = partsupp.ps_suppkey))
                                         Filter: ((l_shipdate >= '1995-01-01'::date) AND (l_shipdate < '1996-01-01 00:00:00'::timestamp without time zone))
                                         Rows Removed by Filter: 6
         ->  Hash  (cost=243.78..243.78 rows=400 width=55) (actual time=0.650..0.650 rows=420 loops=1)
               Buckets: 1024  Batches: 1  Memory Usage: 45kB
               ->  Nested Loop  (cost=11.38..243.78 rows=400 width=55) (actual time=0.076..0.568 rows=420 loops=1)
                     ->  Seq Scan on nation  (cost=0.00..1.31 rows=1 width=4) (actual time=0.005..0.008 rows=1 loops=1)
                           Filter: (n_name = 'ALGERIA'::bpchar)
                           Rows Removed by Filter: 24
                     ->  Bitmap Heap Scan on supplier  (cost=11.38..238.46 rows=400 width=59) (actual time=0.070..0.503 rows=420 loops=1)
                           Recheck Cond: (s_nationkey = nation.n_nationkey)
                           Heap Blocks: exact=187
                           ->  Bitmap Index Scan on i_s_nationkey  (cost=0.00..11.29 rows=400 width=0) (actual time=0.049..0.049 rows=420 loops=1)
                                 Index Cond: (s_nationkey = nation.n_nationkey)
 Planning time: 0.985 ms
 Execution time: 155.434 ms
(34 rows)

Time: 157.869 ms
+-------+-------+--------+----------+--------+------+-----------+---------+-------+-------+--------+---------+----------+---------------------+------------+
|  OID  | OWNER | SCHEMA |  TABLE   |  BLKS  | SCAN |   T_READ  |  T_INS  | T_UPD | T_DEL | B_READ |  B_HIT  | VACUUMED |       ANALYZED      | TABLESPACE |
+-------+-------+--------+----------+--------+------+-----------+---------+-------+-------+--------+---------+----------+---------------------+------------+
| 16395 | snaga | public | customer |   3531 |   28 |   3450000 |  150000 |     0 |     0 |   5016 |  215149 |          | 2015-07-16 01:41:13 | pg_default |
| 16401 | snaga | public | lineitem | 106583 |   35 | 180036450 | 6001215 |     0 |     0 | 211146 | 9427953 |          | 2015-07-16 01:41:14 | pg_default |
| 16404 | snaga | public | nation   |      1 |   45 |       900 |      25 |     0 |     0 |      1 |   11104 |          | 2015-07-16 01:41:14 | pg_default |
| 16398 | snaga | public | orders   |  25326 |   24 |  30000000 | 1500000 |     0 |     0 |  48612 | 2919267 |          | 2015-07-16 01:41:13 | pg_default |
| 16389 | snaga | public | part     |   4064 |   34 |   5400000 |  200000 |     0 |     0 |   6082 |  144798 |          | 2015-07-16 01:41:13 | pg_default |
| 16392 | snaga | public | partsupp |  17087 |   14 |   9600000 |  800000 |     0 |     0 |  32200 | 1170170 |          | 2015-07-16 01:41:13 | pg_default |
| 16407 | snaga | public | region   |      1 | 2738 |     13650 |       5 |     0 |     0 |      1 |    2772 |          | 2015-07-16 01:41:14 | pg_default |
| 16386 | snaga | public | supplier |    218 |   26 |    150000 |   10000 |     0 |     0 |    220 | 1411337 |          | 2015-07-16 01:41:12 | pg_default |
+-------+-------+--------+----------+--------+------+-----------+---------+-------+-------+--------+---------+----------+---------------------+------------+
+-------+-------+--------+----------+-----------------------+-------+---------+---------+---------+--------+---------+--------+------------+
|  OID  | OWNER | SCHEMA |  TABLE   |         INDEX         |  BLKS |   SCAN  |  T_READ |  T_FTCH | B_READ |  B_HIT  | STATUS | TABLESPACE |
+-------+-------+--------+----------+-----------------------+-------+---------+---------+---------+--------+---------+--------+------------+
| 16416 | snaga | public | customer | pk_customer           |   414 |     130 |     130 |     130 |      6 |     419 |        | pg_default |
| 16439 | snaga | public | customer | i_c_nationkey         |   414 |      40 |  241520 |       0 |    174 |     645 |        | pg_default |
| 16446 | snaga | public | lineitem | i_l_commitdate        | 16457 |       0 |       0 |       0 |      1 |      76 |        | pg_default |
| 16420 | snaga | public | lineitem | pk_lineitem           | 16457 |       0 |       0 |       0 |      1 |      76 |        | pg_default |
| 16426 | snaga | public | lineitem | i_l_shipdate          | 16457 |      17 | 4849473 |       5 |   3323 |   10057 |        | pg_default |
| 16427 | snaga | public | lineitem | i_l_suppkey_partkey   | 16457 |  192364 | 1442613 | 1442613 |   9835 |  571856 |        | pg_default |
| 16430 | snaga | public | lineitem | i_l_partkey           | 16457 |   31910 |  979722 |  240014 |   2102 |   96277 |        | pg_default |
| 16434 | snaga | public | lineitem | i_l_suppkey           | 16457 |    3472 | 2021816 | 2021816 |   2246 |   13887 |        | pg_default |
| 16436 | snaga | public | lineitem | i_l_receiptdate       | 16457 |       4 | 3634072 |       0 |   2486 |    7531 |        | pg_default |
| 16437 | snaga | public | lineitem | i_l_orderkey          | 16457 |  368420 |  889972 |  889972 |  16401 | 1091696 |        | pg_default |
| 16438 | snaga | public | lineitem | i_l_orderkey_quantity | 16457 |     130 |     130 |     130 |      6 |     461 |        | pg_default |
| 16422 | snaga | public | nation   | pk_nation             |     2 |   11066 |   11258 |   11258 |      2 |   11101 |        | pg_default |
| 16445 | snaga | public | nation   | i_n_regionkey         |     2 |       0 |       0 |       0 |      1 |      36 |        | pg_default |
| 16440 | snaga | public | orders   | i_o_orderdate         |  4116 |      17 | 1141309 |       5 |    788 |    2429 |        | pg_default |
| 16441 | snaga | public | orders   | i_o_custkey           |  4116 |   48626 |  481246 |  481246 |   3943 |  143485 |        | pg_default |
| 16418 | snaga | public | orders   | pk_orders             |  4116 | 1540914 | 1540914 | 1540914 |   4116 | 4627172 |        | pg_default |
| 16412 | snaga | public | part     | pk_part               |   551 |     128 |  800124 |  800124 |    551 |    2054 |        | pg_default |
| 16443 | snaga | public | partsupp | i_ps_partkey          |  2196 |    4769 |   18854 |   18854 |   1496 |   12887 |        | pg_default |
| 16444 | snaga | public | partsupp | i_ps_suppkey          |  2196 |   11116 |  879800 |  879800 |   1704 |   34174 |        | pg_default |
| 16414 | snaga | public | partsupp | pk_partsupp           |  2196 |       0 |       0 |       0 |      1 |      21 |        | pg_default |
| 16424 | snaga | public | region   | pk_region             |     2 |      40 |      40 |      40 |      2 |      53 |        | pg_default |
| 16410 | snaga | public | supplier | pk_supplier           |    30 | 1404292 | 1444288 | 1444288 |     30 | 2816304 |        | pg_default |
| 16442 | snaga | public | supplier | i_s_nationkey         |    30 |       9 |    3596 |       0 |      6 |      63 |        | pg_default |
+-------+-------+--------+----------+-----------------------+-------+---------+---------+---------+--------+---------+--------+------------+
Timing is on.
                                                                              QUERY PLAN                                                                               
-----------------------------------------------------------------------------------------------------------------------------------------------------------------------
 Sort  (cost=89572.80..89573.06 rows=103 width=51) (actual time=155.290..155.298 rows=169 loops=1)
   Sort Key: supplier.s_name
   Sort Method: quicksort  Memory: 44kB
   ->  Hash Join  (cost=89506.91..89569.35 rows=103 width=51) (actual time=154.287..155.159 rows=169 loops=1)
         Hash Cond: (partsupp.ps_suppkey = supplier.s_suppkey)
         ->  HashAggregate  (cost=89258.13..89283.99 rows=2586 width=4) (actual time=153.614..154.197 rows=4193 loops=1)
               Group Key: partsupp.ps_suppkey
               ->  Nested Loop  (cost=0.42..89251.67 rows=2586 width=4) (actual time=0.106..152.023 rows=5357 loops=1)
                     ->  Seq Scan on part  (cost=0.00..6564.00 rows=2020 width=4) (actual time=0.016..23.264 rows=1979 loops=1)
                           Filter: ((p_name)::text ~~ 'navy%'::text)
                           Rows Removed by Filter: 198021
                     ->  Index Scan using i_ps_partkey on partsupp  (cost=0.42..40.92 rows=1 width=8) (actual time=0.028..0.064 rows=3 loops=1979)
                           Index Cond: (ps_partkey = part.p_partkey)
                           Filter: ((ps_availqty)::double precision > (SubPlan 1))
                           Rows Removed by Filter: 1
                           SubPlan 1
                             ->  Aggregate  (cost=8.46..8.47 rows=1 width=4) (actual time=0.014..0.014 rows=1 loops=7916)
                                   ->  Index Scan using i_l_suppkey_partkey on lineitem  (cost=0.43..8.46 rows=1 width=4) (actual time=0.009..0.014 rows=1 loops=7916)
                                         Index Cond: ((l_partkey = partsupp.ps_partkey) AND (l_suppkey = partsupp.ps_suppkey))
                                         Filter: ((l_shipdate >= '1995-01-01'::date) AND (l_shipdate < '1996-01-01 00:00:00'::timestamp without time zone))
                                         Rows Removed by Filter: 6
         ->  Hash  (cost=243.78..243.78 rows=400 width=55) (actual time=0.649..0.649 rows=420 loops=1)
               Buckets: 1024  Batches: 1  Memory Usage: 45kB
               ->  Nested Loop  (cost=11.38..243.78 rows=400 width=55) (actual time=0.076..0.572 rows=420 loops=1)
                     ->  Seq Scan on nation  (cost=0.00..1.31 rows=1 width=4) (actual time=0.004..0.007 rows=1 loops=1)
                           Filter: (n_name = 'ALGERIA'::bpchar)
                           Rows Removed by Filter: 24
                     ->  Bitmap Heap Scan on supplier  (cost=11.38..238.46 rows=400 width=59) (actual time=0.071..0.524 rows=420 loops=1)
                           Recheck Cond: (s_nationkey = nation.n_nationkey)
                           Heap Blocks: exact=187
                           ->  Bitmap Index Scan on i_s_nationkey  (cost=0.00..11.29 rows=400 width=0) (actual time=0.050..0.050 rows=420 loops=1)
                                 Index Cond: (s_nationkey = nation.n_nationkey)
 Planning time: 0.984 ms
 Execution time: 155.403 ms
(34 rows)

Time: 157.827 ms
+-------+-------+--------+----------+--------+------+-----------+---------+-------+-------+--------+---------+----------+---------------------+------------+
|  OID  | OWNER | SCHEMA |  TABLE   |  BLKS  | SCAN |   T_READ  |  T_INS  | T_UPD | T_DEL | B_READ |  B_HIT  | VACUUMED |       ANALYZED      | TABLESPACE |
+-------+-------+--------+----------+--------+------+-----------+---------+-------+-------+--------+---------+----------+---------------------+------------+
| 16395 | snaga | public | customer |   3531 |   28 |   3450000 |  150000 |     0 |     0 |   5016 |  215149 |          | 2015-07-16 01:41:13 | pg_default |
| 16401 | snaga | public | lineitem | 106583 |   35 | 180036450 | 6001215 |     0 |     0 | 211146 | 9606090 |          | 2015-07-16 01:41:14 | pg_default |
| 16404 | snaga | public | nation   |      1 |   48 |       975 |      25 |     0 |     0 |      1 |   11113 |          | 2015-07-16 01:41:14 | pg_default |
| 16398 | snaga | public | orders   |  25326 |   24 |  30000000 | 1500000 |     0 |     0 |  48612 | 2919267 |          | 2015-07-16 01:41:13 | pg_default |
| 16389 | snaga | public | part     |   4064 |   37 |   6000000 |  200000 |     0 |     0 |   6082 |  156996 |          | 2015-07-16 01:41:13 | pg_default |
| 16392 | snaga | public | partsupp |  17087 |   14 |   9600000 |  800000 |     0 |     0 |  32200 | 1176578 |          | 2015-07-16 01:41:13 | pg_default |
| 16407 | snaga | public | region   |      1 | 2738 |     13650 |       5 |     0 |     0 |      1 |    2772 |          | 2015-07-16 01:41:14 | pg_default |
| 16386 | snaga | public | supplier |    218 |   26 |    150000 |   10000 |     0 |     0 |    220 | 1411898 |          | 2015-07-16 01:41:12 | pg_default |
+-------+-------+--------+----------+--------+------+-----------+---------+-------+-------+--------+---------+----------+---------------------+------------+
+-------+-------+--------+----------+-----------------------+-------+---------+---------+---------+--------+---------+--------+------------+
|  OID  | OWNER | SCHEMA |  TABLE   |         INDEX         |  BLKS |   SCAN  |  T_READ |  T_FTCH | B_READ |  B_HIT  | STATUS | TABLESPACE |
+-------+-------+--------+----------+-----------------------+-------+---------+---------+---------+--------+---------+--------+------------+
| 16416 | snaga | public | customer | pk_customer           |   414 |     130 |     130 |     130 |      6 |     419 |        | pg_default |
| 16439 | snaga | public | customer | i_c_nationkey         |   414 |      40 |  241520 |       0 |    174 |     645 |        | pg_default |
| 16446 | snaga | public | lineitem | i_l_commitdate        | 16457 |       0 |       0 |       0 |      1 |      79 |        | pg_default |
| 16420 | snaga | public | lineitem | pk_lineitem           | 16457 |       0 |       0 |       0 |      1 |      79 |        | pg_default |
| 16426 | snaga | public | lineitem | i_l_shipdate          | 16457 |      17 | 4849473 |       5 |   3323 |   10060 |        | pg_default |
| 16427 | snaga | public | lineitem | i_l_suppkey_partkey   | 16457 |  216112 | 1620756 | 1620756 |   9835 |  643673 |        | pg_default |
| 16430 | snaga | public | lineitem | i_l_partkey           | 16457 |   31910 |  979722 |  240014 |   2102 |   96280 |        | pg_default |
| 16434 | snaga | public | lineitem | i_l_suppkey           | 16457 |    3472 | 2021816 | 2021816 |   2246 |   13890 |        | pg_default |
| 16436 | snaga | public | lineitem | i_l_receiptdate       | 16457 |       4 | 3634072 |       0 |   2486 |    7534 |        | pg_default |
| 16437 | snaga | public | lineitem | i_l_orderkey          | 16457 |  368420 |  889972 |  889972 |  16401 | 1091699 |        | pg_default |
| 16438 | snaga | public | lineitem | i_l_orderkey_quantity | 16457 |     130 |     130 |     130 |      6 |     464 |        | pg_default |
| 16422 | snaga | public | nation   | pk_nation             |     2 |   11072 |   11264 |   11264 |      2 |   11110 |        | pg_default |
| 16445 | snaga | public | nation   | i_n_regionkey         |     2 |       0 |       0 |       0 |      1 |      39 |        | pg_default |
| 16440 | snaga | public | orders   | i_o_orderdate         |  4116 |      17 | 1141309 |       5 |    788 |    2429 |        | pg_default |
| 16441 | snaga | public | orders   | i_o_custkey           |  4116 |   48626 |  481246 |  481246 |   3943 |  143485 |        | pg_default |
| 16418 | snaga | public | orders   | pk_orders             |  4116 | 1540914 | 1540914 | 1540914 |   4116 | 4627172 |        | pg_default |
| 16412 | snaga | public | part     | pk_part               |   551 |     134 |  800130 |  800130 |    551 |    2075 |        | pg_default |
| 16443 | snaga | public | partsupp | i_ps_partkey          |  2196 |   10712 |   42608 |   42608 |   1496 |   30785 |        | pg_default |
| 16444 | snaga | public | partsupp | i_ps_suppkey          |  2196 |   11116 |  879800 |  879800 |   1704 |   34177 |        | pg_default |
| 16414 | snaga | public | partsupp | pk_partsupp           |  2196 |       0 |       0 |       0 |      1 |      24 |        | pg_default |
| 16424 | snaga | public | region   | pk_region             |     2 |      40 |      40 |      40 |      2 |      53 |        | pg_default |
| 16410 | snaga | public | supplier | pk_supplier           |    30 | 1404292 | 1444288 | 1444288 |     30 | 2816307 |        | pg_default |
| 16442 | snaga | public | supplier | i_s_nationkey         |    30 |      12 |    4856 |       0 |      6 |      75 |        | pg_default |
+-------+-------+--------+----------+-----------------------+-------+---------+---------+---------+--------+---------+--------+------------+
