                                                          QUERY PLAN                                                          
------------------------------------------------------------------------------------------------------------------------------
 Limit  (cost=267381.49..267381.51 rows=10 width=20)
   ->  Sort  (cost=267381.49..268164.51 rows=313209 width=20)
         Sort Key: (sum((lineitem.l_extendedprice * ('1'::double precision - lineitem.l_discount)))) DESC, orders.o_orderdate
         ->  HashAggregate  (cost=257481.06..260613.15 rows=313209 width=20)
               Group Key: lineitem.l_orderkey, orders.o_orderdate, orders.o_shippriority
               ->  Hash Join  (cost=55799.06..252782.93 rows=313209 width=20)
                     Hash Cond: (lineitem.l_orderkey = orders.o_orderkey)
                     ->  Seq Scan on lineitem  (cost=0.00..181597.21 rows=3267884 width=12)
                           Filter: (l_shipdate > '1995-03-03'::date)
                     ->  Hash  (cost=54001.97..54001.97 rows=143767 width=12)
                           ->  Hash Join  (cost=5779.12..54001.97 rows=143767 width=12)
                                 Hash Cond: (orders.o_custkey = customer.c_custkey)
                                 ->  Seq Scan on orders  (cost=0.00..44076.00 rows=722447 width=16)
                                       Filter: (o_orderdate < '1995-03-03'::date)
                                 ->  Hash  (cost=5406.00..5406.00 rows=29850 width=4)
                                       ->  Seq Scan on customer  (cost=0.00..5406.00 rows=29850 width=4)
                                             Filter: (c_mktsegment = 'FURNITURE'::bpchar)
(17 rows)

+-------+-------+--------+----------+--------+------+----------+---------+-------+-------+--------+---------+----------+---------------------+------------+
|  OID  | OWNER | SCHEMA |  TABLE   |  BLKS  | SCAN |  T_READ  |  T_INS  | T_UPD | T_DEL | B_READ |  B_HIT  | VACUUMED |       ANALYZED      | TABLESPACE |
+-------+-------+--------+----------+--------+------+----------+---------+-------+-------+--------+---------+----------+---------------------+------------+
| 16395 | snaga | public | customer |   3531 |    3 |   450000 |  150000 |     0 |     0 |   5016 |   27895 |          | 2015-07-16 01:41:13 | pg_default |
| 16401 | snaga | public | lineitem | 106583 |   15 | 84017010 | 6001215 |     0 |     0 | 211146 | 1678602 |          | 2015-07-16 01:41:14 | pg_default |
| 16404 | snaga | public | nation   |      1 |    8 |      175 |      25 |     0 |     0 |      1 |   10913 |          | 2015-07-16 01:41:14 | pg_default |
| 16398 | snaga | public | orders   |  25326 |    4 |  6000000 | 1500000 |     0 |     0 |  48612 |  208386 |          | 2015-07-16 01:41:13 | pg_default |
| 16389 | snaga | public | part     |   4064 |    2 |   400000 |  200000 |     0 |     0 |   6082 |   43094 |          | 2015-07-16 01:41:13 | pg_default |
| 16392 | snaga | public | partsupp |  17087 |    4 |  3200000 |  800000 |     0 |     0 |  32200 |  777126 |          | 2015-07-16 01:41:13 | pg_default |
| 16407 | snaga | public | region   |      1 | 2728 |    13610 |       5 |     0 |     0 |      1 |    2744 |          | 2015-07-16 01:41:14 | pg_default |
| 16386 | snaga | public | supplier |    218 |   12 |    70000 |   10000 |     0 |     0 |    220 |   13578 |          | 2015-07-16 01:41:12 | pg_default |
+-------+-------+--------+----------+--------+------+----------+---------+-------+-------+--------+---------+----------+---------------------+------------+
+-------+-------+--------+----------+-----------------------+-------+-------+--------+--------+--------+-------+--------+------------+
|  OID  | OWNER | SCHEMA |  TABLE   |         INDEX         |  BLKS |  SCAN | T_READ | T_FTCH | B_READ | B_HIT | STATUS | TABLESPACE |
+-------+-------+--------+----------+-----------------------+-------+-------+--------+--------+--------+-------+--------+------------+
| 16416 | snaga | public | customer | pk_customer           |   414 |     0 |      0 |      0 |      0 |     0 |        | pg_default |
| 16439 | snaga | public | customer | i_c_nationkey         |   414 |     0 |      0 |      0 |      0 |     0 |        | pg_default |
| 16446 | snaga | public | lineitem | i_l_commitdate        | 16457 |     0 |      0 |      0 |      1 |     4 |        | pg_default |
| 16420 | snaga | public | lineitem | pk_lineitem           | 16457 |     0 |      0 |      0 |      1 |     4 |        | pg_default |
| 16426 | snaga | public | lineitem | i_l_shipdate          | 16457 |     5 |      5 |      5 |      4 |    16 |        | pg_default |
| 16427 | snaga | public | lineitem | i_l_suppkey_partkey   | 16457 |     0 |      0 |      0 |      1 |     4 |        | pg_default |
| 16430 | snaga | public | lineitem | i_l_partkey           | 16457 |     0 |      0 |      0 |      1 |     4 |        | pg_default |
| 16434 | snaga | public | lineitem | i_l_suppkey           | 16457 |     0 |      0 |      0 |      1 |     4 |        | pg_default |
| 16436 | snaga | public | lineitem | i_l_receiptdate       | 16457 |     0 |      0 |      0 |      1 |     4 |        | pg_default |
| 16437 | snaga | public | lineitem | i_l_orderkey          | 16457 |     0 |      0 |      0 |      1 |     4 |        | pg_default |
| 16438 | snaga | public | lineitem | i_l_orderkey_quantity | 16457 |     0 |      0 |      0 |      1 |     4 |        | pg_default |
| 16422 | snaga | public | nation   | pk_nation             |     2 | 10904 |  10904 |  10904 |      2 | 10907 |        | pg_default |
| 16445 | snaga | public | nation   | i_n_regionkey         |     2 |     0 |      0 |      0 |      1 |     4 |        | pg_default |
| 16440 | snaga | public | orders   | i_o_orderdate         |  4116 |     0 |      0 |      0 |      0 |     0 |        | pg_default |
| 16441 | snaga | public | orders   | i_o_custkey           |  4116 |     0 |      0 |      0 |      0 |     0 |        | pg_default |
| 16418 | snaga | public | orders   | pk_orders             |  4116 |     0 |      0 |      0 |      0 |     0 |        | pg_default |
| 16412 | snaga | public | part     | pk_part               |   551 |    24 | 800020 | 800020 |    551 |  1710 |        | pg_default |
| 16443 | snaga | public | partsupp | i_ps_partkey          |  2196 |  2736 |  10884 |  10884 |    456 |  7789 |        | pg_default |
| 16444 | snaga | public | partsupp | i_ps_suppkey          |  2196 |  7860 | 625640 | 625640 |   1554 | 23715 |        | pg_default |
| 16414 | snaga | public | partsupp | pk_partsupp           |  2196 |     0 |      0 |      0 |      1 |     4 |        | pg_default |
| 16424 | snaga | public | region   | pk_region             |     2 |    20 |     20 |     20 |      2 |    23 |        | pg_default |
| 16410 | snaga | public | supplier | pk_supplier           |    30 | 10904 |  10904 |  10904 |     30 | 21851 |        | pg_default |
| 16442 | snaga | public | supplier | i_s_nationkey         |    30 |     0 |      0 |      0 |      1 |     4 |        | pg_default |
+-------+-------+--------+----------+-----------------------+-------+-------+--------+--------+--------+-------+--------+------------+
Timing is on.
                                                                       QUERY PLAN                                                                       
--------------------------------------------------------------------------------------------------------------------------------------------------------
 Limit  (cost=267381.49..267381.51 rows=10 width=20) (actual time=1507.469..1507.471 rows=10 loops=1)
   ->  Sort  (cost=267381.49..268164.51 rows=313209 width=20) (actual time=1507.467..1507.467 rows=10 loops=1)
         Sort Key: (sum((lineitem.l_extendedprice * ('1'::double precision - lineitem.l_discount)))) DESC, orders.o_orderdate
         Sort Method: top-N heapsort  Memory: 25kB
         ->  HashAggregate  (cost=257481.06..260613.15 rows=313209 width=20) (actual time=1502.997..1506.175 rows=11416 loops=1)
               Group Key: lineitem.l_orderkey, orders.o_orderdate, orders.o_shippriority
               ->  Hash Join  (cost=55799.06..252782.93 rows=313209 width=20) (actual time=340.828..1491.363 rows=30309 loops=1)
                     Hash Cond: (lineitem.l_orderkey = orders.o_orderkey)
                     ->  Seq Scan on lineitem  (cost=0.00..181597.21 rows=3267884 width=12) (actual time=0.005..850.128 rows=3271974 loops=1)
                           Filter: (l_shipdate > '1995-03-03'::date)
                           Rows Removed by Filter: 2729241
                     ->  Hash  (cost=54001.97..54001.97 rows=143767 width=12) (actual time=340.095..340.095 rows=143659 loops=1)
                           Buckets: 262144  Batches: 1  Memory Usage: 8221kB
                           ->  Hash Join  (cost=5779.12..54001.97 rows=143767 width=12) (actual time=31.165..311.044 rows=143659 loops=1)
                                 Hash Cond: (orders.o_custkey = customer.c_custkey)
                                 ->  Seq Scan on orders  (cost=0.00..44076.00 rows=722447 width=16) (actual time=0.003..189.937 rows=719781 loops=1)
                                       Filter: (o_orderdate < '1995-03-03'::date)
                                       Rows Removed by Filter: 780219
                                 ->  Hash  (cost=5406.00..5406.00 rows=29850 width=4) (actual time=31.092..31.092 rows=29968 loops=1)
                                       Buckets: 32768  Batches: 1  Memory Usage: 1310kB
                                       ->  Seq Scan on customer  (cost=0.00..5406.00 rows=29850 width=4) (actual time=0.005..27.455 rows=29968 loops=1)
                                             Filter: (c_mktsegment = 'FURNITURE'::bpchar)
                                             Rows Removed by Filter: 120032
 Planning time: 0.827 ms
 Execution time: 1508.961 ms
(25 rows)

Time: 1511.333 ms
+-------+-------+--------+----------+--------+------+----------+---------+-------+-------+--------+---------+----------+---------------------+------------+
|  OID  | OWNER | SCHEMA |  TABLE   |  BLKS  | SCAN |  T_READ  |  T_INS  | T_UPD | T_DEL | B_READ |  B_HIT  | VACUUMED |       ANALYZED      | TABLESPACE |
+-------+-------+--------+----------+--------+------+----------+---------+-------+-------+--------+---------+----------+---------------------+------------+
| 16395 | snaga | public | customer |   3531 |    5 |   600000 |  150000 |     0 |     0 |   5016 |   31434 |          | 2015-07-16 01:41:13 | pg_default |
| 16401 | snaga | public | lineitem | 106583 |   17 | 90018225 | 6001215 |     0 |     0 | 211146 | 1785189 |          | 2015-07-16 01:41:14 | pg_default |
| 16404 | snaga | public | nation   |      1 |    8 |      175 |      25 |     0 |     0 |      1 |   10913 |          | 2015-07-16 01:41:14 | pg_default |
| 16398 | snaga | public | orders   |  25326 |    6 |  7500000 | 1500000 |     0 |     0 |  48612 |  233724 |          | 2015-07-16 01:41:13 | pg_default |
| 16389 | snaga | public | part     |   4064 |    2 |   400000 |  200000 |     0 |     0 |   6082 |   43094 |          | 2015-07-16 01:41:13 | pg_default |
| 16392 | snaga | public | partsupp |  17087 |    4 |  3200000 |  800000 |     0 |     0 |  32200 |  777126 |          | 2015-07-16 01:41:13 | pg_default |
| 16407 | snaga | public | region   |      1 | 2728 |    13610 |       5 |     0 |     0 |      1 |    2744 |          | 2015-07-16 01:41:14 | pg_default |
| 16386 | snaga | public | supplier |    218 |   12 |    70000 |   10000 |     0 |     0 |    220 |   13578 |          | 2015-07-16 01:41:12 | pg_default |
+-------+-------+--------+----------+--------+------+----------+---------+-------+-------+--------+---------+----------+---------------------+------------+
+-------+-------+--------+----------+-----------------------+-------+-------+--------+--------+--------+-------+--------+------------+
|  OID  | OWNER | SCHEMA |  TABLE   |         INDEX         |  BLKS |  SCAN | T_READ | T_FTCH | B_READ | B_HIT | STATUS | TABLESPACE |
+-------+-------+--------+----------+-----------------------+-------+-------+--------+--------+--------+-------+--------+------------+
| 16416 | snaga | public | customer | pk_customer           |   414 |     8 |      8 |      8 |      6 |    20 |        | pg_default |
| 16439 | snaga | public | customer | i_c_nationkey         |   414 |     0 |      0 |      0 |      1 |     1 |        | pg_default |
| 16446 | snaga | public | lineitem | i_l_commitdate        | 16457 |     0 |      0 |      0 |      1 |     6 |        | pg_default |
| 16420 | snaga | public | lineitem | pk_lineitem           | 16457 |     0 |      0 |      0 |      1 |     6 |        | pg_default |
| 16426 | snaga | public | lineitem | i_l_shipdate          | 16457 |     5 |      5 |      5 |      4 |    18 |        | pg_default |
| 16427 | snaga | public | lineitem | i_l_suppkey_partkey   | 16457 |     0 |      0 |      0 |      1 |     6 |        | pg_default |
| 16430 | snaga | public | lineitem | i_l_partkey           | 16457 |     0 |      0 |      0 |      1 |     6 |        | pg_default |
| 16434 | snaga | public | lineitem | i_l_suppkey           | 16457 |     0 |      0 |      0 |      1 |     6 |        | pg_default |
| 16436 | snaga | public | lineitem | i_l_receiptdate       | 16457 |     0 |      0 |      0 |      1 |     6 |        | pg_default |
| 16437 | snaga | public | lineitem | i_l_orderkey          | 16457 |     0 |      0 |      0 |      1 |     6 |        | pg_default |
| 16438 | snaga | public | lineitem | i_l_orderkey_quantity | 16457 |     4 |      4 |      4 |      6 |    13 |        | pg_default |
| 16422 | snaga | public | nation   | pk_nation             |     2 | 10904 |  10904 |  10904 |      2 | 10907 |        | pg_default |
| 16445 | snaga | public | nation   | i_n_regionkey         |     2 |     0 |      0 |      0 |      1 |     4 |        | pg_default |
| 16440 | snaga | public | orders   | i_o_orderdate         |  4116 |     0 |      0 |      0 |      1 |     1 |        | pg_default |
| 16441 | snaga | public | orders   | i_o_custkey           |  4116 |     8 |      8 |      8 |      6 |    20 |        | pg_default |
| 16418 | snaga | public | orders   | pk_orders             |  4116 |     4 |      4 |      4 |      6 |     8 |        | pg_default |
| 16412 | snaga | public | part     | pk_part               |   551 |    24 | 800020 | 800020 |    551 |  1710 |        | pg_default |
| 16443 | snaga | public | partsupp | i_ps_partkey          |  2196 |  2736 |  10884 |  10884 |    456 |  7789 |        | pg_default |
| 16444 | snaga | public | partsupp | i_ps_suppkey          |  2196 |  7860 | 625640 | 625640 |   1554 | 23715 |        | pg_default |
| 16414 | snaga | public | partsupp | pk_partsupp           |  2196 |     0 |      0 |      0 |      1 |     4 |        | pg_default |
| 16424 | snaga | public | region   | pk_region             |     2 |    20 |     20 |     20 |      2 |    23 |        | pg_default |
| 16410 | snaga | public | supplier | pk_supplier           |    30 | 10904 |  10904 |  10904 |     30 | 21851 |        | pg_default |
| 16442 | snaga | public | supplier | i_s_nationkey         |    30 |     0 |      0 |      0 |      1 |     4 |        | pg_default |
+-------+-------+--------+----------+-----------------------+-------+-------+--------+--------+--------+-------+--------+------------+
Timing is on.
                                                                       QUERY PLAN                                                                       
--------------------------------------------------------------------------------------------------------------------------------------------------------
 Limit  (cost=267381.49..267381.51 rows=10 width=20) (actual time=1510.960..1510.961 rows=10 loops=1)
   ->  Sort  (cost=267381.49..268164.51 rows=313209 width=20) (actual time=1510.958..1510.959 rows=10 loops=1)
         Sort Key: (sum((lineitem.l_extendedprice * ('1'::double precision - lineitem.l_discount)))) DESC, orders.o_orderdate
         Sort Method: top-N heapsort  Memory: 25kB
         ->  HashAggregate  (cost=257481.06..260613.15 rows=313209 width=20) (actual time=1506.437..1509.664 rows=11416 loops=1)
               Group Key: lineitem.l_orderkey, orders.o_orderdate, orders.o_shippriority
               ->  Hash Join  (cost=55799.06..252782.93 rows=313209 width=20) (actual time=342.199..1494.976 rows=30309 loops=1)
                     Hash Cond: (lineitem.l_orderkey = orders.o_orderkey)
                     ->  Seq Scan on lineitem  (cost=0.00..181597.21 rows=3267884 width=12) (actual time=0.004..850.848 rows=3271974 loops=1)
                           Filter: (l_shipdate > '1995-03-03'::date)
                           Rows Removed by Filter: 2729241
                     ->  Hash  (cost=54001.97..54001.97 rows=143767 width=12) (actual time=341.442..341.442 rows=143659 loops=1)
                           Buckets: 262144  Batches: 1  Memory Usage: 8221kB
                           ->  Hash Join  (cost=5779.12..54001.97 rows=143767 width=12) (actual time=31.216..312.090 rows=143659 loops=1)
                                 Hash Cond: (orders.o_custkey = customer.c_custkey)
                                 ->  Seq Scan on orders  (cost=0.00..44076.00 rows=722447 width=16) (actual time=0.004..190.380 rows=719781 loops=1)
                                       Filter: (o_orderdate < '1995-03-03'::date)
                                       Rows Removed by Filter: 780219
                                 ->  Hash  (cost=5406.00..5406.00 rows=29850 width=4) (actual time=31.141..31.141 rows=29968 loops=1)
                                       Buckets: 32768  Batches: 1  Memory Usage: 1310kB
                                       ->  Seq Scan on customer  (cost=0.00..5406.00 rows=29850 width=4) (actual time=0.006..27.344 rows=29968 loops=1)
                                             Filter: (c_mktsegment = 'FURNITURE'::bpchar)
                                             Rows Removed by Filter: 120032
 Planning time: 0.855 ms
 Execution time: 1512.456 ms
(25 rows)

Time: 1514.839 ms
+-------+-------+--------+----------+--------+------+----------+---------+-------+-------+--------+---------+----------+---------------------+------------+
|  OID  | OWNER | SCHEMA |  TABLE   |  BLKS  | SCAN |  T_READ  |  T_INS  | T_UPD | T_DEL | B_READ |  B_HIT  | VACUUMED |       ANALYZED      | TABLESPACE |
+-------+-------+--------+----------+--------+------+----------+---------+-------+-------+--------+---------+----------+---------------------+------------+
| 16395 | snaga | public | customer |   3531 |    6 |   750000 |  150000 |     0 |     0 |   5016 |   34969 |          | 2015-07-16 01:41:13 | pg_default |
| 16401 | snaga | public | lineitem | 106583 |   18 | 96019440 | 6001215 |     0 |     0 | 211146 | 1891774 |          | 2015-07-16 01:41:14 | pg_default |
| 16404 | snaga | public | nation   |      1 |    8 |      175 |      25 |     0 |     0 |      1 |   10913 |          | 2015-07-16 01:41:14 | pg_default |
| 16398 | snaga | public | orders   |  25326 |    7 |  9000000 | 1500000 |     0 |     0 |  48612 |  259056 |          | 2015-07-16 01:41:13 | pg_default |
| 16389 | snaga | public | part     |   4064 |    2 |   400000 |  200000 |     0 |     0 |   6082 |   43094 |          | 2015-07-16 01:41:13 | pg_default |
| 16392 | snaga | public | partsupp |  17087 |    4 |  3200000 |  800000 |     0 |     0 |  32200 |  777126 |          | 2015-07-16 01:41:13 | pg_default |
| 16407 | snaga | public | region   |      1 | 2728 |    13610 |       5 |     0 |     0 |      1 |    2744 |          | 2015-07-16 01:41:14 | pg_default |
| 16386 | snaga | public | supplier |    218 |   12 |    70000 |   10000 |     0 |     0 |    220 |   13578 |          | 2015-07-16 01:41:12 | pg_default |
+-------+-------+--------+----------+--------+------+----------+---------+-------+-------+--------+---------+----------+---------------------+------------+
+-------+-------+--------+----------+-----------------------+-------+-------+--------+--------+--------+-------+--------+------------+
|  OID  | OWNER | SCHEMA |  TABLE   |         INDEX         |  BLKS |  SCAN | T_READ | T_FTCH | B_READ | B_HIT | STATUS | TABLESPACE |
+-------+-------+--------+----------+-----------------------+-------+-------+--------+--------+--------+-------+--------+------------+
| 16416 | snaga | public | customer | pk_customer           |   414 |    12 |     12 |     12 |      6 |    33 |        | pg_default |
| 16439 | snaga | public | customer | i_c_nationkey         |   414 |     0 |      0 |      0 |      1 |     2 |        | pg_default |
| 16446 | snaga | public | lineitem | i_l_commitdate        | 16457 |     0 |      0 |      0 |      1 |     7 |        | pg_default |
| 16420 | snaga | public | lineitem | pk_lineitem           | 16457 |     0 |      0 |      0 |      1 |     7 |        | pg_default |
| 16426 | snaga | public | lineitem | i_l_shipdate          | 16457 |     5 |      5 |      5 |      4 |    19 |        | pg_default |
| 16427 | snaga | public | lineitem | i_l_suppkey_partkey   | 16457 |     0 |      0 |      0 |      1 |     7 |        | pg_default |
| 16430 | snaga | public | lineitem | i_l_partkey           | 16457 |     0 |      0 |      0 |      1 |     7 |        | pg_default |
| 16434 | snaga | public | lineitem | i_l_suppkey           | 16457 |     0 |      0 |      0 |      1 |     7 |        | pg_default |
| 16436 | snaga | public | lineitem | i_l_receiptdate       | 16457 |     0 |      0 |      0 |      1 |     7 |        | pg_default |
| 16437 | snaga | public | lineitem | i_l_orderkey          | 16457 |     0 |      0 |      0 |      1 |     7 |        | pg_default |
| 16438 | snaga | public | lineitem | i_l_orderkey_quantity | 16457 |     6 |      6 |      6 |      6 |    20 |        | pg_default |
| 16422 | snaga | public | nation   | pk_nation             |     2 | 10904 |  10904 |  10904 |      2 | 10907 |        | pg_default |
| 16445 | snaga | public | nation   | i_n_regionkey         |     2 |     0 |      0 |      0 |      1 |     4 |        | pg_default |
| 16440 | snaga | public | orders   | i_o_orderdate         |  4116 |     0 |      0 |      0 |      1 |     2 |        | pg_default |
| 16441 | snaga | public | orders   | i_o_custkey           |  4116 |    12 |     12 |     12 |      6 |    33 |        | pg_default |
| 16418 | snaga | public | orders   | pk_orders             |  4116 |     6 |      6 |      6 |      6 |    15 |        | pg_default |
| 16412 | snaga | public | part     | pk_part               |   551 |    24 | 800020 | 800020 |    551 |  1710 |        | pg_default |
| 16443 | snaga | public | partsupp | i_ps_partkey          |  2196 |  2736 |  10884 |  10884 |    456 |  7789 |        | pg_default |
| 16444 | snaga | public | partsupp | i_ps_suppkey          |  2196 |  7860 | 625640 | 625640 |   1554 | 23715 |        | pg_default |
| 16414 | snaga | public | partsupp | pk_partsupp           |  2196 |     0 |      0 |      0 |      1 |     4 |        | pg_default |
| 16424 | snaga | public | region   | pk_region             |     2 |    20 |     20 |     20 |      2 |    23 |        | pg_default |
| 16410 | snaga | public | supplier | pk_supplier           |    30 | 10904 |  10904 |  10904 |     30 | 21851 |        | pg_default |
| 16442 | snaga | public | supplier | i_s_nationkey         |    30 |     0 |      0 |      0 |      1 |     4 |        | pg_default |
+-------+-------+--------+----------+-----------------------+-------+-------+--------+--------+--------+-------+--------+------------+
Timing is on.
                                                                       QUERY PLAN                                                                       
--------------------------------------------------------------------------------------------------------------------------------------------------------
 Limit  (cost=267381.49..267381.51 rows=10 width=20) (actual time=1506.646..1506.648 rows=10 loops=1)
   ->  Sort  (cost=267381.49..268164.51 rows=313209 width=20) (actual time=1506.645..1506.646 rows=10 loops=1)
         Sort Key: (sum((lineitem.l_extendedprice * ('1'::double precision - lineitem.l_discount)))) DESC, orders.o_orderdate
         Sort Method: top-N heapsort  Memory: 25kB
         ->  HashAggregate  (cost=257481.06..260613.15 rows=313209 width=20) (actual time=1502.185..1505.353 rows=11416 loops=1)
               Group Key: lineitem.l_orderkey, orders.o_orderdate, orders.o_shippriority
               ->  Hash Join  (cost=55799.06..252782.93 rows=313209 width=20) (actual time=341.158..1490.819 rows=30309 loops=1)
                     Hash Cond: (lineitem.l_orderkey = orders.o_orderkey)
                     ->  Seq Scan on lineitem  (cost=0.00..181597.21 rows=3267884 width=12) (actual time=0.004..850.876 rows=3271974 loops=1)
                           Filter: (l_shipdate > '1995-03-03'::date)
                           Rows Removed by Filter: 2729241
                     ->  Hash  (cost=54001.97..54001.97 rows=143767 width=12) (actual time=340.425..340.425 rows=143659 loops=1)
                           Buckets: 262144  Batches: 1  Memory Usage: 8221kB
                           ->  Hash Join  (cost=5779.12..54001.97 rows=143767 width=12) (actual time=31.178..311.202 rows=143659 loops=1)
                                 Hash Cond: (orders.o_custkey = customer.c_custkey)
                                 ->  Seq Scan on orders  (cost=0.00..44076.00 rows=722447 width=16) (actual time=0.004..189.494 rows=719781 loops=1)
                                       Filter: (o_orderdate < '1995-03-03'::date)
                                       Rows Removed by Filter: 780219
                                 ->  Hash  (cost=5406.00..5406.00 rows=29850 width=4) (actual time=31.104..31.104 rows=29968 loops=1)
                                       Buckets: 32768  Batches: 1  Memory Usage: 1310kB
                                       ->  Seq Scan on customer  (cost=0.00..5406.00 rows=29850 width=4) (actual time=0.005..27.403 rows=29968 loops=1)
                                             Filter: (c_mktsegment = 'FURNITURE'::bpchar)
                                             Rows Removed by Filter: 120032
 Planning time: 0.826 ms
 Execution time: 1508.133 ms
(25 rows)

Time: 1510.514 ms
+-------+-------+--------+----------+--------+------+-----------+---------+-------+-------+--------+---------+----------+---------------------+------------+
|  OID  | OWNER | SCHEMA |  TABLE   |  BLKS  | SCAN |   T_READ  |  T_INS  | T_UPD | T_DEL | B_READ |  B_HIT  | VACUUMED |       ANALYZED      | TABLESPACE |
+-------+-------+--------+----------+--------+------+-----------+---------+-------+-------+--------+---------+----------+---------------------+------------+
| 16395 | snaga | public | customer |   3531 |    7 |    900000 |  150000 |     0 |     0 |   5016 |   38504 |          | 2015-07-16 01:41:13 | pg_default |
| 16401 | snaga | public | lineitem | 106583 |   19 | 102020655 | 6001215 |     0 |     0 | 211146 | 1998359 |          | 2015-07-16 01:41:14 | pg_default |
| 16404 | snaga | public | nation   |      1 |    8 |       175 |      25 |     0 |     0 |      1 |   10913 |          | 2015-07-16 01:41:14 | pg_default |
| 16398 | snaga | public | orders   |  25326 |    8 |  10500000 | 1500000 |     0 |     0 |  48612 |  284388 |          | 2015-07-16 01:41:13 | pg_default |
| 16389 | snaga | public | part     |   4064 |    2 |    400000 |  200000 |     0 |     0 |   6082 |   43094 |          | 2015-07-16 01:41:13 | pg_default |
| 16392 | snaga | public | partsupp |  17087 |    4 |   3200000 |  800000 |     0 |     0 |  32200 |  777126 |          | 2015-07-16 01:41:13 | pg_default |
| 16407 | snaga | public | region   |      1 | 2728 |     13610 |       5 |     0 |     0 |      1 |    2744 |          | 2015-07-16 01:41:14 | pg_default |
| 16386 | snaga | public | supplier |    218 |   12 |     70000 |   10000 |     0 |     0 |    220 |   13578 |          | 2015-07-16 01:41:12 | pg_default |
+-------+-------+--------+----------+--------+------+-----------+---------+-------+-------+--------+---------+----------+---------------------+------------+
+-------+-------+--------+----------+-----------------------+-------+-------+--------+--------+--------+-------+--------+------------+
|  OID  | OWNER | SCHEMA |  TABLE   |         INDEX         |  BLKS |  SCAN | T_READ | T_FTCH | B_READ | B_HIT | STATUS | TABLESPACE |
+-------+-------+--------+----------+-----------------------+-------+-------+--------+--------+--------+-------+--------+------------+
| 16416 | snaga | public | customer | pk_customer           |   414 |    16 |     16 |     16 |      6 |    46 |        | pg_default |
| 16439 | snaga | public | customer | i_c_nationkey         |   414 |     0 |      0 |      0 |      1 |     3 |        | pg_default |
| 16446 | snaga | public | lineitem | i_l_commitdate        | 16457 |     0 |      0 |      0 |      1 |     8 |        | pg_default |
| 16420 | snaga | public | lineitem | pk_lineitem           | 16457 |     0 |      0 |      0 |      1 |     8 |        | pg_default |
| 16426 | snaga | public | lineitem | i_l_shipdate          | 16457 |     5 |      5 |      5 |      4 |    20 |        | pg_default |
| 16427 | snaga | public | lineitem | i_l_suppkey_partkey   | 16457 |     0 |      0 |      0 |      1 |     8 |        | pg_default |
| 16430 | snaga | public | lineitem | i_l_partkey           | 16457 |     0 |      0 |      0 |      1 |     8 |        | pg_default |
| 16434 | snaga | public | lineitem | i_l_suppkey           | 16457 |     0 |      0 |      0 |      1 |     8 |        | pg_default |
| 16436 | snaga | public | lineitem | i_l_receiptdate       | 16457 |     0 |      0 |      0 |      1 |     8 |        | pg_default |
| 16437 | snaga | public | lineitem | i_l_orderkey          | 16457 |     0 |      0 |      0 |      1 |     8 |        | pg_default |
| 16438 | snaga | public | lineitem | i_l_orderkey_quantity | 16457 |     8 |      8 |      8 |      6 |    27 |        | pg_default |
| 16422 | snaga | public | nation   | pk_nation             |     2 | 10904 |  10904 |  10904 |      2 | 10907 |        | pg_default |
| 16445 | snaga | public | nation   | i_n_regionkey         |     2 |     0 |      0 |      0 |      1 |     4 |        | pg_default |
| 16440 | snaga | public | orders   | i_o_orderdate         |  4116 |     0 |      0 |      0 |      1 |     3 |        | pg_default |
| 16441 | snaga | public | orders   | i_o_custkey           |  4116 |    16 |     16 |     16 |      6 |    46 |        | pg_default |
| 16418 | snaga | public | orders   | pk_orders             |  4116 |     8 |      8 |      8 |      6 |    22 |        | pg_default |
| 16412 | snaga | public | part     | pk_part               |   551 |    24 | 800020 | 800020 |    551 |  1710 |        | pg_default |
| 16443 | snaga | public | partsupp | i_ps_partkey          |  2196 |  2736 |  10884 |  10884 |    456 |  7789 |        | pg_default |
| 16444 | snaga | public | partsupp | i_ps_suppkey          |  2196 |  7860 | 625640 | 625640 |   1554 | 23715 |        | pg_default |
| 16414 | snaga | public | partsupp | pk_partsupp           |  2196 |     0 |      0 |      0 |      1 |     4 |        | pg_default |
| 16424 | snaga | public | region   | pk_region             |     2 |    20 |     20 |     20 |      2 |    23 |        | pg_default |
| 16410 | snaga | public | supplier | pk_supplier           |    30 | 10904 |  10904 |  10904 |     30 | 21851 |        | pg_default |
| 16442 | snaga | public | supplier | i_s_nationkey         |    30 |     0 |      0 |      0 |      1 |     4 |        | pg_default |
+-------+-------+--------+----------+-----------------------+-------+-------+--------+--------+--------+-------+--------+------------+
Timing is on.
                                                                       QUERY PLAN                                                                       
--------------------------------------------------------------------------------------------------------------------------------------------------------
 Limit  (cost=267381.49..267381.51 rows=10 width=20) (actual time=1513.130..1513.132 rows=10 loops=1)
   ->  Sort  (cost=267381.49..268164.51 rows=313209 width=20) (actual time=1513.127..1513.128 rows=10 loops=1)
         Sort Key: (sum((lineitem.l_extendedprice * ('1'::double precision - lineitem.l_discount)))) DESC, orders.o_orderdate
         Sort Method: top-N heapsort  Memory: 25kB
         ->  HashAggregate  (cost=257481.06..260613.15 rows=313209 width=20) (actual time=1508.624..1511.782 rows=11416 loops=1)
               Group Key: lineitem.l_orderkey, orders.o_orderdate, orders.o_shippriority
               ->  Hash Join  (cost=55799.06..252782.93 rows=313209 width=20) (actual time=344.901..1497.107 rows=30309 loops=1)
                     Hash Cond: (lineitem.l_orderkey = orders.o_orderkey)
                     ->  Seq Scan on lineitem  (cost=0.00..181597.21 rows=3267884 width=12) (actual time=0.005..850.995 rows=3271974 loops=1)
                           Filter: (l_shipdate > '1995-03-03'::date)
                           Rows Removed by Filter: 2729241
                     ->  Hash  (cost=54001.97..54001.97 rows=143767 width=12) (actual time=344.170..344.170 rows=143659 loops=1)
                           Buckets: 262144  Batches: 1  Memory Usage: 8221kB
                           ->  Hash Join  (cost=5779.12..54001.97 rows=143767 width=12) (actual time=32.491..314.801 rows=143659 loops=1)
                                 Hash Cond: (orders.o_custkey = customer.c_custkey)
                                 ->  Seq Scan on orders  (cost=0.00..44076.00 rows=722447 width=16) (actual time=0.004..190.338 rows=719781 loops=1)
                                       Filter: (o_orderdate < '1995-03-03'::date)
                                       Rows Removed by Filter: 780219
                                 ->  Hash  (cost=5406.00..5406.00 rows=29850 width=4) (actual time=32.417..32.417 rows=29968 loops=1)
                                       Buckets: 32768  Batches: 1  Memory Usage: 1310kB
                                       ->  Seq Scan on customer  (cost=0.00..5406.00 rows=29850 width=4) (actual time=0.005..27.828 rows=29968 loops=1)
                                             Filter: (c_mktsegment = 'FURNITURE'::bpchar)
                                             Rows Removed by Filter: 120032
 Planning time: 0.833 ms
 Execution time: 1514.612 ms
(25 rows)

Time: 1516.965 ms
+-------+-------+--------+----------+--------+------+-----------+---------+-------+-------+--------+---------+----------+---------------------+------------+
|  OID  | OWNER | SCHEMA |  TABLE   |  BLKS  | SCAN |   T_READ  |  T_INS  | T_UPD | T_DEL | B_READ |  B_HIT  | VACUUMED |       ANALYZED      | TABLESPACE |
+-------+-------+--------+----------+--------+------+-----------+---------+-------+-------+--------+---------+----------+---------------------+------------+
| 16395 | snaga | public | customer |   3531 |    8 |   1050000 |  150000 |     0 |     0 |   5016 |   42039 |          | 2015-07-16 01:41:13 | pg_default |
| 16401 | snaga | public | lineitem | 106583 |   20 | 108021870 | 6001215 |     0 |     0 | 211146 | 2104944 |          | 2015-07-16 01:41:14 | pg_default |
| 16404 | snaga | public | nation   |      1 |    8 |       175 |      25 |     0 |     0 |      1 |   10913 |          | 2015-07-16 01:41:14 | pg_default |
| 16398 | snaga | public | orders   |  25326 |    9 |  12000000 | 1500000 |     0 |     0 |  48612 |  309720 |          | 2015-07-16 01:41:13 | pg_default |
| 16389 | snaga | public | part     |   4064 |    2 |    400000 |  200000 |     0 |     0 |   6082 |   43094 |          | 2015-07-16 01:41:13 | pg_default |
| 16392 | snaga | public | partsupp |  17087 |    4 |   3200000 |  800000 |     0 |     0 |  32200 |  777126 |          | 2015-07-16 01:41:13 | pg_default |
| 16407 | snaga | public | region   |      1 | 2728 |     13610 |       5 |     0 |     0 |      1 |    2744 |          | 2015-07-16 01:41:14 | pg_default |
| 16386 | snaga | public | supplier |    218 |   12 |     70000 |   10000 |     0 |     0 |    220 |   13578 |          | 2015-07-16 01:41:12 | pg_default |
+-------+-------+--------+----------+--------+------+-----------+---------+-------+-------+--------+---------+----------+---------------------+------------+
+-------+-------+--------+----------+-----------------------+-------+-------+--------+--------+--------+-------+--------+------------+
|  OID  | OWNER | SCHEMA |  TABLE   |         INDEX         |  BLKS |  SCAN | T_READ | T_FTCH | B_READ | B_HIT | STATUS | TABLESPACE |
+-------+-------+--------+----------+-----------------------+-------+-------+--------+--------+--------+-------+--------+------------+
| 16416 | snaga | public | customer | pk_customer           |   414 |    20 |     20 |     20 |      6 |    59 |        | pg_default |
| 16439 | snaga | public | customer | i_c_nationkey         |   414 |     0 |      0 |      0 |      1 |     4 |        | pg_default |
| 16446 | snaga | public | lineitem | i_l_commitdate        | 16457 |     0 |      0 |      0 |      1 |     9 |        | pg_default |
| 16420 | snaga | public | lineitem | pk_lineitem           | 16457 |     0 |      0 |      0 |      1 |     9 |        | pg_default |
| 16426 | snaga | public | lineitem | i_l_shipdate          | 16457 |     5 |      5 |      5 |      4 |    21 |        | pg_default |
| 16427 | snaga | public | lineitem | i_l_suppkey_partkey   | 16457 |     0 |      0 |      0 |      1 |     9 |        | pg_default |
| 16430 | snaga | public | lineitem | i_l_partkey           | 16457 |     0 |      0 |      0 |      1 |     9 |        | pg_default |
| 16434 | snaga | public | lineitem | i_l_suppkey           | 16457 |     0 |      0 |      0 |      1 |     9 |        | pg_default |
| 16436 | snaga | public | lineitem | i_l_receiptdate       | 16457 |     0 |      0 |      0 |      1 |     9 |        | pg_default |
| 16437 | snaga | public | lineitem | i_l_orderkey          | 16457 |     0 |      0 |      0 |      1 |     9 |        | pg_default |
| 16438 | snaga | public | lineitem | i_l_orderkey_quantity | 16457 |    10 |     10 |     10 |      6 |    34 |        | pg_default |
| 16422 | snaga | public | nation   | pk_nation             |     2 | 10904 |  10904 |  10904 |      2 | 10907 |        | pg_default |
| 16445 | snaga | public | nation   | i_n_regionkey         |     2 |     0 |      0 |      0 |      1 |     4 |        | pg_default |
| 16440 | snaga | public | orders   | i_o_orderdate         |  4116 |     0 |      0 |      0 |      1 |     4 |        | pg_default |
| 16441 | snaga | public | orders   | i_o_custkey           |  4116 |    20 |     20 |     20 |      6 |    59 |        | pg_default |
| 16418 | snaga | public | orders   | pk_orders             |  4116 |    10 |     10 |     10 |      6 |    29 |        | pg_default |
| 16412 | snaga | public | part     | pk_part               |   551 |    24 | 800020 | 800020 |    551 |  1710 |        | pg_default |
| 16443 | snaga | public | partsupp | i_ps_partkey          |  2196 |  2736 |  10884 |  10884 |    456 |  7789 |        | pg_default |
| 16444 | snaga | public | partsupp | i_ps_suppkey          |  2196 |  7860 | 625640 | 625640 |   1554 | 23715 |        | pg_default |
| 16414 | snaga | public | partsupp | pk_partsupp           |  2196 |     0 |      0 |      0 |      1 |     4 |        | pg_default |
| 16424 | snaga | public | region   | pk_region             |     2 |    20 |     20 |     20 |      2 |    23 |        | pg_default |
| 16410 | snaga | public | supplier | pk_supplier           |    30 | 10904 |  10904 |  10904 |     30 | 21851 |        | pg_default |
| 16442 | snaga | public | supplier | i_s_nationkey         |    30 |     0 |      0 |      0 |      1 |     4 |        | pg_default |
+-------+-------+--------+----------+-----------------------+-------+-------+--------+--------+--------+-------+--------+------------+
