                                                                                QUERY PLAN                                                                                 
---------------------------------------------------------------------------------------------------------------------------------------------------------------------------
 Sort  (cost=80291.74..80299.34 rows=3040 width=64)
   Sort Key: n1.n_name, n2.n_name, (date_part('year'::text, (lineitem.l_shipdate)::timestamp without time zone))
   ->  HashAggregate  (cost=80070.28..80115.88 rows=3040 width=64)
         Group Key: n1.n_name, n2.n_name, date_part('year'::text, (lineitem.l_shipdate)::timestamp without time zone)
         ->  Hash Join  (cost=27707.06..79979.57 rows=6047 width=64)
               Hash Cond: (lineitem.l_orderkey = orders.o_orderkey)
               Join Filter: (((n1.n_name = 'IRAQ'::bpchar) AND (n2.n_name = 'INDONESIA'::bpchar)) OR ((n1.n_name = 'INDONESIA'::bpchar) AND (n2.n_name = 'IRAQ'::bpchar)))
               ->  Nested Loop  (cost=0.72..51465.65 rows=145298 width=42)
                     ->  Nested Loop  (cost=0.29..794.03 rows=800 width=30)
                           Join Filter: (supplier.s_nationkey = n1.n_nationkey)
                           ->  Index Scan using pk_supplier on supplier  (cost=0.29..492.65 rows=10000 width=8)
                           ->  Materialize  (cost=0.00..1.39 rows=2 width=30)
                                 ->  Seq Scan on nation n1  (cost=0.00..1.38 rows=2 width=30)
                                       Filter: ((n_name = 'IRAQ'::bpchar) OR (n_name = 'INDONESIA'::bpchar))
                     ->  Index Scan using i_l_suppkey on lineitem  (cost=0.43..61.52 rows=182 width=20)
                           Index Cond: (l_suppkey = supplier.s_suppkey)
                           Filter: ((l_shipdate >= '1995-01-01'::date) AND (l_shipdate <= '1996-12-31'::date))
               ->  Hash  (cost=26206.34..26206.34 rows=120000 width=30)
                     ->  Nested Loop  (cost=1.83..26206.34 rows=120000 width=30)
                           ->  Hash Join  (cost=1.40..5714.90 rows=12000 width=30)
                                 Hash Cond: (customer.c_nationkey = n2.n_nationkey)
                                 ->  Seq Scan on customer  (cost=0.00..5031.00 rows=150000 width=8)
                                 ->  Hash  (cost=1.38..1.38 rows=2 width=30)
                                       ->  Seq Scan on nation n2  (cost=0.00..1.38 rows=2 width=30)
                                             Filter: ((n_name = 'INDONESIA'::bpchar) OR (n_name = 'IRAQ'::bpchar))
                           ->  Index Scan using i_o_custkey on orders  (cost=0.43..1.53 rows=18 width=8)
                                 Index Cond: (o_custkey = customer.c_custkey)
(27 rows)

+-------+-------+--------+----------+--------+------+-----------+---------+-------+-------+--------+---------+----------+---------------------+------------+
|  OID  | OWNER | SCHEMA |  TABLE   |  BLKS  | SCAN |   T_READ  |  T_INS  | T_UPD | T_DEL | B_READ |  B_HIT  | VACUUMED |       ANALYZED      | TABLESPACE |
+-------+-------+--------+----------+--------+------+-----------+---------+-------+-------+--------+---------+----------+---------------------+------------+
| 16395 | snaga | public | customer |   3531 |    8 |   1050000 |  150000 |     0 |     0 |   5016 |  100359 |          | 2015-07-16 01:41:13 | pg_default |
| 16401 | snaga | public | lineitem | 106583 |   20 | 108021870 | 6001215 |     0 |     0 | 211146 | 2885178 |          | 2015-07-16 01:41:14 | pg_default |
| 16404 | snaga | public | nation   |      1 |    8 |       175 |      25 |     0 |     0 |      1 |   10957 |          | 2015-07-16 01:41:14 | pg_default |
| 16398 | snaga | public | orders   |  25326 |    9 |  12000000 | 1500000 |     0 |     0 |  48612 |  502323 |          | 2015-07-16 01:41:13 | pg_default |
| 16389 | snaga | public | part     |   4064 |    2 |    400000 |  200000 |     0 |     0 |   6082 |   43094 |          | 2015-07-16 01:41:13 | pg_default |
| 16392 | snaga | public | partsupp |  17087 |    4 |   3200000 |  800000 |     0 |     0 |  32200 |  777126 |          | 2015-07-16 01:41:13 | pg_default |
| 16407 | snaga | public | region   |      1 | 2733 |     13630 |       5 |     0 |     0 |      1 |    2758 |          | 2015-07-16 01:41:14 | pg_default |
| 16386 | snaga | public | supplier |    218 |   17 |    110000 |   10000 |     0 |     0 |    220 |   14470 |          | 2015-07-16 01:41:12 | pg_default |
+-------+-------+--------+----------+--------+------+-----------+---------+-------+-------+--------+---------+----------+---------------------+------------+
+-------+-------+--------+----------+-----------------------+-------+--------+---------+--------+--------+---------+--------+------------+
|  OID  | OWNER | SCHEMA |  TABLE   |         INDEX         |  BLKS |  SCAN  |  T_READ | T_FTCH | B_READ |  B_HIT  | STATUS | TABLESPACE |
+-------+-------+--------+----------+-----------------------+-------+--------+---------+--------+--------+---------+--------+------------+
| 16416 | snaga | public | customer | pk_customer           |   414 |     40 |      40 |     40 |      6 |     124 |        | pg_default |
| 16439 | snaga | public | customer | i_c_nationkey         |   414 |     20 |  120788 |      0 |     89 |     309 |        | pg_default |
| 16446 | snaga | public | lineitem | i_l_commitdate        | 16457 |      0 |       0 |      0 |      1 |      24 |        | pg_default |
| 16420 | snaga | public | lineitem | pk_lineitem           | 16457 |      0 |       0 |      0 |      1 |      24 |        | pg_default |
| 16426 | snaga | public | lineitem | i_l_shipdate          | 16457 |      9 | 3645585 |      5 |   2497 |    7519 |        | pg_default |
| 16427 | snaga | public | lineitem | i_l_suppkey_partkey   | 16457 |      0 |       0 |      0 |      1 |      24 |        | pg_default |
| 16430 | snaga | public | lineitem | i_l_partkey           | 16457 |      0 |       0 |      0 |      1 |      24 |        | pg_default |
| 16434 | snaga | public | lineitem | i_l_suppkey           | 16457 |     20 |      20 |     20 |      6 |      79 |        | pg_default |
| 16436 | snaga | public | lineitem | i_l_receiptdate       | 16457 |      0 |       0 |      0 |      1 |      24 |        | pg_default |
| 16437 | snaga | public | lineitem | i_l_orderkey          | 16457 | 368420 |  889972 | 889972 |  16401 | 1091644 |        | pg_default |
| 16438 | snaga | public | lineitem | i_l_orderkey_quantity | 16457 |     40 |      40 |     40 |      6 |     139 |        | pg_default |
| 16422 | snaga | public | nation   | pk_nation             |     2 |  10948 |   11044 |  11044 |      2 |   10956 |        | pg_default |
| 16445 | snaga | public | nation   | i_n_regionkey         |     2 |      0 |       0 |      0 |      1 |       9 |        | pg_default |
| 16440 | snaga | public | orders   | i_o_orderdate         |  4116 |     13 |  915245 |      5 |    632 |    1922 |        | pg_default |
| 16441 | snaga | public | orders   | i_o_custkey           |  4116 |     40 |      40 |     40 |      6 |     129 |        | pg_default |
| 16418 | snaga | public | orders   | pk_orders             |  4116 |     40 |      40 |     40 |      6 |     129 |        | pg_default |
| 16412 | snaga | public | part     | pk_part               |   551 |     24 |  800020 | 800020 |    551 |    1710 |        | pg_default |
| 16443 | snaga | public | partsupp | i_ps_partkey          |  2196 |   2736 |   10884 |  10884 |    456 |    7789 |        | pg_default |
| 16444 | snaga | public | partsupp | i_ps_suppkey          |  2196 |   7860 |  625640 | 625640 |   1554 |   23715 |        | pg_default |
| 16414 | snaga | public | partsupp | pk_partsupp           |  2196 |      0 |       0 |      0 |      1 |       4 |        | pg_default |
| 16424 | snaga | public | region   | pk_region             |     2 |     30 |      30 |     30 |      2 |      38 |        | pg_default |
| 16410 | snaga | public | supplier | pk_supplier           |    30 |  10924 |   10924 |  10924 |     30 |   21896 |        | pg_default |
| 16442 | snaga | public | supplier | i_s_nationkey         |    30 |      0 |       0 |      0 |      1 |       9 |        | pg_default |
+-------+-------+--------+----------+-----------------------+-------+--------+---------+--------+--------+---------+--------+------------+
Timing is on.
                                                                                QUERY PLAN                                                                                 
---------------------------------------------------------------------------------------------------------------------------------------------------------------------------
 Sort  (cost=80291.74..80299.34 rows=3040 width=64) (actual time=756.007..756.008 rows=4 loops=1)
   Sort Key: n1.n_name, n2.n_name, (date_part('year'::text, (lineitem.l_shipdate)::timestamp without time zone))
   Sort Method: quicksort  Memory: 25kB
   ->  HashAggregate  (cost=80070.28..80115.88 rows=3040 width=64) (actual time=755.971..755.974 rows=4 loops=1)
         Group Key: n1.n_name, n2.n_name, date_part('year'::text, (lineitem.l_shipdate)::timestamp without time zone)
         ->  Hash Join  (cost=27707.06..79979.57 rows=6047 width=64) (actual time=201.040..752.550 rows=6244 loops=1)
               Hash Cond: (lineitem.l_orderkey = orders.o_orderkey)
               Join Filter: (((n1.n_name = 'IRAQ'::bpchar) AND (n2.n_name = 'INDONESIA'::bpchar)) OR ((n1.n_name = 'INDONESIA'::bpchar) AND (n2.n_name = 'IRAQ'::bpchar)))
               Rows Removed by Join Filter: 6297
               ->  Nested Loop  (cost=0.72..51465.65 rows=145298 width=42) (actual time=0.074..508.155 rows=153818 loops=1)
                     ->  Nested Loop  (cost=0.29..794.03 rows=800 width=30) (actual time=0.020..6.259 rows=843 loops=1)
                           Join Filter: (supplier.s_nationkey = n1.n_nationkey)
                           Rows Removed by Join Filter: 19157
                           ->  Index Scan using pk_supplier on supplier  (cost=0.29..492.65 rows=10000 width=8) (actual time=0.004..2.306 rows=10000 loops=1)
                           ->  Materialize  (cost=0.00..1.39 rows=2 width=30) (actual time=0.000..0.000 rows=2 loops=10000)
                                 ->  Seq Scan on nation n1  (cost=0.00..1.38 rows=2 width=30) (actual time=0.006..0.007 rows=2 loops=1)
                                       Filter: ((n_name = 'IRAQ'::bpchar) OR (n_name = 'INDONESIA'::bpchar))
                                       Rows Removed by Filter: 23
                     ->  Index Scan using i_l_suppkey on lineitem  (cost=0.43..61.52 rows=182 width=20) (actual time=0.012..0.577 rows=182 loops=843)
                           Index Cond: (l_suppkey = supplier.s_suppkey)
                           Filter: ((l_shipdate >= '1995-01-01'::date) AND (l_shipdate <= '1996-12-31'::date))
                           Rows Removed by Filter: 417
               ->  Hash  (cost=26206.34..26206.34 rows=120000 width=30) (actual time=200.631..200.631 rows=120279 loops=1)
                     Buckets: 131072  Batches: 1  Memory Usage: 8307kB
                     ->  Nested Loop  (cost=1.83..26206.34 rows=120000 width=30) (actual time=0.047..176.964 rows=120279 loops=1)
                           ->  Hash Join  (cost=1.40..5714.90 rows=12000 width=30) (actual time=0.028..31.083 rows=12124 loops=1)
                                 Hash Cond: (customer.c_nationkey = n2.n_nationkey)
                                 ->  Seq Scan on customer  (cost=0.00..5031.00 rows=150000 width=8) (actual time=0.002..16.845 rows=150000 loops=1)
                                 ->  Hash  (cost=1.38..1.38 rows=2 width=30) (actual time=0.007..0.007 rows=2 loops=1)
                                       Buckets: 1024  Batches: 1  Memory Usage: 9kB
                                       ->  Seq Scan on nation n2  (cost=0.00..1.38 rows=2 width=30) (actual time=0.002..0.004 rows=2 loops=1)
                                             Filter: ((n_name = 'INDONESIA'::bpchar) OR (n_name = 'IRAQ'::bpchar))
                                             Rows Removed by Filter: 23
                           ->  Index Scan using i_o_custkey on orders  (cost=0.43..1.53 rows=18 width=8) (actual time=0.003..0.011 rows=10 loops=12124)
                                 Index Cond: (o_custkey = customer.c_custkey)
 Planning time: 1.598 ms
 Execution time: 756.242 ms
(37 rows)

Time: 759.592 ms
+-------+-------+--------+----------+--------+------+-----------+---------+-------+-------+--------+---------+----------+---------------------+------------+
|  OID  | OWNER | SCHEMA |  TABLE   |  BLKS  | SCAN |   T_READ  |  T_INS  | T_UPD | T_DEL | B_READ |  B_HIT  | VACUUMED |       ANALYZED      | TABLESPACE |
+-------+-------+--------+----------+--------+------+-----------+---------+-------+-------+--------+---------+----------+---------------------+------------+
| 16395 | snaga | public | customer |   3531 |   10 |   1200000 |  150000 |     0 |     0 |   5016 |  103898 |          | 2015-07-16 01:41:13 | pg_default |
| 16401 | snaga | public | lineitem | 106583 |   20 | 108021870 | 6001215 |     0 |     0 | 211146 | 3389186 |          | 2015-07-16 01:41:14 | pg_default |
| 16404 | snaga | public | nation   |      1 |   12 |       225 |      25 |     0 |     0 |      1 |   10975 |          | 2015-07-16 01:41:14 | pg_default |
| 16398 | snaga | public | orders   |  25326 |    9 |  12000000 | 1500000 |     0 |     0 |  48612 |  622589 |          | 2015-07-16 01:41:13 | pg_default |
| 16389 | snaga | public | part     |   4064 |    2 |    400000 |  200000 |     0 |     0 |   6082 |   43094 |          | 2015-07-16 01:41:13 | pg_default |
| 16392 | snaga | public | partsupp |  17087 |    4 |   3200000 |  800000 |     0 |     0 |  32200 |  777126 |          | 2015-07-16 01:41:13 | pg_default |
| 16407 | snaga | public | region   |      1 | 2733 |     13630 |       5 |     0 |     0 |      1 |    2758 |          | 2015-07-16 01:41:14 | pg_default |
| 16386 | snaga | public | supplier |    218 |   17 |    110000 |   10000 |     0 |     0 |    220 |   14727 |          | 2015-07-16 01:41:12 | pg_default |
+-------+-------+--------+----------+--------+------+-----------+---------+-------+-------+--------+---------+----------+---------------------+------------+
+-------+-------+--------+----------+-----------------------+-------+--------+---------+--------+--------+---------+--------+------------+
|  OID  | OWNER | SCHEMA |  TABLE   |         INDEX         |  BLKS |  SCAN  |  T_READ | T_FTCH | B_READ |  B_HIT  | STATUS | TABLESPACE |
+-------+-------+--------+----------+-----------------------+-------+--------+---------+--------+--------+---------+--------+------------+
| 16416 | snaga | public | customer | pk_customer           |   414 |     48 |      48 |     48 |      6 |     150 |        | pg_default |
| 16439 | snaga | public | customer | i_c_nationkey         |   414 |     20 |  120788 |      0 |     89 |     311 |        | pg_default |
| 16446 | snaga | public | lineitem | i_l_commitdate        | 16457 |      0 |       0 |      0 |      1 |      26 |        | pg_default |
| 16420 | snaga | public | lineitem | pk_lineitem           | 16457 |      0 |       0 |      0 |      1 |      26 |        | pg_default |
| 16426 | snaga | public | lineitem | i_l_shipdate          | 16457 |      9 | 3645585 |      5 |   2497 |    7521 |        | pg_default |
| 16427 | snaga | public | lineitem | i_l_suppkey_partkey   | 16457 |      0 |       0 |      0 |      1 |      26 |        | pg_default |
| 16430 | snaga | public | lineitem | i_l_partkey           | 16457 |      0 |       0 |      0 |      1 |      26 |        | pg_default |
| 16434 | snaga | public | lineitem | i_l_suppkey           | 16457 |    871 |  505457 | 505457 |   2246 |    1804 |        | pg_default |
| 16436 | snaga | public | lineitem | i_l_receiptdate       | 16457 |      0 |       0 |      0 |      1 |      26 |        | pg_default |
| 16437 | snaga | public | lineitem | i_l_orderkey          | 16457 | 368420 |  889972 | 889972 |  16401 | 1091646 |        | pg_default |
| 16438 | snaga | public | lineitem | i_l_orderkey_quantity | 16457 |     48 |      48 |     48 |      6 |     165 |        | pg_default |
| 16422 | snaga | public | nation   | pk_nation             |     2 |  10964 |   11060 |  11060 |      2 |   10974 |        | pg_default |
| 16445 | snaga | public | nation   | i_n_regionkey         |     2 |      0 |       0 |      0 |      1 |      11 |        | pg_default |
| 16440 | snaga | public | orders   | i_o_orderdate         |  4116 |     13 |  915245 |      5 |    632 |    1924 |        | pg_default |
| 16441 | snaga | public | orders   | i_o_custkey           |  4116 |  12172 |  120327 | 120327 |   3943 |   32965 |        | pg_default |
| 16418 | snaga | public | orders   | pk_orders             |  4116 |     48 |      48 |     48 |      6 |     155 |        | pg_default |
| 16412 | snaga | public | part     | pk_part               |   551 |     24 |  800020 | 800020 |    551 |    1710 |        | pg_default |
| 16443 | snaga | public | partsupp | i_ps_partkey          |  2196 |   2736 |   10884 |  10884 |    456 |    7789 |        | pg_default |
| 16444 | snaga | public | partsupp | i_ps_suppkey          |  2196 |   7860 |  625640 | 625640 |   1554 |   23715 |        | pg_default |
| 16414 | snaga | public | partsupp | pk_partsupp           |  2196 |      0 |       0 |      0 |      1 |       4 |        | pg_default |
| 16424 | snaga | public | region   | pk_region             |     2 |     30 |      30 |     30 |      2 |      38 |        | pg_default |
| 16410 | snaga | public | supplier | pk_supplier           |    30 |  10933 |   20932 |  20932 |     30 |   21943 |        | pg_default |
| 16442 | snaga | public | supplier | i_s_nationkey         |    30 |      0 |       0 |      0 |      1 |      11 |        | pg_default |
+-------+-------+--------+----------+-----------------------+-------+--------+---------+--------+--------+---------+--------+------------+
Timing is on.
                                                                                QUERY PLAN                                                                                 
---------------------------------------------------------------------------------------------------------------------------------------------------------------------------
 Sort  (cost=80291.74..80299.34 rows=3040 width=64) (actual time=730.231..730.231 rows=4 loops=1)
   Sort Key: n1.n_name, n2.n_name, (date_part('year'::text, (lineitem.l_shipdate)::timestamp without time zone))
   Sort Method: quicksort  Memory: 25kB
   ->  HashAggregate  (cost=80070.28..80115.88 rows=3040 width=64) (actual time=730.195..730.197 rows=4 loops=1)
         Group Key: n1.n_name, n2.n_name, date_part('year'::text, (lineitem.l_shipdate)::timestamp without time zone)
         ->  Hash Join  (cost=27707.06..79979.57 rows=6047 width=64) (actual time=184.781..726.927 rows=6244 loops=1)
               Hash Cond: (lineitem.l_orderkey = orders.o_orderkey)
               Join Filter: (((n1.n_name = 'IRAQ'::bpchar) AND (n2.n_name = 'INDONESIA'::bpchar)) OR ((n1.n_name = 'INDONESIA'::bpchar) AND (n2.n_name = 'IRAQ'::bpchar)))
               Rows Removed by Join Filter: 6297
               ->  Nested Loop  (cost=0.72..51465.65 rows=145298 width=42) (actual time=0.066..499.085 rows=153818 loops=1)
                     ->  Nested Loop  (cost=0.29..794.03 rows=800 width=30) (actual time=0.020..6.243 rows=843 loops=1)
                           Join Filter: (supplier.s_nationkey = n1.n_nationkey)
                           Rows Removed by Join Filter: 19157
                           ->  Index Scan using pk_supplier on supplier  (cost=0.29..492.65 rows=10000 width=8) (actual time=0.004..2.359 rows=10000 loops=1)
                           ->  Materialize  (cost=0.00..1.39 rows=2 width=30) (actual time=0.000..0.000 rows=2 loops=10000)
                                 ->  Seq Scan on nation n1  (cost=0.00..1.38 rows=2 width=30) (actual time=0.006..0.008 rows=2 loops=1)
                                       Filter: ((n_name = 'IRAQ'::bpchar) OR (n_name = 'INDONESIA'::bpchar))
                                       Rows Removed by Filter: 23
                     ->  Index Scan using i_l_suppkey on lineitem  (cost=0.43..61.52 rows=182 width=20) (actual time=0.009..0.566 rows=182 loops=843)
                           Index Cond: (l_suppkey = supplier.s_suppkey)
                           Filter: ((l_shipdate >= '1995-01-01'::date) AND (l_shipdate <= '1996-12-31'::date))
                           Rows Removed by Filter: 417
               ->  Hash  (cost=26206.34..26206.34 rows=120000 width=30) (actual time=184.380..184.380 rows=120279 loops=1)
                     Buckets: 131072  Batches: 1  Memory Usage: 8307kB
                     ->  Nested Loop  (cost=1.83..26206.34 rows=120000 width=30) (actual time=0.042..161.477 rows=120279 loops=1)
                           ->  Hash Join  (cost=1.40..5714.90 rows=12000 width=30) (actual time=0.028..30.654 rows=12124 loops=1)
                                 Hash Cond: (customer.c_nationkey = n2.n_nationkey)
                                 ->  Seq Scan on customer  (cost=0.00..5031.00 rows=150000 width=8) (actual time=0.002..16.484 rows=150000 loops=1)
                                 ->  Hash  (cost=1.38..1.38 rows=2 width=30) (actual time=0.008..0.008 rows=2 loops=1)
                                       Buckets: 1024  Batches: 1  Memory Usage: 9kB
                                       ->  Seq Scan on nation n2  (cost=0.00..1.38 rows=2 width=30) (actual time=0.003..0.006 rows=2 loops=1)
                                             Filter: ((n_name = 'INDONESIA'::bpchar) OR (n_name = 'IRAQ'::bpchar))
                                             Rows Removed by Filter: 23
                           ->  Index Scan using i_o_custkey on orders  (cost=0.43..1.53 rows=18 width=8) (actual time=0.002..0.010 rows=10 loops=12124)
                                 Index Cond: (o_custkey = customer.c_custkey)
 Planning time: 1.600 ms
 Execution time: 730.432 ms
(37 rows)

Time: 733.778 ms
+-------+-------+--------+----------+--------+------+-----------+---------+-------+-------+--------+---------+----------+---------------------+------------+
|  OID  | OWNER | SCHEMA |  TABLE   |  BLKS  | SCAN |   T_READ  |  T_INS  | T_UPD | T_DEL | B_READ |  B_HIT  | VACUUMED |       ANALYZED      | TABLESPACE |
+-------+-------+--------+----------+--------+------+-----------+---------+-------+-------+--------+---------+----------+---------------------+------------+
| 16395 | snaga | public | customer |   3531 |   11 |   1350000 |  150000 |     0 |     0 |   5016 |  107433 |          | 2015-07-16 01:41:13 | pg_default |
| 16401 | snaga | public | lineitem | 106583 |   20 | 108021870 | 6001215 |     0 |     0 | 211146 | 3893186 |          | 2015-07-16 01:41:14 | pg_default |
| 16404 | snaga | public | nation   |      1 |   14 |       275 |      25 |     0 |     0 |      1 |   10985 |          | 2015-07-16 01:41:14 | pg_default |
| 16398 | snaga | public | orders   |  25326 |    9 |  12000000 | 1500000 |     0 |     0 |  48612 |  742847 |          | 2015-07-16 01:41:13 | pg_default |
| 16389 | snaga | public | part     |   4064 |    2 |    400000 |  200000 |     0 |     0 |   6082 |   43094 |          | 2015-07-16 01:41:13 | pg_default |
| 16392 | snaga | public | partsupp |  17087 |    4 |   3200000 |  800000 |     0 |     0 |  32200 |  777126 |          | 2015-07-16 01:41:13 | pg_default |
| 16407 | snaga | public | region   |      1 | 2733 |     13630 |       5 |     0 |     0 |      1 |    2758 |          | 2015-07-16 01:41:14 | pg_default |
| 16386 | snaga | public | supplier |    218 |   17 |    110000 |   10000 |     0 |     0 |    220 |   14980 |          | 2015-07-16 01:41:12 | pg_default |
+-------+-------+--------+----------+--------+------+-----------+---------+-------+-------+--------+---------+----------+---------------------+------------+
+-------+-------+--------+----------+-----------------------+-------+--------+---------+---------+--------+---------+--------+------------+
|  OID  | OWNER | SCHEMA |  TABLE   |         INDEX         |  BLKS |  SCAN  |  T_READ |  T_FTCH | B_READ |  B_HIT  | STATUS | TABLESPACE |
+-------+-------+--------+----------+-----------------------+-------+--------+---------+---------+--------+---------+--------+------------+
| 16416 | snaga | public | customer | pk_customer           |   414 |     52 |      52 |      52 |      6 |     163 |        | pg_default |
| 16439 | snaga | public | customer | i_c_nationkey         |   414 |     20 |  120788 |       0 |     89 |     312 |        | pg_default |
| 16446 | snaga | public | lineitem | i_l_commitdate        | 16457 |      0 |       0 |       0 |      1 |      27 |        | pg_default |
| 16420 | snaga | public | lineitem | pk_lineitem           | 16457 |      0 |       0 |       0 |      1 |      27 |        | pg_default |
| 16426 | snaga | public | lineitem | i_l_shipdate          | 16457 |      9 | 3645585 |       5 |   2497 |    7522 |        | pg_default |
| 16427 | snaga | public | lineitem | i_l_suppkey_partkey   | 16457 |      0 |       0 |       0 |      1 |      27 |        | pg_default |
| 16430 | snaga | public | lineitem | i_l_partkey           | 16457 |      0 |       0 |       0 |      1 |      27 |        | pg_default |
| 16434 | snaga | public | lineitem | i_l_suppkey           | 16457 |   1718 | 1010890 | 1010890 |   2246 |    5756 |        | pg_default |
| 16436 | snaga | public | lineitem | i_l_receiptdate       | 16457 |      0 |       0 |       0 |      1 |      27 |        | pg_default |
| 16437 | snaga | public | lineitem | i_l_orderkey          | 16457 | 368420 |  889972 |  889972 |  16401 | 1091647 |        | pg_default |
| 16438 | snaga | public | lineitem | i_l_orderkey_quantity | 16457 |     52 |      52 |      52 |      6 |     178 |        | pg_default |
| 16422 | snaga | public | nation   | pk_nation             |     2 |  10972 |   11068 |   11068 |      2 |   10983 |        | pg_default |
| 16445 | snaga | public | nation   | i_n_regionkey         |     2 |      0 |       0 |       0 |      1 |      12 |        | pg_default |
| 16440 | snaga | public | orders   | i_o_orderdate         |  4116 |     13 |  915245 |       5 |    632 |    1925 |        | pg_default |
| 16441 | snaga | public | orders   | i_o_custkey           |  4116 |  24300 |  240610 |  240610 |   3943 |   69725 |        | pg_default |
| 16418 | snaga | public | orders   | pk_orders             |  4116 |     52 |      52 |      52 |      6 |     168 |        | pg_default |
| 16412 | snaga | public | part     | pk_part               |   551 |     24 |  800020 |  800020 |    551 |    1710 |        | pg_default |
| 16443 | snaga | public | partsupp | i_ps_partkey          |  2196 |   2736 |   10884 |   10884 |    456 |    7789 |        | pg_default |
| 16444 | snaga | public | partsupp | i_ps_suppkey          |  2196 |   7860 |  625640 |  625640 |   1554 |   23715 |        | pg_default |
| 16414 | snaga | public | partsupp | pk_partsupp           |  2196 |      0 |       0 |       0 |      1 |       4 |        | pg_default |
| 16424 | snaga | public | region   | pk_region             |     2 |     30 |      30 |      30 |      2 |      38 |        | pg_default |
| 16410 | snaga | public | supplier | pk_supplier           |    30 |  10938 |   30936 |   30936 |     30 |   21981 |        | pg_default |
| 16442 | snaga | public | supplier | i_s_nationkey         |    30 |      0 |       0 |       0 |      1 |      12 |        | pg_default |
+-------+-------+--------+----------+-----------------------+-------+--------+---------+---------+--------+---------+--------+------------+
Timing is on.
                                                                                QUERY PLAN                                                                                 
---------------------------------------------------------------------------------------------------------------------------------------------------------------------------
 Sort  (cost=80291.74..80299.34 rows=3040 width=64) (actual time=730.838..730.838 rows=4 loops=1)
   Sort Key: n1.n_name, n2.n_name, (date_part('year'::text, (lineitem.l_shipdate)::timestamp without time zone))
   Sort Method: quicksort  Memory: 25kB
   ->  HashAggregate  (cost=80070.28..80115.88 rows=3040 width=64) (actual time=730.801..730.804 rows=4 loops=1)
         Group Key: n1.n_name, n2.n_name, date_part('year'::text, (lineitem.l_shipdate)::timestamp without time zone)
         ->  Hash Join  (cost=27707.06..79979.57 rows=6047 width=64) (actual time=184.638..727.513 rows=6244 loops=1)
               Hash Cond: (lineitem.l_orderkey = orders.o_orderkey)
               Join Filter: (((n1.n_name = 'IRAQ'::bpchar) AND (n2.n_name = 'INDONESIA'::bpchar)) OR ((n1.n_name = 'INDONESIA'::bpchar) AND (n2.n_name = 'IRAQ'::bpchar)))
               Rows Removed by Join Filter: 6297
               ->  Nested Loop  (cost=0.72..51465.65 rows=145298 width=42) (actual time=0.065..499.691 rows=153818 loops=1)
                     ->  Nested Loop  (cost=0.29..794.03 rows=800 width=30) (actual time=0.020..6.234 rows=843 loops=1)
                           Join Filter: (supplier.s_nationkey = n1.n_nationkey)
                           Rows Removed by Join Filter: 19157
                           ->  Index Scan using pk_supplier on supplier  (cost=0.29..492.65 rows=10000 width=8) (actual time=0.004..2.251 rows=10000 loops=1)
                           ->  Materialize  (cost=0.00..1.39 rows=2 width=30) (actual time=0.000..0.000 rows=2 loops=10000)
                                 ->  Seq Scan on nation n1  (cost=0.00..1.38 rows=2 width=30) (actual time=0.006..0.009 rows=2 loops=1)
                                       Filter: ((n_name = 'IRAQ'::bpchar) OR (n_name = 'INDONESIA'::bpchar))
                                       Rows Removed by Filter: 23
                     ->  Index Scan using i_l_suppkey on lineitem  (cost=0.43..61.52 rows=182 width=20) (actual time=0.009..0.567 rows=182 loops=843)
                           Index Cond: (l_suppkey = supplier.s_suppkey)
                           Filter: ((l_shipdate >= '1995-01-01'::date) AND (l_shipdate <= '1996-12-31'::date))
                           Rows Removed by Filter: 417
               ->  Hash  (cost=26206.34..26206.34 rows=120000 width=30) (actual time=184.238..184.238 rows=120279 loops=1)
                     Buckets: 131072  Batches: 1  Memory Usage: 8307kB
                     ->  Nested Loop  (cost=1.83..26206.34 rows=120000 width=30) (actual time=0.041..161.606 rows=120279 loops=1)
                           ->  Hash Join  (cost=1.40..5714.90 rows=12000 width=30) (actual time=0.025..30.606 rows=12124 loops=1)
                                 Hash Cond: (customer.c_nationkey = n2.n_nationkey)
                                 ->  Seq Scan on customer  (cost=0.00..5031.00 rows=150000 width=8) (actual time=0.003..16.528 rows=150000 loops=1)
                                 ->  Hash  (cost=1.38..1.38 rows=2 width=30) (actual time=0.008..0.008 rows=2 loops=1)
                                       Buckets: 1024  Batches: 1  Memory Usage: 9kB
                                       ->  Seq Scan on nation n2  (cost=0.00..1.38 rows=2 width=30) (actual time=0.003..0.006 rows=2 loops=1)
                                             Filter: ((n_name = 'INDONESIA'::bpchar) OR (n_name = 'IRAQ'::bpchar))
                                             Rows Removed by Filter: 23
                           ->  Index Scan using i_o_custkey on orders  (cost=0.43..1.53 rows=18 width=8) (actual time=0.002..0.010 rows=10 loops=12124)
                                 Index Cond: (o_custkey = customer.c_custkey)
 Planning time: 1.602 ms
 Execution time: 731.034 ms
(37 rows)

Time: 734.343 ms
+-------+-------+--------+----------+--------+------+-----------+---------+-------+-------+--------+---------+----------+---------------------+------------+
|  OID  | OWNER | SCHEMA |  TABLE   |  BLKS  | SCAN |   T_READ  |  T_INS  | T_UPD | T_DEL | B_READ |  B_HIT  | VACUUMED |       ANALYZED      | TABLESPACE |
+-------+-------+--------+----------+--------+------+-----------+---------+-------+-------+--------+---------+----------+---------------------+------------+
| 16395 | snaga | public | customer |   3531 |   11 |   1350000 |  150000 |     0 |     0 |   5016 |  107433 |          | 2015-07-16 01:41:13 | pg_default |
| 16401 | snaga | public | lineitem | 106583 |   20 | 108021870 | 6001215 |     0 |     0 | 211146 | 3893186 |          | 2015-07-16 01:41:14 | pg_default |
| 16404 | snaga | public | nation   |      1 |   14 |       275 |      25 |     0 |     0 |      1 |   10985 |          | 2015-07-16 01:41:14 | pg_default |
| 16398 | snaga | public | orders   |  25326 |    9 |  12000000 | 1500000 |     0 |     0 |  48612 |  742847 |          | 2015-07-16 01:41:13 | pg_default |
| 16389 | snaga | public | part     |   4064 |    2 |    400000 |  200000 |     0 |     0 |   6082 |   43094 |          | 2015-07-16 01:41:13 | pg_default |
| 16392 | snaga | public | partsupp |  17087 |    4 |   3200000 |  800000 |     0 |     0 |  32200 |  777126 |          | 2015-07-16 01:41:13 | pg_default |
| 16407 | snaga | public | region   |      1 | 2733 |     13630 |       5 |     0 |     0 |      1 |    2758 |          | 2015-07-16 01:41:14 | pg_default |
| 16386 | snaga | public | supplier |    218 |   17 |    110000 |   10000 |     0 |     0 |    220 |   14980 |          | 2015-07-16 01:41:12 | pg_default |
+-------+-------+--------+----------+--------+------+-----------+---------+-------+-------+--------+---------+----------+---------------------+------------+
+-------+-------+--------+----------+-----------------------+-------+--------+---------+---------+--------+---------+--------+------------+
|  OID  | OWNER | SCHEMA |  TABLE   |         INDEX         |  BLKS |  SCAN  |  T_READ |  T_FTCH | B_READ |  B_HIT  | STATUS | TABLESPACE |
+-------+-------+--------+----------+-----------------------+-------+--------+---------+---------+--------+---------+--------+------------+
| 16416 | snaga | public | customer | pk_customer           |   414 |     52 |      52 |      52 |      6 |     163 |        | pg_default |
| 16439 | snaga | public | customer | i_c_nationkey         |   414 |     20 |  120788 |       0 |     89 |     312 |        | pg_default |
| 16446 | snaga | public | lineitem | i_l_commitdate        | 16457 |      0 |       0 |       0 |      1 |      27 |        | pg_default |
| 16420 | snaga | public | lineitem | pk_lineitem           | 16457 |      0 |       0 |       0 |      1 |      27 |        | pg_default |
| 16426 | snaga | public | lineitem | i_l_shipdate          | 16457 |      9 | 3645585 |       5 |   2497 |    7522 |        | pg_default |
| 16427 | snaga | public | lineitem | i_l_suppkey_partkey   | 16457 |      0 |       0 |       0 |      1 |      27 |        | pg_default |
| 16430 | snaga | public | lineitem | i_l_partkey           | 16457 |      0 |       0 |       0 |      1 |      27 |        | pg_default |
| 16434 | snaga | public | lineitem | i_l_suppkey           | 16457 |   1718 | 1010890 | 1010890 |   2246 |    5756 |        | pg_default |
| 16436 | snaga | public | lineitem | i_l_receiptdate       | 16457 |      0 |       0 |       0 |      1 |      27 |        | pg_default |
| 16437 | snaga | public | lineitem | i_l_orderkey          | 16457 | 368420 |  889972 |  889972 |  16401 | 1091647 |        | pg_default |
| 16438 | snaga | public | lineitem | i_l_orderkey_quantity | 16457 |     52 |      52 |      52 |      6 |     178 |        | pg_default |
| 16422 | snaga | public | nation   | pk_nation             |     2 |  10972 |   11068 |   11068 |      2 |   10983 |        | pg_default |
| 16445 | snaga | public | nation   | i_n_regionkey         |     2 |      0 |       0 |       0 |      1 |      12 |        | pg_default |
| 16440 | snaga | public | orders   | i_o_orderdate         |  4116 |     13 |  915245 |       5 |    632 |    1925 |        | pg_default |
| 16441 | snaga | public | orders   | i_o_custkey           |  4116 |  24300 |  240610 |  240610 |   3943 |   69725 |        | pg_default |
| 16418 | snaga | public | orders   | pk_orders             |  4116 |     52 |      52 |      52 |      6 |     168 |        | pg_default |
| 16412 | snaga | public | part     | pk_part               |   551 |     24 |  800020 |  800020 |    551 |    1710 |        | pg_default |
| 16443 | snaga | public | partsupp | i_ps_partkey          |  2196 |   2736 |   10884 |   10884 |    456 |    7789 |        | pg_default |
| 16444 | snaga | public | partsupp | i_ps_suppkey          |  2196 |   7860 |  625640 |  625640 |   1554 |   23715 |        | pg_default |
| 16414 | snaga | public | partsupp | pk_partsupp           |  2196 |      0 |       0 |       0 |      1 |       4 |        | pg_default |
| 16424 | snaga | public | region   | pk_region             |     2 |     30 |      30 |      30 |      2 |      38 |        | pg_default |
| 16410 | snaga | public | supplier | pk_supplier           |    30 |  10938 |   30936 |   30936 |     30 |   21981 |        | pg_default |
| 16442 | snaga | public | supplier | i_s_nationkey         |    30 |      0 |       0 |       0 |      1 |      12 |        | pg_default |
+-------+-------+--------+----------+-----------------------+-------+--------+---------+---------+--------+---------+--------+------------+
Timing is on.
                                                                                QUERY PLAN                                                                                 
---------------------------------------------------------------------------------------------------------------------------------------------------------------------------
 Sort  (cost=80291.74..80299.34 rows=3040 width=64) (actual time=735.209..735.210 rows=4 loops=1)
   Sort Key: n1.n_name, n2.n_name, (date_part('year'::text, (lineitem.l_shipdate)::timestamp without time zone))
   Sort Method: quicksort  Memory: 25kB
   ->  HashAggregate  (cost=80070.28..80115.88 rows=3040 width=64) (actual time=735.171..735.174 rows=4 loops=1)
         Group Key: n1.n_name, n2.n_name, date_part('year'::text, (lineitem.l_shipdate)::timestamp without time zone)
         ->  Hash Join  (cost=27707.06..79979.57 rows=6047 width=64) (actual time=185.624..731.802 rows=6244 loops=1)
               Hash Cond: (lineitem.l_orderkey = orders.o_orderkey)
               Join Filter: (((n1.n_name = 'IRAQ'::bpchar) AND (n2.n_name = 'INDONESIA'::bpchar)) OR ((n1.n_name = 'INDONESIA'::bpchar) AND (n2.n_name = 'IRAQ'::bpchar)))
               Rows Removed by Join Filter: 6297
               ->  Nested Loop  (cost=0.72..51465.65 rows=145298 width=42) (actual time=0.068..502.980 rows=153818 loops=1)
                     ->  Nested Loop  (cost=0.29..794.03 rows=800 width=30) (actual time=0.020..6.240 rows=843 loops=1)
                           Join Filter: (supplier.s_nationkey = n1.n_nationkey)
                           Rows Removed by Join Filter: 19157
                           ->  Index Scan using pk_supplier on supplier  (cost=0.29..492.65 rows=10000 width=8) (actual time=0.004..2.317 rows=10000 loops=1)
                           ->  Materialize  (cost=0.00..1.39 rows=2 width=30) (actual time=0.000..0.000 rows=2 loops=10000)
                                 ->  Seq Scan on nation n1  (cost=0.00..1.38 rows=2 width=30) (actual time=0.006..0.009 rows=2 loops=1)
                                       Filter: ((n_name = 'IRAQ'::bpchar) OR (n_name = 'INDONESIA'::bpchar))
                                       Rows Removed by Filter: 23
                     ->  Index Scan using i_l_suppkey on lineitem  (cost=0.43..61.52 rows=182 width=20) (actual time=0.009..0.571 rows=182 loops=843)
                           Index Cond: (l_suppkey = supplier.s_suppkey)
                           Filter: ((l_shipdate >= '1995-01-01'::date) AND (l_shipdate <= '1996-12-31'::date))
                           Rows Removed by Filter: 417
               ->  Hash  (cost=26206.34..26206.34 rows=120000 width=30) (actual time=185.227..185.227 rows=120279 loops=1)
                     Buckets: 131072  Batches: 1  Memory Usage: 8307kB
                     ->  Nested Loop  (cost=1.83..26206.34 rows=120000 width=30) (actual time=0.041..162.347 rows=120279 loops=1)
                           ->  Hash Join  (cost=1.40..5714.90 rows=12000 width=30) (actual time=0.025..30.789 rows=12124 loops=1)
                                 Hash Cond: (customer.c_nationkey = n2.n_nationkey)
                                 ->  Seq Scan on customer  (cost=0.00..5031.00 rows=150000 width=8) (actual time=0.003..16.713 rows=150000 loops=1)
                                 ->  Hash  (cost=1.38..1.38 rows=2 width=30) (actual time=0.008..0.008 rows=2 loops=1)
                                       Buckets: 1024  Batches: 1  Memory Usage: 9kB
                                       ->  Seq Scan on nation n2  (cost=0.00..1.38 rows=2 width=30) (actual time=0.003..0.006 rows=2 loops=1)
                                             Filter: ((n_name = 'INDONESIA'::bpchar) OR (n_name = 'IRAQ'::bpchar))
                                             Rows Removed by Filter: 23
                           ->  Index Scan using i_o_custkey on orders  (cost=0.43..1.53 rows=18 width=8) (actual time=0.002..0.010 rows=10 loops=12124)
                                 Index Cond: (o_custkey = customer.c_custkey)
 Planning time: 1.635 ms
 Execution time: 735.402 ms
(37 rows)

Time: 738.761 ms
+-------+-------+--------+----------+--------+------+-----------+---------+-------+-------+--------+---------+----------+---------------------+------------+
|  OID  | OWNER | SCHEMA |  TABLE   |  BLKS  | SCAN |   T_READ  |  T_INS  | T_UPD | T_DEL | B_READ |  B_HIT  | VACUUMED |       ANALYZED      | TABLESPACE |
+-------+-------+--------+----------+--------+------+-----------+---------+-------+-------+--------+---------+----------+---------------------+------------+
| 16395 | snaga | public | customer |   3531 |   13 |   1650000 |  150000 |     0 |     0 |   5016 |  114503 |          | 2015-07-16 01:41:13 | pg_default |
| 16401 | snaga | public | lineitem | 106583 |   20 | 108021870 | 6001215 |     0 |     0 | 211146 | 4901186 |          | 2015-07-16 01:41:14 | pg_default |
| 16404 | snaga | public | nation   |      1 |   18 |       375 |      25 |     0 |     0 |      1 |   11005 |          | 2015-07-16 01:41:14 | pg_default |
| 16398 | snaga | public | orders   |  25326 |    9 |  12000000 | 1500000 |     0 |     0 |  48612 |  983363 |          | 2015-07-16 01:41:13 | pg_default |
| 16389 | snaga | public | part     |   4064 |    2 |    400000 |  200000 |     0 |     0 |   6082 |   43094 |          | 2015-07-16 01:41:13 | pg_default |
| 16392 | snaga | public | partsupp |  17087 |    4 |   3200000 |  800000 |     0 |     0 |  32200 |  777126 |          | 2015-07-16 01:41:13 | pg_default |
| 16407 | snaga | public | region   |      1 | 2733 |     13630 |       5 |     0 |     0 |      1 |    2758 |          | 2015-07-16 01:41:14 | pg_default |
| 16386 | snaga | public | supplier |    218 |   17 |    110000 |   10000 |     0 |     0 |    220 |   15486 |          | 2015-07-16 01:41:12 | pg_default |
+-------+-------+--------+----------+--------+------+-----------+---------+-------+-------+--------+---------+----------+---------------------+------------+
+-------+-------+--------+----------+-----------------------+-------+--------+---------+---------+--------+---------+--------+------------+
|  OID  | OWNER | SCHEMA |  TABLE   |         INDEX         |  BLKS |  SCAN  |  T_READ |  T_FTCH | B_READ |  B_HIT  | STATUS | TABLESPACE |
+-------+-------+--------+----------+-----------------------+-------+--------+---------+---------+--------+---------+--------+------------+
| 16416 | snaga | public | customer | pk_customer           |   414 |     60 |      60 |      60 |      6 |     189 |        | pg_default |
| 16439 | snaga | public | customer | i_c_nationkey         |   414 |     20 |  120788 |       0 |     89 |     314 |        | pg_default |
| 16446 | snaga | public | lineitem | i_l_commitdate        | 16457 |      0 |       0 |       0 |      1 |      29 |        | pg_default |
| 16420 | snaga | public | lineitem | pk_lineitem           | 16457 |      0 |       0 |       0 |      1 |      29 |        | pg_default |
| 16426 | snaga | public | lineitem | i_l_shipdate          | 16457 |      9 | 3645585 |       5 |   2497 |    7524 |        | pg_default |
| 16427 | snaga | public | lineitem | i_l_suppkey_partkey   | 16457 |      0 |       0 |       0 |      1 |      29 |        | pg_default |
| 16430 | snaga | public | lineitem | i_l_partkey           | 16457 |      0 |       0 |       0 |      1 |      29 |        | pg_default |
| 16434 | snaga | public | lineitem | i_l_suppkey           | 16457 |   3412 | 2021756 | 2021756 |   2246 |   13660 |        | pg_default |
| 16436 | snaga | public | lineitem | i_l_receiptdate       | 16457 |      0 |       0 |       0 |      1 |      29 |        | pg_default |
| 16437 | snaga | public | lineitem | i_l_orderkey          | 16457 | 368420 |  889972 |  889972 |  16401 | 1091649 |        | pg_default |
| 16438 | snaga | public | lineitem | i_l_orderkey_quantity | 16457 |     60 |      60 |      60 |      6 |     204 |        | pg_default |
| 16422 | snaga | public | nation   | pk_nation             |     2 |  10988 |   11084 |   11084 |      2 |   11001 |        | pg_default |
| 16445 | snaga | public | nation   | i_n_regionkey         |     2 |      0 |       0 |       0 |      1 |      14 |        | pg_default |
| 16440 | snaga | public | orders   | i_o_orderdate         |  4116 |     13 |  915245 |       5 |    632 |    1927 |        | pg_default |
| 16441 | snaga | public | orders   | i_o_custkey           |  4116 |  48556 |  481176 |  481176 |   3943 |  143245 |        | pg_default |
| 16418 | snaga | public | orders   | pk_orders             |  4116 |     60 |      60 |      60 |      6 |     194 |        | pg_default |
| 16412 | snaga | public | part     | pk_part               |   551 |     24 |  800020 |  800020 |    551 |    1710 |        | pg_default |
| 16443 | snaga | public | partsupp | i_ps_partkey          |  2196 |   2736 |   10884 |   10884 |    456 |    7789 |        | pg_default |
| 16444 | snaga | public | partsupp | i_ps_suppkey          |  2196 |   7860 |  625640 |  625640 |   1554 |   23715 |        | pg_default |
| 16414 | snaga | public | partsupp | pk_partsupp           |  2196 |      0 |       0 |       0 |      1 |       4 |        | pg_default |
| 16424 | snaga | public | region   | pk_region             |     2 |     30 |      30 |      30 |      2 |      38 |        | pg_default |
| 16410 | snaga | public | supplier | pk_supplier           |    30 |  10948 |   50944 |   50944 |     30 |   22057 |        | pg_default |
| 16442 | snaga | public | supplier | i_s_nationkey         |    30 |      0 |       0 |       0 |      1 |      14 |        | pg_default |
+-------+-------+--------+----------+-----------------------+-------+--------+---------+---------+--------+---------+--------+------------+
